[0.125s] DEBUG:colcon:Command line arguments: ['/usr/bin/colcon', 'build', '--symlink-install']
[0.125s] DEBUG:colcon:Parsed command line arguments: Namespace(allow_overriding=[], ament_cmake_args=None, base_paths=['.'], build_base='build', catkin_cmake_args=None, catkin_skip_building_tests=False, cmake_args=None, cmake_clean_cache=False, cmake_clean_first=False, cmake_force_configure=False, cmake_target=None, cmake_target_skip_unavailable=False, continue_on_error=False, event_handlers=None, executor='parallel', ignore_user_meta=False, install_base='install', log_base=None, log_level=None, main=<bound method BuildVerb.main of <colcon_core.verb.build.BuildVerb object at 0x7f9ca4877b80>>, merge_install=False, metas=['./colcon.meta'], packages_above=None, packages_above_and_dependencies=None, packages_above_depth=None, packages_end=None, packages_ignore=None, packages_ignore_regex=None, packages_select=None, packages_select_build_failed=False, packages_select_by_dep=None, packages_select_regex=None, packages_select_test_failures=False, packages_skip=None, packages_skip_build_finished=False, packages_skip_by_dep=None, packages_skip_regex=None, packages_skip_test_passed=False, packages_skip_up_to=None, packages_start=None, packages_up_to=None, packages_up_to_regex=None, parallel_workers=8, paths=None, symlink_install=True, test_result_base=None, verb_extension=<colcon_core.verb.build.BuildVerb object at 0x7f9ca4877b80>, verb_name='build', verb_parser=<colcon_defaults.argument_parser.defaults.DefaultArgumentsDecorator object at 0x7f9ca4802130>)
[0.145s] Level 1:colcon.colcon_core.package_discovery:discover_packages(colcon_meta) check parameters
[0.145s] Level 1:colcon.colcon_core.package_discovery:discover_packages(recursive) check parameters
[0.145s] Level 1:colcon.colcon_core.package_discovery:discover_packages(ignore) check parameters
[0.145s] Level 1:colcon.colcon_core.package_discovery:discover_packages(path) check parameters
[0.145s] Level 1:colcon.colcon_core.package_discovery:discover_packages(colcon_meta) discover
[0.146s] Level 1:colcon.colcon_core.package_discovery:discover_packages(recursive) discover
[0.146s] INFO:colcon.colcon_core.package_discovery:Crawling recursively for packages in '/home/vp/robot_ws'
[0.146s] Level 1:colcon.colcon_core.package_identification:_identify(.) by extensions ['ignore', 'ignore_ament_install']
[0.146s] Level 1:colcon.colcon_core.package_identification:_identify(.) by extension 'ignore'
[0.146s] Level 1:colcon.colcon_core.package_identification:_identify(.) by extension 'ignore_ament_install'
[0.146s] Level 1:colcon.colcon_core.package_identification:_identify(.) by extensions ['colcon_pkg']
[0.146s] Level 1:colcon.colcon_core.package_identification:_identify(.) by extension 'colcon_pkg'
[0.146s] Level 1:colcon.colcon_core.package_identification:_identify(.) by extensions ['colcon_meta']
[0.146s] Level 1:colcon.colcon_core.package_identification:_identify(.) by extension 'colcon_meta'
[0.146s] Level 1:colcon.colcon_core.package_identification:_identify(.) by extensions ['ros']
[0.146s] Level 1:colcon.colcon_core.package_identification:_identify(.) by extension 'ros'
[0.156s] Level 1:colcon.colcon_core.package_identification:_identify(.) by extensions ['cmake', 'python']
[0.156s] Level 1:colcon.colcon_core.package_identification:_identify(.) by extension 'cmake'
[0.156s] Level 1:colcon.colcon_core.package_identification:_identify(.) by extension 'python'
[0.156s] Level 1:colcon.colcon_core.package_identification:_identify(.) by extensions ['python_setup_py']
[0.156s] Level 1:colcon.colcon_core.package_identification:_identify(.) by extension 'python_setup_py'
[0.157s] Level 1:colcon.colcon_core.package_identification:_identify(build) by extensions ['ignore', 'ignore_ament_install']
[0.157s] Level 1:colcon.colcon_core.package_identification:_identify(build) by extension 'ignore'
[0.157s] Level 1:colcon.colcon_core.package_identification:_identify(build) ignored
[0.157s] Level 1:colcon.colcon_core.package_identification:_identify(install) by extensions ['ignore', 'ignore_ament_install']
[0.157s] Level 1:colcon.colcon_core.package_identification:_identify(install) by extension 'ignore'
[0.157s] Level 1:colcon.colcon_core.package_identification:_identify(install) ignored
[0.157s] Level 1:colcon.colcon_core.package_identification:_identify(log) by extensions ['ignore', 'ignore_ament_install']
[0.157s] Level 1:colcon.colcon_core.package_identification:_identify(log) by extension 'ignore'
[0.157s] Level 1:colcon.colcon_core.package_identification:_identify(log) ignored
[0.157s] Level 1:colcon.colcon_core.package_identification:_identify(src) by extensions ['ignore', 'ignore_ament_install']
[0.158s] Level 1:colcon.colcon_core.package_identification:_identify(src) by extension 'ignore'
[0.158s] Level 1:colcon.colcon_core.package_identification:_identify(src) by extension 'ignore_ament_install'
[0.158s] Level 1:colcon.colcon_core.package_identification:_identify(src) by extensions ['colcon_pkg']
[0.158s] Level 1:colcon.colcon_core.package_identification:_identify(src) by extension 'colcon_pkg'
[0.158s] Level 1:colcon.colcon_core.package_identification:_identify(src) by extensions ['colcon_meta']
[0.158s] Level 1:colcon.colcon_core.package_identification:_identify(src) by extension 'colcon_meta'
[0.158s] Level 1:colcon.colcon_core.package_identification:_identify(src) by extensions ['ros']
[0.158s] Level 1:colcon.colcon_core.package_identification:_identify(src) by extension 'ros'
[0.158s] Level 1:colcon.colcon_core.package_identification:_identify(src) by extensions ['cmake', 'python']
[0.158s] Level 1:colcon.colcon_core.package_identification:_identify(src) by extension 'cmake'
[0.158s] Level 1:colcon.colcon_core.package_identification:_identify(src) by extension 'python'
[0.158s] Level 1:colcon.colcon_core.package_identification:_identify(src) by extensions ['python_setup_py']
[0.158s] Level 1:colcon.colcon_core.package_identification:_identify(src) by extension 'python_setup_py'
[0.158s] Level 1:colcon.colcon_core.package_identification:_identify(src/odrive_configurations) by extensions ['ignore', 'ignore_ament_install']
[0.158s] Level 1:colcon.colcon_core.package_identification:_identify(src/odrive_configurations) by extension 'ignore'
[0.158s] Level 1:colcon.colcon_core.package_identification:_identify(src/odrive_configurations) by extension 'ignore_ament_install'
[0.158s] Level 1:colcon.colcon_core.package_identification:_identify(src/odrive_configurations) by extensions ['colcon_pkg']
[0.158s] Level 1:colcon.colcon_core.package_identification:_identify(src/odrive_configurations) by extension 'colcon_pkg'
[0.158s] Level 1:colcon.colcon_core.package_identification:_identify(src/odrive_configurations) by extensions ['colcon_meta']
[0.159s] Level 1:colcon.colcon_core.package_identification:_identify(src/odrive_configurations) by extension 'colcon_meta'
[0.159s] Level 1:colcon.colcon_core.package_identification:_identify(src/odrive_configurations) by extensions ['ros']
[0.159s] Level 1:colcon.colcon_core.package_identification:_identify(src/odrive_configurations) by extension 'ros'
[0.159s] Level 1:colcon.colcon_core.package_identification:_identify(src/odrive_configurations) by extensions ['cmake', 'python']
[0.159s] Level 1:colcon.colcon_core.package_identification:_identify(src/odrive_configurations) by extension 'cmake'
[0.159s] Level 1:colcon.colcon_core.package_identification:_identify(src/odrive_configurations) by extension 'python'
[0.159s] Level 1:colcon.colcon_core.package_identification:_identify(src/odrive_configurations) by extensions ['python_setup_py']
[0.159s] Level 1:colcon.colcon_core.package_identification:_identify(src/odrive_configurations) by extension 'python_setup_py'
[0.159s] Level 1:colcon.colcon_core.package_identification:_identify(src/odrive_driver) by extensions ['ignore', 'ignore_ament_install']
[0.159s] Level 1:colcon.colcon_core.package_identification:_identify(src/odrive_driver) by extension 'ignore'
[0.159s] Level 1:colcon.colcon_core.package_identification:_identify(src/odrive_driver) by extension 'ignore_ament_install'
[0.159s] Level 1:colcon.colcon_core.package_identification:_identify(src/odrive_driver) by extensions ['colcon_pkg']
[0.159s] Level 1:colcon.colcon_core.package_identification:_identify(src/odrive_driver) by extension 'colcon_pkg'
[0.159s] Level 1:colcon.colcon_core.package_identification:_identify(src/odrive_driver) by extensions ['colcon_meta']
[0.159s] Level 1:colcon.colcon_core.package_identification:_identify(src/odrive_driver) by extension 'colcon_meta'
[0.159s] Level 1:colcon.colcon_core.package_identification:_identify(src/odrive_driver) by extensions ['ros']
[0.159s] Level 1:colcon.colcon_core.package_identification:_identify(src/odrive_driver) by extension 'ros'
[0.162s] DEBUG:colcon.colcon_core.package_identification:Package 'src/odrive_driver' with type 'ros.ament_python' and name 'odrive_driver'
[0.163s] Level 1:colcon.colcon_core.package_identification:_identify(src/two_wheel_demo) by extensions ['ignore', 'ignore_ament_install']
[0.163s] Level 1:colcon.colcon_core.package_identification:_identify(src/two_wheel_demo) by extension 'ignore'
[0.163s] Level 1:colcon.colcon_core.package_identification:_identify(src/two_wheel_demo) by extension 'ignore_ament_install'
[0.163s] Level 1:colcon.colcon_core.package_identification:_identify(src/two_wheel_demo) by extensions ['colcon_pkg']
[0.163s] Level 1:colcon.colcon_core.package_identification:_identify(src/two_wheel_demo) by extension 'colcon_pkg'
[0.163s] Level 1:colcon.colcon_core.package_identification:_identify(src/two_wheel_demo) by extensions ['colcon_meta']
[0.163s] Level 1:colcon.colcon_core.package_identification:_identify(src/two_wheel_demo) by extension 'colcon_meta'
[0.163s] Level 1:colcon.colcon_core.package_identification:_identify(src/two_wheel_demo) by extensions ['ros']
[0.163s] Level 1:colcon.colcon_core.package_identification:_identify(src/two_wheel_demo) by extension 'ros'
[0.164s] DEBUG:colcon.colcon_core.package_identification:Package 'src/two_wheel_demo' with type 'ros.ament_python' and name 'two_wheel_demo'
[0.164s] Level 1:colcon.colcon_core.package_identification:_identify(src/vp_one) by extensions ['ignore', 'ignore_ament_install']
[0.164s] Level 1:colcon.colcon_core.package_identification:_identify(src/vp_one) by extension 'ignore'
[0.164s] Level 1:colcon.colcon_core.package_identification:_identify(src/vp_one) by extension 'ignore_ament_install'
[0.164s] Level 1:colcon.colcon_core.package_identification:_identify(src/vp_one) by extensions ['colcon_pkg']
[0.164s] Level 1:colcon.colcon_core.package_identification:_identify(src/vp_one) by extension 'colcon_pkg'
[0.164s] Level 1:colcon.colcon_core.package_identification:_identify(src/vp_one) by extensions ['colcon_meta']
[0.164s] Level 1:colcon.colcon_core.package_identification:_identify(src/vp_one) by extension 'colcon_meta'
[0.164s] Level 1:colcon.colcon_core.package_identification:_identify(src/vp_one) by extensions ['ros']
[0.164s] Level 1:colcon.colcon_core.package_identification:_identify(src/vp_one) by extension 'ros'
[0.165s] DEBUG:colcon.colcon_core.package_identification:Package 'src/vp_one' with type 'ros.ament_cmake' and name 'vp_one'
[0.165s] Level 1:colcon.colcon_core.package_identification:_identify(src/ydlidar_ros2_driver) by extensions ['ignore', 'ignore_ament_install']
[0.165s] Level 1:colcon.colcon_core.package_identification:_identify(src/ydlidar_ros2_driver) by extension 'ignore'
[0.165s] Level 1:colcon.colcon_core.package_identification:_identify(src/ydlidar_ros2_driver) by extension 'ignore_ament_install'
[0.165s] Level 1:colcon.colcon_core.package_identification:_identify(src/ydlidar_ros2_driver) by extensions ['colcon_pkg']
[0.165s] Level 1:colcon.colcon_core.package_identification:_identify(src/ydlidar_ros2_driver) by extension 'colcon_pkg'
[0.165s] Level 1:colcon.colcon_core.package_identification:_identify(src/ydlidar_ros2_driver) by extensions ['colcon_meta']
[0.165s] Level 1:colcon.colcon_core.package_identification:_identify(src/ydlidar_ros2_driver) by extension 'colcon_meta'
[0.165s] Level 1:colcon.colcon_core.package_identification:_identify(src/ydlidar_ros2_driver) by extensions ['ros']
[0.165s] Level 1:colcon.colcon_core.package_identification:_identify(src/ydlidar_ros2_driver) by extension 'ros'
[0.174s] DEBUG:colcon.colcon_core.package_identification:Package 'src/ydlidar_ros2_driver' with type 'ros.ament_cmake' and name 'ydlidar_ros2_driver'
[0.174s] Level 1:colcon.colcon_core.package_discovery:discover_packages(recursive) using defaults
[0.174s] Level 1:colcon.colcon_core.package_discovery:discover_packages(ignore) discover
[0.174s] Level 1:colcon.colcon_core.package_discovery:discover_packages(ignore) using defaults
[0.174s] Level 1:colcon.colcon_core.package_discovery:discover_packages(path) discover
[0.174s] Level 1:colcon.colcon_core.package_discovery:discover_packages(path) using defaults
[0.190s] Level 1:colcon.colcon_core.package_discovery:discover_packages(prefix_path) check parameters
[0.190s] Level 1:colcon.colcon_core.package_discovery:discover_packages(prefix_path) discover
[0.193s] DEBUG:colcon.colcon_installed_package_information.package_discovery:Found 256 installed packages in /opt/ros/foxy
[0.194s] Level 1:colcon.colcon_core.package_discovery:discover_packages(prefix_path) using defaults
[0.251s] Level 5:colcon.colcon_core.verb:set package 'odrive_driver' build argument 'cmake_args' from command line to 'None'
[0.251s] Level 5:colcon.colcon_core.verb:set package 'odrive_driver' build argument 'cmake_target' from command line to 'None'
[0.251s] Level 5:colcon.colcon_core.verb:set package 'odrive_driver' build argument 'cmake_target_skip_unavailable' from command line to 'False'
[0.251s] Level 5:colcon.colcon_core.verb:set package 'odrive_driver' build argument 'cmake_clean_cache' from command line to 'False'
[0.251s] Level 5:colcon.colcon_core.verb:set package 'odrive_driver' build argument 'cmake_clean_first' from command line to 'False'
[0.251s] Level 5:colcon.colcon_core.verb:set package 'odrive_driver' build argument 'cmake_force_configure' from command line to 'False'
[0.252s] Level 5:colcon.colcon_core.verb:set package 'odrive_driver' build argument 'ament_cmake_args' from command line to 'None'
[0.252s] Level 5:colcon.colcon_core.verb:set package 'odrive_driver' build argument 'catkin_cmake_args' from command line to 'None'
[0.252s] Level 5:colcon.colcon_core.verb:set package 'odrive_driver' build argument 'catkin_skip_building_tests' from command line to 'False'
[0.252s] DEBUG:colcon.colcon_core.verb:Building package 'odrive_driver' with the following arguments: {'ament_cmake_args': None, 'build_base': '/home/vp/robot_ws/build/odrive_driver', 'catkin_cmake_args': None, 'catkin_skip_building_tests': False, 'cmake_args': None, 'cmake_clean_cache': False, 'cmake_clean_first': False, 'cmake_force_configure': False, 'cmake_target': None, 'cmake_target_skip_unavailable': False, 'install_base': '/home/vp/robot_ws/install/odrive_driver', 'merge_install': False, 'path': '/home/vp/robot_ws/src/odrive_driver', 'symlink_install': True, 'test_result_base': None}
[0.253s] Level 5:colcon.colcon_core.verb:set package 'two_wheel_demo' build argument 'cmake_args' from command line to 'None'
[0.253s] Level 5:colcon.colcon_core.verb:set package 'two_wheel_demo' build argument 'cmake_target' from command line to 'None'
[0.253s] Level 5:colcon.colcon_core.verb:set package 'two_wheel_demo' build argument 'cmake_target_skip_unavailable' from command line to 'False'
[0.253s] Level 5:colcon.colcon_core.verb:set package 'two_wheel_demo' build argument 'cmake_clean_cache' from command line to 'False'
[0.253s] Level 5:colcon.colcon_core.verb:set package 'two_wheel_demo' build argument 'cmake_clean_first' from command line to 'False'
[0.253s] Level 5:colcon.colcon_core.verb:set package 'two_wheel_demo' build argument 'cmake_force_configure' from command line to 'False'
[0.253s] Level 5:colcon.colcon_core.verb:set package 'two_wheel_demo' build argument 'ament_cmake_args' from command line to 'None'
[0.253s] Level 5:colcon.colcon_core.verb:set package 'two_wheel_demo' build argument 'catkin_cmake_args' from command line to 'None'
[0.253s] Level 5:colcon.colcon_core.verb:set package 'two_wheel_demo' build argument 'catkin_skip_building_tests' from command line to 'False'
[0.253s] DEBUG:colcon.colcon_core.verb:Building package 'two_wheel_demo' with the following arguments: {'ament_cmake_args': None, 'build_base': '/home/vp/robot_ws/build/two_wheel_demo', 'catkin_cmake_args': None, 'catkin_skip_building_tests': False, 'cmake_args': None, 'cmake_clean_cache': False, 'cmake_clean_first': False, 'cmake_force_configure': False, 'cmake_target': None, 'cmake_target_skip_unavailable': False, 'install_base': '/home/vp/robot_ws/install/two_wheel_demo', 'merge_install': False, 'path': '/home/vp/robot_ws/src/two_wheel_demo', 'symlink_install': True, 'test_result_base': None}
[0.254s] Level 5:colcon.colcon_core.verb:set package 'vp_one' build argument 'cmake_args' from command line to 'None'
[0.254s] Level 5:colcon.colcon_core.verb:set package 'vp_one' build argument 'cmake_target' from command line to 'None'
[0.254s] Level 5:colcon.colcon_core.verb:set package 'vp_one' build argument 'cmake_target_skip_unavailable' from command line to 'False'
[0.254s] Level 5:colcon.colcon_core.verb:set package 'vp_one' build argument 'cmake_clean_cache' from command line to 'False'
[0.254s] Level 5:colcon.colcon_core.verb:set package 'vp_one' build argument 'cmake_clean_first' from command line to 'False'
[0.254s] Level 5:colcon.colcon_core.verb:set package 'vp_one' build argument 'cmake_force_configure' from command line to 'False'
[0.254s] Level 5:colcon.colcon_core.verb:set package 'vp_one' build argument 'ament_cmake_args' from command line to 'None'
[0.254s] Level 5:colcon.colcon_core.verb:set package 'vp_one' build argument 'catkin_cmake_args' from command line to 'None'
[0.254s] Level 5:colcon.colcon_core.verb:set package 'vp_one' build argument 'catkin_skip_building_tests' from command line to 'False'
[0.254s] DEBUG:colcon.colcon_core.verb:Building package 'vp_one' with the following arguments: {'ament_cmake_args': None, 'build_base': '/home/vp/robot_ws/build/vp_one', 'catkin_cmake_args': None, 'catkin_skip_building_tests': False, 'cmake_args': None, 'cmake_clean_cache': False, 'cmake_clean_first': False, 'cmake_force_configure': False, 'cmake_target': None, 'cmake_target_skip_unavailable': False, 'install_base': '/home/vp/robot_ws/install/vp_one', 'merge_install': False, 'path': '/home/vp/robot_ws/src/vp_one', 'symlink_install': True, 'test_result_base': None}
[0.255s] Level 5:colcon.colcon_core.verb:set package 'ydlidar_ros2_driver' build argument 'cmake_args' from command line to 'None'
[0.255s] Level 5:colcon.colcon_core.verb:set package 'ydlidar_ros2_driver' build argument 'cmake_target' from command line to 'None'
[0.255s] Level 5:colcon.colcon_core.verb:set package 'ydlidar_ros2_driver' build argument 'cmake_target_skip_unavailable' from command line to 'False'
[0.255s] Level 5:colcon.colcon_core.verb:set package 'ydlidar_ros2_driver' build argument 'cmake_clean_cache' from command line to 'False'
[0.255s] Level 5:colcon.colcon_core.verb:set package 'ydlidar_ros2_driver' build argument 'cmake_clean_first' from command line to 'False'
[0.256s] Level 5:colcon.colcon_core.verb:set package 'ydlidar_ros2_driver' build argument 'cmake_force_configure' from command line to 'False'
[0.256s] Level 5:colcon.colcon_core.verb:set package 'ydlidar_ros2_driver' build argument 'ament_cmake_args' from command line to 'None'
[0.256s] Level 5:colcon.colcon_core.verb:set package 'ydlidar_ros2_driver' build argument 'catkin_cmake_args' from command line to 'None'
[0.256s] Level 5:colcon.colcon_core.verb:set package 'ydlidar_ros2_driver' build argument 'catkin_skip_building_tests' from command line to 'False'
[0.256s] DEBUG:colcon.colcon_core.verb:Building package 'ydlidar_ros2_driver' with the following arguments: {'ament_cmake_args': None, 'build_base': '/home/vp/robot_ws/build/ydlidar_ros2_driver', 'catkin_cmake_args': None, 'catkin_skip_building_tests': False, 'cmake_args': None, 'cmake_clean_cache': False, 'cmake_clean_first': False, 'cmake_force_configure': False, 'cmake_target': None, 'cmake_target_skip_unavailable': False, 'install_base': '/home/vp/robot_ws/install/ydlidar_ros2_driver', 'merge_install': False, 'path': '/home/vp/robot_ws/src/ydlidar_ros2_driver', 'symlink_install': True, 'test_result_base': None}
[0.256s] INFO:colcon.colcon_core.executor:Executing jobs using 'parallel' executor
[0.259s] DEBUG:colcon.colcon_parallel_executor.executor.parallel:run_until_complete
[0.260s] INFO:colcon.colcon_ros.task.ament_python.build:Building ROS package in '/home/vp/robot_ws/src/odrive_driver' with build type 'ament_python'
[0.260s] Level 1:colcon.colcon_core.shell:create_environment_hook('odrive_driver', 'ament_prefix_path')
[0.265s] INFO:colcon.colcon_core.plugin_system:Skipping extension 'colcon_core.shell.bat': Not used on non-Windows systems
[0.265s] INFO:colcon.colcon_core.shell:Creating environment hook '/home/vp/robot_ws/install/odrive_driver/share/odrive_driver/hook/ament_prefix_path.ps1'
[0.266s] INFO:colcon.colcon_core.shell:Creating environment descriptor '/home/vp/robot_ws/install/odrive_driver/share/odrive_driver/hook/ament_prefix_path.dsv'
[0.266s] INFO:colcon.colcon_core.shell:Creating environment hook '/home/vp/robot_ws/install/odrive_driver/share/odrive_driver/hook/ament_prefix_path.sh'
[0.268s] INFO:colcon.colcon_core.shell:Skip shell extension 'powershell' for command environment: Not usable outside of PowerShell
[0.268s] DEBUG:colcon.colcon_core.shell:Skip shell extension 'dsv' for command environment
[0.273s] INFO:colcon.colcon_ros.task.ament_python.build:Building ROS package in '/home/vp/robot_ws/src/two_wheel_demo' with build type 'ament_python'
[0.274s] Level 1:colcon.colcon_core.shell:create_environment_hook('two_wheel_demo', 'ament_prefix_path')
[0.275s] INFO:colcon.colcon_core.shell:Creating environment hook '/home/vp/robot_ws/install/two_wheel_demo/share/two_wheel_demo/hook/ament_prefix_path.ps1'
[0.276s] INFO:colcon.colcon_core.shell:Creating environment descriptor '/home/vp/robot_ws/install/two_wheel_demo/share/two_wheel_demo/hook/ament_prefix_path.dsv'
[0.277s] INFO:colcon.colcon_core.shell:Creating environment hook '/home/vp/robot_ws/install/two_wheel_demo/share/two_wheel_demo/hook/ament_prefix_path.sh'
[0.278s] INFO:colcon.colcon_core.shell:Skip shell extension 'powershell' for command environment: Not usable outside of PowerShell
[0.278s] DEBUG:colcon.colcon_core.shell:Skip shell extension 'dsv' for command environment
[0.283s] INFO:colcon.colcon_ros.task.ament_cmake.build:Building ROS package in '/home/vp/robot_ws/src/vp_one' with build type 'ament_cmake'
[0.283s] INFO:colcon.colcon_cmake.task.cmake.build:Building CMake package in '/home/vp/robot_ws/src/vp_one'
[0.285s] INFO:colcon.colcon_core.shell:Skip shell extension 'powershell' for command environment: Not usable outside of PowerShell
[0.285s] DEBUG:colcon.colcon_core.shell:Skip shell extension 'dsv' for command environment
[0.290s] INFO:colcon.colcon_ros.task.ament_cmake.build:Building ROS package in '/home/vp/robot_ws/src/ydlidar_ros2_driver' with build type 'ament_cmake'
[0.290s] INFO:colcon.colcon_cmake.task.cmake.build:Building CMake package in '/home/vp/robot_ws/src/ydlidar_ros2_driver'
[0.292s] INFO:colcon.colcon_core.shell:Skip shell extension 'powershell' for command environment: Not usable outside of PowerShell
[0.292s] DEBUG:colcon.colcon_core.shell:Skip shell extension 'dsv' for command environment
[0.484s] INFO:colcon.colcon_core.task.python.build:Building Python package in '/home/vp/robot_ws/src/odrive_driver'
[0.486s] INFO:colcon.colcon_core.shell:Skip shell extension 'powershell' for command environment: Not usable outside of PowerShell
[0.486s] DEBUG:colcon.colcon_core.shell:Skip shell extension 'dsv' for command environment
[0.676s] INFO:colcon.colcon_core.task.python.build:Building Python package in '/home/vp/robot_ws/src/two_wheel_demo'
[0.678s] INFO:colcon.colcon_core.shell:Skip shell extension 'powershell' for command environment: Not usable outside of PowerShell
[0.678s] DEBUG:colcon.colcon_core.shell:Skip shell extension 'dsv' for command environment
[0.689s] DEBUG:colcon.colcon_core.event_handler.log_command:Invoking command in '/home/vp/robot_ws/build/vp_one': CMAKE_PREFIX_PATH=/opt/ros/foxy /usr/bin/cmake --build /home/vp/robot_ws/build/vp_one -- -j8 -l8
[0.694s] DEBUG:colcon.colcon_core.event_handler.log_command:Invoking command in '/home/vp/robot_ws/build/ydlidar_ros2_driver': CMAKE_PREFIX_PATH=/opt/ros/foxy /usr/bin/cmake /home/vp/robot_ws/src/ydlidar_ros2_driver -DAMENT_CMAKE_SYMLINK_INSTALL=1 -DCMAKE_INSTALL_PREFIX=/home/vp/robot_ws/install/ydlidar_ros2_driver
[0.736s] DEBUG:colcon.colcon_core.event_handler.log_command:Invoked command in '/home/vp/robot_ws/build/vp_one' returned '0': CMAKE_PREFIX_PATH=/opt/ros/foxy /usr/bin/cmake --build /home/vp/robot_ws/build/vp_one -- -j8 -l8
[0.782s] DEBUG:colcon.colcon_core.event_handler.log_command:Invoking command in '/home/vp/robot_ws/build/vp_one': CMAKE_PREFIX_PATH=/opt/ros/foxy /usr/bin/cmake --install /home/vp/robot_ws/build/vp_one
[0.818s] Level 1:colcon.colcon_core.environment:create_environment_scripts_only(vp_one)
[0.819s] DEBUG:colcon.colcon_core.event_handler.log_command:Invoked command in '/home/vp/robot_ws/build/vp_one' returned '0': CMAKE_PREFIX_PATH=/opt/ros/foxy /usr/bin/cmake --install /home/vp/robot_ws/build/vp_one
[0.829s] Level 1:colcon.colcon_core.environment:checking '/home/vp/robot_ws/install/vp_one' for CMake module files
[0.830s] Level 1:colcon.colcon_core.environment:checking '/home/vp/robot_ws/install/vp_one' for CMake config files
[0.831s] Level 1:colcon.colcon_core.shell:create_environment_hook('vp_one', 'cmake_prefix_path')
[0.833s] INFO:colcon.colcon_core.shell:Creating environment hook '/home/vp/robot_ws/install/vp_one/share/vp_one/hook/cmake_prefix_path.ps1'
[0.834s] INFO:colcon.colcon_core.shell:Creating environment descriptor '/home/vp/robot_ws/install/vp_one/share/vp_one/hook/cmake_prefix_path.dsv'
[0.835s] INFO:colcon.colcon_core.shell:Creating environment hook '/home/vp/robot_ws/install/vp_one/share/vp_one/hook/cmake_prefix_path.sh'
[0.837s] Level 1:colcon.colcon_core.environment:checking '/home/vp/robot_ws/install/vp_one/bin'
[0.837s] Level 1:colcon.colcon_core.environment:checking '/home/vp/robot_ws/install/vp_one/lib/pkgconfig/vp_one.pc'
[0.837s] Level 1:colcon.colcon_core.environment:checking '/home/vp/robot_ws/install/vp_one/lib/python3.8/site-packages'
[0.838s] Level 1:colcon.colcon_core.environment:checking '/home/vp/robot_ws/install/vp_one/bin'
[0.840s] INFO:colcon.colcon_core.shell:Creating package script '/home/vp/robot_ws/install/vp_one/share/vp_one/package.ps1'
[0.841s] INFO:colcon.colcon_core.shell:Creating package descriptor '/home/vp/robot_ws/install/vp_one/share/vp_one/package.dsv'
[0.842s] INFO:colcon.colcon_core.shell:Creating package script '/home/vp/robot_ws/install/vp_one/share/vp_one/package.sh'
[0.842s] INFO:colcon.colcon_core.shell:Creating package script '/home/vp/robot_ws/install/vp_one/share/vp_one/package.bash'
[0.843s] INFO:colcon.colcon_core.shell:Creating package script '/home/vp/robot_ws/install/vp_one/share/vp_one/package.zsh'
[0.844s] Level 1:colcon.colcon_core.environment:create_file_with_runtime_dependencies(/home/vp/robot_ws/install/vp_one/share/colcon-core/packages/vp_one)
[0.868s] Level 1:colcon.colcon_core.environment:create_environment_scripts_only(vp_one)
[0.871s] Level 1:colcon.colcon_core.environment:checking '/home/vp/robot_ws/install/vp_one' for CMake module files
[0.871s] Level 1:colcon.colcon_core.environment:checking '/home/vp/robot_ws/install/vp_one' for CMake config files
[0.871s] Level 1:colcon.colcon_core.shell:create_environment_hook('vp_one', 'cmake_prefix_path')
[0.873s] INFO:colcon.colcon_core.shell:Creating environment hook '/home/vp/robot_ws/install/vp_one/share/vp_one/hook/cmake_prefix_path.ps1'
[0.874s] INFO:colcon.colcon_core.shell:Creating environment descriptor '/home/vp/robot_ws/install/vp_one/share/vp_one/hook/cmake_prefix_path.dsv'
[0.874s] INFO:colcon.colcon_core.shell:Creating environment hook '/home/vp/robot_ws/install/vp_one/share/vp_one/hook/cmake_prefix_path.sh'
[0.875s] Level 1:colcon.colcon_core.environment:checking '/home/vp/robot_ws/install/vp_one/bin'
[0.875s] Level 1:colcon.colcon_core.environment:checking '/home/vp/robot_ws/install/vp_one/lib/pkgconfig/vp_one.pc'
[0.875s] Level 1:colcon.colcon_core.environment:checking '/home/vp/robot_ws/install/vp_one/lib/python3.8/site-packages'
[0.875s] Level 1:colcon.colcon_core.environment:checking '/home/vp/robot_ws/install/vp_one/bin'
[0.877s] INFO:colcon.colcon_core.shell:Creating package script '/home/vp/robot_ws/install/vp_one/share/vp_one/package.ps1'
[0.877s] INFO:colcon.colcon_core.shell:Creating package descriptor '/home/vp/robot_ws/install/vp_one/share/vp_one/package.dsv'
[0.878s] INFO:colcon.colcon_core.shell:Creating package script '/home/vp/robot_ws/install/vp_one/share/vp_one/package.sh'
[0.879s] INFO:colcon.colcon_core.shell:Creating package script '/home/vp/robot_ws/install/vp_one/share/vp_one/package.bash'
[0.879s] INFO:colcon.colcon_core.shell:Creating package script '/home/vp/robot_ws/install/vp_one/share/vp_one/package.zsh'
[0.880s] Level 1:colcon.colcon_core.environment:create_file_with_runtime_dependencies(/home/vp/robot_ws/install/vp_one/share/colcon-core/packages/vp_one)
[1.171s] DEBUG:colcon.colcon_core.event_handler.log_command:Invoking command in '/home/vp/robot_ws/build/odrive_driver': PYTHONPATH=/home/vp/robot_ws/build/odrive_driver/prefix_override:/home/vp/robot_ws/install/odrive_driver/lib/python3.8/site-packages:${PYTHONPATH} /usr/bin/python3 setup.py develop --editable --build-directory /home/vp/robot_ws/build/odrive_driver/build --no-deps install_data
[1.174s] DEBUG:colcon.colcon_core.event_handler.log_command:Invoking command in '/home/vp/robot_ws/build/two_wheel_demo': PYTHONPATH=/home/vp/robot_ws/build/two_wheel_demo/prefix_override:/home/vp/robot_ws/install/two_wheel_demo/lib/python3.8/site-packages:${PYTHONPATH} /usr/bin/python3 setup.py develop --editable --build-directory /home/vp/robot_ws/build/two_wheel_demo/build --no-deps install_data
[1.693s] Level 1:colcon.colcon_core.shell:create_environment_hook('two_wheel_demo', 'pythonpath_develop')
[1.695s] INFO:colcon.colcon_core.shell:Creating environment hook '/home/vp/robot_ws/build/two_wheel_demo/share/two_wheel_demo/hook/pythonpath_develop.ps1'
[1.696s] DEBUG:colcon.colcon_core.event_handler.log_command:Invoked command in '/home/vp/robot_ws/build/two_wheel_demo' returned '0': PYTHONPATH=/home/vp/robot_ws/build/two_wheel_demo/prefix_override:/home/vp/robot_ws/install/two_wheel_demo/lib/python3.8/site-packages:${PYTHONPATH} /usr/bin/python3 setup.py develop --editable --build-directory /home/vp/robot_ws/build/two_wheel_demo/build --no-deps install_data
[1.696s] INFO:colcon.colcon_core.shell:Creating environment descriptor '/home/vp/robot_ws/build/two_wheel_demo/share/two_wheel_demo/hook/pythonpath_develop.dsv'
[1.697s] INFO:colcon.colcon_core.shell:Creating environment hook '/home/vp/robot_ws/build/two_wheel_demo/share/two_wheel_demo/hook/pythonpath_develop.sh'
[1.699s] Level 1:colcon.colcon_core.environment:checking '/home/vp/robot_ws/install/two_wheel_demo' for CMake module files
[1.700s] Level 1:colcon.colcon_core.environment:checking '/home/vp/robot_ws/install/two_wheel_demo' for CMake config files
[1.700s] Level 1:colcon.colcon_core.environment:checking '/home/vp/robot_ws/install/two_wheel_demo/lib'
[1.700s] Level 1:colcon.colcon_core.environment:checking '/home/vp/robot_ws/install/two_wheel_demo/bin'
[1.701s] Level 1:colcon.colcon_core.environment:checking '/home/vp/robot_ws/install/two_wheel_demo/lib/pkgconfig/two_wheel_demo.pc'
[1.701s] Level 1:colcon.colcon_core.environment:checking '/home/vp/robot_ws/install/two_wheel_demo/lib/python3.8/site-packages'
[1.701s] Level 1:colcon.colcon_core.shell:create_environment_hook('two_wheel_demo', 'pythonpath')
[1.702s] INFO:colcon.colcon_core.shell:Creating environment hook '/home/vp/robot_ws/install/two_wheel_demo/share/two_wheel_demo/hook/pythonpath.ps1'
[1.703s] INFO:colcon.colcon_core.shell:Creating environment descriptor '/home/vp/robot_ws/install/two_wheel_demo/share/two_wheel_demo/hook/pythonpath.dsv'
[1.703s] INFO:colcon.colcon_core.shell:Creating environment hook '/home/vp/robot_ws/install/two_wheel_demo/share/two_wheel_demo/hook/pythonpath.sh'
[1.704s] Level 1:colcon.colcon_core.environment:checking '/home/vp/robot_ws/install/two_wheel_demo/bin'
[1.704s] Level 1:colcon.colcon_core.environment:create_environment_scripts_only(two_wheel_demo)
[1.705s] INFO:colcon.colcon_core.shell:Creating package script '/home/vp/robot_ws/install/two_wheel_demo/share/two_wheel_demo/package.ps1'
[1.706s] INFO:colcon.colcon_core.shell:Creating package descriptor '/home/vp/robot_ws/install/two_wheel_demo/share/two_wheel_demo/package.dsv'
[1.706s] INFO:colcon.colcon_core.shell:Creating package script '/home/vp/robot_ws/install/two_wheel_demo/share/two_wheel_demo/package.sh'
[1.707s] INFO:colcon.colcon_core.shell:Creating package script '/home/vp/robot_ws/install/two_wheel_demo/share/two_wheel_demo/package.bash'
[1.707s] INFO:colcon.colcon_core.shell:Creating package script '/home/vp/robot_ws/install/two_wheel_demo/share/two_wheel_demo/package.zsh'
[1.707s] Level 1:colcon.colcon_core.environment:create_file_with_runtime_dependencies(/home/vp/robot_ws/install/two_wheel_demo/share/colcon-core/packages/two_wheel_demo)
[1.708s] Level 1:colcon.colcon_core.shell:create_environment_hook('odrive_driver', 'pythonpath_develop')
[1.709s] INFO:colcon.colcon_core.shell:Creating environment hook '/home/vp/robot_ws/build/odrive_driver/share/odrive_driver/hook/pythonpath_develop.ps1'
[1.710s] INFO:colcon.colcon_core.shell:Creating environment descriptor '/home/vp/robot_ws/build/odrive_driver/share/odrive_driver/hook/pythonpath_develop.dsv'
[1.711s] INFO:colcon.colcon_core.shell:Creating environment hook '/home/vp/robot_ws/build/odrive_driver/share/odrive_driver/hook/pythonpath_develop.sh'
[1.711s] DEBUG:colcon.colcon_core.event_handler.log_command:Invoked command in '/home/vp/robot_ws/build/odrive_driver' returned '0': PYTHONPATH=/home/vp/robot_ws/build/odrive_driver/prefix_override:/home/vp/robot_ws/install/odrive_driver/lib/python3.8/site-packages:${PYTHONPATH} /usr/bin/python3 setup.py develop --editable --build-directory /home/vp/robot_ws/build/odrive_driver/build --no-deps install_data
[1.713s] Level 1:colcon.colcon_core.environment:checking '/home/vp/robot_ws/install/odrive_driver' for CMake module files
[1.714s] Level 1:colcon.colcon_core.environment:checking '/home/vp/robot_ws/install/odrive_driver' for CMake config files
[1.714s] Level 1:colcon.colcon_core.environment:checking '/home/vp/robot_ws/install/odrive_driver/lib'
[1.714s] Level 1:colcon.colcon_core.environment:checking '/home/vp/robot_ws/install/odrive_driver/bin'
[1.714s] Level 1:colcon.colcon_core.environment:checking '/home/vp/robot_ws/install/odrive_driver/lib/pkgconfig/odrive_driver.pc'
[1.715s] Level 1:colcon.colcon_core.environment:checking '/home/vp/robot_ws/install/odrive_driver/lib/python3.8/site-packages'
[1.715s] Level 1:colcon.colcon_core.shell:create_environment_hook('odrive_driver', 'pythonpath')
[1.716s] INFO:colcon.colcon_core.shell:Creating environment hook '/home/vp/robot_ws/install/odrive_driver/share/odrive_driver/hook/pythonpath.ps1'
[1.716s] INFO:colcon.colcon_core.shell:Creating environment descriptor '/home/vp/robot_ws/install/odrive_driver/share/odrive_driver/hook/pythonpath.dsv'
[1.717s] INFO:colcon.colcon_core.shell:Creating environment hook '/home/vp/robot_ws/install/odrive_driver/share/odrive_driver/hook/pythonpath.sh'
[1.717s] Level 1:colcon.colcon_core.environment:checking '/home/vp/robot_ws/install/odrive_driver/bin'
[1.717s] Level 1:colcon.colcon_core.environment:create_environment_scripts_only(odrive_driver)
[1.719s] INFO:colcon.colcon_core.shell:Creating package script '/home/vp/robot_ws/install/odrive_driver/share/odrive_driver/package.ps1'
[1.719s] INFO:colcon.colcon_core.shell:Creating package descriptor '/home/vp/robot_ws/install/odrive_driver/share/odrive_driver/package.dsv'
[1.720s] INFO:colcon.colcon_core.shell:Creating package script '/home/vp/robot_ws/install/odrive_driver/share/odrive_driver/package.sh'
[1.720s] INFO:colcon.colcon_core.shell:Creating package script '/home/vp/robot_ws/install/odrive_driver/share/odrive_driver/package.bash'
[1.721s] INFO:colcon.colcon_core.shell:Creating package script '/home/vp/robot_ws/install/odrive_driver/share/odrive_driver/package.zsh'
[1.721s] Level 1:colcon.colcon_core.environment:create_file_with_runtime_dependencies(/home/vp/robot_ws/install/odrive_driver/share/colcon-core/packages/odrive_driver)
[2.542s] DEBUG:colcon.colcon_core.event_handler.log_command:Invoked command in '/home/vp/robot_ws/build/ydlidar_ros2_driver' returned '0': CMAKE_PREFIX_PATH=/opt/ros/foxy /usr/bin/cmake /home/vp/robot_ws/src/ydlidar_ros2_driver -DAMENT_CMAKE_SYMLINK_INSTALL=1 -DCMAKE_INSTALL_PREFIX=/home/vp/robot_ws/install/ydlidar_ros2_driver
[2.544s] DEBUG:colcon.colcon_core.event_handler.log_command:Invoking command in '/home/vp/robot_ws/build/ydlidar_ros2_driver': CMAKE_PREFIX_PATH=/opt/ros/foxy /usr/bin/cmake --build /home/vp/robot_ws/build/ydlidar_ros2_driver -- -j8 -l8
[7.245s] DEBUG:colcon.colcon_core.event_handler.log_command:Invoked command in '/home/vp/robot_ws/build/ydlidar_ros2_driver' returned '0': CMAKE_PREFIX_PATH=/opt/ros/foxy /usr/bin/cmake --build /home/vp/robot_ws/build/ydlidar_ros2_driver -- -j8 -l8
[7.270s] DEBUG:colcon.colcon_core.event_handler.log_command:Invoking command in '/home/vp/robot_ws/build/ydlidar_ros2_driver': CMAKE_PREFIX_PATH=/opt/ros/foxy /usr/bin/cmake --install /home/vp/robot_ws/build/ydlidar_ros2_driver
[7.482s] Level 1:colcon.colcon_core.environment:create_environment_scripts_only(ydlidar_ros2_driver)
[7.484s] Level 1:colcon.colcon_core.environment:checking '/home/vp/robot_ws/install/ydlidar_ros2_driver' for CMake module files
[7.485s] DEBUG:colcon.colcon_core.event_handler.log_command:Invoked command in '/home/vp/robot_ws/build/ydlidar_ros2_driver' returned '0': CMAKE_PREFIX_PATH=/opt/ros/foxy /usr/bin/cmake --install /home/vp/robot_ws/build/ydlidar_ros2_driver
[7.486s] Level 1:colcon.colcon_core.environment:checking '/home/vp/robot_ws/install/ydlidar_ros2_driver' for CMake config files
[7.486s] Level 1:colcon.colcon_core.shell:create_environment_hook('ydlidar_ros2_driver', 'cmake_prefix_path')
[7.487s] INFO:colcon.colcon_core.shell:Creating environment hook '/home/vp/robot_ws/install/ydlidar_ros2_driver/share/ydlidar_ros2_driver/hook/cmake_prefix_path.ps1'
[7.488s] INFO:colcon.colcon_core.shell:Creating environment descriptor '/home/vp/robot_ws/install/ydlidar_ros2_driver/share/ydlidar_ros2_driver/hook/cmake_prefix_path.dsv'
[7.488s] INFO:colcon.colcon_core.shell:Creating environment hook '/home/vp/robot_ws/install/ydlidar_ros2_driver/share/ydlidar_ros2_driver/hook/cmake_prefix_path.sh'
[7.489s] Level 1:colcon.colcon_core.environment:checking '/home/vp/robot_ws/install/ydlidar_ros2_driver/lib'
[7.489s] Level 1:colcon.colcon_core.environment:checking '/home/vp/robot_ws/install/ydlidar_ros2_driver/bin'
[7.489s] Level 1:colcon.colcon_core.environment:checking '/home/vp/robot_ws/install/ydlidar_ros2_driver/lib/pkgconfig/ydlidar_ros2_driver.pc'
[7.489s] Level 1:colcon.colcon_core.environment:checking '/home/vp/robot_ws/install/ydlidar_ros2_driver/lib/python3.8/site-packages'
[7.489s] Level 1:colcon.colcon_core.environment:checking '/home/vp/robot_ws/install/ydlidar_ros2_driver/bin'
[7.490s] INFO:colcon.colcon_core.shell:Creating package script '/home/vp/robot_ws/install/ydlidar_ros2_driver/share/ydlidar_ros2_driver/package.ps1'
[7.491s] INFO:colcon.colcon_core.shell:Creating package descriptor '/home/vp/robot_ws/install/ydlidar_ros2_driver/share/ydlidar_ros2_driver/package.dsv'
[7.491s] INFO:colcon.colcon_core.shell:Creating package script '/home/vp/robot_ws/install/ydlidar_ros2_driver/share/ydlidar_ros2_driver/package.sh'
[7.492s] INFO:colcon.colcon_core.shell:Creating package script '/home/vp/robot_ws/install/ydlidar_ros2_driver/share/ydlidar_ros2_driver/package.bash'
[7.492s] INFO:colcon.colcon_core.shell:Creating package script '/home/vp/robot_ws/install/ydlidar_ros2_driver/share/ydlidar_ros2_driver/package.zsh'
[7.492s] Level 1:colcon.colcon_core.environment:create_file_with_runtime_dependencies(/home/vp/robot_ws/install/ydlidar_ros2_driver/share/colcon-core/packages/ydlidar_ros2_driver)
[7.517s] Level 1:colcon.colcon_core.environment:create_environment_scripts_only(ydlidar_ros2_driver)
[7.520s] Level 1:colcon.colcon_core.environment:checking '/home/vp/robot_ws/install/ydlidar_ros2_driver' for CMake module files
[7.520s] Level 1:colcon.colcon_core.environment:checking '/home/vp/robot_ws/install/ydlidar_ros2_driver' for CMake config files
[7.520s] Level 1:colcon.colcon_core.shell:create_environment_hook('ydlidar_ros2_driver', 'cmake_prefix_path')
[7.522s] INFO:colcon.colcon_core.shell:Creating environment hook '/home/vp/robot_ws/install/ydlidar_ros2_driver/share/ydlidar_ros2_driver/hook/cmake_prefix_path.ps1'
[7.522s] INFO:colcon.colcon_core.shell:Creating environment descriptor '/home/vp/robot_ws/install/ydlidar_ros2_driver/share/ydlidar_ros2_driver/hook/cmake_prefix_path.dsv'
[7.523s] INFO:colcon.colcon_core.shell:Creating environment hook '/home/vp/robot_ws/install/ydlidar_ros2_driver/share/ydlidar_ros2_driver/hook/cmake_prefix_path.sh'
[7.523s] Level 1:colcon.colcon_core.environment:checking '/home/vp/robot_ws/install/ydlidar_ros2_driver/lib'
[7.523s] Level 1:colcon.colcon_core.environment:checking '/home/vp/robot_ws/install/ydlidar_ros2_driver/bin'
[7.523s] Level 1:colcon.colcon_core.environment:checking '/home/vp/robot_ws/install/ydlidar_ros2_driver/lib/pkgconfig/ydlidar_ros2_driver.pc'
[7.524s] Level 1:colcon.colcon_core.environment:checking '/home/vp/robot_ws/install/ydlidar_ros2_driver/lib/python3.8/site-packages'
[7.524s] Level 1:colcon.colcon_core.environment:checking '/home/vp/robot_ws/install/ydlidar_ros2_driver/bin'
[7.525s] INFO:colcon.colcon_core.shell:Creating package script '/home/vp/robot_ws/install/ydlidar_ros2_driver/share/ydlidar_ros2_driver/package.ps1'
[7.526s] INFO:colcon.colcon_core.shell:Creating package descriptor '/home/vp/robot_ws/install/ydlidar_ros2_driver/share/ydlidar_ros2_driver/package.dsv'
[7.526s] INFO:colcon.colcon_core.shell:Creating package script '/home/vp/robot_ws/install/ydlidar_ros2_driver/share/ydlidar_ros2_driver/package.sh'
[7.526s] INFO:colcon.colcon_core.shell:Creating package script '/home/vp/robot_ws/install/ydlidar_ros2_driver/share/ydlidar_ros2_driver/package.bash'
[7.527s] INFO:colcon.colcon_core.shell:Creating package script '/home/vp/robot_ws/install/ydlidar_ros2_driver/share/ydlidar_ros2_driver/package.zsh'
[7.527s] Level 1:colcon.colcon_core.environment:create_file_with_runtime_dependencies(/home/vp/robot_ws/install/ydlidar_ros2_driver/share/colcon-core/packages/ydlidar_ros2_driver)
[7.528s] DEBUG:colcon.colcon_parallel_executor.executor.parallel:closing loop
[7.528s] DEBUG:colcon.colcon_parallel_executor.executor.parallel:loop closed
[7.528s] DEBUG:colcon.colcon_parallel_executor.executor.parallel:run_until_complete finished with '0'
[7.529s] DEBUG:colcon.colcon_core.event_reactor:joining thread
[7.535s] INFO:colcon.colcon_core.plugin_system:Skipping extension 'colcon_notification.desktop_notification.terminal_notifier': Not used on non-Darwin systems
[7.535s] INFO:colcon.colcon_core.plugin_system:Skipping extension 'colcon_notification.desktop_notification.win32': Not used on non-Windows systems
[7.535s] INFO:colcon.colcon_notification.desktop_notification:Sending desktop notification using 'notify2'
[7.626s] DEBUG:colcon.colcon_core.event_reactor:joined thread
[7.629s] INFO:colcon.colcon_core.shell:Creating prefix script '/home/vp/robot_ws/install/local_setup.ps1'
[7.631s] INFO:colcon.colcon_core.shell:Creating prefix util module '/home/vp/robot_ws/install/_local_setup_util_ps1.py'
[7.633s] INFO:colcon.colcon_core.shell:Creating prefix chain script '/home/vp/robot_ws/install/setup.ps1'
[7.635s] INFO:colcon.colcon_core.shell:Creating prefix script '/home/vp/robot_ws/install/local_setup.sh'
[7.636s] INFO:colcon.colcon_core.shell:Creating prefix util module '/home/vp/robot_ws/install/_local_setup_util_sh.py'
[7.638s] INFO:colcon.colcon_core.shell:Creating prefix chain script '/home/vp/robot_ws/install/setup.sh'
[7.640s] INFO:colcon.colcon_core.shell:Creating prefix script '/home/vp/robot_ws/install/local_setup.bash'
[7.641s] INFO:colcon.colcon_core.shell:Creating prefix chain script '/home/vp/robot_ws/install/setup.bash'
[7.642s] INFO:colcon.colcon_core.shell:Creating prefix script '/home/vp/robot_ws/install/local_setup.zsh'
[7.643s] INFO:colcon.colcon_core.shell:Creating prefix chain script '/home/vp/robot_ws/install/setup.zsh'
