[0.143s] Invoking command in '/home/vp/robot_ws/build/diff_drive_controller': CMAKE_PREFIX_PATH=${CMAKE_PREFIX_PATH}:/home/vp/robot_ws/install/two_wheel_demo:/home/vp/robot_ws/install/odrive_driver:/home/vp/robot_ws/install/odom:/opt/ros/foxy /usr/bin/cmake --build /home/vp/robot_ws/build/diff_drive_controller -- -j8 -l8
[0.871s] [ 13%] Built target gmock_main
[0.871s] [ 33%] Built target gmock
[0.871s] [ 60%] Built target diff_drive_controller
[0.871s] [ 73%] Built target test_accumulator
[0.871s] [ 86%] Built target test_load_diff_drive_controller
[0.872s] [100%] Built target test_diff_drive_controller
[0.874s] Invoked command in '/home/vp/robot_ws/build/diff_drive_controller' returned '0': CMAKE_PREFIX_PATH=${CMAKE_PREFIX_PATH}:/home/vp/robot_ws/install/two_wheel_demo:/home/vp/robot_ws/install/odrive_driver:/home/vp/robot_ws/install/odom:/opt/ros/foxy /usr/bin/cmake --build /home/vp/robot_ws/build/diff_drive_controller -- -j8 -l8
[0.965s] Invoking command in '/home/vp/robot_ws/build/diff_drive_controller': CMAKE_PREFIX_PATH=${CMAKE_PREFIX_PATH}:/home/vp/robot_ws/install/two_wheel_demo:/home/vp/robot_ws/install/odrive_driver:/home/vp/robot_ws/install/odom:/opt/ros/foxy /usr/bin/cmake --install /home/vp/robot_ws/build/diff_drive_controller
[1.017s] -- Install configuration: ""
[1.036s] -- Execute custom install script
[1.039s] -- Up-to-date symlink: /home/vp/robot_ws/install/diff_drive_controller/share/diff_drive_controller//diff_drive_plugin.xml
[1.043s] -- Up-to-date symlink: /home/vp/robot_ws/install/diff_drive_controller/include/diff_drive_controller/diff_drive_controller.hpp
[1.063s] -- Up-to-date symlink: /home/vp/robot_ws/install/diff_drive_controller/include/diff_drive_controller/odometry.hpp
[1.064s] -- Up-to-date symlink: /home/vp/robot_ws/install/diff_drive_controller/include/diff_drive_controller/rolling_mean_accumulator.hpp
[1.064s] -- Up-to-date symlink: /home/vp/robot_ws/install/diff_drive_controller/include/diff_drive_controller/speed_limiter.hpp
[1.066s] -- Up-to-date symlink: /home/vp/robot_ws/install/diff_drive_controller/include/diff_drive_controller/visibility_control.h
[1.067s] -- Up-to-date symlink: /home/vp/robot_ws/install/diff_drive_controller/lib/libdiff_drive_controller.so
[1.068s] -- Up-to-date symlink: /home/vp/robot_ws/install/diff_drive_controller/share/diff_drive_controller/environment/library_path.sh
[1.072s] -- Up-to-date symlink: /home/vp/robot_ws/install/diff_drive_controller/share/diff_drive_controller/environment/library_path.dsv
[1.082s] -- Up-to-date symlink: /home/vp/robot_ws/install/diff_drive_controller/share/ament_index/resource_index/package_run_dependencies/diff_drive_controller
[1.082s] -- Up-to-date symlink: /home/vp/robot_ws/install/diff_drive_controller/share/ament_index/resource_index/parent_prefix_path/diff_drive_controller
[1.083s] -- Up-to-date symlink: /home/vp/robot_ws/install/diff_drive_controller/share/diff_drive_controller/environment/ament_prefix_path.sh
[1.083s] -- Up-to-date symlink: /home/vp/robot_ws/install/diff_drive_controller/share/diff_drive_controller/environment/ament_prefix_path.dsv
[1.084s] -- Up-to-date symlink: /home/vp/robot_ws/install/diff_drive_controller/share/diff_drive_controller/environment/path.sh
[1.084s] -- Up-to-date symlink: /home/vp/robot_ws/install/diff_drive_controller/share/diff_drive_controller/environment/path.dsv
[1.088s] -- Up-to-date symlink: /home/vp/robot_ws/install/diff_drive_controller/share/diff_drive_controller/local_setup.bash
[1.088s] -- Up-to-date symlink: /home/vp/robot_ws/install/diff_drive_controller/share/diff_drive_controller/local_setup.sh
[1.089s] -- Up-to-date symlink: /home/vp/robot_ws/install/diff_drive_controller/share/diff_drive_controller/local_setup.zsh
[1.089s] -- Up-to-date symlink: /home/vp/robot_ws/install/diff_drive_controller/share/diff_drive_controller/local_setup.dsv
[1.090s] -- Symlinking: /home/vp/robot_ws/install/diff_drive_controller/share/diff_drive_controller/package.dsv
[1.096s] -- Up-to-date symlink: /home/vp/robot_ws/install/diff_drive_controller/share/ament_index/resource_index/packages/diff_drive_controller
[1.101s] -- Up-to-date symlink: /home/vp/robot_ws/install/diff_drive_controller/share/ament_index/resource_index/controller_interface__pluginlib__plugin/diff_drive_controller
[1.103s] -- Up-to-date symlink: /home/vp/robot_ws/install/diff_drive_controller/share/diff_drive_controller/cmake/ament_cmake_export_dependencies-extras.cmake
[1.105s] -- Up-to-date symlink: /home/vp/robot_ws/install/diff_drive_controller/share/diff_drive_controller/cmake/ament_cmake_export_include_directories-extras.cmake
[1.108s] -- Up-to-date symlink: /home/vp/robot_ws/install/diff_drive_controller/share/diff_drive_controller/cmake/ament_cmake_export_libraries-extras.cmake
[1.109s] -- Up-to-date symlink: /home/vp/robot_ws/install/diff_drive_controller/share/diff_drive_controller/cmake/diff_drive_controllerConfig.cmake
[1.110s] -- Up-to-date symlink: /home/vp/robot_ws/install/diff_drive_controller/share/diff_drive_controller/cmake/diff_drive_controllerConfig-version.cmake
[1.110s] -- Up-to-date symlink: /home/vp/robot_ws/install/diff_drive_controller/share/diff_drive_controller/package.xml
[1.115s] Invoked command in '/home/vp/robot_ws/build/diff_drive_controller' returned '0': CMAKE_PREFIX_PATH=${CMAKE_PREFIX_PATH}:/home/vp/robot_ws/install/two_wheel_demo:/home/vp/robot_ws/install/odrive_driver:/home/vp/robot_ws/install/odom:/opt/ros/foxy /usr/bin/cmake --install /home/vp/robot_ws/build/diff_drive_controller
