[1.752s] Invoking command in '/home/vp/robot_ws/build/ros2_serial_interface': PYTHONPATH=/home/vp/robot_ws/build/ros2_serial_interface/prefix_override:/home/vp/robot_ws/install/ros2_serial_interface/lib/python3.8/site-packages:${PYTHONPATH} /usr/bin/python3 setup.py develop --editable --build-directory /home/vp/robot_ws/build/ros2_serial_interface/build --no-deps install_data
[2.060s] running develop
[2.261s] running egg_info
[2.261s] writing ros2_serial_interface.egg-info/PKG-INFO
[2.261s] writing dependency_links to ros2_serial_interface.egg-info/dependency_links.txt
[2.262s] writing entry points to ros2_serial_interface.egg-info/entry_points.txt
[2.262s] writing requirements to ros2_serial_interface.egg-info/requires.txt
[2.262s] writing top-level names to ros2_serial_interface.egg-info/top_level.txt
[2.307s] reading manifest file 'ros2_serial_interface.egg-info/SOURCES.txt'
[2.309s] writing manifest file 'ros2_serial_interface.egg-info/SOURCES.txt'
[2.371s] running build_ext
[2.371s] Creating /home/vp/robot_ws/install/ros2_serial_interface/lib/python3.8/site-packages/ros2-serial-interface.egg-link (link to .)
[2.372s] Installing predef_timed_pub script to /home/vp/robot_ws/install/ros2_serial_interface/lib/ros2_serial_interface
[2.372s] Installing pynput_key_pub script to /home/vp/robot_ws/install/ros2_serial_interface/lib/ros2_serial_interface
[2.373s] Installing serial_server script to /home/vp/robot_ws/install/ros2_serial_interface/lib/ros2_serial_interface
[2.373s] Installing terminal_key_pub script to /home/vp/robot_ws/install/ros2_serial_interface/lib/ros2_serial_interface
[2.373s] Installing virtual_serial_client script to /home/vp/robot_ws/install/ros2_serial_interface/lib/ros2_serial_interface
[2.373s] Installing virtual_serial_server script to /home/vp/robot_ws/install/ros2_serial_interface/lib/ros2_serial_interface
[2.373s] Installing virtual_serial_setup script to /home/vp/robot_ws/install/ros2_serial_interface/lib/ros2_serial_interface
[2.373s] 
[2.374s] Installed /home/vp/robot_ws/build/ros2_serial_interface
[2.374s] running install_data
[2.404s] Invoked command in '/home/vp/robot_ws/build/ros2_serial_interface' returned '0': PYTHONPATH=/home/vp/robot_ws/build/ros2_serial_interface/prefix_override:/home/vp/robot_ws/install/ros2_serial_interface/lib/python3.8/site-packages:${PYTHONPATH} /usr/bin/python3 setup.py develop --editable --build-directory /home/vp/robot_ws/build/ros2_serial_interface/build --no-deps install_data
