[1.942s] Invoking command in '/home/vp/robot_ws/build/ros2_serial_interface': PYTHONPATH=/home/vp/robot_ws/build/ros2_serial_interface/prefix_override:/home/vp/robot_ws/install/ros2_serial_interface/lib/python3.8/site-packages:${PYTHONPATH} /usr/bin/python3 setup.py develop --editable --build-directory /home/vp/robot_ws/build/ros2_serial_interface/build --no-deps install_data
[2.308s] running develop
[2.515s] running egg_info
[2.515s] writing ros2_serial_interface.egg-info/PKG-INFO
[2.516s] writing dependency_links to ros2_serial_interface.egg-info/dependency_links.txt
[2.516s] writing entry points to ros2_serial_interface.egg-info/entry_points.txt
[2.517s] writing requirements to ros2_serial_interface.egg-info/requires.txt
[2.517s] writing top-level names to ros2_serial_interface.egg-info/top_level.txt
[2.566s] reading manifest file 'ros2_serial_interface.egg-info/SOURCES.txt'
[2.567s] writing manifest file 'ros2_serial_interface.egg-info/SOURCES.txt'
[2.617s] running build_ext
[2.617s] Creating /home/vp/robot_ws/install/ros2_serial_interface/lib/python3.8/site-packages/ros2-serial-interface.egg-link (link to .)
[2.618s] Installing predef_timed_pub script to /home/vp/robot_ws/install/ros2_serial_interface/lib/ros2_serial_interface
[2.618s] Installing pynput_key_pub script to /home/vp/robot_ws/install/ros2_serial_interface/lib/ros2_serial_interface
[2.618s] Installing serial_server script to /home/vp/robot_ws/install/ros2_serial_interface/lib/ros2_serial_interface
[2.619s] Installing terminal_key_pub script to /home/vp/robot_ws/install/ros2_serial_interface/lib/ros2_serial_interface
[2.619s] Installing virtual_serial_client script to /home/vp/robot_ws/install/ros2_serial_interface/lib/ros2_serial_interface
[2.619s] Installing virtual_serial_server script to /home/vp/robot_ws/install/ros2_serial_interface/lib/ros2_serial_interface
[2.619s] Installing virtual_serial_setup script to /home/vp/robot_ws/install/ros2_serial_interface/lib/ros2_serial_interface
[2.619s] 
[2.619s] Installed /home/vp/robot_ws/build/ros2_serial_interface
[2.619s] running install_data
[2.652s] Invoked command in '/home/vp/robot_ws/build/ros2_serial_interface' returned '0': PYTHONPATH=/home/vp/robot_ws/build/ros2_serial_interface/prefix_override:/home/vp/robot_ws/install/ros2_serial_interface/lib/python3.8/site-packages:${PYTHONPATH} /usr/bin/python3 setup.py develop --editable --build-directory /home/vp/robot_ws/build/ros2_serial_interface/build --no-deps install_data
