[0.412s] DEBUG:colcon:Command line arguments: ['/usr/bin/colcon', 'build', '--symlink-install']
[0.412s] DEBUG:colcon:Parsed command line arguments: Namespace(allow_overriding=[], ament_cmake_args=None, base_paths=['.'], build_base='build', catkin_cmake_args=None, catkin_skip_building_tests=False, cmake_args=None, cmake_clean_cache=False, cmake_clean_first=False, cmake_force_configure=False, cmake_target=None, cmake_target_skip_unavailable=False, continue_on_error=False, event_handlers=None, executor='parallel', ignore_user_meta=False, install_base='install', log_base=None, log_level=None, main=<bound method BuildVerb.main of <colcon_core.verb.build.BuildVerb object at 0x7facef2b5fd0>>, merge_install=False, metas=['./colcon.meta'], packages_above=None, packages_above_and_dependencies=None, packages_above_depth=None, packages_end=None, packages_ignore=None, packages_ignore_regex=None, packages_select=None, packages_select_build_failed=False, packages_select_by_dep=None, packages_select_regex=None, packages_select_test_failures=False, packages_skip=None, packages_skip_build_finished=False, packages_skip_by_dep=None, packages_skip_regex=None, packages_skip_test_passed=False, packages_skip_up_to=None, packages_start=None, packages_up_to=None, packages_up_to_regex=None, parallel_workers=8, paths=None, symlink_install=True, test_result_base=None, verb_extension=<colcon_core.verb.build.BuildVerb object at 0x7facef2b5fd0>, verb_name='build', verb_parser=<colcon_defaults.argument_parser.defaults.DefaultArgumentsDecorator object at 0x7facef2c1490>)
[0.446s] Level 1:colcon.colcon_core.package_discovery:discover_packages(colcon_meta) check parameters
[0.446s] Level 1:colcon.colcon_core.package_discovery:discover_packages(recursive) check parameters
[0.446s] Level 1:colcon.colcon_core.package_discovery:discover_packages(ignore) check parameters
[0.446s] Level 1:colcon.colcon_core.package_discovery:discover_packages(path) check parameters
[0.446s] Level 1:colcon.colcon_core.package_discovery:discover_packages(colcon_meta) discover
[0.446s] Level 1:colcon.colcon_core.package_discovery:discover_packages(recursive) discover
[0.446s] INFO:colcon.colcon_core.package_discovery:Crawling recursively for packages in '/home/vp/robot_ws'
[0.446s] Level 1:colcon.colcon_core.package_identification:_identify(.) by extensions ['ignore', 'ignore_ament_install']
[0.446s] Level 1:colcon.colcon_core.package_identification:_identify(.) by extension 'ignore'
[0.446s] Level 1:colcon.colcon_core.package_identification:_identify(.) by extension 'ignore_ament_install'
[0.446s] Level 1:colcon.colcon_core.package_identification:_identify(.) by extensions ['colcon_pkg']
[0.446s] Level 1:colcon.colcon_core.package_identification:_identify(.) by extension 'colcon_pkg'
[0.446s] Level 1:colcon.colcon_core.package_identification:_identify(.) by extensions ['colcon_meta']
[0.446s] Level 1:colcon.colcon_core.package_identification:_identify(.) by extension 'colcon_meta'
[0.447s] Level 1:colcon.colcon_core.package_identification:_identify(.) by extensions ['ros']
[0.447s] Level 1:colcon.colcon_core.package_identification:_identify(.) by extension 'ros'
[0.470s] Level 1:colcon.colcon_core.package_identification:_identify(.) by extensions ['cmake', 'python']
[0.470s] Level 1:colcon.colcon_core.package_identification:_identify(.) by extension 'cmake'
[0.470s] Level 1:colcon.colcon_core.package_identification:_identify(.) by extension 'python'
[0.470s] Level 1:colcon.colcon_core.package_identification:_identify(.) by extensions ['python_setup_py']
[0.470s] Level 1:colcon.colcon_core.package_identification:_identify(.) by extension 'python_setup_py'
[0.470s] Level 1:colcon.colcon_core.package_identification:_identify(build) by extensions ['ignore', 'ignore_ament_install']
[0.471s] Level 1:colcon.colcon_core.package_identification:_identify(build) by extension 'ignore'
[0.471s] Level 1:colcon.colcon_core.package_identification:_identify(build) ignored
[0.471s] Level 1:colcon.colcon_core.package_identification:_identify(install) by extensions ['ignore', 'ignore_ament_install']
[0.471s] Level 1:colcon.colcon_core.package_identification:_identify(install) by extension 'ignore'
[0.471s] Level 1:colcon.colcon_core.package_identification:_identify(install) ignored
[0.472s] Level 1:colcon.colcon_core.package_identification:_identify(log) by extensions ['ignore', 'ignore_ament_install']
[0.472s] Level 1:colcon.colcon_core.package_identification:_identify(log) by extension 'ignore'
[0.472s] Level 1:colcon.colcon_core.package_identification:_identify(log) ignored
[0.472s] Level 1:colcon.colcon_core.package_identification:_identify(src) by extensions ['ignore', 'ignore_ament_install']
[0.472s] Level 1:colcon.colcon_core.package_identification:_identify(src) by extension 'ignore'
[0.472s] Level 1:colcon.colcon_core.package_identification:_identify(src) by extension 'ignore_ament_install'
[0.472s] Level 1:colcon.colcon_core.package_identification:_identify(src) by extensions ['colcon_pkg']
[0.472s] Level 1:colcon.colcon_core.package_identification:_identify(src) by extension 'colcon_pkg'
[0.472s] Level 1:colcon.colcon_core.package_identification:_identify(src) by extensions ['colcon_meta']
[0.472s] Level 1:colcon.colcon_core.package_identification:_identify(src) by extension 'colcon_meta'
[0.472s] Level 1:colcon.colcon_core.package_identification:_identify(src) by extensions ['ros']
[0.472s] Level 1:colcon.colcon_core.package_identification:_identify(src) by extension 'ros'
[0.472s] Level 1:colcon.colcon_core.package_identification:_identify(src) by extensions ['cmake', 'python']
[0.472s] Level 1:colcon.colcon_core.package_identification:_identify(src) by extension 'cmake'
[0.473s] Level 1:colcon.colcon_core.package_identification:_identify(src) by extension 'python'
[0.473s] Level 1:colcon.colcon_core.package_identification:_identify(src) by extensions ['python_setup_py']
[0.473s] Level 1:colcon.colcon_core.package_identification:_identify(src) by extension 'python_setup_py'
[0.473s] Level 1:colcon.colcon_core.package_identification:_identify(src/lidar_vp) by extensions ['ignore', 'ignore_ament_install']
[0.473s] Level 1:colcon.colcon_core.package_identification:_identify(src/lidar_vp) by extension 'ignore'
[0.473s] Level 1:colcon.colcon_core.package_identification:_identify(src/lidar_vp) by extension 'ignore_ament_install'
[0.473s] Level 1:colcon.colcon_core.package_identification:_identify(src/lidar_vp) by extensions ['colcon_pkg']
[0.473s] Level 1:colcon.colcon_core.package_identification:_identify(src/lidar_vp) by extension 'colcon_pkg'
[0.473s] Level 1:colcon.colcon_core.package_identification:_identify(src/lidar_vp) by extensions ['colcon_meta']
[0.473s] Level 1:colcon.colcon_core.package_identification:_identify(src/lidar_vp) by extension 'colcon_meta'
[0.473s] Level 1:colcon.colcon_core.package_identification:_identify(src/lidar_vp) by extensions ['ros']
[0.473s] Level 1:colcon.colcon_core.package_identification:_identify(src/lidar_vp) by extension 'ros'
[0.476s] DEBUG:colcon.colcon_core.package_identification:Package 'src/lidar_vp' with type 'ros.ament_python' and name 'lidar_vp'
[0.476s] Level 1:colcon.colcon_core.package_identification:_identify(src/odom_vp) by extensions ['ignore', 'ignore_ament_install']
[0.476s] Level 1:colcon.colcon_core.package_identification:_identify(src/odom_vp) by extension 'ignore'
[0.476s] Level 1:colcon.colcon_core.package_identification:_identify(src/odom_vp) by extension 'ignore_ament_install'
[0.477s] Level 1:colcon.colcon_core.package_identification:_identify(src/odom_vp) by extensions ['colcon_pkg']
[0.477s] Level 1:colcon.colcon_core.package_identification:_identify(src/odom_vp) by extension 'colcon_pkg'
[0.477s] Level 1:colcon.colcon_core.package_identification:_identify(src/odom_vp) by extensions ['colcon_meta']
[0.477s] Level 1:colcon.colcon_core.package_identification:_identify(src/odom_vp) by extension 'colcon_meta'
[0.477s] Level 1:colcon.colcon_core.package_identification:_identify(src/odom_vp) by extensions ['ros']
[0.477s] Level 1:colcon.colcon_core.package_identification:_identify(src/odom_vp) by extension 'ros'
[0.477s] DEBUG:colcon.colcon_core.package_identification:Package 'src/odom_vp' with type 'ros.ament_python' and name 'odom_vp'
[0.478s] Level 1:colcon.colcon_core.package_identification:_identify(src/odrive_driver) by extensions ['ignore', 'ignore_ament_install']
[0.478s] Level 1:colcon.colcon_core.package_identification:_identify(src/odrive_driver) by extension 'ignore'
[0.478s] Level 1:colcon.colcon_core.package_identification:_identify(src/odrive_driver) by extension 'ignore_ament_install'
[0.478s] Level 1:colcon.colcon_core.package_identification:_identify(src/odrive_driver) by extensions ['colcon_pkg']
[0.478s] Level 1:colcon.colcon_core.package_identification:_identify(src/odrive_driver) by extension 'colcon_pkg'
[0.478s] Level 1:colcon.colcon_core.package_identification:_identify(src/odrive_driver) by extensions ['colcon_meta']
[0.478s] Level 1:colcon.colcon_core.package_identification:_identify(src/odrive_driver) by extension 'colcon_meta'
[0.478s] Level 1:colcon.colcon_core.package_identification:_identify(src/odrive_driver) by extensions ['ros']
[0.478s] Level 1:colcon.colcon_core.package_identification:_identify(src/odrive_driver) by extension 'ros'
[0.479s] DEBUG:colcon.colcon_core.package_identification:Package 'src/odrive_driver' with type 'ros.ament_python' and name 'odrive_driver'
[0.479s] Level 1:colcon.colcon_core.package_identification:_identify(src/ros2_serial_interface) by extensions ['ignore', 'ignore_ament_install']
[0.479s] Level 1:colcon.colcon_core.package_identification:_identify(src/ros2_serial_interface) by extension 'ignore'
[0.479s] Level 1:colcon.colcon_core.package_identification:_identify(src/ros2_serial_interface) by extension 'ignore_ament_install'
[0.479s] Level 1:colcon.colcon_core.package_identification:_identify(src/ros2_serial_interface) by extensions ['colcon_pkg']
[0.479s] Level 1:colcon.colcon_core.package_identification:_identify(src/ros2_serial_interface) by extension 'colcon_pkg'
[0.479s] Level 1:colcon.colcon_core.package_identification:_identify(src/ros2_serial_interface) by extensions ['colcon_meta']
[0.479s] Level 1:colcon.colcon_core.package_identification:_identify(src/ros2_serial_interface) by extension 'colcon_meta'
[0.479s] Level 1:colcon.colcon_core.package_identification:_identify(src/ros2_serial_interface) by extensions ['ros']
[0.479s] Level 1:colcon.colcon_core.package_identification:_identify(src/ros2_serial_interface) by extension 'ros'
[0.480s] DEBUG:colcon.colcon_core.package_identification:Package 'src/ros2_serial_interface' with type 'ros.ament_python' and name 'ros2_serial_interface'
[0.480s] Level 1:colcon.colcon_core.package_identification:_identify(src/vp_one) by extensions ['ignore', 'ignore_ament_install']
[0.480s] Level 1:colcon.colcon_core.package_identification:_identify(src/vp_one) by extension 'ignore'
[0.480s] Level 1:colcon.colcon_core.package_identification:_identify(src/vp_one) by extension 'ignore_ament_install'
[0.481s] Level 1:colcon.colcon_core.package_identification:_identify(src/vp_one) by extensions ['colcon_pkg']
[0.481s] Level 1:colcon.colcon_core.package_identification:_identify(src/vp_one) by extension 'colcon_pkg'
[0.481s] Level 1:colcon.colcon_core.package_identification:_identify(src/vp_one) by extensions ['colcon_meta']
[0.481s] Level 1:colcon.colcon_core.package_identification:_identify(src/vp_one) by extension 'colcon_meta'
[0.481s] Level 1:colcon.colcon_core.package_identification:_identify(src/vp_one) by extensions ['ros']
[0.481s] Level 1:colcon.colcon_core.package_identification:_identify(src/vp_one) by extension 'ros'
[0.482s] DEBUG:colcon.colcon_core.package_identification:Package 'src/vp_one' with type 'ros.ament_cmake' and name 'vp_one'
[0.482s] Level 1:colcon.colcon_core.package_identification:_identify(src/ydlidar_ros2_driver) by extensions ['ignore', 'ignore_ament_install']
[0.482s] Level 1:colcon.colcon_core.package_identification:_identify(src/ydlidar_ros2_driver) by extension 'ignore'
[0.482s] Level 1:colcon.colcon_core.package_identification:_identify(src/ydlidar_ros2_driver) by extension 'ignore_ament_install'
[0.482s] Level 1:colcon.colcon_core.package_identification:_identify(src/ydlidar_ros2_driver) by extensions ['colcon_pkg']
[0.482s] Level 1:colcon.colcon_core.package_identification:_identify(src/ydlidar_ros2_driver) by extension 'colcon_pkg'
[0.482s] Level 1:colcon.colcon_core.package_identification:_identify(src/ydlidar_ros2_driver) by extensions ['colcon_meta']
[0.482s] Level 1:colcon.colcon_core.package_identification:_identify(src/ydlidar_ros2_driver) by extension 'colcon_meta'
[0.482s] Level 1:colcon.colcon_core.package_identification:_identify(src/ydlidar_ros2_driver) by extensions ['ros']
[0.482s] Level 1:colcon.colcon_core.package_identification:_identify(src/ydlidar_ros2_driver) by extension 'ros'
[0.483s] DEBUG:colcon.colcon_core.package_identification:Package 'src/ydlidar_ros2_driver' with type 'ros.ament_cmake' and name 'ydlidar_ros2_driver'
[0.483s] Level 1:colcon.colcon_core.package_discovery:discover_packages(recursive) using defaults
[0.483s] Level 1:colcon.colcon_core.package_discovery:discover_packages(ignore) discover
[0.483s] Level 1:colcon.colcon_core.package_discovery:discover_packages(ignore) using defaults
[0.483s] Level 1:colcon.colcon_core.package_discovery:discover_packages(path) discover
[0.483s] Level 1:colcon.colcon_core.package_discovery:discover_packages(path) using defaults
[0.512s] Level 1:colcon.colcon_core.package_discovery:discover_packages(prefix_path) check parameters
[0.512s] Level 1:colcon.colcon_core.package_discovery:discover_packages(prefix_path) discover
[0.516s] DEBUG:colcon.colcon_installed_package_information.package_discovery:Found 6 installed packages in /home/vp/robot_ws/install
[0.517s] DEBUG:colcon.colcon_installed_package_information.package_discovery:Found 1 installed packages in /home/vp/aros2/install
[0.519s] DEBUG:colcon.colcon_installed_package_information.package_discovery:Found 295 installed packages in /opt/ros/foxy
[0.521s] Level 1:colcon.colcon_core.package_discovery:discover_packages(prefix_path) using defaults
[0.606s] Level 5:colcon.colcon_core.verb:set package 'lidar_vp' build argument 'cmake_args' from command line to 'None'
[0.607s] Level 5:colcon.colcon_core.verb:set package 'lidar_vp' build argument 'cmake_target' from command line to 'None'
[0.607s] Level 5:colcon.colcon_core.verb:set package 'lidar_vp' build argument 'cmake_target_skip_unavailable' from command line to 'False'
[0.607s] Level 5:colcon.colcon_core.verb:set package 'lidar_vp' build argument 'cmake_clean_cache' from command line to 'False'
[0.607s] Level 5:colcon.colcon_core.verb:set package 'lidar_vp' build argument 'cmake_clean_first' from command line to 'False'
[0.607s] Level 5:colcon.colcon_core.verb:set package 'lidar_vp' build argument 'cmake_force_configure' from command line to 'False'
[0.607s] Level 5:colcon.colcon_core.verb:set package 'lidar_vp' build argument 'ament_cmake_args' from command line to 'None'
[0.607s] Level 5:colcon.colcon_core.verb:set package 'lidar_vp' build argument 'catkin_cmake_args' from command line to 'None'
[0.607s] Level 5:colcon.colcon_core.verb:set package 'lidar_vp' build argument 'catkin_skip_building_tests' from command line to 'False'
[0.607s] DEBUG:colcon.colcon_core.verb:Building package 'lidar_vp' with the following arguments: {'ament_cmake_args': None, 'build_base': '/home/vp/robot_ws/build/lidar_vp', 'catkin_cmake_args': None, 'catkin_skip_building_tests': False, 'cmake_args': None, 'cmake_clean_cache': False, 'cmake_clean_first': False, 'cmake_force_configure': False, 'cmake_target': None, 'cmake_target_skip_unavailable': False, 'install_base': '/home/vp/robot_ws/install/lidar_vp', 'merge_install': False, 'path': '/home/vp/robot_ws/src/lidar_vp', 'symlink_install': True, 'test_result_base': None}
[0.608s] Level 5:colcon.colcon_core.verb:set package 'odom_vp' build argument 'cmake_args' from command line to 'None'
[0.608s] Level 5:colcon.colcon_core.verb:set package 'odom_vp' build argument 'cmake_target' from command line to 'None'
[0.608s] Level 5:colcon.colcon_core.verb:set package 'odom_vp' build argument 'cmake_target_skip_unavailable' from command line to 'False'
[0.608s] Level 5:colcon.colcon_core.verb:set package 'odom_vp' build argument 'cmake_clean_cache' from command line to 'False'
[0.608s] Level 5:colcon.colcon_core.verb:set package 'odom_vp' build argument 'cmake_clean_first' from command line to 'False'
[0.608s] Level 5:colcon.colcon_core.verb:set package 'odom_vp' build argument 'cmake_force_configure' from command line to 'False'
[0.608s] Level 5:colcon.colcon_core.verb:set package 'odom_vp' build argument 'ament_cmake_args' from command line to 'None'
[0.608s] Level 5:colcon.colcon_core.verb:set package 'odom_vp' build argument 'catkin_cmake_args' from command line to 'None'
[0.608s] Level 5:colcon.colcon_core.verb:set package 'odom_vp' build argument 'catkin_skip_building_tests' from command line to 'False'
[0.608s] DEBUG:colcon.colcon_core.verb:Building package 'odom_vp' with the following arguments: {'ament_cmake_args': None, 'build_base': '/home/vp/robot_ws/build/odom_vp', 'catkin_cmake_args': None, 'catkin_skip_building_tests': False, 'cmake_args': None, 'cmake_clean_cache': False, 'cmake_clean_first': False, 'cmake_force_configure': False, 'cmake_target': None, 'cmake_target_skip_unavailable': False, 'install_base': '/home/vp/robot_ws/install/odom_vp', 'merge_install': False, 'path': '/home/vp/robot_ws/src/odom_vp', 'symlink_install': True, 'test_result_base': None}
[0.609s] Level 5:colcon.colcon_core.verb:set package 'odrive_driver' build argument 'cmake_args' from command line to 'None'
[0.609s] Level 5:colcon.colcon_core.verb:set package 'odrive_driver' build argument 'cmake_target' from command line to 'None'
[0.609s] Level 5:colcon.colcon_core.verb:set package 'odrive_driver' build argument 'cmake_target_skip_unavailable' from command line to 'False'
[0.609s] Level 5:colcon.colcon_core.verb:set package 'odrive_driver' build argument 'cmake_clean_cache' from command line to 'False'
[0.609s] Level 5:colcon.colcon_core.verb:set package 'odrive_driver' build argument 'cmake_clean_first' from command line to 'False'
[0.609s] Level 5:colcon.colcon_core.verb:set package 'odrive_driver' build argument 'cmake_force_configure' from command line to 'False'
[0.609s] Level 5:colcon.colcon_core.verb:set package 'odrive_driver' build argument 'ament_cmake_args' from command line to 'None'
[0.609s] Level 5:colcon.colcon_core.verb:set package 'odrive_driver' build argument 'catkin_cmake_args' from command line to 'None'
[0.609s] Level 5:colcon.colcon_core.verb:set package 'odrive_driver' build argument 'catkin_skip_building_tests' from command line to 'False'
[0.609s] DEBUG:colcon.colcon_core.verb:Building package 'odrive_driver' with the following arguments: {'ament_cmake_args': None, 'build_base': '/home/vp/robot_ws/build/odrive_driver', 'catkin_cmake_args': None, 'catkin_skip_building_tests': False, 'cmake_args': None, 'cmake_clean_cache': False, 'cmake_clean_first': False, 'cmake_force_configure': False, 'cmake_target': None, 'cmake_target_skip_unavailable': False, 'install_base': '/home/vp/robot_ws/install/odrive_driver', 'merge_install': False, 'path': '/home/vp/robot_ws/src/odrive_driver', 'symlink_install': True, 'test_result_base': None}
[0.611s] Level 5:colcon.colcon_core.verb:set package 'ros2_serial_interface' build argument 'cmake_args' from command line to 'None'
[0.611s] Level 5:colcon.colcon_core.verb:set package 'ros2_serial_interface' build argument 'cmake_target' from command line to 'None'
[0.611s] Level 5:colcon.colcon_core.verb:set package 'ros2_serial_interface' build argument 'cmake_target_skip_unavailable' from command line to 'False'
[0.611s] Level 5:colcon.colcon_core.verb:set package 'ros2_serial_interface' build argument 'cmake_clean_cache' from command line to 'False'
[0.611s] Level 5:colcon.colcon_core.verb:set package 'ros2_serial_interface' build argument 'cmake_clean_first' from command line to 'False'
[0.611s] Level 5:colcon.colcon_core.verb:set package 'ros2_serial_interface' build argument 'cmake_force_configure' from command line to 'False'
[0.611s] Level 5:colcon.colcon_core.verb:set package 'ros2_serial_interface' build argument 'ament_cmake_args' from command line to 'None'
[0.611s] Level 5:colcon.colcon_core.verb:set package 'ros2_serial_interface' build argument 'catkin_cmake_args' from command line to 'None'
[0.611s] Level 5:colcon.colcon_core.verb:set package 'ros2_serial_interface' build argument 'catkin_skip_building_tests' from command line to 'False'
[0.611s] DEBUG:colcon.colcon_core.verb:Building package 'ros2_serial_interface' with the following arguments: {'ament_cmake_args': None, 'build_base': '/home/vp/robot_ws/build/ros2_serial_interface', 'catkin_cmake_args': None, 'catkin_skip_building_tests': False, 'cmake_args': None, 'cmake_clean_cache': False, 'cmake_clean_first': False, 'cmake_force_configure': False, 'cmake_target': None, 'cmake_target_skip_unavailable': False, 'install_base': '/home/vp/robot_ws/install/ros2_serial_interface', 'merge_install': False, 'path': '/home/vp/robot_ws/src/ros2_serial_interface', 'symlink_install': True, 'test_result_base': None}
[0.613s] Level 5:colcon.colcon_core.verb:set package 'vp_one' build argument 'cmake_args' from command line to 'None'
[0.613s] Level 5:colcon.colcon_core.verb:set package 'vp_one' build argument 'cmake_target' from command line to 'None'
[0.613s] Level 5:colcon.colcon_core.verb:set package 'vp_one' build argument 'cmake_target_skip_unavailable' from command line to 'False'
[0.613s] Level 5:colcon.colcon_core.verb:set package 'vp_one' build argument 'cmake_clean_cache' from command line to 'False'
[0.613s] Level 5:colcon.colcon_core.verb:set package 'vp_one' build argument 'cmake_clean_first' from command line to 'False'
[0.613s] Level 5:colcon.colcon_core.verb:set package 'vp_one' build argument 'cmake_force_configure' from command line to 'False'
[0.613s] Level 5:colcon.colcon_core.verb:set package 'vp_one' build argument 'ament_cmake_args' from command line to 'None'
[0.613s] Level 5:colcon.colcon_core.verb:set package 'vp_one' build argument 'catkin_cmake_args' from command line to 'None'
[0.613s] Level 5:colcon.colcon_core.verb:set package 'vp_one' build argument 'catkin_skip_building_tests' from command line to 'False'
[0.613s] DEBUG:colcon.colcon_core.verb:Building package 'vp_one' with the following arguments: {'ament_cmake_args': None, 'build_base': '/home/vp/robot_ws/build/vp_one', 'catkin_cmake_args': None, 'catkin_skip_building_tests': False, 'cmake_args': None, 'cmake_clean_cache': False, 'cmake_clean_first': False, 'cmake_force_configure': False, 'cmake_target': None, 'cmake_target_skip_unavailable': False, 'install_base': '/home/vp/robot_ws/install/vp_one', 'merge_install': False, 'path': '/home/vp/robot_ws/src/vp_one', 'symlink_install': True, 'test_result_base': None}
[0.614s] Level 5:colcon.colcon_core.verb:set package 'ydlidar_ros2_driver' build argument 'cmake_args' from command line to 'None'
[0.614s] Level 5:colcon.colcon_core.verb:set package 'ydlidar_ros2_driver' build argument 'cmake_target' from command line to 'None'
[0.614s] Level 5:colcon.colcon_core.verb:set package 'ydlidar_ros2_driver' build argument 'cmake_target_skip_unavailable' from command line to 'False'
[0.614s] Level 5:colcon.colcon_core.verb:set package 'ydlidar_ros2_driver' build argument 'cmake_clean_cache' from command line to 'False'
[0.614s] Level 5:colcon.colcon_core.verb:set package 'ydlidar_ros2_driver' build argument 'cmake_clean_first' from command line to 'False'
[0.614s] Level 5:colcon.colcon_core.verb:set package 'ydlidar_ros2_driver' build argument 'cmake_force_configure' from command line to 'False'
[0.614s] Level 5:colcon.colcon_core.verb:set package 'ydlidar_ros2_driver' build argument 'ament_cmake_args' from command line to 'None'
[0.614s] Level 5:colcon.colcon_core.verb:set package 'ydlidar_ros2_driver' build argument 'catkin_cmake_args' from command line to 'None'
[0.614s] Level 5:colcon.colcon_core.verb:set package 'ydlidar_ros2_driver' build argument 'catkin_skip_building_tests' from command line to 'False'
[0.614s] DEBUG:colcon.colcon_core.verb:Building package 'ydlidar_ros2_driver' with the following arguments: {'ament_cmake_args': None, 'build_base': '/home/vp/robot_ws/build/ydlidar_ros2_driver', 'catkin_cmake_args': None, 'catkin_skip_building_tests': False, 'cmake_args': None, 'cmake_clean_cache': False, 'cmake_clean_first': False, 'cmake_force_configure': False, 'cmake_target': None, 'cmake_target_skip_unavailable': False, 'install_base': '/home/vp/robot_ws/install/ydlidar_ros2_driver', 'merge_install': False, 'path': '/home/vp/robot_ws/src/ydlidar_ros2_driver', 'symlink_install': True, 'test_result_base': None}
[0.615s] INFO:colcon.colcon_core.executor:Executing jobs using 'parallel' executor
[0.620s] DEBUG:colcon.colcon_parallel_executor.executor.parallel:run_until_complete
[0.621s] INFO:colcon.colcon_ros.task.ament_python.build:Building ROS package in '/home/vp/robot_ws/src/lidar_vp' with build type 'ament_python'
[0.622s] Level 1:colcon.colcon_core.shell:create_environment_hook('lidar_vp', 'ament_prefix_path')
[0.628s] INFO:colcon.colcon_core.plugin_system:Skipping extension 'colcon_core.shell.bat': Not used on non-Windows systems
[0.628s] INFO:colcon.colcon_core.shell:Creating environment hook '/home/vp/robot_ws/install/lidar_vp/share/lidar_vp/hook/ament_prefix_path.ps1'
[0.629s] INFO:colcon.colcon_core.shell:Creating environment descriptor '/home/vp/robot_ws/install/lidar_vp/share/lidar_vp/hook/ament_prefix_path.dsv'
[0.629s] INFO:colcon.colcon_core.shell:Creating environment hook '/home/vp/robot_ws/install/lidar_vp/share/lidar_vp/hook/ament_prefix_path.sh'
[0.632s] INFO:colcon.colcon_core.shell:Skip shell extension 'powershell' for command environment: Not usable outside of PowerShell
[0.632s] DEBUG:colcon.colcon_core.shell:Skip shell extension 'dsv' for command environment
[0.643s] INFO:colcon.colcon_ros.task.ament_python.build:Building ROS package in '/home/vp/robot_ws/src/odom_vp' with build type 'ament_python'
[0.643s] Level 1:colcon.colcon_core.shell:create_environment_hook('odom_vp', 'ament_prefix_path')
[0.646s] INFO:colcon.colcon_core.shell:Creating environment hook '/home/vp/robot_ws/install/odom_vp/share/odom_vp/hook/ament_prefix_path.ps1'
[0.647s] INFO:colcon.colcon_core.shell:Creating environment descriptor '/home/vp/robot_ws/install/odom_vp/share/odom_vp/hook/ament_prefix_path.dsv'
[0.647s] INFO:colcon.colcon_core.shell:Creating environment hook '/home/vp/robot_ws/install/odom_vp/share/odom_vp/hook/ament_prefix_path.sh'
[0.650s] INFO:colcon.colcon_core.shell:Skip shell extension 'powershell' for command environment: Not usable outside of PowerShell
[0.650s] DEBUG:colcon.colcon_core.shell:Skip shell extension 'dsv' for command environment
[0.658s] INFO:colcon.colcon_ros.task.ament_python.build:Building ROS package in '/home/vp/robot_ws/src/odrive_driver' with build type 'ament_python'
[0.659s] Level 1:colcon.colcon_core.shell:create_environment_hook('odrive_driver', 'ament_prefix_path')
[0.661s] INFO:colcon.colcon_core.shell:Creating environment hook '/home/vp/robot_ws/install/odrive_driver/share/odrive_driver/hook/ament_prefix_path.ps1'
[0.662s] INFO:colcon.colcon_core.shell:Creating environment descriptor '/home/vp/robot_ws/install/odrive_driver/share/odrive_driver/hook/ament_prefix_path.dsv'
[0.662s] INFO:colcon.colcon_core.shell:Creating environment hook '/home/vp/robot_ws/install/odrive_driver/share/odrive_driver/hook/ament_prefix_path.sh'
[0.666s] INFO:colcon.colcon_core.shell:Skip shell extension 'powershell' for command environment: Not usable outside of PowerShell
[0.666s] DEBUG:colcon.colcon_core.shell:Skip shell extension 'dsv' for command environment
[0.674s] INFO:colcon.colcon_ros.task.ament_python.build:Building ROS package in '/home/vp/robot_ws/src/ros2_serial_interface' with build type 'ament_python'
[0.675s] Level 1:colcon.colcon_core.shell:create_environment_hook('ros2_serial_interface', 'ament_prefix_path')
[0.678s] INFO:colcon.colcon_core.shell:Creating environment hook '/home/vp/robot_ws/install/ros2_serial_interface/share/ros2_serial_interface/hook/ament_prefix_path.ps1'
[0.680s] INFO:colcon.colcon_core.shell:Creating environment descriptor '/home/vp/robot_ws/install/ros2_serial_interface/share/ros2_serial_interface/hook/ament_prefix_path.dsv'
[0.680s] INFO:colcon.colcon_core.shell:Creating environment hook '/home/vp/robot_ws/install/ros2_serial_interface/share/ros2_serial_interface/hook/ament_prefix_path.sh'
[0.683s] INFO:colcon.colcon_core.shell:Skip shell extension 'powershell' for command environment: Not usable outside of PowerShell
[0.683s] DEBUG:colcon.colcon_core.shell:Skip shell extension 'dsv' for command environment
[0.693s] INFO:colcon.colcon_ros.task.ament_cmake.build:Building ROS package in '/home/vp/robot_ws/src/vp_one' with build type 'ament_cmake'
[0.695s] INFO:colcon.colcon_cmake.task.cmake.build:Building CMake package in '/home/vp/robot_ws/src/vp_one'
[0.698s] INFO:colcon.colcon_core.shell:Skip shell extension 'powershell' for command environment: Not usable outside of PowerShell
[0.698s] DEBUG:colcon.colcon_core.shell:Skip shell extension 'dsv' for command environment
[0.710s] INFO:colcon.colcon_ros.task.ament_cmake.build:Building ROS package in '/home/vp/robot_ws/src/ydlidar_ros2_driver' with build type 'ament_cmake'
[0.710s] INFO:colcon.colcon_cmake.task.cmake.build:Building CMake package in '/home/vp/robot_ws/src/ydlidar_ros2_driver'
[0.713s] INFO:colcon.colcon_core.shell:Skip shell extension 'powershell' for command environment: Not usable outside of PowerShell
[0.713s] DEBUG:colcon.colcon_core.shell:Skip shell extension 'dsv' for command environment
[1.026s] INFO:colcon.colcon_core.task.python.build:Building Python package in '/home/vp/robot_ws/src/lidar_vp'
[1.029s] INFO:colcon.colcon_core.shell:Skip shell extension 'powershell' for command environment: Not usable outside of PowerShell
[1.029s] DEBUG:colcon.colcon_core.shell:Skip shell extension 'dsv' for command environment
[1.345s] INFO:colcon.colcon_core.task.python.build:Building Python package in '/home/vp/robot_ws/src/odom_vp'
[1.348s] INFO:colcon.colcon_core.shell:Skip shell extension 'powershell' for command environment: Not usable outside of PowerShell
[1.348s] DEBUG:colcon.colcon_core.shell:Skip shell extension 'dsv' for command environment
[1.654s] INFO:colcon.colcon_core.task.python.build:Building Python package in '/home/vp/robot_ws/src/odrive_driver'
[1.656s] INFO:colcon.colcon_core.shell:Skip shell extension 'powershell' for command environment: Not usable outside of PowerShell
[1.656s] DEBUG:colcon.colcon_core.shell:Skip shell extension 'dsv' for command environment
[1.963s] INFO:colcon.colcon_core.task.python.build:Building Python package in '/home/vp/robot_ws/src/ros2_serial_interface'
[1.964s] INFO:colcon.colcon_core.shell:Skip shell extension 'powershell' for command environment: Not usable outside of PowerShell
[1.964s] DEBUG:colcon.colcon_core.shell:Skip shell extension 'dsv' for command environment
[1.980s] DEBUG:colcon.colcon_core.event_handler.log_command:Invoking command in '/home/vp/robot_ws/build/vp_one': CMAKE_PREFIX_PATH=${CMAKE_PREFIX_PATH}:/home/vp/robot_ws/install/ros2_serial_interface:/home/vp/robot_ws/install/odrive_driver:/home/vp/robot_ws/install/odom_vp:/home/vp/robot_ws/install/lidar_vp:/home/vp/aros2/install/aros2duino:/opt/ros/foxy /usr/bin/cmake --build /home/vp/robot_ws/build/vp_one -- -j8 -l8
[1.993s] DEBUG:colcon.colcon_core.event_handler.log_command:Invoking command in '/home/vp/robot_ws/build/ydlidar_ros2_driver': CMAKE_PREFIX_PATH=${CMAKE_PREFIX_PATH}:/home/vp/robot_ws/install/ros2_serial_interface:/home/vp/robot_ws/install/odrive_driver:/home/vp/robot_ws/install/odom_vp:/home/vp/robot_ws/install/lidar_vp:/home/vp/aros2/install/aros2duino:/opt/ros/foxy /usr/bin/cmake --build /home/vp/robot_ws/build/ydlidar_ros2_driver -- -j8 -l8
[2.048s] DEBUG:colcon.colcon_core.event_handler.log_command:Invoked command in '/home/vp/robot_ws/build/vp_one' returned '0': CMAKE_PREFIX_PATH=${CMAKE_PREFIX_PATH}:/home/vp/robot_ws/install/ros2_serial_interface:/home/vp/robot_ws/install/odrive_driver:/home/vp/robot_ws/install/odom_vp:/home/vp/robot_ws/install/lidar_vp:/home/vp/aros2/install/aros2duino:/opt/ros/foxy /usr/bin/cmake --build /home/vp/robot_ws/build/vp_one -- -j8 -l8
[2.119s] DEBUG:colcon.colcon_core.event_handler.log_command:Invoking command in '/home/vp/robot_ws/build/vp_one': CMAKE_PREFIX_PATH=${CMAKE_PREFIX_PATH}:/home/vp/robot_ws/install/ros2_serial_interface:/home/vp/robot_ws/install/odrive_driver:/home/vp/robot_ws/install/odom_vp:/home/vp/robot_ws/install/lidar_vp:/home/vp/aros2/install/aros2duino:/opt/ros/foxy /usr/bin/cmake --install /home/vp/robot_ws/build/vp_one
[2.136s] DEBUG:colcon.colcon_core.event_handler.log_command:Invoked command in '/home/vp/robot_ws/build/ydlidar_ros2_driver' returned '0': CMAKE_PREFIX_PATH=${CMAKE_PREFIX_PATH}:/home/vp/robot_ws/install/ros2_serial_interface:/home/vp/robot_ws/install/odrive_driver:/home/vp/robot_ws/install/odom_vp:/home/vp/robot_ws/install/lidar_vp:/home/vp/aros2/install/aros2duino:/opt/ros/foxy /usr/bin/cmake --build /home/vp/robot_ws/build/ydlidar_ros2_driver -- -j8 -l8
[2.172s] Level 1:colcon.colcon_core.environment:create_environment_scripts_only(vp_one)
[2.178s] DEBUG:colcon.colcon_core.event_handler.log_command:Invoked command in '/home/vp/robot_ws/build/vp_one' returned '0': CMAKE_PREFIX_PATH=${CMAKE_PREFIX_PATH}:/home/vp/robot_ws/install/ros2_serial_interface:/home/vp/robot_ws/install/odrive_driver:/home/vp/robot_ws/install/odom_vp:/home/vp/robot_ws/install/lidar_vp:/home/vp/aros2/install/aros2duino:/opt/ros/foxy /usr/bin/cmake --install /home/vp/robot_ws/build/vp_one
[2.185s] Level 1:colcon.colcon_core.environment:checking '/home/vp/robot_ws/install/vp_one' for CMake module files
[2.186s] Level 1:colcon.colcon_core.environment:checking '/home/vp/robot_ws/install/vp_one' for CMake config files
[2.187s] Level 1:colcon.colcon_core.shell:create_environment_hook('vp_one', 'cmake_prefix_path')
[2.190s] INFO:colcon.colcon_core.shell:Creating environment hook '/home/vp/robot_ws/install/vp_one/share/vp_one/hook/cmake_prefix_path.ps1'
[2.190s] INFO:colcon.colcon_core.shell:Creating environment descriptor '/home/vp/robot_ws/install/vp_one/share/vp_one/hook/cmake_prefix_path.dsv'
[2.191s] INFO:colcon.colcon_core.shell:Creating environment hook '/home/vp/robot_ws/install/vp_one/share/vp_one/hook/cmake_prefix_path.sh'
[2.192s] Level 1:colcon.colcon_core.environment:checking '/home/vp/robot_ws/install/vp_one/bin'
[2.192s] Level 1:colcon.colcon_core.environment:checking '/home/vp/robot_ws/install/vp_one/lib/pkgconfig/vp_one.pc'
[2.193s] Level 1:colcon.colcon_core.environment:checking '/home/vp/robot_ws/install/vp_one/lib/python3.8/site-packages'
[2.193s] Level 1:colcon.colcon_core.environment:checking '/home/vp/robot_ws/install/vp_one/bin'
[2.196s] INFO:colcon.colcon_core.shell:Creating package script '/home/vp/robot_ws/install/vp_one/share/vp_one/package.ps1'
[2.198s] INFO:colcon.colcon_core.shell:Creating package descriptor '/home/vp/robot_ws/install/vp_one/share/vp_one/package.dsv'
[2.199s] INFO:colcon.colcon_core.shell:Creating package script '/home/vp/robot_ws/install/vp_one/share/vp_one/package.sh'
[2.201s] INFO:colcon.colcon_core.shell:Creating package script '/home/vp/robot_ws/install/vp_one/share/vp_one/package.bash'
[2.202s] INFO:colcon.colcon_core.shell:Creating package script '/home/vp/robot_ws/install/vp_one/share/vp_one/package.zsh'
[2.204s] Level 1:colcon.colcon_core.environment:create_file_with_runtime_dependencies(/home/vp/robot_ws/install/vp_one/share/colcon-core/packages/vp_one)
[2.220s] DEBUG:colcon.colcon_core.event_handler.log_command:Invoking command in '/home/vp/robot_ws/build/ydlidar_ros2_driver': CMAKE_PREFIX_PATH=${CMAKE_PREFIX_PATH}:/home/vp/robot_ws/install/ros2_serial_interface:/home/vp/robot_ws/install/odrive_driver:/home/vp/robot_ws/install/odom_vp:/home/vp/robot_ws/install/lidar_vp:/home/vp/aros2/install/aros2duino:/opt/ros/foxy /usr/bin/cmake --install /home/vp/robot_ws/build/ydlidar_ros2_driver
[2.253s] Level 1:colcon.colcon_core.environment:create_environment_scripts_only(vp_one)
[2.259s] Level 1:colcon.colcon_core.environment:checking '/home/vp/robot_ws/install/vp_one' for CMake module files
[2.261s] Level 1:colcon.colcon_core.environment:checking '/home/vp/robot_ws/install/vp_one' for CMake config files
[2.261s] Level 1:colcon.colcon_core.shell:create_environment_hook('vp_one', 'cmake_prefix_path')
[2.265s] INFO:colcon.colcon_core.shell:Creating environment hook '/home/vp/robot_ws/install/vp_one/share/vp_one/hook/cmake_prefix_path.ps1'
[2.266s] INFO:colcon.colcon_core.shell:Creating environment descriptor '/home/vp/robot_ws/install/vp_one/share/vp_one/hook/cmake_prefix_path.dsv'
[2.266s] INFO:colcon.colcon_core.shell:Creating environment hook '/home/vp/robot_ws/install/vp_one/share/vp_one/hook/cmake_prefix_path.sh'
[2.267s] Level 1:colcon.colcon_core.environment:checking '/home/vp/robot_ws/install/vp_one/bin'
[2.268s] Level 1:colcon.colcon_core.environment:checking '/home/vp/robot_ws/install/vp_one/lib/pkgconfig/vp_one.pc'
[2.268s] Level 1:colcon.colcon_core.environment:checking '/home/vp/robot_ws/install/vp_one/lib/python3.8/site-packages'
[2.269s] Level 1:colcon.colcon_core.environment:checking '/home/vp/robot_ws/install/vp_one/bin'
[2.273s] INFO:colcon.colcon_core.shell:Creating package script '/home/vp/robot_ws/install/vp_one/share/vp_one/package.ps1'
[2.274s] INFO:colcon.colcon_core.shell:Creating package descriptor '/home/vp/robot_ws/install/vp_one/share/vp_one/package.dsv'
[2.276s] INFO:colcon.colcon_core.shell:Creating package script '/home/vp/robot_ws/install/vp_one/share/vp_one/package.sh'
[2.277s] INFO:colcon.colcon_core.shell:Creating package script '/home/vp/robot_ws/install/vp_one/share/vp_one/package.bash'
[2.277s] INFO:colcon.colcon_core.shell:Creating package script '/home/vp/robot_ws/install/vp_one/share/vp_one/package.zsh'
[2.278s] Level 1:colcon.colcon_core.environment:create_file_with_runtime_dependencies(/home/vp/robot_ws/install/vp_one/share/colcon-core/packages/vp_one)
[2.280s] Level 1:colcon.colcon_core.environment:create_environment_scripts_only(ydlidar_ros2_driver)
[2.284s] Level 1:colcon.colcon_core.environment:checking '/home/vp/robot_ws/install/ydlidar_ros2_driver' for CMake module files
[2.285s] DEBUG:colcon.colcon_core.event_handler.log_command:Invoked command in '/home/vp/robot_ws/build/ydlidar_ros2_driver' returned '0': CMAKE_PREFIX_PATH=${CMAKE_PREFIX_PATH}:/home/vp/robot_ws/install/ros2_serial_interface:/home/vp/robot_ws/install/odrive_driver:/home/vp/robot_ws/install/odom_vp:/home/vp/robot_ws/install/lidar_vp:/home/vp/aros2/install/aros2duino:/opt/ros/foxy /usr/bin/cmake --install /home/vp/robot_ws/build/ydlidar_ros2_driver
[2.286s] Level 1:colcon.colcon_core.environment:checking '/home/vp/robot_ws/install/ydlidar_ros2_driver' for CMake config files
[2.287s] Level 1:colcon.colcon_core.shell:create_environment_hook('ydlidar_ros2_driver', 'cmake_prefix_path')
[2.290s] INFO:colcon.colcon_core.shell:Creating environment hook '/home/vp/robot_ws/install/ydlidar_ros2_driver/share/ydlidar_ros2_driver/hook/cmake_prefix_path.ps1'
[2.291s] INFO:colcon.colcon_core.shell:Creating environment descriptor '/home/vp/robot_ws/install/ydlidar_ros2_driver/share/ydlidar_ros2_driver/hook/cmake_prefix_path.dsv'
[2.292s] INFO:colcon.colcon_core.shell:Creating environment hook '/home/vp/robot_ws/install/ydlidar_ros2_driver/share/ydlidar_ros2_driver/hook/cmake_prefix_path.sh'
[2.293s] Level 1:colcon.colcon_core.environment:checking '/home/vp/robot_ws/install/ydlidar_ros2_driver/lib'
[2.293s] Level 1:colcon.colcon_core.environment:checking '/home/vp/robot_ws/install/ydlidar_ros2_driver/bin'
[2.293s] Level 1:colcon.colcon_core.environment:checking '/home/vp/robot_ws/install/ydlidar_ros2_driver/lib/pkgconfig/ydlidar_ros2_driver.pc'
[2.294s] Level 1:colcon.colcon_core.environment:checking '/home/vp/robot_ws/install/ydlidar_ros2_driver/lib/python3.8/site-packages'
[2.294s] Level 1:colcon.colcon_core.environment:checking '/home/vp/robot_ws/install/ydlidar_ros2_driver/bin'
[2.298s] INFO:colcon.colcon_core.shell:Creating package script '/home/vp/robot_ws/install/ydlidar_ros2_driver/share/ydlidar_ros2_driver/package.ps1'
[2.298s] INFO:colcon.colcon_core.shell:Creating package descriptor '/home/vp/robot_ws/install/ydlidar_ros2_driver/share/ydlidar_ros2_driver/package.dsv'
[2.299s] INFO:colcon.colcon_core.shell:Creating package script '/home/vp/robot_ws/install/ydlidar_ros2_driver/share/ydlidar_ros2_driver/package.sh'
[2.300s] INFO:colcon.colcon_core.shell:Creating package script '/home/vp/robot_ws/install/ydlidar_ros2_driver/share/ydlidar_ros2_driver/package.bash'
[2.300s] INFO:colcon.colcon_core.shell:Creating package script '/home/vp/robot_ws/install/ydlidar_ros2_driver/share/ydlidar_ros2_driver/package.zsh'
[2.301s] Level 1:colcon.colcon_core.environment:create_file_with_runtime_dependencies(/home/vp/robot_ws/install/ydlidar_ros2_driver/share/colcon-core/packages/ydlidar_ros2_driver)
[2.351s] Level 1:colcon.colcon_core.environment:create_environment_scripts_only(ydlidar_ros2_driver)
[2.356s] Level 1:colcon.colcon_core.environment:checking '/home/vp/robot_ws/install/ydlidar_ros2_driver' for CMake module files
[2.358s] Level 1:colcon.colcon_core.environment:checking '/home/vp/robot_ws/install/ydlidar_ros2_driver' for CMake config files
[2.359s] Level 1:colcon.colcon_core.shell:create_environment_hook('ydlidar_ros2_driver', 'cmake_prefix_path')
[2.362s] INFO:colcon.colcon_core.shell:Creating environment hook '/home/vp/robot_ws/install/ydlidar_ros2_driver/share/ydlidar_ros2_driver/hook/cmake_prefix_path.ps1'
[2.363s] INFO:colcon.colcon_core.shell:Creating environment descriptor '/home/vp/robot_ws/install/ydlidar_ros2_driver/share/ydlidar_ros2_driver/hook/cmake_prefix_path.dsv'
[2.364s] INFO:colcon.colcon_core.shell:Creating environment hook '/home/vp/robot_ws/install/ydlidar_ros2_driver/share/ydlidar_ros2_driver/hook/cmake_prefix_path.sh'
[2.365s] Level 1:colcon.colcon_core.environment:checking '/home/vp/robot_ws/install/ydlidar_ros2_driver/lib'
[2.365s] Level 1:colcon.colcon_core.environment:checking '/home/vp/robot_ws/install/ydlidar_ros2_driver/bin'
[2.365s] Level 1:colcon.colcon_core.environment:checking '/home/vp/robot_ws/install/ydlidar_ros2_driver/lib/pkgconfig/ydlidar_ros2_driver.pc'
[2.366s] Level 1:colcon.colcon_core.environment:checking '/home/vp/robot_ws/install/ydlidar_ros2_driver/lib/python3.8/site-packages'
[2.366s] Level 1:colcon.colcon_core.environment:checking '/home/vp/robot_ws/install/ydlidar_ros2_driver/bin'
[2.370s] INFO:colcon.colcon_core.shell:Creating package script '/home/vp/robot_ws/install/ydlidar_ros2_driver/share/ydlidar_ros2_driver/package.ps1'
[2.371s] INFO:colcon.colcon_core.shell:Creating package descriptor '/home/vp/robot_ws/install/ydlidar_ros2_driver/share/ydlidar_ros2_driver/package.dsv'
[2.372s] INFO:colcon.colcon_core.shell:Creating package script '/home/vp/robot_ws/install/ydlidar_ros2_driver/share/ydlidar_ros2_driver/package.sh'
[2.373s] INFO:colcon.colcon_core.shell:Creating package script '/home/vp/robot_ws/install/ydlidar_ros2_driver/share/ydlidar_ros2_driver/package.bash'
[2.373s] INFO:colcon.colcon_core.shell:Creating package script '/home/vp/robot_ws/install/ydlidar_ros2_driver/share/ydlidar_ros2_driver/package.zsh'
[2.374s] Level 1:colcon.colcon_core.environment:create_file_with_runtime_dependencies(/home/vp/robot_ws/install/ydlidar_ros2_driver/share/colcon-core/packages/ydlidar_ros2_driver)
[2.662s] DEBUG:colcon.colcon_core.event_handler.log_command:Invoking command in '/home/vp/robot_ws/build/odrive_driver': PYTHONPATH=/home/vp/robot_ws/build/odrive_driver/prefix_override:/home/vp/robot_ws/install/odrive_driver/lib/python3.8/site-packages:${PYTHONPATH} /usr/bin/python3 setup.py develop --editable --build-directory /home/vp/robot_ws/build/odrive_driver/build --no-deps install_data
[2.668s] DEBUG:colcon.colcon_core.event_handler.log_command:Invoking command in '/home/vp/robot_ws/build/lidar_vp': PYTHONPATH=/home/vp/robot_ws/build/lidar_vp/prefix_override:/home/vp/robot_ws/install/lidar_vp/lib/python3.8/site-packages:${PYTHONPATH} /usr/bin/python3 setup.py develop --editable --build-directory /home/vp/robot_ws/build/lidar_vp/build --no-deps install_data
[2.672s] DEBUG:colcon.colcon_core.event_handler.log_command:Invoking command in '/home/vp/robot_ws/build/odom_vp': PYTHONPATH=/home/vp/robot_ws/build/odom_vp/prefix_override:/home/vp/robot_ws/install/odom_vp/lib/python3.8/site-packages:${PYTHONPATH} /usr/bin/python3 setup.py develop --editable --build-directory /home/vp/robot_ws/build/odom_vp/build --no-deps install_data
[2.682s] DEBUG:colcon.colcon_core.event_handler.log_command:Invoking command in '/home/vp/robot_ws/build/ros2_serial_interface': PYTHONPATH=/home/vp/robot_ws/build/ros2_serial_interface/prefix_override:/home/vp/robot_ws/install/ros2_serial_interface/lib/python3.8/site-packages:${PYTHONPATH} /usr/bin/python3 setup.py develop --editable --build-directory /home/vp/robot_ws/build/ros2_serial_interface/build --no-deps install_data
[3.384s] Level 1:colcon.colcon_core.shell:create_environment_hook('ros2_serial_interface', 'pythonpath_develop')
[3.387s] INFO:colcon.colcon_core.shell:Creating environment hook '/home/vp/robot_ws/build/ros2_serial_interface/share/ros2_serial_interface/hook/pythonpath_develop.ps1'
[3.388s] DEBUG:colcon.colcon_core.event_handler.log_command:Invoked command in '/home/vp/robot_ws/build/ros2_serial_interface' returned '0': PYTHONPATH=/home/vp/robot_ws/build/ros2_serial_interface/prefix_override:/home/vp/robot_ws/install/ros2_serial_interface/lib/python3.8/site-packages:${PYTHONPATH} /usr/bin/python3 setup.py develop --editable --build-directory /home/vp/robot_ws/build/ros2_serial_interface/build --no-deps install_data
[3.388s] INFO:colcon.colcon_core.shell:Creating environment descriptor '/home/vp/robot_ws/build/ros2_serial_interface/share/ros2_serial_interface/hook/pythonpath_develop.dsv'
[3.389s] INFO:colcon.colcon_core.shell:Creating environment hook '/home/vp/robot_ws/build/ros2_serial_interface/share/ros2_serial_interface/hook/pythonpath_develop.sh'
[3.393s] Level 1:colcon.colcon_core.environment:checking '/home/vp/robot_ws/install/ros2_serial_interface' for CMake module files
[3.396s] Level 1:colcon.colcon_core.environment:checking '/home/vp/robot_ws/install/ros2_serial_interface' for CMake config files
[3.397s] Level 1:colcon.colcon_core.environment:checking '/home/vp/robot_ws/install/ros2_serial_interface/lib'
[3.397s] Level 1:colcon.colcon_core.environment:checking '/home/vp/robot_ws/install/ros2_serial_interface/bin'
[3.397s] Level 1:colcon.colcon_core.environment:checking '/home/vp/robot_ws/install/ros2_serial_interface/lib/pkgconfig/ros2_serial_interface.pc'
[3.397s] Level 1:colcon.colcon_core.environment:checking '/home/vp/robot_ws/install/ros2_serial_interface/lib/python3.8/site-packages'
[3.398s] Level 1:colcon.colcon_core.shell:create_environment_hook('ros2_serial_interface', 'pythonpath')
[3.400s] INFO:colcon.colcon_core.shell:Creating environment hook '/home/vp/robot_ws/install/ros2_serial_interface/share/ros2_serial_interface/hook/pythonpath.ps1'
[3.401s] INFO:colcon.colcon_core.shell:Creating environment descriptor '/home/vp/robot_ws/install/ros2_serial_interface/share/ros2_serial_interface/hook/pythonpath.dsv'
[3.402s] INFO:colcon.colcon_core.shell:Creating environment hook '/home/vp/robot_ws/install/ros2_serial_interface/share/ros2_serial_interface/hook/pythonpath.sh'
[3.402s] Level 1:colcon.colcon_core.environment:checking '/home/vp/robot_ws/install/ros2_serial_interface/bin'
[3.403s] Level 1:colcon.colcon_core.environment:create_environment_scripts_only(ros2_serial_interface)
[3.406s] INFO:colcon.colcon_core.shell:Creating package script '/home/vp/robot_ws/install/ros2_serial_interface/share/ros2_serial_interface/package.ps1'
[3.407s] INFO:colcon.colcon_core.shell:Creating package descriptor '/home/vp/robot_ws/install/ros2_serial_interface/share/ros2_serial_interface/package.dsv'
[3.408s] INFO:colcon.colcon_core.shell:Creating package script '/home/vp/robot_ws/install/ros2_serial_interface/share/ros2_serial_interface/package.sh'
[3.408s] INFO:colcon.colcon_core.shell:Creating package script '/home/vp/robot_ws/install/ros2_serial_interface/share/ros2_serial_interface/package.bash'
[3.409s] INFO:colcon.colcon_core.shell:Creating package script '/home/vp/robot_ws/install/ros2_serial_interface/share/ros2_serial_interface/package.zsh'
[3.410s] Level 1:colcon.colcon_core.environment:create_file_with_runtime_dependencies(/home/vp/robot_ws/install/ros2_serial_interface/share/colcon-core/packages/ros2_serial_interface)
[3.436s] Level 1:colcon.colcon_core.shell:create_environment_hook('odrive_driver', 'pythonpath_develop')
[3.438s] INFO:colcon.colcon_core.shell:Creating environment hook '/home/vp/robot_ws/build/odrive_driver/share/odrive_driver/hook/pythonpath_develop.ps1'
[3.438s] DEBUG:colcon.colcon_core.event_handler.log_command:Invoked command in '/home/vp/robot_ws/build/odrive_driver' returned '0': PYTHONPATH=/home/vp/robot_ws/build/odrive_driver/prefix_override:/home/vp/robot_ws/install/odrive_driver/lib/python3.8/site-packages:${PYTHONPATH} /usr/bin/python3 setup.py develop --editable --build-directory /home/vp/robot_ws/build/odrive_driver/build --no-deps install_data
[3.439s] INFO:colcon.colcon_core.shell:Creating environment descriptor '/home/vp/robot_ws/build/odrive_driver/share/odrive_driver/hook/pythonpath_develop.dsv'
[3.439s] INFO:colcon.colcon_core.shell:Creating environment hook '/home/vp/robot_ws/build/odrive_driver/share/odrive_driver/hook/pythonpath_develop.sh'
[3.442s] Level 1:colcon.colcon_core.environment:checking '/home/vp/robot_ws/install/odrive_driver' for CMake module files
[3.443s] Level 1:colcon.colcon_core.environment:checking '/home/vp/robot_ws/install/odrive_driver' for CMake config files
[3.443s] Level 1:colcon.colcon_core.environment:checking '/home/vp/robot_ws/install/odrive_driver/lib'
[3.443s] Level 1:colcon.colcon_core.environment:checking '/home/vp/robot_ws/install/odrive_driver/bin'
[3.443s] Level 1:colcon.colcon_core.environment:checking '/home/vp/robot_ws/install/odrive_driver/lib/pkgconfig/odrive_driver.pc'
[3.444s] Level 1:colcon.colcon_core.environment:checking '/home/vp/robot_ws/install/odrive_driver/lib/python3.8/site-packages'
[3.444s] Level 1:colcon.colcon_core.shell:create_environment_hook('odrive_driver', 'pythonpath')
[3.447s] INFO:colcon.colcon_core.shell:Creating environment hook '/home/vp/robot_ws/install/odrive_driver/share/odrive_driver/hook/pythonpath.ps1'
[3.447s] INFO:colcon.colcon_core.shell:Creating environment descriptor '/home/vp/robot_ws/install/odrive_driver/share/odrive_driver/hook/pythonpath.dsv'
[3.448s] INFO:colcon.colcon_core.shell:Creating environment hook '/home/vp/robot_ws/install/odrive_driver/share/odrive_driver/hook/pythonpath.sh'
[3.448s] Level 1:colcon.colcon_core.environment:checking '/home/vp/robot_ws/install/odrive_driver/bin'
[3.448s] Level 1:colcon.colcon_core.environment:create_environment_scripts_only(odrive_driver)
[3.450s] INFO:colcon.colcon_core.shell:Creating package script '/home/vp/robot_ws/install/odrive_driver/share/odrive_driver/package.ps1'
[3.451s] INFO:colcon.colcon_core.shell:Creating package descriptor '/home/vp/robot_ws/install/odrive_driver/share/odrive_driver/package.dsv'
[3.451s] INFO:colcon.colcon_core.shell:Creating package script '/home/vp/robot_ws/install/odrive_driver/share/odrive_driver/package.sh'
[3.452s] INFO:colcon.colcon_core.shell:Creating package script '/home/vp/robot_ws/install/odrive_driver/share/odrive_driver/package.bash'
[3.452s] INFO:colcon.colcon_core.shell:Creating package script '/home/vp/robot_ws/install/odrive_driver/share/odrive_driver/package.zsh'
[3.453s] Level 1:colcon.colcon_core.environment:create_file_with_runtime_dependencies(/home/vp/robot_ws/install/odrive_driver/share/colcon-core/packages/odrive_driver)
[3.453s] Level 1:colcon.colcon_core.shell:create_environment_hook('lidar_vp', 'pythonpath_develop')
[3.455s] INFO:colcon.colcon_core.shell:Creating environment hook '/home/vp/robot_ws/build/lidar_vp/share/lidar_vp/hook/pythonpath_develop.ps1'
[3.456s] INFO:colcon.colcon_core.shell:Creating environment descriptor '/home/vp/robot_ws/build/lidar_vp/share/lidar_vp/hook/pythonpath_develop.dsv'
[3.456s] DEBUG:colcon.colcon_core.event_handler.log_command:Invoked command in '/home/vp/robot_ws/build/lidar_vp' returned '0': PYTHONPATH=/home/vp/robot_ws/build/lidar_vp/prefix_override:/home/vp/robot_ws/install/lidar_vp/lib/python3.8/site-packages:${PYTHONPATH} /usr/bin/python3 setup.py develop --editable --build-directory /home/vp/robot_ws/build/lidar_vp/build --no-deps install_data
[3.457s] INFO:colcon.colcon_core.shell:Creating environment hook '/home/vp/robot_ws/build/lidar_vp/share/lidar_vp/hook/pythonpath_develop.sh'
[3.462s] Level 1:colcon.colcon_core.environment:checking '/home/vp/robot_ws/install/lidar_vp' for CMake module files
[3.462s] Level 1:colcon.colcon_core.environment:checking '/home/vp/robot_ws/install/lidar_vp' for CMake config files
[3.463s] Level 1:colcon.colcon_core.environment:checking '/home/vp/robot_ws/install/lidar_vp/lib'
[3.463s] Level 1:colcon.colcon_core.environment:checking '/home/vp/robot_ws/install/lidar_vp/bin'
[3.463s] Level 1:colcon.colcon_core.environment:checking '/home/vp/robot_ws/install/lidar_vp/lib/pkgconfig/lidar_vp.pc'
[3.463s] Level 1:colcon.colcon_core.environment:checking '/home/vp/robot_ws/install/lidar_vp/lib/python3.8/site-packages'
[3.463s] Level 1:colcon.colcon_core.shell:create_environment_hook('lidar_vp', 'pythonpath')
[3.465s] INFO:colcon.colcon_core.shell:Creating environment hook '/home/vp/robot_ws/install/lidar_vp/share/lidar_vp/hook/pythonpath.ps1'
[3.465s] INFO:colcon.colcon_core.shell:Creating environment descriptor '/home/vp/robot_ws/install/lidar_vp/share/lidar_vp/hook/pythonpath.dsv'
[3.466s] INFO:colcon.colcon_core.shell:Creating environment hook '/home/vp/robot_ws/install/lidar_vp/share/lidar_vp/hook/pythonpath.sh'
[3.466s] Level 1:colcon.colcon_core.environment:checking '/home/vp/robot_ws/install/lidar_vp/bin'
[3.466s] Level 1:colcon.colcon_core.environment:create_environment_scripts_only(lidar_vp)
[3.468s] INFO:colcon.colcon_core.shell:Creating package script '/home/vp/robot_ws/install/lidar_vp/share/lidar_vp/package.ps1'
[3.469s] INFO:colcon.colcon_core.shell:Creating package descriptor '/home/vp/robot_ws/install/lidar_vp/share/lidar_vp/package.dsv'
[3.469s] INFO:colcon.colcon_core.shell:Creating package script '/home/vp/robot_ws/install/lidar_vp/share/lidar_vp/package.sh'
[3.470s] INFO:colcon.colcon_core.shell:Creating package script '/home/vp/robot_ws/install/lidar_vp/share/lidar_vp/package.bash'
[3.470s] INFO:colcon.colcon_core.shell:Creating package script '/home/vp/robot_ws/install/lidar_vp/share/lidar_vp/package.zsh'
[3.470s] Level 1:colcon.colcon_core.environment:create_file_with_runtime_dependencies(/home/vp/robot_ws/install/lidar_vp/share/colcon-core/packages/lidar_vp)
[3.508s] Level 1:colcon.colcon_core.shell:create_environment_hook('odom_vp', 'pythonpath_develop')
[3.510s] INFO:colcon.colcon_core.shell:Creating environment hook '/home/vp/robot_ws/build/odom_vp/share/odom_vp/hook/pythonpath_develop.ps1'
[3.510s] DEBUG:colcon.colcon_core.event_handler.log_command:Invoked command in '/home/vp/robot_ws/build/odom_vp' returned '0': PYTHONPATH=/home/vp/robot_ws/build/odom_vp/prefix_override:/home/vp/robot_ws/install/odom_vp/lib/python3.8/site-packages:${PYTHONPATH} /usr/bin/python3 setup.py develop --editable --build-directory /home/vp/robot_ws/build/odom_vp/build --no-deps install_data
[3.511s] INFO:colcon.colcon_core.shell:Creating environment descriptor '/home/vp/robot_ws/build/odom_vp/share/odom_vp/hook/pythonpath_develop.dsv'
[3.512s] INFO:colcon.colcon_core.shell:Creating environment hook '/home/vp/robot_ws/build/odom_vp/share/odom_vp/hook/pythonpath_develop.sh'
[3.514s] Level 1:colcon.colcon_core.environment:checking '/home/vp/robot_ws/install/odom_vp' for CMake module files
[3.515s] Level 1:colcon.colcon_core.environment:checking '/home/vp/robot_ws/install/odom_vp' for CMake config files
[3.515s] Level 1:colcon.colcon_core.environment:checking '/home/vp/robot_ws/install/odom_vp/lib'
[3.515s] Level 1:colcon.colcon_core.environment:checking '/home/vp/robot_ws/install/odom_vp/bin'
[3.516s] Level 1:colcon.colcon_core.environment:checking '/home/vp/robot_ws/install/odom_vp/lib/pkgconfig/odom_vp.pc'
[3.516s] Level 1:colcon.colcon_core.environment:checking '/home/vp/robot_ws/install/odom_vp/lib/python3.8/site-packages'
[3.516s] Level 1:colcon.colcon_core.shell:create_environment_hook('odom_vp', 'pythonpath')
[3.519s] INFO:colcon.colcon_core.shell:Creating environment hook '/home/vp/robot_ws/install/odom_vp/share/odom_vp/hook/pythonpath.ps1'
[3.520s] INFO:colcon.colcon_core.shell:Creating environment descriptor '/home/vp/robot_ws/install/odom_vp/share/odom_vp/hook/pythonpath.dsv'
[3.520s] INFO:colcon.colcon_core.shell:Creating environment hook '/home/vp/robot_ws/install/odom_vp/share/odom_vp/hook/pythonpath.sh'
[3.521s] Level 1:colcon.colcon_core.environment:checking '/home/vp/robot_ws/install/odom_vp/bin'
[3.521s] Level 1:colcon.colcon_core.environment:create_environment_scripts_only(odom_vp)
[3.523s] INFO:colcon.colcon_core.shell:Creating package script '/home/vp/robot_ws/install/odom_vp/share/odom_vp/package.ps1'
[3.523s] INFO:colcon.colcon_core.shell:Creating package descriptor '/home/vp/robot_ws/install/odom_vp/share/odom_vp/package.dsv'
[3.524s] INFO:colcon.colcon_core.shell:Creating package script '/home/vp/robot_ws/install/odom_vp/share/odom_vp/package.sh'
[3.524s] INFO:colcon.colcon_core.shell:Creating package script '/home/vp/robot_ws/install/odom_vp/share/odom_vp/package.bash'
[3.525s] INFO:colcon.colcon_core.shell:Creating package script '/home/vp/robot_ws/install/odom_vp/share/odom_vp/package.zsh'
[3.525s] Level 1:colcon.colcon_core.environment:create_file_with_runtime_dependencies(/home/vp/robot_ws/install/odom_vp/share/colcon-core/packages/odom_vp)
[3.526s] DEBUG:colcon.colcon_parallel_executor.executor.parallel:closing loop
[3.526s] DEBUG:colcon.colcon_parallel_executor.executor.parallel:loop closed
[3.526s] DEBUG:colcon.colcon_parallel_executor.executor.parallel:run_until_complete finished with '0'
[3.526s] DEBUG:colcon.colcon_core.event_reactor:joining thread
[3.536s] INFO:colcon.colcon_core.plugin_system:Skipping extension 'colcon_notification.desktop_notification.terminal_notifier': Not used on non-Darwin systems
[3.536s] INFO:colcon.colcon_core.plugin_system:Skipping extension 'colcon_notification.desktop_notification.win32': Not used on non-Windows systems
[3.536s] INFO:colcon.colcon_notification.desktop_notification:Sending desktop notification using 'notify2'
[3.551s] DEBUG:colcon.colcon_core.event_reactor:joined thread
[3.553s] INFO:colcon.colcon_core.shell:Creating prefix script '/home/vp/robot_ws/install/local_setup.ps1'
[3.554s] INFO:colcon.colcon_core.shell:Creating prefix util module '/home/vp/robot_ws/install/_local_setup_util_ps1.py'
[3.555s] INFO:colcon.colcon_core.shell:Creating prefix chain script '/home/vp/robot_ws/install/setup.ps1'
[3.558s] INFO:colcon.colcon_core.shell:Creating prefix script '/home/vp/robot_ws/install/local_setup.sh'
[3.558s] INFO:colcon.colcon_core.shell:Creating prefix util module '/home/vp/robot_ws/install/_local_setup_util_sh.py'
[3.559s] INFO:colcon.colcon_core.shell:Creating prefix chain script '/home/vp/robot_ws/install/setup.sh'
[3.563s] INFO:colcon.colcon_core.shell:Creating prefix script '/home/vp/robot_ws/install/local_setup.bash'
[3.564s] INFO:colcon.colcon_core.shell:Creating prefix chain script '/home/vp/robot_ws/install/setup.bash'
[3.567s] INFO:colcon.colcon_core.shell:Creating prefix script '/home/vp/robot_ws/install/local_setup.zsh'
[3.568s] INFO:colcon.colcon_core.shell:Creating prefix chain script '/home/vp/robot_ws/install/setup.zsh'
