-- Install configuration: ""
-- Up-to-date: /home/vp/robot_ws/install/ros2_control_demo_bringup/share/ros2_control_demo_bringup/config
-- Up-to-date: /home/vp/robot_ws/install/ros2_control_demo_bringup/share/ros2_control_demo_bringup/config/rrbot_joint_trajectory_publisher.yaml
-- Up-to-date: /home/vp/robot_ws/install/ros2_control_demo_bringup/share/ros2_control_demo_bringup/config/rrbot_multi_interface_forward_controllers.yaml
-- Up-to-date: /home/vp/robot_ws/install/ros2_control_demo_bringup/share/ros2_control_demo_bringup/config/rrbot_controllers.yaml
-- Up-to-date: /home/vp/robot_ws/install/ros2_control_demo_bringup/share/ros2_control_demo_bringup/config/diffbot_diff_drive_controller.yaml
-- Up-to-date: /home/vp/robot_ws/install/ros2_control_demo_bringup/share/ros2_control_demo_bringup/config/rrbot_gazebo_forward_controller_position.yaml
-- Up-to-date: /home/vp/robot_ws/install/ros2_control_demo_bringup/share/ros2_control_demo_bringup/config/rrbot_with_sensor_controllers.yaml
-- Up-to-date: /home/vp/robot_ws/install/ros2_control_demo_bringup/share/ros2_control_demo_bringup/config/rrbot_forward_position_publisher.yaml
-- Up-to-date: /home/vp/robot_ws/install/ros2_control_demo_bringup/share/ros2_control_demo_bringup/launch
-- Up-to-date: /home/vp/robot_ws/install/ros2_control_demo_bringup/share/ros2_control_demo_bringup/launch/rrbot.launch.py
-- Up-to-date: /home/vp/robot_ws/install/ros2_control_demo_bringup/share/ros2_control_demo_bringup/launch/view_robot.launch.py
-- Up-to-date: /home/vp/robot_ws/install/ros2_control_demo_bringup/share/ros2_control_demo_bringup/launch/rrbot_system_with_sensor.launch.py
-- Up-to-date: /home/vp/robot_ws/install/ros2_control_demo_bringup/share/ros2_control_demo_bringup/launch/rrbot_system_position_only.launch.py
-- Up-to-date: /home/vp/robot_ws/install/ros2_control_demo_bringup/share/ros2_control_demo_bringup/launch/diffbot_system.launch.py
-- Up-to-date: /home/vp/robot_ws/install/ros2_control_demo_bringup/share/ros2_control_demo_bringup/launch/test_forward_position_controller.launch.py
-- Up-to-date: /home/vp/robot_ws/install/ros2_control_demo_bringup/share/ros2_control_demo_bringup/launch/rrbot_system_position_only_gazebo.launch.py
-- Up-to-date: /home/vp/robot_ws/install/ros2_control_demo_bringup/share/ros2_control_demo_bringup/launch/rrbot_system_multi_interface.launch.py
-- Up-to-date: /home/vp/robot_ws/install/ros2_control_demo_bringup/share/ros2_control_demo_bringup/launch/rrbot_base.launch.py
-- Up-to-date: /home/vp/robot_ws/install/ros2_control_demo_bringup/share/ros2_control_demo_bringup/launch/test_joint_trajectory_position_controller.launch.py
-- Up-to-date: /home/vp/robot_ws/install/ros2_control_demo_bringup/share/ament_index/resource_index/package_run_dependencies/ros2_control_demo_bringup
-- Up-to-date: /home/vp/robot_ws/install/ros2_control_demo_bringup/share/ament_index/resource_index/parent_prefix_path/ros2_control_demo_bringup
-- Up-to-date: /home/vp/robot_ws/install/ros2_control_demo_bringup/share/ros2_control_demo_bringup/environment/ament_prefix_path.sh
-- Up-to-date: /home/vp/robot_ws/install/ros2_control_demo_bringup/share/ros2_control_demo_bringup/environment/ament_prefix_path.dsv
-- Up-to-date: /home/vp/robot_ws/install/ros2_control_demo_bringup/share/ros2_control_demo_bringup/environment/path.sh
-- Up-to-date: /home/vp/robot_ws/install/ros2_control_demo_bringup/share/ros2_control_demo_bringup/environment/path.dsv
-- Up-to-date: /home/vp/robot_ws/install/ros2_control_demo_bringup/share/ros2_control_demo_bringup/local_setup.bash
-- Up-to-date: /home/vp/robot_ws/install/ros2_control_demo_bringup/share/ros2_control_demo_bringup/local_setup.sh
-- Up-to-date: /home/vp/robot_ws/install/ros2_control_demo_bringup/share/ros2_control_demo_bringup/local_setup.zsh
-- Up-to-date: /home/vp/robot_ws/install/ros2_control_demo_bringup/share/ros2_control_demo_bringup/local_setup.dsv
-- Installing: /home/vp/robot_ws/install/ros2_control_demo_bringup/share/ros2_control_demo_bringup/package.dsv
-- Up-to-date: /home/vp/robot_ws/install/ros2_control_demo_bringup/share/ament_index/resource_index/packages/ros2_control_demo_bringup
-- Up-to-date: /home/vp/robot_ws/install/ros2_control_demo_bringup/share/ros2_control_demo_bringup/cmake/ros2_control_demo_bringupConfig.cmake
-- Up-to-date: /home/vp/robot_ws/install/ros2_control_demo_bringup/share/ros2_control_demo_bringup/cmake/ros2_control_demo_bringupConfig-version.cmake
-- Up-to-date: /home/vp/robot_ws/install/ros2_control_demo_bringup/share/ros2_control_demo_bringup/package.xml
