[0.144s] Invoking command in '/home/vp/robot_ws/build/diffbot_description': CMAKE_PREFIX_PATH=${CMAKE_PREFIX_PATH}:/home/vp/robot_ws/install/ros2_control_test_nodes:/home/vp/robot_ws/install/odrive_driver:/opt/ros/foxy /usr/bin/cmake /home/vp/robot_ws/src/ros2_control_demos/ros2_control_demo_description/diffbot_description -DAMENT_CMAKE_SYMLINK_INSTALL=1 -DCMAKE_INSTALL_PREFIX=/home/vp/robot_ws/install/diffbot_description
[0.879s] -- Found ament_cmake: 0.9.11 (/opt/ros/foxy/share/ament_cmake/cmake)
[0.880s] -- Using PYTHON_EXECUTABLE: /usr/bin/python3
[0.881s] -- Override CMake install command with custom implementation using symlinks instead of copying resources
[0.882s] -- Configuring done
[0.883s] -- Generating done
[0.883s] -- Build files have been written to: /home/vp/robot_ws/build/diffbot_description
[0.899s] Invoked command in '/home/vp/robot_ws/build/diffbot_description' returned '0': CMAKE_PREFIX_PATH=${CMAKE_PREFIX_PATH}:/home/vp/robot_ws/install/ros2_control_test_nodes:/home/vp/robot_ws/install/odrive_driver:/opt/ros/foxy /usr/bin/cmake /home/vp/robot_ws/src/ros2_control_demos/ros2_control_demo_description/diffbot_description -DAMENT_CMAKE_SYMLINK_INSTALL=1 -DCMAKE_INSTALL_PREFIX=/home/vp/robot_ws/install/diffbot_description
[0.899s] Invoking command in '/home/vp/robot_ws/build/diffbot_description': CMAKE_PREFIX_PATH=${CMAKE_PREFIX_PATH}:/home/vp/robot_ws/install/ros2_control_test_nodes:/home/vp/robot_ws/install/odrive_driver:/opt/ros/foxy /usr/bin/cmake --build /home/vp/robot_ws/build/diffbot_description -- -j8 -l8
[0.956s] Invoked command in '/home/vp/robot_ws/build/diffbot_description' returned '0': CMAKE_PREFIX_PATH=${CMAKE_PREFIX_PATH}:/home/vp/robot_ws/install/ros2_control_test_nodes:/home/vp/robot_ws/install/odrive_driver:/opt/ros/foxy /usr/bin/cmake --build /home/vp/robot_ws/build/diffbot_description -- -j8 -l8
[1.016s] Invoking command in '/home/vp/robot_ws/build/diffbot_description': CMAKE_PREFIX_PATH=${CMAKE_PREFIX_PATH}:/home/vp/robot_ws/install/ros2_control_test_nodes:/home/vp/robot_ws/install/odrive_driver:/opt/ros/foxy /usr/bin/cmake --install /home/vp/robot_ws/build/diffbot_description
[1.033s] -- Install configuration: ""
[1.033s] -- Execute custom install script
[1.033s] -- Symlinking: /home/vp/robot_ws/install/diffbot_description/share/diffbot_description/config/diffbot.rviz
[1.048s] -- Symlinking: /home/vp/robot_ws/install/diffbot_description/share/diffbot_description/gazebo/diffbot.gazebo.xacro
[1.071s] -- Symlinking: /home/vp/robot_ws/install/diffbot_description/share/diffbot_description/gazebo/diffbot.materials.xacro
[1.091s] -- Symlinking: /home/vp/robot_ws/install/diffbot_description/share/diffbot_description/ros2_control/diffbot_system.ros2_control.xacro
[1.107s] -- Symlinking: /home/vp/robot_ws/install/diffbot_description/share/diffbot_description/urdf/diffbot.urdf.xacro
[1.122s] -- Symlinking: /home/vp/robot_ws/install/diffbot_description/share/diffbot_description/urdf/diffbot_system.urdf.xacro
[1.146s] -- Symlinking: /home/vp/robot_ws/install/diffbot_description/share/ament_index/resource_index/package_run_dependencies/diffbot_description
[1.155s] -- Symlinking: /home/vp/robot_ws/install/diffbot_description/share/ament_index/resource_index/parent_prefix_path/diffbot_description
[1.171s] -- Symlinking: /home/vp/robot_ws/install/diffbot_description/share/diffbot_description/environment/ament_prefix_path.sh
[1.187s] -- Symlinking: /home/vp/robot_ws/install/diffbot_description/share/diffbot_description/environment/ament_prefix_path.dsv
[1.203s] -- Symlinking: /home/vp/robot_ws/install/diffbot_description/share/diffbot_description/environment/path.sh
[1.218s] -- Symlinking: /home/vp/robot_ws/install/diffbot_description/share/diffbot_description/environment/path.dsv
[1.234s] -- Symlinking: /home/vp/robot_ws/install/diffbot_description/share/diffbot_description/local_setup.bash
[1.251s] -- Symlinking: /home/vp/robot_ws/install/diffbot_description/share/diffbot_description/local_setup.sh
[1.267s] -- Symlinking: /home/vp/robot_ws/install/diffbot_description/share/diffbot_description/local_setup.zsh
[1.284s] -- Symlinking: /home/vp/robot_ws/install/diffbot_description/share/diffbot_description/local_setup.dsv
[1.301s] -- Symlinking: /home/vp/robot_ws/install/diffbot_description/share/diffbot_description/package.dsv
[1.317s] -- Symlinking: /home/vp/robot_ws/install/diffbot_description/share/ament_index/resource_index/packages/diffbot_description
[1.335s] -- Symlinking: /home/vp/robot_ws/install/diffbot_description/share/diffbot_description/cmake/diffbot_descriptionConfig.cmake
[1.356s] -- Symlinking: /home/vp/robot_ws/install/diffbot_description/share/diffbot_description/cmake/diffbot_descriptionConfig-version.cmake
[1.371s] -- Symlinking: /home/vp/robot_ws/install/diffbot_description/share/diffbot_description/package.xml
[1.397s] Invoked command in '/home/vp/robot_ws/build/diffbot_description' returned '0': CMAKE_PREFIX_PATH=${CMAKE_PREFIX_PATH}:/home/vp/robot_ws/install/ros2_control_test_nodes:/home/vp/robot_ws/install/odrive_driver:/opt/ros/foxy /usr/bin/cmake --install /home/vp/robot_ws/build/diffbot_description
