[1.233s] Invoking command in '/home/vp/robot_ws/build/vp_one': CMAKE_PREFIX_PATH=${CMAKE_PREFIX_PATH}:/home/vp/robot_ws/install/ros2_serial_interface:/home/vp/robot_ws/install/odrive_driver:/home/vp/robot_ws/install/odom_vp:/home/vp/robot_ws/install/lidar_vp:/home/vp/aros2/install/aros2duino:/opt/ros/foxy /usr/bin/cmake /home/vp/robot_ws/src/vp_one -DAMENT_CMAKE_SYMLINK_INSTALL=1 -DCMAKE_INSTALL_PREFIX=/home/vp/robot_ws/install/vp_one
[1.259s] -- Found ament_cmake: 0.9.11 (/opt/ros/foxy/share/ament_cmake/cmake)
[1.320s] -- Using PYTHON_EXECUTABLE: /usr/bin/python3
[1.726s] -- Override CMake install command with custom implementation using symlinks instead of copying resources
[1.751s] -- Found ament_lint_auto: 0.9.8 (/opt/ros/foxy/share/ament_lint_auto/cmake)
[1.858s] -- Added test 'copyright' to check source files copyright and LICENSE
[1.863s] -- Added test 'flake8' to check Python code syntax and style conventions
[1.864s] -- Added test 'lint_cmake' to check CMake code style
[1.865s] -- Added test 'pep257' to check Python code against some of the style conventions in PEP 257
[1.867s] -- Added test 'xmllint' to check XML markup files
[1.871s] -- Configuring done
[1.875s] -- Generating done
[1.877s] -- Build files have been written to: /home/vp/robot_ws/build/vp_one
[1.882s] Invoked command in '/home/vp/robot_ws/build/vp_one' returned '0': CMAKE_PREFIX_PATH=${CMAKE_PREFIX_PATH}:/home/vp/robot_ws/install/ros2_serial_interface:/home/vp/robot_ws/install/odrive_driver:/home/vp/robot_ws/install/odom_vp:/home/vp/robot_ws/install/lidar_vp:/home/vp/aros2/install/aros2duino:/opt/ros/foxy /usr/bin/cmake /home/vp/robot_ws/src/vp_one -DAMENT_CMAKE_SYMLINK_INSTALL=1 -DCMAKE_INSTALL_PREFIX=/home/vp/robot_ws/install/vp_one
[1.884s] Invoking command in '/home/vp/robot_ws/build/vp_one': CMAKE_PREFIX_PATH=${CMAKE_PREFIX_PATH}:/home/vp/robot_ws/install/ros2_serial_interface:/home/vp/robot_ws/install/odrive_driver:/home/vp/robot_ws/install/odom_vp:/home/vp/robot_ws/install/lidar_vp:/home/vp/aros2/install/aros2duino:/opt/ros/foxy /usr/bin/cmake --build /home/vp/robot_ws/build/vp_one -- -j8 -l8
[1.952s] Invoked command in '/home/vp/robot_ws/build/vp_one' returned '0': CMAKE_PREFIX_PATH=${CMAKE_PREFIX_PATH}:/home/vp/robot_ws/install/ros2_serial_interface:/home/vp/robot_ws/install/odrive_driver:/home/vp/robot_ws/install/odom_vp:/home/vp/robot_ws/install/lidar_vp:/home/vp/aros2/install/aros2duino:/opt/ros/foxy /usr/bin/cmake --build /home/vp/robot_ws/build/vp_one -- -j8 -l8
[2.006s] Invoking command in '/home/vp/robot_ws/build/vp_one': CMAKE_PREFIX_PATH=${CMAKE_PREFIX_PATH}:/home/vp/robot_ws/install/ros2_serial_interface:/home/vp/robot_ws/install/odrive_driver:/home/vp/robot_ws/install/odom_vp:/home/vp/robot_ws/install/lidar_vp:/home/vp/aros2/install/aros2duino:/opt/ros/foxy /usr/bin/cmake --install /home/vp/robot_ws/build/vp_one
[2.017s] -- Install configuration: ""
[2.018s] -- Execute custom install script
[2.019s] -- Up-to-date symlink: /home/vp/robot_ws/install/vp_one/share/vp_one/config/empty.yaml
[2.020s] -- Up-to-date symlink: /home/vp/robot_ws/install/vp_one/share/vp_one/config/mapper_params_online_async.yaml
[2.020s] -- Up-to-date symlink: /home/vp/robot_ws/install/vp_one/share/vp_one/config/my_controller.yaml
[2.020s] -- Up-to-date symlink: /home/vp/robot_ws/install/vp_one/share/vp_one/config/view_bot.rviz
[2.023s] -- Up-to-date symlink: /home/vp/robot_ws/install/vp_one/share/vp_one/description/gazebo_control.xacro
[2.024s] -- Up-to-date symlink: /home/vp/robot_ws/install/vp_one/share/vp_one/description/inertial_macros.xacro
[2.026s] -- Up-to-date symlink: /home/vp/robot_ws/install/vp_one/share/vp_one/description/lidar.xacro
[2.026s] -- Up-to-date symlink: /home/vp/robot_ws/install/vp_one/share/vp_one/description/robot.urdf.xacro
[2.026s] -- Up-to-date symlink: /home/vp/robot_ws/install/vp_one/share/vp_one/description/robot_core.xacro
[2.028s] -- Up-to-date symlink: /home/vp/robot_ws/install/vp_one/share/vp_one/launch/launch_robot.launch.py
[2.031s] -- Up-to-date symlink: /home/vp/robot_ws/install/vp_one/share/vp_one/launch/launch_sim.launch.py
[2.031s] -- Up-to-date symlink: /home/vp/robot_ws/install/vp_one/share/vp_one/launch/real_vp.py
[2.032s] -- Up-to-date symlink: /home/vp/robot_ws/install/vp_one/share/vp_one/launch/rsp.launch.py
[2.032s] -- Up-to-date symlink: /home/vp/robot_ws/install/vp_one/share/vp_one/worlds/empty.world
[2.032s] -- Up-to-date symlink: /home/vp/robot_ws/install/vp_one/share/ament_index/resource_index/package_run_dependencies/vp_one
[2.032s] -- Up-to-date symlink: /home/vp/robot_ws/install/vp_one/share/ament_index/resource_index/parent_prefix_path/vp_one
[2.032s] -- Up-to-date symlink: /home/vp/robot_ws/install/vp_one/share/vp_one/environment/ament_prefix_path.sh
[2.032s] -- Up-to-date symlink: /home/vp/robot_ws/install/vp_one/share/vp_one/environment/ament_prefix_path.dsv
[2.033s] -- Up-to-date symlink: /home/vp/robot_ws/install/vp_one/share/vp_one/environment/path.sh
[2.033s] -- Up-to-date symlink: /home/vp/robot_ws/install/vp_one/share/vp_one/environment/path.dsv
[2.033s] -- Up-to-date symlink: /home/vp/robot_ws/install/vp_one/share/vp_one/local_setup.bash
[2.033s] -- Up-to-date symlink: /home/vp/robot_ws/install/vp_one/share/vp_one/local_setup.sh
[2.033s] -- Up-to-date symlink: /home/vp/robot_ws/install/vp_one/share/vp_one/local_setup.zsh
[2.034s] -- Up-to-date symlink: /home/vp/robot_ws/install/vp_one/share/vp_one/local_setup.dsv
[2.034s] -- Symlinking: /home/vp/robot_ws/install/vp_one/share/vp_one/package.dsv
[2.066s] -- Up-to-date symlink: /home/vp/robot_ws/install/vp_one/share/ament_index/resource_index/packages/vp_one
[2.067s] -- Up-to-date symlink: /home/vp/robot_ws/install/vp_one/share/vp_one/cmake/vp_oneConfig.cmake
[2.068s] -- Up-to-date symlink: /home/vp/robot_ws/install/vp_one/share/vp_one/cmake/vp_oneConfig-version.cmake
[2.069s] -- Up-to-date symlink: /home/vp/robot_ws/install/vp_one/share/vp_one/package.xml
[2.073s] Invoked command in '/home/vp/robot_ws/build/vp_one' returned '0': CMAKE_PREFIX_PATH=${CMAKE_PREFIX_PATH}:/home/vp/robot_ws/install/ros2_serial_interface:/home/vp/robot_ws/install/odrive_driver:/home/vp/robot_ws/install/odom_vp:/home/vp/robot_ws/install/lidar_vp:/home/vp/aros2/install/aros2duino:/opt/ros/foxy /usr/bin/cmake --install /home/vp/robot_ws/build/vp_one
