[1.858s] Invoking command in '/home/vp/robot_ws/build/odrive_driver': PYTHONPATH=/home/vp/robot_ws/build/odrive_driver/prefix_override:/home/vp/robot_ws/install/odrive_driver/lib/python3.8/site-packages:${PYTHONPATH} /usr/bin/python3 setup.py develop --uninstall --editable --build-directory /home/vp/robot_ws/build/odrive_driver/build
[2.435s] running develop
[2.737s] Removing /home/vp/robot_ws/install/odrive_driver/lib/python3.8/site-packages/odrive-driver.egg-link (link to .)
[2.816s] Invoked command in '/home/vp/robot_ws/build/odrive_driver' returned '0': PYTHONPATH=/home/vp/robot_ws/build/odrive_driver/prefix_override:/home/vp/robot_ws/install/odrive_driver/lib/python3.8/site-packages:${PYTHONPATH} /usr/bin/python3 setup.py develop --uninstall --editable --build-directory /home/vp/robot_ws/build/odrive_driver/build
[2.821s] Invoking command in '/home/vp/robot_ws/src/odrive_driver': PYTHONPATH=/home/vp/robot_ws/build/odrive_driver/prefix_override:/home/vp/robot_ws/install/odrive_driver/lib/python3.8/site-packages:${PYTHONPATH} /usr/bin/python3 setup.py egg_info --egg-base ../../build/odrive_driver build --build-base /home/vp/robot_ws/build/odrive_driver/build install --record /home/vp/robot_ws/build/odrive_driver/install.log --single-version-externally-managed
[3.202s] running egg_info
[3.202s] writing ../../build/odrive_driver/odrive_driver.egg-info/PKG-INFO
[3.203s] writing dependency_links to ../../build/odrive_driver/odrive_driver.egg-info/dependency_links.txt
[3.203s] writing entry points to ../../build/odrive_driver/odrive_driver.egg-info/entry_points.txt
[3.203s] writing requirements to ../../build/odrive_driver/odrive_driver.egg-info/requires.txt
[3.203s] writing top-level names to ../../build/odrive_driver/odrive_driver.egg-info/top_level.txt
[3.262s] reading manifest file '../../build/odrive_driver/odrive_driver.egg-info/SOURCES.txt'
[3.263s] writing manifest file '../../build/odrive_driver/odrive_driver.egg-info/SOURCES.txt'
[3.263s] running build
[3.263s] running build_py
[3.264s] copying odrive_driver/odrive_node.py -> /home/vp/robot_ws/build/odrive_driver/build/lib/odrive_driver
[3.264s] running install
[3.264s] running install_lib
[3.266s] creating /home/vp/robot_ws/install/odrive_driver/lib/python3.8/site-packages/odrive_driver
[3.266s] copying /home/vp/robot_ws/build/odrive_driver/build/lib/odrive_driver/odrive_command.py -> /home/vp/robot_ws/install/odrive_driver/lib/python3.8/site-packages/odrive_driver
[3.266s] copying /home/vp/robot_ws/build/odrive_driver/build/lib/odrive_driver/__init__.py -> /home/vp/robot_ws/install/odrive_driver/lib/python3.8/site-packages/odrive_driver
[3.266s] copying /home/vp/robot_ws/build/odrive_driver/build/lib/odrive_driver/odrive_node.py -> /home/vp/robot_ws/install/odrive_driver/lib/python3.8/site-packages/odrive_driver
[3.267s] byte-compiling /home/vp/robot_ws/install/odrive_driver/lib/python3.8/site-packages/odrive_driver/odrive_command.py to odrive_command.cpython-38.pyc
[3.269s] byte-compiling /home/vp/robot_ws/install/odrive_driver/lib/python3.8/site-packages/odrive_driver/__init__.py to __init__.cpython-38.pyc
[3.269s] byte-compiling /home/vp/robot_ws/install/odrive_driver/lib/python3.8/site-packages/odrive_driver/odrive_node.py to odrive_node.cpython-38.pyc
[3.271s] running install_data
[3.271s] running install_egg_info
[3.273s] Copying ../../build/odrive_driver/odrive_driver.egg-info to /home/vp/robot_ws/install/odrive_driver/lib/python3.8/site-packages/odrive_driver-0.0.0-py3.8.egg-info
[3.274s] running install_scripts
[3.295s] Installing odrive_node script to /home/vp/robot_ws/install/odrive_driver/lib/odrive_driver
[3.295s] writing list of installed files to '/home/vp/robot_ws/build/odrive_driver/install.log'
[3.330s] Invoked command in '/home/vp/robot_ws/src/odrive_driver' returned '0': PYTHONPATH=/home/vp/robot_ws/build/odrive_driver/prefix_override:/home/vp/robot_ws/install/odrive_driver/lib/python3.8/site-packages:${PYTHONPATH} /usr/bin/python3 setup.py egg_info --egg-base ../../build/odrive_driver build --build-base /home/vp/robot_ws/build/odrive_driver/build install --record /home/vp/robot_ws/build/odrive_driver/install.log --single-version-externally-managed
