[0.143s] Invoking command in '/home/vp/robot_ws/build/ros2_control_demo_hardware': CMAKE_PREFIX_PATH=${CMAKE_PREFIX_PATH}:/home/vp/robot_ws/install/ros2_control_test_nodes:/home/vp/robot_ws/install/odrive_driver:/opt/ros/foxy /usr/bin/cmake /home/vp/robot_ws/src/ros2_control_demos/ros2_control_demo_hardware -DCMAKE_INSTALL_PREFIX=/home/vp/robot_ws/install/ros2_control_demo_hardware
[1.030s] -- Found ament_cmake: 0.9.11 (/opt/ros/foxy/share/ament_cmake/cmake)
[1.031s] -- Using PYTHON_EXECUTABLE: /usr/bin/python3
[1.031s] -- Override CMake install command with custom implementation using symlinks instead of copying resources
[1.031s] -- Found hardware_interface: 0.11.0 (/opt/ros/foxy/share/hardware_interface/cmake)
[1.034s] -- Using all available rosidl_typesupport_c: rosidl_typesupport_fastrtps_c;rosidl_typesupport_introspection_c
[1.034s] -- Found rosidl_adapter: 1.3.0 (/opt/ros/foxy/share/rosidl_adapter/cmake)
[1.034s] -- Using all available rosidl_typesupport_cpp: rosidl_typesupport_fastrtps_cpp;rosidl_typesupport_introspection_cpp
[1.937s] -- Found rclcpp: 2.4.2 (/opt/ros/foxy/share/rclcpp/cmake)
[2.001s] -- Found rmw_implementation_cmake: 1.0.3 (/opt/ros/foxy/share/rmw_implementation_cmake/cmake)
[2.005s] -- Using RMW implementation 'rmw_fastrtps_cpp' as default
[2.324s] -- Found ament_cmake_gtest: 0.9.11 (/opt/ros/foxy/share/ament_cmake_gtest/cmake)
[2.461s] -- Configuring done
[2.516s] -- Generating done
[2.519s] -- Build files have been written to: /home/vp/robot_ws/build/ros2_control_demo_hardware
[2.550s] Invoked command in '/home/vp/robot_ws/build/ros2_control_demo_hardware' returned '0': CMAKE_PREFIX_PATH=${CMAKE_PREFIX_PATH}:/home/vp/robot_ws/install/ros2_control_test_nodes:/home/vp/robot_ws/install/odrive_driver:/opt/ros/foxy /usr/bin/cmake /home/vp/robot_ws/src/ros2_control_demos/ros2_control_demo_hardware -DCMAKE_INSTALL_PREFIX=/home/vp/robot_ws/install/ros2_control_demo_hardware
[2.557s] Invoking command in '/home/vp/robot_ws/build/ros2_control_demo_hardware': CMAKE_PREFIX_PATH=${CMAKE_PREFIX_PATH}:/home/vp/robot_ws/install/ros2_control_test_nodes:/home/vp/robot_ws/install/odrive_driver:/opt/ros/foxy /usr/bin/cmake --build /home/vp/robot_ws/build/ros2_control_demo_hardware -- -j8 -l8
[2.668s] [100%] Built target ros2_control_demo_hardware
[2.685s] Invoked command in '/home/vp/robot_ws/build/ros2_control_demo_hardware' returned '0': CMAKE_PREFIX_PATH=${CMAKE_PREFIX_PATH}:/home/vp/robot_ws/install/ros2_control_test_nodes:/home/vp/robot_ws/install/odrive_driver:/opt/ros/foxy /usr/bin/cmake --build /home/vp/robot_ws/build/ros2_control_demo_hardware -- -j8 -l8
[2.758s] Invoking command in '/home/vp/robot_ws/build/ros2_control_demo_hardware': CMAKE_PREFIX_PATH=${CMAKE_PREFIX_PATH}:/home/vp/robot_ws/install/ros2_control_test_nodes:/home/vp/robot_ws/install/odrive_driver:/opt/ros/foxy /usr/bin/cmake --install /home/vp/robot_ws/build/ros2_control_demo_hardware
[2.773s] -- Install configuration: ""
[2.774s] -- Execute custom install script
[2.774s] -- Up-to-date symlink: /home/vp/robot_ws/install/ros2_control_demo_hardware/share/ros2_control_demo_hardware//ros2_control_demo_hardware.xml
[2.775s] -- Up-to-date symlink: /home/vp/robot_ws/install/ros2_control_demo_hardware/lib/libros2_control_demo_hardware.so
[2.776s] -- Up-to-date symlink: /home/vp/robot_ws/install/ros2_control_demo_hardware/include/ros2_control_demo_hardware/diffbot_system.hpp
[2.776s] -- Up-to-date symlink: /home/vp/robot_ws/install/ros2_control_demo_hardware/include/ros2_control_demo_hardware/rrbot_system_multi_interface.hpp
[2.776s] -- Up-to-date symlink: /home/vp/robot_ws/install/ros2_control_demo_hardware/include/ros2_control_demo_hardware/rrbot_system_position_only.hpp
[2.777s] -- Up-to-date symlink: /home/vp/robot_ws/install/ros2_control_demo_hardware/include/ros2_control_demo_hardware/rrbot_system_with_sensor.hpp
[2.777s] -- Up-to-date symlink: /home/vp/robot_ws/install/ros2_control_demo_hardware/include/ros2_control_demo_hardware/visibility_control.h
[2.778s] -- Up-to-date symlink: /home/vp/robot_ws/install/ros2_control_demo_hardware/share/ros2_control_demo_hardware/environment/library_path.sh
[2.778s] -- Up-to-date symlink: /home/vp/robot_ws/install/ros2_control_demo_hardware/share/ros2_control_demo_hardware/environment/library_path.dsv
[2.779s] -- Up-to-date symlink: /home/vp/robot_ws/install/ros2_control_demo_hardware/share/ament_index/resource_index/package_run_dependencies/ros2_control_demo_hardware
[2.779s] -- Up-to-date symlink: /home/vp/robot_ws/install/ros2_control_demo_hardware/share/ament_index/resource_index/parent_prefix_path/ros2_control_demo_hardware
[2.780s] -- Up-to-date symlink: /home/vp/robot_ws/install/ros2_control_demo_hardware/share/ros2_control_demo_hardware/environment/ament_prefix_path.sh
[2.780s] -- Up-to-date symlink: /home/vp/robot_ws/install/ros2_control_demo_hardware/share/ros2_control_demo_hardware/environment/ament_prefix_path.dsv
[2.781s] -- Up-to-date symlink: /home/vp/robot_ws/install/ros2_control_demo_hardware/share/ros2_control_demo_hardware/environment/path.sh
[2.781s] -- Up-to-date symlink: /home/vp/robot_ws/install/ros2_control_demo_hardware/share/ros2_control_demo_hardware/environment/path.dsv
[2.782s] -- Up-to-date symlink: /home/vp/robot_ws/install/ros2_control_demo_hardware/share/ros2_control_demo_hardware/local_setup.bash
[2.782s] -- Up-to-date symlink: /home/vp/robot_ws/install/ros2_control_demo_hardware/share/ros2_control_demo_hardware/local_setup.sh
[2.783s] -- Up-to-date symlink: /home/vp/robot_ws/install/ros2_control_demo_hardware/share/ros2_control_demo_hardware/local_setup.zsh
[2.783s] -- Up-to-date symlink: /home/vp/robot_ws/install/ros2_control_demo_hardware/share/ros2_control_demo_hardware/local_setup.dsv
[2.784s] -- Symlinking: /home/vp/robot_ws/install/ros2_control_demo_hardware/share/ros2_control_demo_hardware/package.dsv
[2.797s] -- Up-to-date symlink: /home/vp/robot_ws/install/ros2_control_demo_hardware/share/ament_index/resource_index/packages/ros2_control_demo_hardware
[2.797s] -- Up-to-date symlink: /home/vp/robot_ws/install/ros2_control_demo_hardware/share/ament_index/resource_index/hardware_interface__pluginlib__plugin/ros2_control_demo_hardware
[2.797s] -- Up-to-date symlink: /home/vp/robot_ws/install/ros2_control_demo_hardware/share/ros2_control_demo_hardware/cmake/ament_cmake_export_include_directories-extras.cmake
[2.798s] -- Up-to-date symlink: /home/vp/robot_ws/install/ros2_control_demo_hardware/share/ros2_control_demo_hardware/cmake/ament_cmake_export_libraries-extras.cmake
[2.798s] -- Up-to-date symlink: /home/vp/robot_ws/install/ros2_control_demo_hardware/share/ros2_control_demo_hardware/cmake/ament_cmake_export_dependencies-extras.cmake
[2.802s] -- Up-to-date symlink: /home/vp/robot_ws/install/ros2_control_demo_hardware/share/ros2_control_demo_hardware/cmake/ros2_control_demo_hardwareConfig.cmake
[2.803s] -- Up-to-date symlink: /home/vp/robot_ws/install/ros2_control_demo_hardware/share/ros2_control_demo_hardware/cmake/ros2_control_demo_hardwareConfig-version.cmake
[2.803s] -- Up-to-date symlink: /home/vp/robot_ws/install/ros2_control_demo_hardware/share/ros2_control_demo_hardware/package.xml
[2.813s] Invoked command in '/home/vp/robot_ws/build/ros2_control_demo_hardware' returned '0': CMAKE_PREFIX_PATH=${CMAKE_PREFIX_PATH}:/home/vp/robot_ws/install/ros2_control_test_nodes:/home/vp/robot_ws/install/odrive_driver:/opt/ros/foxy /usr/bin/cmake --install /home/vp/robot_ws/build/ros2_control_demo_hardware
