[0.135s] Invoking command in '/home/vp/robot_ws/build/vp_one': CMAKE_PREFIX_PATH=${CMAKE_PREFIX_PATH}:/home/vp/robot_ws/install/ros2_control_test_nodes:/home/vp/robot_ws/install/odrive_driver:/opt/ros/foxy /usr/bin/cmake /home/vp/robot_ws/src/vp_one -DAMENT_CMAKE_SYMLINK_INSTALL=1 -DCMAKE_INSTALL_PREFIX=/home/vp/robot_ws/install/vp_one
[0.231s] -- Found ament_cmake: 0.9.11 (/opt/ros/foxy/share/ament_cmake/cmake)
[0.266s] -- Using PYTHON_EXECUTABLE: /usr/bin/python3
[0.792s] -- Override CMake install command with custom implementation using symlinks instead of copying resources
[0.806s] -- Found ament_lint_auto: 0.9.7 (/opt/ros/foxy/share/ament_lint_auto/cmake)
[0.944s] -- Added test 'copyright' to check source files copyright and LICENSE
[0.949s] -- Added test 'flake8' to check Python code syntax and style conventions
[0.950s] -- Added test 'lint_cmake' to check CMake code style
[0.951s] -- Added test 'pep257' to check Python code against some of the style conventions in PEP 257
[0.954s] -- Added test 'xmllint' to check XML markup files
[0.958s] -- Configuring done
[0.965s] -- Generating done
[0.968s] -- Build files have been written to: /home/vp/robot_ws/build/vp_one
[0.978s] Invoked command in '/home/vp/robot_ws/build/vp_one' returned '0': CMAKE_PREFIX_PATH=${CMAKE_PREFIX_PATH}:/home/vp/robot_ws/install/ros2_control_test_nodes:/home/vp/robot_ws/install/odrive_driver:/opt/ros/foxy /usr/bin/cmake /home/vp/robot_ws/src/vp_one -DAMENT_CMAKE_SYMLINK_INSTALL=1 -DCMAKE_INSTALL_PREFIX=/home/vp/robot_ws/install/vp_one
[0.979s] Invoking command in '/home/vp/robot_ws/build/vp_one': CMAKE_PREFIX_PATH=${CMAKE_PREFIX_PATH}:/home/vp/robot_ws/install/ros2_control_test_nodes:/home/vp/robot_ws/install/odrive_driver:/opt/ros/foxy /usr/bin/cmake --build /home/vp/robot_ws/build/vp_one -- -j8 -l8
[1.215s] Invoked command in '/home/vp/robot_ws/build/vp_one' returned '0': CMAKE_PREFIX_PATH=${CMAKE_PREFIX_PATH}:/home/vp/robot_ws/install/ros2_control_test_nodes:/home/vp/robot_ws/install/odrive_driver:/opt/ros/foxy /usr/bin/cmake --build /home/vp/robot_ws/build/vp_one -- -j8 -l8
[1.342s] Invoking command in '/home/vp/robot_ws/build/vp_one': CMAKE_PREFIX_PATH=${CMAKE_PREFIX_PATH}:/home/vp/robot_ws/install/ros2_control_test_nodes:/home/vp/robot_ws/install/odrive_driver:/opt/ros/foxy /usr/bin/cmake --install /home/vp/robot_ws/build/vp_one
[1.425s] -- Install configuration: ""
[1.425s] -- Execute custom install script
[1.425s] -- Up-to-date symlink: /home/vp/robot_ws/install/vp_one/share/vp_one/config/empty.yaml
[1.425s] -- Up-to-date symlink: /home/vp/robot_ws/install/vp_one/share/vp_one/config/mapper_params_online_async.yaml
[1.426s] -- Up-to-date symlink: /home/vp/robot_ws/install/vp_one/share/vp_one/config/my_controller.yaml
[1.426s] -- Up-to-date symlink: /home/vp/robot_ws/install/vp_one/share/vp_one/config/view_bot.rviz
[1.426s] -- Up-to-date symlink: /home/vp/robot_ws/install/vp_one/share/vp_one/description/gazebo_control.xacro
[1.426s] -- Up-to-date symlink: /home/vp/robot_ws/install/vp_one/share/vp_one/description/inertial_macros.xacro
[1.426s] -- Up-to-date symlink: /home/vp/robot_ws/install/vp_one/share/vp_one/description/lidar.xacro
[1.426s] -- Up-to-date symlink: /home/vp/robot_ws/install/vp_one/share/vp_one/description/robot.urdf.xacro
[1.427s] -- Up-to-date symlink: /home/vp/robot_ws/install/vp_one/share/vp_one/description/robot_core.xacro
[1.427s] -- Up-to-date symlink: /home/vp/robot_ws/install/vp_one/share/vp_one/launch/launch_robot.launch.py
[1.427s] -- Up-to-date symlink: /home/vp/robot_ws/install/vp_one/share/vp_one/launch/launch_sim.launch.py
[1.427s] -- Up-to-date symlink: /home/vp/robot_ws/install/vp_one/share/vp_one/launch/real_vp.py
[1.427s] -- Up-to-date symlink: /home/vp/robot_ws/install/vp_one/share/vp_one/launch/rsp.launch.py
[1.428s] -- Up-to-date symlink: /home/vp/robot_ws/install/vp_one/share/vp_one/worlds/empty.world
[1.428s] -- Up-to-date symlink: /home/vp/robot_ws/install/vp_one/share/ament_index/resource_index/package_run_dependencies/vp_one
[1.428s] -- Up-to-date symlink: /home/vp/robot_ws/install/vp_one/share/ament_index/resource_index/parent_prefix_path/vp_one
[1.428s] -- Up-to-date symlink: /home/vp/robot_ws/install/vp_one/share/vp_one/environment/ament_prefix_path.sh
[1.428s] -- Up-to-date symlink: /home/vp/robot_ws/install/vp_one/share/vp_one/environment/ament_prefix_path.dsv
[1.428s] -- Up-to-date symlink: /home/vp/robot_ws/install/vp_one/share/vp_one/environment/path.sh
[1.429s] -- Up-to-date symlink: /home/vp/robot_ws/install/vp_one/share/vp_one/environment/path.dsv
[1.429s] -- Up-to-date symlink: /home/vp/robot_ws/install/vp_one/share/vp_one/local_setup.bash
[1.429s] -- Up-to-date symlink: /home/vp/robot_ws/install/vp_one/share/vp_one/local_setup.sh
[1.429s] -- Up-to-date symlink: /home/vp/robot_ws/install/vp_one/share/vp_one/local_setup.zsh
[1.429s] -- Up-to-date symlink: /home/vp/robot_ws/install/vp_one/share/vp_one/local_setup.dsv
[1.429s] -- Symlinking: /home/vp/robot_ws/install/vp_one/share/vp_one/package.dsv
[1.429s] -- Up-to-date symlink: /home/vp/robot_ws/install/vp_one/share/ament_index/resource_index/packages/vp_one
[1.430s] -- Up-to-date symlink: /home/vp/robot_ws/install/vp_one/share/vp_one/cmake/vp_oneConfig.cmake
[1.430s] -- Up-to-date symlink: /home/vp/robot_ws/install/vp_one/share/vp_one/cmake/vp_oneConfig-version.cmake
[1.430s] -- Up-to-date symlink: /home/vp/robot_ws/install/vp_one/share/vp_one/package.xml
[1.447s] Invoked command in '/home/vp/robot_ws/build/vp_one' returned '0': CMAKE_PREFIX_PATH=${CMAKE_PREFIX_PATH}:/home/vp/robot_ws/install/ros2_control_test_nodes:/home/vp/robot_ws/install/odrive_driver:/opt/ros/foxy /usr/bin/cmake --install /home/vp/robot_ws/build/vp_one
