[0.095s] Invoking command in '/home/vp/robot_ws/build/ros2_control_demo_hardware': CMAKE_PREFIX_PATH=${CMAKE_PREFIX_PATH}:/home/vp/odrive_ws/install/ros2_control_test_nodes:/home/vp/robot_ws/install/odrive_driver:/opt/ros/foxy /usr/bin/cmake /home/vp/robot_ws/src/ros2_control_demos/ros2_control_demo_hardware -DCMAKE_INSTALL_PREFIX=/home/vp/robot_ws/install/ros2_control_demo_hardware
[0.882s] -- The C compiler identification is GNU 9.4.0
[0.882s] -- The CXX compiler identification is GNU 9.4.0
[0.882s] -- Check for working C compiler: /usr/bin/cc
[0.882s] -- Check for working C compiler: /usr/bin/cc -- works
[0.883s] -- Detecting C compiler ABI info
[0.883s] -- Detecting C compiler ABI info - done
[0.883s] -- Detecting C compile features
[0.883s] -- Detecting C compile features - done
[0.883s] -- Check for working CXX compiler: /usr/bin/c++
[0.883s] -- Check for working CXX compiler: /usr/bin/c++ -- works
[0.884s] -- Detecting CXX compiler ABI info
[0.884s] -- Detecting CXX compiler ABI info - done
[0.884s] -- Detecting CXX compile features
[0.884s] -- Detecting CXX compile features - done
[0.884s] -- Found ament_cmake: 0.9.11 (/opt/ros/foxy/share/ament_cmake/cmake)
[0.884s] -- Found PythonInterp: /usr/bin/python3 (found suitable version "3.8.10", minimum required is "3") 
[0.884s] -- Using PYTHON_EXECUTABLE: /usr/bin/python3
[1.231s] -- Found hardware_interface: 0.11.0 (/opt/ros/foxy/share/hardware_interface/cmake)
[1.339s] -- Using all available rosidl_typesupport_c: rosidl_typesupport_fastrtps_c;rosidl_typesupport_introspection_c
[1.350s] -- Found rosidl_adapter: 1.3.0 (/opt/ros/foxy/share/rosidl_adapter/cmake)
[1.525s] -- Found OpenSSL: /usr/lib/x86_64-linux-gnu/libcrypto.so (found version "1.1.1f")  
[1.578s] -- Found FastRTPS: /opt/ros/foxy/include  
[1.751s] -- Using all available rosidl_typesupport_cpp: rosidl_typesupport_fastrtps_cpp;rosidl_typesupport_introspection_cpp
[2.478s] -- Found rclcpp: 2.4.2 (/opt/ros/foxy/share/rclcpp/cmake)
[2.541s] -- Found rmw_implementation_cmake: 1.0.3 (/opt/ros/foxy/share/rmw_implementation_cmake/cmake)
[2.543s] -- Using RMW implementation 'rmw_fastrtps_cpp' as default
[2.544s] -- Looking for pthread.h
[2.623s] -- Looking for pthread.h - found
[2.623s] -- Performing Test CMAKE_HAVE_LIBC_PTHREAD
[2.704s] -- Performing Test CMAKE_HAVE_LIBC_PTHREAD - Failed
[2.705s] -- Looking for pthread_create in pthreads
[2.765s] -- Looking for pthread_create in pthreads - not found
[2.765s] -- Looking for pthread_create in pthread
[2.840s] -- Looking for pthread_create in pthread - found
[2.841s] -- Found Threads: TRUE  
[3.009s] -- Found ament_cmake_gtest: 0.9.11 (/opt/ros/foxy/share/ament_cmake_gtest/cmake)
[3.080s] -- Configuring done
[3.102s] -- Generating done
[3.105s] -- Build files have been written to: /home/vp/robot_ws/build/ros2_control_demo_hardware
[3.115s] Invoked command in '/home/vp/robot_ws/build/ros2_control_demo_hardware' returned '0': CMAKE_PREFIX_PATH=${CMAKE_PREFIX_PATH}:/home/vp/odrive_ws/install/ros2_control_test_nodes:/home/vp/robot_ws/install/odrive_driver:/opt/ros/foxy /usr/bin/cmake /home/vp/robot_ws/src/ros2_control_demos/ros2_control_demo_hardware -DCMAKE_INSTALL_PREFIX=/home/vp/robot_ws/install/ros2_control_demo_hardware
[3.117s] Invoking command in '/home/vp/robot_ws/build/ros2_control_demo_hardware': CMAKE_PREFIX_PATH=${CMAKE_PREFIX_PATH}:/home/vp/odrive_ws/install/ros2_control_test_nodes:/home/vp/robot_ws/install/odrive_driver:/opt/ros/foxy /usr/bin/cmake --build /home/vp/robot_ws/build/ros2_control_demo_hardware -- -j8 -l8
[3.157s] [35m[1mScanning dependencies of target ros2_control_demo_hardware[0m
[3.228s] [ 20%] [32mBuilding CXX object CMakeFiles/ros2_control_demo_hardware.dir/src/rrbot_system_position_only.cpp.o[0m
[3.231s] [ 60%] [32mBuilding CXX object CMakeFiles/ros2_control_demo_hardware.dir/src/rrbot_system_with_sensor.cpp.o[0m
[3.231s] [ 60%] [32mBuilding CXX object CMakeFiles/ros2_control_demo_hardware.dir/src/diffbot_system.cpp.o[0m
[3.232s] [ 80%] [32mBuilding CXX object CMakeFiles/ros2_control_demo_hardware.dir/src/rrbot_system_multi_interface.cpp.o[0m
[7.188s] [100%] [32m[1mLinking CXX shared library libros2_control_demo_hardware.so[0m
[7.404s] [100%] Built target ros2_control_demo_hardware
[7.416s] Invoked command in '/home/vp/robot_ws/build/ros2_control_demo_hardware' returned '0': CMAKE_PREFIX_PATH=${CMAKE_PREFIX_PATH}:/home/vp/odrive_ws/install/ros2_control_test_nodes:/home/vp/robot_ws/install/odrive_driver:/opt/ros/foxy /usr/bin/cmake --build /home/vp/robot_ws/build/ros2_control_demo_hardware -- -j8 -l8
[7.444s] Invoking command in '/home/vp/robot_ws/build/ros2_control_demo_hardware': CMAKE_PREFIX_PATH=${CMAKE_PREFIX_PATH}:/home/vp/odrive_ws/install/ros2_control_test_nodes:/home/vp/robot_ws/install/odrive_driver:/opt/ros/foxy /usr/bin/cmake --install /home/vp/robot_ws/build/ros2_control_demo_hardware
[7.455s] -- Install configuration: ""
[7.455s] -- Installing: /home/vp/robot_ws/install/ros2_control_demo_hardware/share/ros2_control_demo_hardware/ros2_control_demo_hardware.xml
[7.455s] -- Installing: /home/vp/robot_ws/install/ros2_control_demo_hardware/lib/libros2_control_demo_hardware.so
[7.457s] -- Set runtime path of "/home/vp/robot_ws/install/ros2_control_demo_hardware/lib/libros2_control_demo_hardware.so" to ""
[7.457s] -- Installing: /home/vp/robot_ws/install/ros2_control_demo_hardware/include
[7.458s] -- Installing: /home/vp/robot_ws/install/ros2_control_demo_hardware/include/ros2_control_demo_hardware
[7.458s] -- Installing: /home/vp/robot_ws/install/ros2_control_demo_hardware/include/ros2_control_demo_hardware/rrbot_system_multi_interface.hpp
[7.458s] -- Installing: /home/vp/robot_ws/install/ros2_control_demo_hardware/include/ros2_control_demo_hardware/diffbot_system.hpp
[7.458s] -- Installing: /home/vp/robot_ws/install/ros2_control_demo_hardware/include/ros2_control_demo_hardware/rrbot_system_with_sensor.hpp
[7.458s] -- Installing: /home/vp/robot_ws/install/ros2_control_demo_hardware/include/ros2_control_demo_hardware/visibility_control.h
[7.459s] -- Installing: /home/vp/robot_ws/install/ros2_control_demo_hardware/include/ros2_control_demo_hardware/rrbot_system_position_only.hpp
[7.459s] -- Installing: /home/vp/robot_ws/install/ros2_control_demo_hardware/share/ros2_control_demo_hardware/environment/library_path.sh
[7.459s] -- Installing: /home/vp/robot_ws/install/ros2_control_demo_hardware/share/ros2_control_demo_hardware/environment/library_path.dsv
[7.459s] -- Installing: /home/vp/robot_ws/install/ros2_control_demo_hardware/share/ament_index/resource_index/package_run_dependencies/ros2_control_demo_hardware
[7.459s] -- Installing: /home/vp/robot_ws/install/ros2_control_demo_hardware/share/ament_index/resource_index/parent_prefix_path/ros2_control_demo_hardware
[7.459s] -- Installing: /home/vp/robot_ws/install/ros2_control_demo_hardware/share/ros2_control_demo_hardware/environment/ament_prefix_path.sh
[7.459s] -- Installing: /home/vp/robot_ws/install/ros2_control_demo_hardware/share/ros2_control_demo_hardware/environment/ament_prefix_path.dsv
[7.460s] -- Installing: /home/vp/robot_ws/install/ros2_control_demo_hardware/share/ros2_control_demo_hardware/environment/path.sh
[7.460s] -- Installing: /home/vp/robot_ws/install/ros2_control_demo_hardware/share/ros2_control_demo_hardware/environment/path.dsv
[7.460s] -- Installing: /home/vp/robot_ws/install/ros2_control_demo_hardware/share/ros2_control_demo_hardware/local_setup.bash
[7.460s] -- Installing: /home/vp/robot_ws/install/ros2_control_demo_hardware/share/ros2_control_demo_hardware/local_setup.sh
[7.460s] -- Installing: /home/vp/robot_ws/install/ros2_control_demo_hardware/share/ros2_control_demo_hardware/local_setup.zsh
[7.460s] -- Installing: /home/vp/robot_ws/install/ros2_control_demo_hardware/share/ros2_control_demo_hardware/local_setup.dsv
[7.461s] -- Installing: /home/vp/robot_ws/install/ros2_control_demo_hardware/share/ros2_control_demo_hardware/package.dsv
[7.461s] -- Installing: /home/vp/robot_ws/install/ros2_control_demo_hardware/share/ament_index/resource_index/packages/ros2_control_demo_hardware
[7.461s] -- Installing: /home/vp/robot_ws/install/ros2_control_demo_hardware/share/ament_index/resource_index/hardware_interface__pluginlib__plugin/ros2_control_demo_hardware
[7.461s] -- Installing: /home/vp/robot_ws/install/ros2_control_demo_hardware/share/ros2_control_demo_hardware/cmake/ament_cmake_export_include_directories-extras.cmake
[7.461s] -- Installing: /home/vp/robot_ws/install/ros2_control_demo_hardware/share/ros2_control_demo_hardware/cmake/ament_cmake_export_libraries-extras.cmake
[7.462s] -- Installing: /home/vp/robot_ws/install/ros2_control_demo_hardware/share/ros2_control_demo_hardware/cmake/ament_cmake_export_dependencies-extras.cmake
[7.462s] -- Installing: /home/vp/robot_ws/install/ros2_control_demo_hardware/share/ros2_control_demo_hardware/cmake/ros2_control_demo_hardwareConfig.cmake
[7.462s] -- Installing: /home/vp/robot_ws/install/ros2_control_demo_hardware/share/ros2_control_demo_hardware/cmake/ros2_control_demo_hardwareConfig-version.cmake
[7.462s] -- Installing: /home/vp/robot_ws/install/ros2_control_demo_hardware/share/ros2_control_demo_hardware/package.xml
[7.467s] Invoked command in '/home/vp/robot_ws/build/ros2_control_demo_hardware' returned '0': CMAKE_PREFIX_PATH=${CMAKE_PREFIX_PATH}:/home/vp/odrive_ws/install/ros2_control_test_nodes:/home/vp/robot_ws/install/odrive_driver:/opt/ros/foxy /usr/bin/cmake --install /home/vp/robot_ws/build/ros2_control_demo_hardware
