[0.385s] Invoking command in '/home/vp/robot_ws/build/vp_one': CMAKE_PREFIX_PATH=/opt/ros/foxy /usr/bin/cmake /home/vp/robot_ws/src/vp_one -DAMENT_CMAKE_SYMLINK_INSTALL=1 -DCMAKE_INSTALL_PREFIX=/home/vp/robot_ws/install/vp_one
[0.491s] -- The C compiler identification is GNU 9.4.0
[0.596s] -- The CXX compiler identification is GNU 9.4.0
[0.605s] -- Check for working C compiler: /usr/bin/cc
[0.678s] -- Check for working C compiler: /usr/bin/cc -- works
[0.679s] -- Detecting C compiler ABI info
[0.749s] -- Detecting C compiler ABI info - done
[0.770s] -- Detecting C compile features
[0.771s] -- Detecting C compile features - done
[0.775s] -- Check for working CXX compiler: /usr/bin/c++
[0.862s] -- Check for working CXX compiler: /usr/bin/c++ -- works
[0.863s] -- Detecting CXX compiler ABI info
[0.943s] -- Detecting CXX compiler ABI info - done
[0.956s] -- Detecting CXX compile features
[0.957s] -- Detecting CXX compile features - done
[0.961s] -- Found ament_cmake: 0.9.11 (/opt/ros/foxy/share/ament_cmake/cmake)
[0.989s] -- Found PythonInterp: /usr/bin/python3 (found suitable version "3.8.10", minimum required is "3") 
[0.989s] -- Using PYTHON_EXECUTABLE: /usr/bin/python3
[1.182s] -- Override CMake install command with custom implementation using symlinks instead of copying resources
[1.212s] -- Found ament_lint_auto: 0.9.7 (/opt/ros/foxy/share/ament_lint_auto/cmake)
[1.298s] -- Added test 'copyright' to check source files copyright and LICENSE
[1.301s] -- Added test 'flake8' to check Python code syntax and style conventions
[1.302s] -- Added test 'lint_cmake' to check CMake code style
[1.303s] -- Added test 'pep257' to check Python code against some of the style conventions in PEP 257
[1.304s] -- Added test 'xmllint' to check XML markup files
[1.307s] -- Configuring done
[1.309s] -- Generating done
[1.310s] -- Build files have been written to: /home/vp/robot_ws/build/vp_one
[1.314s] Invoked command in '/home/vp/robot_ws/build/vp_one' returned '0': CMAKE_PREFIX_PATH=/opt/ros/foxy /usr/bin/cmake /home/vp/robot_ws/src/vp_one -DAMENT_CMAKE_SYMLINK_INSTALL=1 -DCMAKE_INSTALL_PREFIX=/home/vp/robot_ws/install/vp_one
[1.318s] Invoking command in '/home/vp/robot_ws/build/vp_one': CMAKE_PREFIX_PATH=/opt/ros/foxy /usr/bin/cmake --build /home/vp/robot_ws/build/vp_one -- -j8 -l8
[1.362s] Invoked command in '/home/vp/robot_ws/build/vp_one' returned '0': CMAKE_PREFIX_PATH=/opt/ros/foxy /usr/bin/cmake --build /home/vp/robot_ws/build/vp_one -- -j8 -l8
[1.403s] Invoking command in '/home/vp/robot_ws/build/vp_one': CMAKE_PREFIX_PATH=/opt/ros/foxy /usr/bin/cmake --install /home/vp/robot_ws/build/vp_one
[1.414s] -- Install configuration: ""
[1.415s] -- Execute custom install script
[1.415s] -- Symlinking: /home/vp/robot_ws/install/vp_one/share/vp_one/config/empty.yaml
[1.422s] -- Symlinking: /home/vp/robot_ws/install/vp_one/share/vp_one/config/my_controllers.yaml
[1.432s] -- Symlinking: /home/vp/robot_ws/install/vp_one/share/vp_one/config/view_bot.rviz
[1.441s] -- Symlinking: /home/vp/robot_ws/install/vp_one/share/vp_one/description/gazebo_control.xacro
[1.451s] -- Symlinking: /home/vp/robot_ws/install/vp_one/share/vp_one/description/inertial_macros.xacro
[1.460s] -- Symlinking: /home/vp/robot_ws/install/vp_one/share/vp_one/description/lidar.xacro
[1.469s] -- Symlinking: /home/vp/robot_ws/install/vp_one/share/vp_one/description/robot.urdf.xacro
[1.478s] -- Symlinking: /home/vp/robot_ws/install/vp_one/share/vp_one/description/robot_core.xacro
[1.486s] -- Symlinking: /home/vp/robot_ws/install/vp_one/share/vp_one/description/ros2_control.xacro
[1.494s] -- Symlinking: /home/vp/robot_ws/install/vp_one/share/vp_one/launch/launch_robot.launch.py
[1.502s] -- Symlinking: /home/vp/robot_ws/install/vp_one/share/vp_one/launch/launch_sim.launch.py
[1.510s] -- Symlinking: /home/vp/robot_ws/install/vp_one/share/vp_one/launch/rsp.launch.py
[1.518s] -- Symlinking: /home/vp/robot_ws/install/vp_one/share/vp_one/worlds/empty.world
[1.526s] -- Symlinking: /home/vp/robot_ws/install/vp_one/share/ament_index/resource_index/package_run_dependencies/vp_one
[1.534s] -- Symlinking: /home/vp/robot_ws/install/vp_one/share/ament_index/resource_index/parent_prefix_path/vp_one
[1.543s] -- Symlinking: /home/vp/robot_ws/install/vp_one/share/vp_one/environment/ament_prefix_path.sh
[1.551s] -- Symlinking: /home/vp/robot_ws/install/vp_one/share/vp_one/environment/ament_prefix_path.dsv
[1.559s] -- Symlinking: /home/vp/robot_ws/install/vp_one/share/vp_one/environment/path.sh
[1.567s] -- Symlinking: /home/vp/robot_ws/install/vp_one/share/vp_one/environment/path.dsv
[1.575s] -- Symlinking: /home/vp/robot_ws/install/vp_one/share/vp_one/local_setup.bash
[1.584s] -- Symlinking: /home/vp/robot_ws/install/vp_one/share/vp_one/local_setup.sh
[1.592s] -- Symlinking: /home/vp/robot_ws/install/vp_one/share/vp_one/local_setup.zsh
[1.601s] -- Symlinking: /home/vp/robot_ws/install/vp_one/share/vp_one/local_setup.dsv
[1.609s] -- Symlinking: /home/vp/robot_ws/install/vp_one/share/vp_one/package.dsv
[1.617s] -- Symlinking: /home/vp/robot_ws/install/vp_one/share/ament_index/resource_index/packages/vp_one
[1.626s] -- Symlinking: /home/vp/robot_ws/install/vp_one/share/vp_one/cmake/vp_oneConfig.cmake
[1.634s] -- Symlinking: /home/vp/robot_ws/install/vp_one/share/vp_one/cmake/vp_oneConfig-version.cmake
[1.642s] -- Symlinking: /home/vp/robot_ws/install/vp_one/share/vp_one/package.xml
[1.654s] Invoked command in '/home/vp/robot_ws/build/vp_one' returned '0': CMAKE_PREFIX_PATH=/opt/ros/foxy /usr/bin/cmake --install /home/vp/robot_ws/build/vp_one
