[0.195s] Invoking command in '/home/vp/robot_ws/build/diffbot_description': CMAKE_PREFIX_PATH=${CMAKE_PREFIX_PATH}:/home/vp/robot_ws/install/ros2_control_test_nodes:/home/vp/robot_ws/install/odrive_driver:/opt/ros/foxy /usr/bin/cmake --build /home/vp/robot_ws/build/diffbot_description -- -j8 -l8
[0.927s] Invoked command in '/home/vp/robot_ws/build/diffbot_description' returned '0': CMAKE_PREFIX_PATH=${CMAKE_PREFIX_PATH}:/home/vp/robot_ws/install/ros2_control_test_nodes:/home/vp/robot_ws/install/odrive_driver:/opt/ros/foxy /usr/bin/cmake --build /home/vp/robot_ws/build/diffbot_description -- -j8 -l8
[0.999s] Invoking command in '/home/vp/robot_ws/build/diffbot_description': CMAKE_PREFIX_PATH=${CMAKE_PREFIX_PATH}:/home/vp/robot_ws/install/ros2_control_test_nodes:/home/vp/robot_ws/install/odrive_driver:/opt/ros/foxy /usr/bin/cmake --install /home/vp/robot_ws/build/diffbot_description
[1.017s] -- Install configuration: ""
[1.019s] -- Execute custom install script
[1.019s] -- Up-to-date symlink: /home/vp/robot_ws/install/diffbot_description/share/diffbot_description/config/diffbot.rviz
[1.020s] -- Up-to-date symlink: /home/vp/robot_ws/install/diffbot_description/share/diffbot_description/gazebo/diffbot.gazebo.xacro
[1.024s] -- Up-to-date symlink: /home/vp/robot_ws/install/diffbot_description/share/diffbot_description/gazebo/diffbot.materials.xacro
[1.027s] -- Up-to-date symlink: /home/vp/robot_ws/install/diffbot_description/share/diffbot_description/ros2_control/diffbot_system.ros2_control.xacro
[1.028s] -- Up-to-date symlink: /home/vp/robot_ws/install/diffbot_description/share/diffbot_description/urdf/diffbot.urdf.xacro
[1.028s] -- Up-to-date symlink: /home/vp/robot_ws/install/diffbot_description/share/diffbot_description/urdf/diffbot_system.urdf.xacro
[1.028s] -- Up-to-date symlink: /home/vp/robot_ws/install/diffbot_description/share/ament_index/resource_index/package_run_dependencies/diffbot_description
[1.028s] -- Up-to-date symlink: /home/vp/robot_ws/install/diffbot_description/share/ament_index/resource_index/parent_prefix_path/diffbot_description
[1.029s] -- Up-to-date symlink: /home/vp/robot_ws/install/diffbot_description/share/diffbot_description/environment/ament_prefix_path.sh
[1.029s] -- Up-to-date symlink: /home/vp/robot_ws/install/diffbot_description/share/diffbot_description/environment/ament_prefix_path.dsv
[1.029s] -- Up-to-date symlink: /home/vp/robot_ws/install/diffbot_description/share/diffbot_description/environment/path.sh
[1.030s] -- Up-to-date symlink: /home/vp/robot_ws/install/diffbot_description/share/diffbot_description/environment/path.dsv
[1.030s] -- Up-to-date symlink: /home/vp/robot_ws/install/diffbot_description/share/diffbot_description/local_setup.bash
[1.030s] -- Up-to-date symlink: /home/vp/robot_ws/install/diffbot_description/share/diffbot_description/local_setup.sh
[1.030s] -- Up-to-date symlink: /home/vp/robot_ws/install/diffbot_description/share/diffbot_description/local_setup.zsh
[1.031s] -- Up-to-date symlink: /home/vp/robot_ws/install/diffbot_description/share/diffbot_description/local_setup.dsv
[1.033s] -- Symlinking: /home/vp/robot_ws/install/diffbot_description/share/diffbot_description/package.dsv
[1.041s] -- Up-to-date symlink: /home/vp/robot_ws/install/diffbot_description/share/ament_index/resource_index/packages/diffbot_description
[1.042s] -- Up-to-date symlink: /home/vp/robot_ws/install/diffbot_description/share/diffbot_description/cmake/diffbot_descriptionConfig.cmake
[1.042s] -- Up-to-date symlink: /home/vp/robot_ws/install/diffbot_description/share/diffbot_description/cmake/diffbot_descriptionConfig-version.cmake
[1.042s] -- Up-to-date symlink: /home/vp/robot_ws/install/diffbot_description/share/diffbot_description/package.xml
[1.094s] Invoked command in '/home/vp/robot_ws/build/diffbot_description' returned '0': CMAKE_PREFIX_PATH=${CMAKE_PREFIX_PATH}:/home/vp/robot_ws/install/ros2_control_test_nodes:/home/vp/robot_ws/install/odrive_driver:/opt/ros/foxy /usr/bin/cmake --install /home/vp/robot_ws/build/diffbot_description
