[0.098s] Invoking command in '/home/vp/robot_ws/build/micro_ros_setup': CMAKE_PREFIX_PATH=${CMAKE_PREFIX_PATH}:/home/vp/robot_ws/install/two_wheel_demo:/home/vp/robot_ws/install/odrive_driver:/home/vp/robot_ws/install/odom:/opt/ros/foxy /usr/bin/cmake --build /home/vp/robot_ws/build/micro_ros_setup -- -j8 -l8
[0.867s] Invoked command in '/home/vp/robot_ws/build/micro_ros_setup' returned '0': CMAKE_PREFIX_PATH=${CMAKE_PREFIX_PATH}:/home/vp/robot_ws/install/two_wheel_demo:/home/vp/robot_ws/install/odrive_driver:/home/vp/robot_ws/install/odom:/opt/ros/foxy /usr/bin/cmake --build /home/vp/robot_ws/build/micro_ros_setup -- -j8 -l8
[0.937s] Invoking command in '/home/vp/robot_ws/build/micro_ros_setup': CMAKE_PREFIX_PATH=${CMAKE_PREFIX_PATH}:/home/vp/robot_ws/install/two_wheel_demo:/home/vp/robot_ws/install/odrive_driver:/home/vp/robot_ws/install/odom:/opt/ros/foxy /usr/bin/cmake --install /home/vp/robot_ws/build/micro_ros_setup
[0.958s] -- Install configuration: ""
[0.959s] -- Execute custom install script
[0.959s] -- Up-to-date symlink: /home/vp/robot_ws/install/micro_ros_setup/share/ament_index/resource_index/package_run_dependencies/micro_ros_setup
[0.960s] -- Up-to-date symlink: /home/vp/robot_ws/install/micro_ros_setup/share/ament_index/resource_index/parent_prefix_path/micro_ros_setup
[0.961s] -- Up-to-date symlink: /home/vp/robot_ws/install/micro_ros_setup/share/micro_ros_setup/environment/ament_prefix_path.sh
[0.962s] -- Up-to-date symlink: /home/vp/robot_ws/install/micro_ros_setup/share/micro_ros_setup/environment/ament_prefix_path.dsv
[0.964s] -- Up-to-date symlink: /home/vp/robot_ws/install/micro_ros_setup/share/micro_ros_setup/environment/path.sh
[0.965s] -- Up-to-date symlink: /home/vp/robot_ws/install/micro_ros_setup/share/micro_ros_setup/environment/path.dsv
[0.966s] -- Up-to-date symlink: /home/vp/robot_ws/install/micro_ros_setup/share/micro_ros_setup/local_setup.bash
[0.966s] -- Up-to-date symlink: /home/vp/robot_ws/install/micro_ros_setup/share/micro_ros_setup/local_setup.sh
[0.966s] -- Up-to-date symlink: /home/vp/robot_ws/install/micro_ros_setup/share/micro_ros_setup/local_setup.zsh
[0.967s] -- Up-to-date symlink: /home/vp/robot_ws/install/micro_ros_setup/share/micro_ros_setup/local_setup.dsv
[0.967s] -- Symlinking: /home/vp/robot_ws/install/micro_ros_setup/share/micro_ros_setup/package.dsv
[0.985s] -- Up-to-date symlink: /home/vp/robot_ws/install/micro_ros_setup/share/ament_index/resource_index/packages/micro_ros_setup
[0.987s] -- Up-to-date symlink: /home/vp/robot_ws/install/micro_ros_setup/share/micro_ros_setup/cmake/micro_ros_setupConfig.cmake
[0.988s] -- Up-to-date symlink: /home/vp/robot_ws/install/micro_ros_setup/share/micro_ros_setup/cmake/micro_ros_setupConfig-version.cmake
[0.993s] -- Up-to-date symlink: /home/vp/robot_ws/install/micro_ros_setup/share/micro_ros_setup/package.xml
[0.993s] -- Up-to-date symlink: /home/vp/robot_ws/install/micro_ros_setup/lib/micro_ros_setup/create_ws.sh
[0.993s] -- Up-to-date symlink: /home/vp/robot_ws/install/micro_ros_setup/lib/micro_ros_setup/create_agent_ws.sh
[0.994s] -- Up-to-date symlink: /home/vp/robot_ws/install/micro_ros_setup/lib/micro_ros_setup/create_firmware_ws.sh
[0.994s] -- Up-to-date symlink: /home/vp/robot_ws/install/micro_ros_setup/lib/micro_ros_setup/configure_firmware.sh
[0.994s] -- Up-to-date symlink: /home/vp/robot_ws/install/micro_ros_setup/lib/micro_ros_setup/flash_firmware.sh
[0.994s] -- Up-to-date symlink: /home/vp/robot_ws/install/micro_ros_setup/lib/micro_ros_setup/reset_firmware.sh
[0.994s] -- Up-to-date symlink: /home/vp/robot_ws/install/micro_ros_setup/lib/micro_ros_setup/build_firmware.sh
[0.995s] -- Up-to-date symlink: /home/vp/robot_ws/install/micro_ros_setup/lib/micro_ros_setup/build_agent.sh
[0.995s] -- Up-to-date symlink: /home/vp/robot_ws/install/micro_ros_setup/lib/micro_ros_setup/yaml_filter.py
[0.995s] -- Up-to-date symlink: /home/vp/robot_ws/install/micro_ros_setup/lib/micro_ros_setup/clean_env.sh
[0.995s] -- Up-to-date: /home/vp/robot_ws/install/micro_ros_setup/./config
[0.996s] -- Up-to-date: /home/vp/robot_ws/install/micro_ros_setup/./config/nuttx
[0.996s] -- Up-to-date: /home/vp/robot_ws/install/micro_ros_setup/./config/nuttx/generic
[0.996s] -- Up-to-date: /home/vp/robot_ws/install/micro_ros_setup/./config/nuttx/generic/uros_packages.repos
[0.997s] -- Up-to-date: /home/vp/robot_ws/install/micro_ros_setup/./config/nuttx/generic/client-colcon.meta
[0.997s] -- Up-to-date: /home/vp/robot_ws/install/micro_ros_setup/./config/nuttx/generic/reset.sh
[0.997s] -- Up-to-date: /home/vp/robot_ws/install/micro_ros_setup/./config/nuttx/generic/client_uros_packages.repos
[0.997s] -- Up-to-date: /home/vp/robot_ws/install/micro_ros_setup/./config/nuttx/generic/supported_platforms
[0.997s] -- Up-to-date: /home/vp/robot_ws/install/micro_ros_setup/./config/nuttx/generic/flash.sh
[0.998s] -- Up-to-date: /home/vp/robot_ws/install/micro_ros_setup/./config/nuttx/generic/configure.sh
[0.998s] -- Up-to-date: /home/vp/robot_ws/install/micro_ros_setup/./config/nuttx/generic/package.xml
[0.998s] -- Up-to-date: /home/vp/robot_ws/install/micro_ros_setup/./config/nuttx/generic/create.sh
[0.998s] -- Up-to-date: /home/vp/robot_ws/install/micro_ros_setup/./config/nuttx/generic/build.sh
[0.998s] -- Up-to-date: /home/vp/robot_ws/install/micro_ros_setup/./config/nuttx/dev_ros2_packages.txt
[0.999s] -- Up-to-date: /home/vp/robot_ws/install/micro_ros_setup/./config/nuttx/dev_uros_packages.repos
[0.999s] -- Up-to-date: /home/vp/robot_ws/install/micro_ros_setup/./config/raspbian
[0.999s] -- Up-to-date: /home/vp/robot_ws/install/micro_ros_setup/./config/raspbian/generic
[0.999s] -- Up-to-date: /home/vp/robot_ws/install/micro_ros_setup/./config/raspbian/generic/client-colcon.meta
[1.003s] -- Up-to-date: /home/vp/robot_ws/install/micro_ros_setup/./config/raspbian/generic/client_uros_packages.repos
[1.009s] -- Up-to-date: /home/vp/robot_ws/install/micro_ros_setup/./config/raspbian/generic/supported_platforms
[1.010s] -- Up-to-date: /home/vp/robot_ws/install/micro_ros_setup/./config/raspbian/generic/flash.sh
[1.010s] -- Up-to-date: /home/vp/robot_ws/install/micro_ros_setup/./config/raspbian/generic/configure.sh
[1.010s] -- Up-to-date: /home/vp/robot_ws/install/micro_ros_setup/./config/raspbian/generic/create.sh
[1.011s] -- Up-to-date: /home/vp/robot_ws/install/micro_ros_setup/./config/raspbian/generic/build.sh
[1.011s] -- Up-to-date: /home/vp/robot_ws/install/micro_ros_setup/./config/raspbian/dev_ros2_packages.txt
[1.011s] -- Up-to-date: /home/vp/robot_ws/install/micro_ros_setup/./config/raspbian/dev_uros_packages.repos
[1.011s] -- Up-to-date: /home/vp/robot_ws/install/micro_ros_setup/./config/freertos
[1.011s] -- Up-to-date: /home/vp/robot_ws/install/micro_ros_setup/./config/freertos/crazyflie21
[1.012s] -- Up-to-date: /home/vp/robot_ws/install/micro_ros_setup/./config/freertos/crazyflie21/client-colcon.meta
[1.012s] -- Up-to-date: /home/vp/robot_ws/install/micro_ros_setup/./config/freertos/crazyflie21/board.repos
[1.012s] -- Up-to-date: /home/vp/robot_ws/install/micro_ros_setup/./config/freertos/crazyflie21/client_uros_packages.repos
[1.012s] -- Up-to-date: /home/vp/robot_ws/install/micro_ros_setup/./config/freertos/crazyflie21/flash.sh
[1.012s] -- Up-to-date: /home/vp/robot_ws/install/micro_ros_setup/./config/freertos/crazyflie21/configure.sh
[1.013s] -- Up-to-date: /home/vp/robot_ws/install/micro_ros_setup/./config/freertos/crazyflie21/package.xml
[1.013s] -- Up-to-date: /home/vp/robot_ws/install/micro_ros_setup/./config/freertos/crazyflie21/create.sh
[1.013s] -- Up-to-date: /home/vp/robot_ws/install/micro_ros_setup/./config/freertos/crazyflie21/build.sh
[1.013s] -- Up-to-date: /home/vp/robot_ws/install/micro_ros_setup/./config/freertos/list_apps.sh
[1.013s] -- Up-to-date: /home/vp/robot_ws/install/micro_ros_setup/./config/freertos/nucleo_f746zg
[1.013s] -- Up-to-date: /home/vp/robot_ws/install/micro_ros_setup/./config/freertos/nucleo_f746zg/client-colcon.meta
[1.014s] -- Up-to-date: /home/vp/robot_ws/install/micro_ros_setup/./config/freertos/nucleo_f746zg/board.repos
[1.014s] -- Up-to-date: /home/vp/robot_ws/install/micro_ros_setup/./config/freertos/nucleo_f746zg/reset.sh
[1.014s] -- Up-to-date: /home/vp/robot_ws/install/micro_ros_setup/./config/freertos/nucleo_f746zg/client_uros_packages.repos
[1.014s] -- Up-to-date: /home/vp/robot_ws/install/micro_ros_setup/./config/freertos/nucleo_f746zg/flash.sh
[1.014s] -- Up-to-date: /home/vp/robot_ws/install/micro_ros_setup/./config/freertos/nucleo_f746zg/configure.sh
[1.015s] -- Up-to-date: /home/vp/robot_ws/install/micro_ros_setup/./config/freertos/nucleo_f746zg/package.xml
[1.015s] -- Up-to-date: /home/vp/robot_ws/install/micro_ros_setup/./config/freertos/nucleo_f746zg/create.sh
[1.015s] -- Up-to-date: /home/vp/robot_ws/install/micro_ros_setup/./config/freertos/nucleo_f746zg/build.sh
[1.025s] -- Up-to-date: /home/vp/robot_ws/install/micro_ros_setup/./config/freertos/dev_ros2_packages.txt
[1.025s] -- Up-to-date: /home/vp/robot_ws/install/micro_ros_setup/./config/freertos/olimex-stm32-e407
[1.025s] -- Up-to-date: /home/vp/robot_ws/install/micro_ros_setup/./config/freertos/olimex-stm32-e407/client-colcon.meta
[1.025s] -- Up-to-date: /home/vp/robot_ws/install/micro_ros_setup/./config/freertos/olimex-stm32-e407/board.repos
[1.026s] -- Up-to-date: /home/vp/robot_ws/install/micro_ros_setup/./config/freertos/olimex-stm32-e407/reset.sh
[1.026s] -- Up-to-date: /home/vp/robot_ws/install/micro_ros_setup/./config/freertos/olimex-stm32-e407/client_uros_packages.repos
[1.026s] -- Up-to-date: /home/vp/robot_ws/install/micro_ros_setup/./config/freertos/olimex-stm32-e407/flash.sh
[1.026s] -- Up-to-date: /home/vp/robot_ws/install/micro_ros_setup/./config/freertos/olimex-stm32-e407/configure.sh
[1.026s] -- Up-to-date: /home/vp/robot_ws/install/micro_ros_setup/./config/freertos/olimex-stm32-e407/package.xml
[1.027s] -- Up-to-date: /home/vp/robot_ws/install/micro_ros_setup/./config/freertos/olimex-stm32-e407/create.sh
[1.027s] -- Up-to-date: /home/vp/robot_ws/install/micro_ros_setup/./config/freertos/olimex-stm32-e407/build.sh
[1.027s] -- Up-to-date: /home/vp/robot_ws/install/micro_ros_setup/./config/freertos/dev_uros_packages.repos
[1.032s] -- Up-to-date: /home/vp/robot_ws/install/micro_ros_setup/./config/freertos/esp32
[1.032s] -- Up-to-date: /home/vp/robot_ws/install/micro_ros_setup/./config/freertos/esp32/client-colcon.meta
[1.032s] -- Up-to-date: /home/vp/robot_ws/install/micro_ros_setup/./config/freertos/esp32/board.repos
[1.033s] -- Up-to-date: /home/vp/robot_ws/install/micro_ros_setup/./config/freertos/esp32/client_uros_packages.repos
[1.033s] -- Up-to-date: /home/vp/robot_ws/install/micro_ros_setup/./config/freertos/esp32/flash.sh
[1.033s] -- Up-to-date: /home/vp/robot_ws/install/micro_ros_setup/./config/freertos/esp32/configure.sh
[1.033s] -- Up-to-date: /home/vp/robot_ws/install/micro_ros_setup/./config/freertos/esp32/package.xml
[1.033s] -- Up-to-date: /home/vp/robot_ws/install/micro_ros_setup/./config/freertos/esp32/create.sh
[1.034s] -- Up-to-date: /home/vp/robot_ws/install/micro_ros_setup/./config/freertos/esp32/build.sh
[1.034s] -- Up-to-date: /home/vp/robot_ws/install/micro_ros_setup/./config/freertos/esp32/README.md
[1.034s] -- Up-to-date: /home/vp/robot_ws/install/micro_ros_setup/./config/freertos/nucleo_f767zi
[1.034s] -- Up-to-date: /home/vp/robot_ws/install/micro_ros_setup/./config/freertos/nucleo_f767zi/client-colcon.meta
[1.034s] -- Up-to-date: /home/vp/robot_ws/install/micro_ros_setup/./config/freertos/nucleo_f767zi/board.repos
[1.035s] -- Up-to-date: /home/vp/robot_ws/install/micro_ros_setup/./config/freertos/nucleo_f767zi/reset.sh
[1.035s] -- Up-to-date: /home/vp/robot_ws/install/micro_ros_setup/./config/freertos/nucleo_f767zi/client_uros_packages.repos
[1.035s] -- Up-to-date: /home/vp/robot_ws/install/micro_ros_setup/./config/freertos/nucleo_f767zi/flash.sh
[1.035s] -- Up-to-date: /home/vp/robot_ws/install/micro_ros_setup/./config/freertos/nucleo_f767zi/configure.sh
[1.035s] -- Up-to-date: /home/vp/robot_ws/install/micro_ros_setup/./config/freertos/nucleo_f767zi/package.xml
[1.036s] -- Up-to-date: /home/vp/robot_ws/install/micro_ros_setup/./config/freertos/nucleo_f767zi/create.sh
[1.036s] -- Up-to-date: /home/vp/robot_ws/install/micro_ros_setup/./config/freertos/nucleo_f767zi/build.sh
[1.036s] -- Up-to-date: /home/vp/robot_ws/install/micro_ros_setup/./config/freertos/nucleo_f446re
[1.036s] -- Up-to-date: /home/vp/robot_ws/install/micro_ros_setup/./config/freertos/nucleo_f446re/client-colcon.meta
[1.036s] -- Up-to-date: /home/vp/robot_ws/install/micro_ros_setup/./config/freertos/nucleo_f446re/board.repos
[1.037s] -- Up-to-date: /home/vp/robot_ws/install/micro_ros_setup/./config/freertos/nucleo_f446re/reset.sh
[1.037s] -- Up-to-date: /home/vp/robot_ws/install/micro_ros_setup/./config/freertos/nucleo_f446re/client_uros_packages.repos
[1.037s] -- Up-to-date: /home/vp/robot_ws/install/micro_ros_setup/./config/freertos/nucleo_f446re/flash.sh
[1.037s] -- Up-to-date: /home/vp/robot_ws/install/micro_ros_setup/./config/freertos/nucleo_f446re/configure.sh
[1.037s] -- Up-to-date: /home/vp/robot_ws/install/micro_ros_setup/./config/freertos/nucleo_f446re/package.xml
[1.037s] -- Up-to-date: /home/vp/robot_ws/install/micro_ros_setup/./config/freertos/nucleo_f446re/create.sh
[1.038s] -- Up-to-date: /home/vp/robot_ws/install/micro_ros_setup/./config/freertos/nucleo_f446re/build.sh
[1.038s] -- Up-to-date: /home/vp/robot_ws/install/micro_ros_setup/./config/freertos/nucleo_f446ze
[1.038s] -- Up-to-date: /home/vp/robot_ws/install/micro_ros_setup/./config/freertos/nucleo_f446ze/client-colcon.meta
[1.038s] -- Up-to-date: /home/vp/robot_ws/install/micro_ros_setup/./config/freertos/nucleo_f446ze/board.repos
[1.038s] -- Up-to-date: /home/vp/robot_ws/install/micro_ros_setup/./config/freertos/nucleo_f446ze/reset.sh
[1.039s] -- Up-to-date: /home/vp/robot_ws/install/micro_ros_setup/./config/freertos/nucleo_f446ze/client_uros_packages.repos
[1.039s] -- Up-to-date: /home/vp/robot_ws/install/micro_ros_setup/./config/freertos/nucleo_f446ze/flash.sh
[1.039s] -- Up-to-date: /home/vp/robot_ws/install/micro_ros_setup/./config/freertos/nucleo_f446ze/configure.sh
[1.039s] -- Up-to-date: /home/vp/robot_ws/install/micro_ros_setup/./config/freertos/nucleo_f446ze/package.xml
[1.039s] -- Up-to-date: /home/vp/robot_ws/install/micro_ros_setup/./config/freertos/nucleo_f446ze/create.sh
[1.039s] -- Up-to-date: /home/vp/robot_ws/install/micro_ros_setup/./config/freertos/nucleo_f446ze/build.sh
[1.040s] -- Up-to-date: /home/vp/robot_ws/install/micro_ros_setup/./config/renesas_ra
[1.040s] -- Up-to-date: /home/vp/robot_ws/install/micro_ros_setup/./config/renesas_ra/list_apps.sh
[1.040s] -- Up-to-date: /home/vp/robot_ws/install/micro_ros_setup/./config/renesas_ra/dev_ros2_packages.txt
[1.040s] -- Up-to-date: /home/vp/robot_ws/install/micro_ros_setup/./config/renesas_ra/dev_uros_packages.repos
[1.040s] -- Up-to-date: /home/vp/robot_ws/install/micro_ros_setup/./config/renesas_ra/ra6m5
[1.041s] -- Up-to-date: /home/vp/robot_ws/install/micro_ros_setup/./config/renesas_ra/ra6m5/client-colcon.meta
[1.041s] -- Up-to-date: /home/vp/robot_ws/install/micro_ros_setup/./config/renesas_ra/ra6m5/board.repos
[1.041s] -- Up-to-date: /home/vp/robot_ws/install/micro_ros_setup/./config/renesas_ra/ra6m5/client_uros_packages.repos
[1.041s] -- Up-to-date: /home/vp/robot_ws/install/micro_ros_setup/./config/renesas_ra/ra6m5/flash.sh
[1.041s] -- Up-to-date: /home/vp/robot_ws/install/micro_ros_setup/./config/renesas_ra/ra6m5/configure.sh
[1.041s] -- Up-to-date: /home/vp/robot_ws/install/micro_ros_setup/./config/renesas_ra/ra6m5/create.sh
[1.042s] -- Up-to-date: /home/vp/robot_ws/install/micro_ros_setup/./config/renesas_ra/ra6m5/build.sh
[1.042s] -- Up-to-date: /home/vp/robot_ws/install/micro_ros_setup/./config/client_uros_packages.repos
[1.042s] -- Up-to-date: /home/vp/robot_ws/install/micro_ros_setup/./config/host
[1.042s] -- Up-to-date: /home/vp/robot_ws/install/micro_ros_setup/./config/host/generic
[1.042s] -- Up-to-date: /home/vp/robot_ws/install/micro_ros_setup/./config/host/generic/client_host_packages.repos
[1.042s] -- Up-to-date: /home/vp/robot_ws/install/micro_ros_setup/./config/host/generic/client-host-colcon.meta
[1.043s] -- Up-to-date: /home/vp/robot_ws/install/micro_ros_setup/./config/host/generic/reset.sh
[1.043s] -- Up-to-date: /home/vp/robot_ws/install/micro_ros_setup/./config/host/generic/flash.sh
[1.043s] -- Up-to-date: /home/vp/robot_ws/install/micro_ros_setup/./config/host/generic/package.xml
[1.043s] -- Up-to-date: /home/vp/robot_ws/install/micro_ros_setup/./config/host/generic/create.sh
[1.043s] -- Up-to-date: /home/vp/robot_ws/install/micro_ros_setup/./config/host/generic/build.sh
[1.044s] -- Up-to-date: /home/vp/robot_ws/install/micro_ros_setup/./config/host/dev_ros2_packages.txt
[1.044s] -- Up-to-date: /home/vp/robot_ws/install/micro_ros_setup/./config/host/dev_uros_packages.repos
[1.044s] -- Up-to-date: /home/vp/robot_ws/install/micro_ros_setup/./config/host/client_ros2_packages.txt
[1.044s] -- Up-to-date: /home/vp/robot_ws/install/micro_ros_setup/./config/zephyr
[1.044s] -- Up-to-date: /home/vp/robot_ws/install/micro_ros_setup/./config/zephyr/generic
[1.048s] -- Up-to-date: /home/vp/robot_ws/install/micro_ros_setup/./config/zephyr/generic/client-colcon.meta
[1.050s] -- Up-to-date: /home/vp/robot_ws/install/micro_ros_setup/./config/zephyr/generic/board.repos
[1.051s] -- Up-to-date: /home/vp/robot_ws/install/micro_ros_setup/./config/zephyr/generic/reset.sh
[1.052s] -- Up-to-date: /home/vp/robot_ws/install/micro_ros_setup/./config/zephyr/generic/client_uros_packages.repos
[1.053s] -- Up-to-date: /home/vp/robot_ws/install/micro_ros_setup/./config/zephyr/generic/supported_platforms
[1.053s] -- Up-to-date: /home/vp/robot_ws/install/micro_ros_setup/./config/zephyr/generic/flash.sh
[1.054s] -- Up-to-date: /home/vp/robot_ws/install/micro_ros_setup/./config/zephyr/generic/configure.sh
[1.056s] -- Up-to-date: /home/vp/robot_ws/install/micro_ros_setup/./config/zephyr/generic/package.xml
[1.057s] -- Up-to-date: /home/vp/robot_ws/install/micro_ros_setup/./config/zephyr/generic/create.sh
[1.058s] -- Up-to-date: /home/vp/robot_ws/install/micro_ros_setup/./config/zephyr/generic/build.sh
[1.058s] -- Up-to-date: /home/vp/robot_ws/install/micro_ros_setup/./config/zephyr/list_apps.sh
[1.059s] -- Up-to-date: /home/vp/robot_ws/install/micro_ros_setup/./config/zephyr/dev_ros2_packages.txt
[1.059s] -- Up-to-date: /home/vp/robot_ws/install/micro_ros_setup/./config/zephyr/dev_uros_packages.repos
[1.060s] -- Up-to-date: /home/vp/robot_ws/install/micro_ros_setup/./config/generate_lib
[1.060s] -- Up-to-date: /home/vp/robot_ws/install/micro_ros_setup/./config/generate_lib/generic
[1.060s] -- Up-to-date: /home/vp/robot_ws/install/micro_ros_setup/./config/generate_lib/generic/client-colcon.meta
[1.066s] -- Up-to-date: /home/vp/robot_ws/install/micro_ros_setup/./config/generate_lib/generic/client_uros_packages.repos
[1.067s] -- Up-to-date: /home/vp/robot_ws/install/micro_ros_setup/./config/generate_lib/generic/flash.sh
[1.067s] -- Up-to-date: /home/vp/robot_ws/install/micro_ros_setup/./config/generate_lib/generic/package.xml
[1.069s] -- Up-to-date: /home/vp/robot_ws/install/micro_ros_setup/./config/generate_lib/generic/create.sh
[1.069s] -- Up-to-date: /home/vp/robot_ws/install/micro_ros_setup/./config/generate_lib/generic/demo_toolchain.cmake
[1.072s] -- Up-to-date: /home/vp/robot_ws/install/micro_ros_setup/./config/generate_lib/generic/build.sh
[1.073s] -- Up-to-date: /home/vp/robot_ws/install/micro_ros_setup/./config/generate_lib/dev_ros2_packages.txt
[1.073s] -- Up-to-date: /home/vp/robot_ws/install/micro_ros_setup/./config/generate_lib/dev_uros_packages.repos
[1.074s] -- Up-to-date: /home/vp/robot_ws/install/micro_ros_setup/./config/agent_uros_packages.repos
[1.074s] -- Up-to-date: /home/vp/robot_ws/install/micro_ros_setup/./config/client_ros2_packages.txt
[1.074s] -- Up-to-date: /home/vp/robot_ws/install/micro_ros_setup/./config/utils.sh
[1.075s] -- Up-to-date: /home/vp/robot_ws/install/micro_ros_setup/./config/agent_ros2_packages.txt
[1.075s] Invoked command in '/home/vp/robot_ws/build/micro_ros_setup' returned '0': CMAKE_PREFIX_PATH=${CMAKE_PREFIX_PATH}:/home/vp/robot_ws/install/two_wheel_demo:/home/vp/robot_ws/install/odrive_driver:/home/vp/robot_ws/install/odom:/opt/ros/foxy /usr/bin/cmake --install /home/vp/robot_ws/build/micro_ros_setup
