[2.231s] Invoking command in '/home/vp/robot_ws/build/odrive_driver': PYTHONPATH=/home/vp/robot_ws/build/odrive_driver/prefix_override:/home/vp/robot_ws/install/odrive_driver/lib/python3.8/site-packages:${PYTHONPATH} /usr/bin/python3 setup.py develop --uninstall --editable --build-directory /home/vp/robot_ws/build/odrive_driver/build
[2.617s] running develop
[2.879s] Invoked command in '/home/vp/robot_ws/build/odrive_driver' returned '0': PYTHONPATH=/home/vp/robot_ws/build/odrive_driver/prefix_override:/home/vp/robot_ws/install/odrive_driver/lib/python3.8/site-packages:${PYTHONPATH} /usr/bin/python3 setup.py develop --uninstall --editable --build-directory /home/vp/robot_ws/build/odrive_driver/build
[2.881s] Invoking command in '/home/vp/robot_ws/src/odrive_driver': PYTHONPATH=/home/vp/robot_ws/build/odrive_driver/prefix_override:/home/vp/robot_ws/install/odrive_driver/lib/python3.8/site-packages:${PYTHONPATH} /usr/bin/python3 setup.py egg_info --egg-base ../../build/odrive_driver build --build-base /home/vp/robot_ws/build/odrive_driver/build install --record /home/vp/robot_ws/build/odrive_driver/install.log --single-version-externally-managed
[3.257s] running egg_info
[3.261s] writing ../../build/odrive_driver/odrive_driver.egg-info/PKG-INFO
[3.261s] writing dependency_links to ../../build/odrive_driver/odrive_driver.egg-info/dependency_links.txt
[3.261s] writing entry points to ../../build/odrive_driver/odrive_driver.egg-info/entry_points.txt
[3.262s] writing requirements to ../../build/odrive_driver/odrive_driver.egg-info/requires.txt
[3.262s] writing top-level names to ../../build/odrive_driver/odrive_driver.egg-info/top_level.txt
[3.325s] reading manifest file '../../build/odrive_driver/odrive_driver.egg-info/SOURCES.txt'
[3.327s] writing manifest file '../../build/odrive_driver/odrive_driver.egg-info/SOURCES.txt'
[3.327s] running build
[3.327s] running build_py
[3.327s] running install
[3.329s] running install_lib
[3.331s] running install_data
[3.331s] running install_egg_info
[3.334s] removing '/home/vp/robot_ws/install/odrive_driver/lib/python3.8/site-packages/odrive_driver-0.0.0-py3.8.egg-info' (and everything under it)
[3.335s] Copying ../../build/odrive_driver/odrive_driver.egg-info to /home/vp/robot_ws/install/odrive_driver/lib/python3.8/site-packages/odrive_driver-0.0.0-py3.8.egg-info
[3.336s] running install_scripts
[3.367s] Installing odrive_node script to /home/vp/robot_ws/install/odrive_driver/lib/odrive_driver
[3.367s] writing list of installed files to '/home/vp/robot_ws/build/odrive_driver/install.log'
[3.401s] Invoked command in '/home/vp/robot_ws/src/odrive_driver' returned '0': PYTHONPATH=/home/vp/robot_ws/build/odrive_driver/prefix_override:/home/vp/robot_ws/install/odrive_driver/lib/python3.8/site-packages:${PYTHONPATH} /usr/bin/python3 setup.py egg_info --egg-base ../../build/odrive_driver build --build-base /home/vp/robot_ws/build/odrive_driver/build install --record /home/vp/robot_ws/build/odrive_driver/install.log --single-version-externally-managed
