[01m[K/home/vp/robot_ws/src/ros2_odometry_estimation/src/node/odometry_estimation_node.cpp:[m[K In constructor ‘[01m[KOdometryEstimator::OdometryEstimator()[m[K’:
[01m[K/home/vp/robot_ws/src/ros2_odometry_estimation/src/node/odometry_estimation_node.cpp:30:79:[m[K [01;31m[Kerror: [m[Kno matching function for call to ‘[01m[KOdometryEstimator::create_publisher<tf2_ros::TransformBroadcaster>(OdometryEstimator&, int)[m[K’
   30 |   publisher_ = this->create_publisher<tf2_ros::TransformBroadcaster>(*this, 10[01;31m[K)[m[K;
      |                                                                               [01;31m[K^[m[K
In file included from [01m[K/opt/ros/foxy/include/rclcpp/node.hpp:1224[m[K,
                 from [01m[K/opt/ros/foxy/include/rclcpp/executors/single_threaded_executor.hpp:28[m[K,
                 from [01m[K/opt/ros/foxy/include/rclcpp/executors.hpp:22[m[K,
                 from [01m[K/opt/ros/foxy/include/rclcpp/rclcpp.hpp:146[m[K,
                 from [01m[K/home/vp/robot_ws/src/ros2_odometry_estimation/include/node/odometry_estimation_node.h:10[m[K,
                 from [01m[K/home/vp/robot_ws/src/ros2_odometry_estimation/src/node/odometry_estimation_node.cpp:1[m[K:
[01m[K/opt/ros/foxy/include/rclcpp/node_impl.hpp:71:1:[m[K [01;36m[Knote: [m[Kcandidate: ‘[01m[Ktemplate<class MessageT, class AllocatorT, class PublisherT> std::shared_ptr<PublisherT> rclcpp::Node::create_publisher(const string&, const rclcpp::QoS&, const rclcpp::PublisherOptionsWithAllocator<AllocatorT>&)[m[K’
   71 | [01;36m[KNode[m[K::create_publisher(
      | [01;36m[K^~~~[m[K
[01m[K/opt/ros/foxy/include/rclcpp/node_impl.hpp:71:1:[m[K [01;36m[Knote: [m[K  template argument deduction/substitution failed:
[01m[K/home/vp/robot_ws/src/ros2_odometry_estimation/src/node/odometry_estimation_node.cpp:30:70:[m[K [01;36m[Knote: [m[K  cannot convert ‘[01m[K*(OdometryEstimator*)this[m[K’ (type ‘[01m[KOdometryEstimator[m[K’) to type ‘[01m[Kconst string&[m[K’ {aka ‘[01m[Kconst std::__cxx11::basic_string<char>&[m[K’}
   30 |   publisher_ = this->create_publisher<tf2_ros::TransformBroadcaster>([01;36m[K*this[m[K, 10);
      |                                                                      [01;36m[K^~~~~[m[K
make[2]: *** [CMakeFiles/odometry_estimator.dir/build.make:63: CMakeFiles/odometry_estimator.dir/src/node/odometry_estimation_node.cpp.o] Errore 1
make[1]: *** [CMakeFiles/Makefile2:121: CMakeFiles/odometry_estimator.dir/all] Errore 2
make: *** [Makefile:141: all] Errore 2
