[0.185s] Invoking command in '/home/vp/robot_ws/build/odrive_demo_description': CMAKE_PREFIX_PATH=${CMAKE_PREFIX_PATH}:/home/vp/robot_ws/install/ros2_control_test_nodes:/home/vp/robot_ws/install/odrive_driver:/opt/ros/foxy /usr/bin/cmake /home/vp/robot_ws/src/odrive_ros2_control/odrive_demo_description -DCMAKE_INSTALL_PREFIX=/home/vp/robot_ws/install/odrive_demo_description
[0.944s] -- Found ament_cmake_auto: 0.9.11 (/opt/ros/foxy/share/ament_cmake_auto/cmake)
[0.944s] -- Using PYTHON_EXECUTABLE: /usr/bin/python3
[0.944s] -- Override CMake install command with custom implementation using symlinks instead of copying resources
[0.944s] -- Configuring done
[0.944s] -- Generating done
[0.945s] -- Build files have been written to: /home/vp/robot_ws/build/odrive_demo_description
[0.955s] Invoked command in '/home/vp/robot_ws/build/odrive_demo_description' returned '0': CMAKE_PREFIX_PATH=${CMAKE_PREFIX_PATH}:/home/vp/robot_ws/install/ros2_control_test_nodes:/home/vp/robot_ws/install/odrive_driver:/opt/ros/foxy /usr/bin/cmake /home/vp/robot_ws/src/odrive_ros2_control/odrive_demo_description -DCMAKE_INSTALL_PREFIX=/home/vp/robot_ws/install/odrive_demo_description
[0.958s] Invoking command in '/home/vp/robot_ws/build/odrive_demo_description': CMAKE_PREFIX_PATH=${CMAKE_PREFIX_PATH}:/home/vp/robot_ws/install/ros2_control_test_nodes:/home/vp/robot_ws/install/odrive_driver:/opt/ros/foxy /usr/bin/cmake --build /home/vp/robot_ws/build/odrive_demo_description -- -j8 -l8
[1.028s] Invoked command in '/home/vp/robot_ws/build/odrive_demo_description' returned '0': CMAKE_PREFIX_PATH=${CMAKE_PREFIX_PATH}:/home/vp/robot_ws/install/ros2_control_test_nodes:/home/vp/robot_ws/install/odrive_driver:/opt/ros/foxy /usr/bin/cmake --build /home/vp/robot_ws/build/odrive_demo_description -- -j8 -l8
[1.092s] Invoking command in '/home/vp/robot_ws/build/odrive_demo_description': CMAKE_PREFIX_PATH=${CMAKE_PREFIX_PATH}:/home/vp/robot_ws/install/ros2_control_test_nodes:/home/vp/robot_ws/install/odrive_driver:/opt/ros/foxy /usr/bin/cmake --install /home/vp/robot_ws/build/odrive_demo_description
[1.110s] -- Install configuration: ""
[1.111s] -- Execute custom install script
[1.113s] -- Up-to-date symlink: /home/vp/robot_ws/install/odrive_demo_description/share/odrive_demo_description/urdf/odrive.ros2_control.xacro
[1.114s] -- Up-to-date symlink: /home/vp/robot_ws/install/odrive_demo_description/share/odrive_demo_description/urdf/odrive.urdf.xacro
[1.114s] -- Up-to-date symlink: /home/vp/robot_ws/install/odrive_demo_description/share/odrive_demo_description/urdf/odrive_diffbot.urdf.xacro
[1.115s] -- Up-to-date symlink: /home/vp/robot_ws/install/odrive_demo_description/share/odrive_demo_description/urdf/odrive_rrbot.urdf.xacro
[1.116s] -- Up-to-date symlink: /home/vp/robot_ws/install/odrive_demo_description/share/ament_index/resource_index/package_run_dependencies/odrive_demo_description
[1.116s] -- Up-to-date symlink: /home/vp/robot_ws/install/odrive_demo_description/share/ament_index/resource_index/parent_prefix_path/odrive_demo_description
[1.117s] -- Up-to-date symlink: /home/vp/robot_ws/install/odrive_demo_description/share/odrive_demo_description/environment/ament_prefix_path.sh
[1.118s] -- Up-to-date symlink: /home/vp/robot_ws/install/odrive_demo_description/share/odrive_demo_description/environment/ament_prefix_path.dsv
[1.118s] -- Up-to-date symlink: /home/vp/robot_ws/install/odrive_demo_description/share/odrive_demo_description/environment/path.sh
[1.119s] -- Up-to-date symlink: /home/vp/robot_ws/install/odrive_demo_description/share/odrive_demo_description/environment/path.dsv
[1.119s] -- Up-to-date symlink: /home/vp/robot_ws/install/odrive_demo_description/share/odrive_demo_description/local_setup.bash
[1.120s] -- Up-to-date symlink: /home/vp/robot_ws/install/odrive_demo_description/share/odrive_demo_description/local_setup.sh
[1.121s] -- Up-to-date symlink: /home/vp/robot_ws/install/odrive_demo_description/share/odrive_demo_description/local_setup.zsh
[1.122s] -- Up-to-date symlink: /home/vp/robot_ws/install/odrive_demo_description/share/odrive_demo_description/local_setup.dsv
[1.122s] -- Symlinking: /home/vp/robot_ws/install/odrive_demo_description/share/odrive_demo_description/package.dsv
[1.146s] -- Up-to-date symlink: /home/vp/robot_ws/install/odrive_demo_description/share/ament_index/resource_index/packages/odrive_demo_description
[1.151s] -- Up-to-date symlink: /home/vp/robot_ws/install/odrive_demo_description/share/odrive_demo_description/cmake/odrive_demo_descriptionConfig.cmake
[1.152s] -- Up-to-date symlink: /home/vp/robot_ws/install/odrive_demo_description/share/odrive_demo_description/cmake/odrive_demo_descriptionConfig-version.cmake
[1.152s] -- Up-to-date symlink: /home/vp/robot_ws/install/odrive_demo_description/share/odrive_demo_description/package.xml
[1.153s] Invoked command in '/home/vp/robot_ws/build/odrive_demo_description' returned '0': CMAKE_PREFIX_PATH=${CMAKE_PREFIX_PATH}:/home/vp/robot_ws/install/ros2_control_test_nodes:/home/vp/robot_ws/install/odrive_driver:/opt/ros/foxy /usr/bin/cmake --install /home/vp/robot_ws/build/odrive_demo_description
