[0.106s] Invoking command in '/home/vp/robot_ws/build/odometry_estimator': CMAKE_PREFIX_PATH=${CMAKE_PREFIX_PATH}:/home/vp/robot_ws/install/two_wheel_demo:/home/vp/robot_ws/install/odrive_driver:/home/vp/robot_ws/install/odom:/opt/ros/foxy /usr/bin/cmake --build /home/vp/robot_ws/build/odometry_estimator -- -j8 -l8
[0.762s] [ 20%] Built target gtest_main
[0.763s] [ 40%] Built target vehicle_models
[0.764s] [ 60%] Built target gtest
[0.765s] [ 80%] Built target vehicle_models_test
[0.767s] [100%] Built target odometry_estimator
[0.770s] Invoked command in '/home/vp/robot_ws/build/odometry_estimator' returned '0': CMAKE_PREFIX_PATH=${CMAKE_PREFIX_PATH}:/home/vp/robot_ws/install/two_wheel_demo:/home/vp/robot_ws/install/odrive_driver:/home/vp/robot_ws/install/odom:/opt/ros/foxy /usr/bin/cmake --build /home/vp/robot_ws/build/odometry_estimator -- -j8 -l8
[0.827s] Invoking command in '/home/vp/robot_ws/build/odometry_estimator': CMAKE_PREFIX_PATH=${CMAKE_PREFIX_PATH}:/home/vp/robot_ws/install/two_wheel_demo:/home/vp/robot_ws/install/odrive_driver:/home/vp/robot_ws/install/odom:/opt/ros/foxy /usr/bin/cmake --install /home/vp/robot_ws/build/odometry_estimator
[0.846s] -- Install configuration: ""
[0.846s] -- Execute custom install script
[0.848s] -- Up-to-date symlink: /home/vp/robot_ws/install/odometry_estimator/lib/odometry_estimator/odometry_estimator
[0.850s] -- Up-to-date symlink: /home/vp/robot_ws/install/odometry_estimator/share/ament_index/resource_index/package_run_dependencies/odometry_estimator
[0.850s] -- Up-to-date symlink: /home/vp/robot_ws/install/odometry_estimator/share/ament_index/resource_index/parent_prefix_path/odometry_estimator
[0.851s] -- Up-to-date symlink: /home/vp/robot_ws/install/odometry_estimator/share/odometry_estimator/environment/ament_prefix_path.sh
[0.855s] -- Up-to-date symlink: /home/vp/robot_ws/install/odometry_estimator/share/odometry_estimator/environment/ament_prefix_path.dsv
[0.857s] -- Up-to-date symlink: /home/vp/robot_ws/install/odometry_estimator/share/odometry_estimator/environment/path.sh
[0.857s] -- Up-to-date symlink: /home/vp/robot_ws/install/odometry_estimator/share/odometry_estimator/environment/path.dsv
[0.857s] -- Up-to-date symlink: /home/vp/robot_ws/install/odometry_estimator/share/odometry_estimator/local_setup.bash
[0.857s] -- Up-to-date symlink: /home/vp/robot_ws/install/odometry_estimator/share/odometry_estimator/local_setup.sh
[0.858s] -- Up-to-date symlink: /home/vp/robot_ws/install/odometry_estimator/share/odometry_estimator/local_setup.zsh
[0.858s] -- Up-to-date symlink: /home/vp/robot_ws/install/odometry_estimator/share/odometry_estimator/local_setup.dsv
[0.859s] -- Symlinking: /home/vp/robot_ws/install/odometry_estimator/share/odometry_estimator/package.dsv
[0.879s] -- Up-to-date symlink: /home/vp/robot_ws/install/odometry_estimator/share/ament_index/resource_index/packages/odometry_estimator
[0.879s] -- Up-to-date symlink: /home/vp/robot_ws/install/odometry_estimator/share/odometry_estimator/cmake/odometry_estimatorConfig.cmake
[0.879s] -- Up-to-date symlink: /home/vp/robot_ws/install/odometry_estimator/share/odometry_estimator/cmake/odometry_estimatorConfig-version.cmake
[0.880s] -- Up-to-date symlink: /home/vp/robot_ws/install/odometry_estimator/share/odometry_estimator/package.xml
[0.886s] Invoked command in '/home/vp/robot_ws/build/odometry_estimator' returned '0': CMAKE_PREFIX_PATH=${CMAKE_PREFIX_PATH}:/home/vp/robot_ws/install/two_wheel_demo:/home/vp/robot_ws/install/odrive_driver:/home/vp/robot_ws/install/odom:/opt/ros/foxy /usr/bin/cmake --install /home/vp/robot_ws/build/odometry_estimator
