[0.121s] Invoking command in '/home/vp/robot_ws/build/micro_ros_msgs': CMAKE_PREFIX_PATH=${CMAKE_PREFIX_PATH}:/home/vp/robot_ws/install/two_wheel_demo:/home/vp/robot_ws/install/odrive_driver:/home/vp/robot_ws/install/odom:/opt/ros/foxy /usr/bin/cmake --build /home/vp/robot_ws/build/micro_ros_msgs -- -j8 -l8
[0.765s] [  2%] Built target micro_ros_msgs__cpp
[0.766s] [ 12%] Built target micro_ros_msgs__rosidl_generator_c
[0.767s] [ 23%] Built target micro_ros_msgs__rosidl_typesupport_introspection_cpp
[0.768s] [ 34%] Built target micro_ros_msgs__rosidl_typesupport_cpp
[0.769s] [ 44%] Built target micro_ros_msgs__rosidl_typesupport_fastrtps_cpp
[0.769s] [ 55%] Built target micro_ros_msgs__rosidl_typesupport_c
[0.771s] [ 65%] Built target micro_ros_msgs__rosidl_typesupport_introspection_c
[0.772s] [ 76%] Built target micro_ros_msgs__rosidl_typesupport_fastrtps_c
[0.774s] [ 76%] Built target micro_ros_msgs
[0.775s] [ 78%] Built target micro_ros_msgs__py
[0.776s] [ 87%] Built target micro_ros_msgs__python
[0.779s] [ 95%] Built target micro_ros_msgs__rosidl_typesupport_fastrtps_c__pyext
[0.780s] [ 95%] Built target micro_ros_msgs__rosidl_typesupport_introspection_c__pyext
[0.782s] [100%] Built target micro_ros_msgs__rosidl_typesupport_c__pyext
[0.801s] Invoked command in '/home/vp/robot_ws/build/micro_ros_msgs' returned '0': CMAKE_PREFIX_PATH=${CMAKE_PREFIX_PATH}:/home/vp/robot_ws/install/two_wheel_demo:/home/vp/robot_ws/install/odrive_driver:/home/vp/robot_ws/install/odom:/opt/ros/foxy /usr/bin/cmake --build /home/vp/robot_ws/build/micro_ros_msgs -- -j8 -l8
[1.060s] Invoking command in '/home/vp/robot_ws/build/micro_ros_msgs': CMAKE_PREFIX_PATH=${CMAKE_PREFIX_PATH}:/home/vp/robot_ws/install/two_wheel_demo:/home/vp/robot_ws/install/odrive_driver:/home/vp/robot_ws/install/odom:/opt/ros/foxy /usr/bin/cmake --install /home/vp/robot_ws/build/micro_ros_msgs
[1.118s] -- Install configuration: ""
[1.123s] -- Execute custom install script
[1.129s] -- Up-to-date symlink: /home/vp/robot_ws/install/micro_ros_msgs/share/ament_index/resource_index/rosidl_interfaces/micro_ros_msgs
[1.132s] -- Up-to-date symlink: /home/vp/robot_ws/install/micro_ros_msgs/include/micro_ros_msgs/msg/detail/entity__functions.h
[1.133s] -- Up-to-date symlink: /home/vp/robot_ws/install/micro_ros_msgs/include/micro_ros_msgs/msg/detail/entity__struct.h
[1.137s] -- Up-to-date symlink: /home/vp/robot_ws/install/micro_ros_msgs/include/micro_ros_msgs/msg/detail/entity__type_support.h
[1.141s] -- Up-to-date symlink: /home/vp/robot_ws/install/micro_ros_msgs/include/micro_ros_msgs/msg/detail/graph__functions.h
[1.141s] -- Up-to-date symlink: /home/vp/robot_ws/install/micro_ros_msgs/include/micro_ros_msgs/msg/detail/graph__struct.h
[1.142s] -- Up-to-date symlink: /home/vp/robot_ws/install/micro_ros_msgs/include/micro_ros_msgs/msg/detail/graph__type_support.h
[1.143s] -- Up-to-date symlink: /home/vp/robot_ws/install/micro_ros_msgs/include/micro_ros_msgs/msg/detail/node__functions.h
[1.144s] -- Up-to-date symlink: /home/vp/robot_ws/install/micro_ros_msgs/include/micro_ros_msgs/msg/detail/node__struct.h
[1.148s] -- Up-to-date symlink: /home/vp/robot_ws/install/micro_ros_msgs/include/micro_ros_msgs/msg/detail/node__type_support.h
[1.148s] -- Up-to-date symlink: /home/vp/robot_ws/install/micro_ros_msgs/include/micro_ros_msgs/msg/entity.h
[1.150s] -- Up-to-date symlink: /home/vp/robot_ws/install/micro_ros_msgs/include/micro_ros_msgs/msg/graph.h
[1.152s] -- Up-to-date symlink: /home/vp/robot_ws/install/micro_ros_msgs/include/micro_ros_msgs/msg/node.h
[1.160s] -- Up-to-date symlink: /home/vp/robot_ws/install/micro_ros_msgs/include/micro_ros_msgs/msg/rosidl_generator_c__visibility_control.h
[1.160s] -- Up-to-date symlink: /home/vp/robot_ws/install/micro_ros_msgs/share/micro_ros_msgs/environment/library_path.sh
[1.162s] -- Up-to-date symlink: /home/vp/robot_ws/install/micro_ros_msgs/share/micro_ros_msgs/environment/library_path.dsv
[1.168s] -- Up-to-date symlink: /home/vp/robot_ws/install/micro_ros_msgs/include/micro_ros_msgs/msg/detail/entity__rosidl_typesupport_fastrtps_c.h
[1.170s] -- Up-to-date symlink: /home/vp/robot_ws/install/micro_ros_msgs/include/micro_ros_msgs/msg/detail/graph__rosidl_typesupport_fastrtps_c.h
[1.172s] -- Up-to-date symlink: /home/vp/robot_ws/install/micro_ros_msgs/include/micro_ros_msgs/msg/detail/node__rosidl_typesupport_fastrtps_c.h
[1.185s] -- Up-to-date symlink: /home/vp/robot_ws/install/micro_ros_msgs/include/micro_ros_msgs/msg/rosidl_typesupport_fastrtps_c__visibility_control.h
[1.185s] -- Up-to-date symlink: /home/vp/robot_ws/install/micro_ros_msgs/lib/libmicro_ros_msgs__rosidl_typesupport_fastrtps_c.so
[1.186s] -- Up-to-date symlink: /home/vp/robot_ws/install/micro_ros_msgs/include/micro_ros_msgs/msg/detail/entity__rosidl_typesupport_fastrtps_cpp.hpp
[1.186s] -- Up-to-date symlink: /home/vp/robot_ws/install/micro_ros_msgs/include/micro_ros_msgs/msg/detail/graph__rosidl_typesupport_fastrtps_cpp.hpp
[1.186s] -- Up-to-date symlink: /home/vp/robot_ws/install/micro_ros_msgs/include/micro_ros_msgs/msg/detail/node__rosidl_typesupport_fastrtps_cpp.hpp
[1.187s] -- Up-to-date symlink: /home/vp/robot_ws/install/micro_ros_msgs/include/micro_ros_msgs/msg/rosidl_typesupport_fastrtps_cpp__visibility_control.h
[1.189s] -- Up-to-date symlink: /home/vp/robot_ws/install/micro_ros_msgs/lib/libmicro_ros_msgs__rosidl_typesupport_fastrtps_cpp.so
[1.192s] -- Up-to-date symlink: /home/vp/robot_ws/install/micro_ros_msgs/include/micro_ros_msgs/msg/detail/entity__rosidl_typesupport_introspection_c.h
[1.193s] -- Up-to-date symlink: /home/vp/robot_ws/install/micro_ros_msgs/include/micro_ros_msgs/msg/detail/graph__rosidl_typesupport_introspection_c.h
[1.193s] -- Up-to-date symlink: /home/vp/robot_ws/install/micro_ros_msgs/include/micro_ros_msgs/msg/detail/node__rosidl_typesupport_introspection_c.h
[1.194s] -- Up-to-date symlink: /home/vp/robot_ws/install/micro_ros_msgs/include/micro_ros_msgs/msg/rosidl_typesupport_introspection_c__visibility_control.h
[1.198s] -- Up-to-date symlink: /home/vp/robot_ws/install/micro_ros_msgs/include/micro_ros_msgs/msg/detail/entity__builder.hpp
[1.205s] -- Up-to-date symlink: /home/vp/robot_ws/install/micro_ros_msgs/include/micro_ros_msgs/msg/detail/entity__struct.hpp
[1.207s] -- Up-to-date symlink: /home/vp/robot_ws/install/micro_ros_msgs/include/micro_ros_msgs/msg/detail/entity__traits.hpp
[1.212s] -- Up-to-date symlink: /home/vp/robot_ws/install/micro_ros_msgs/include/micro_ros_msgs/msg/detail/graph__builder.hpp
[1.212s] -- Up-to-date symlink: /home/vp/robot_ws/install/micro_ros_msgs/include/micro_ros_msgs/msg/detail/graph__struct.hpp
[1.213s] -- Up-to-date symlink: /home/vp/robot_ws/install/micro_ros_msgs/include/micro_ros_msgs/msg/detail/graph__traits.hpp
[1.213s] -- Up-to-date symlink: /home/vp/robot_ws/install/micro_ros_msgs/include/micro_ros_msgs/msg/detail/node__builder.hpp
[1.216s] -- Up-to-date symlink: /home/vp/robot_ws/install/micro_ros_msgs/include/micro_ros_msgs/msg/detail/node__struct.hpp
[1.216s] -- Up-to-date symlink: /home/vp/robot_ws/install/micro_ros_msgs/include/micro_ros_msgs/msg/detail/node__traits.hpp
[1.220s] -- Up-to-date symlink: /home/vp/robot_ws/install/micro_ros_msgs/include/micro_ros_msgs/msg/entity.hpp
[1.220s] -- Up-to-date symlink: /home/vp/robot_ws/install/micro_ros_msgs/include/micro_ros_msgs/msg/graph.hpp
[1.221s] -- Up-to-date symlink: /home/vp/robot_ws/install/micro_ros_msgs/include/micro_ros_msgs/msg/node.hpp
[1.227s] -- Up-to-date symlink: /home/vp/robot_ws/install/micro_ros_msgs/include/micro_ros_msgs/msg/detail/entity__rosidl_typesupport_introspection_cpp.hpp
[1.227s] -- Up-to-date symlink: /home/vp/robot_ws/install/micro_ros_msgs/include/micro_ros_msgs/msg/detail/graph__rosidl_typesupport_introspection_cpp.hpp
[1.233s] -- Up-to-date symlink: /home/vp/robot_ws/install/micro_ros_msgs/include/micro_ros_msgs/msg/detail/node__rosidl_typesupport_introspection_cpp.hpp
[1.233s] -- Up-to-date symlink: /home/vp/robot_ws/install/micro_ros_msgs/share/micro_ros_msgs/environment/pythonpath.sh
[1.235s] -- Up-to-date symlink: /home/vp/robot_ws/install/micro_ros_msgs/share/micro_ros_msgs/environment/pythonpath.dsv
[1.235s] -- Up-to-date symlink: /home/vp/robot_ws/install/micro_ros_msgs/lib/python3.8/site-packages/micro_ros_msgs/__init__.py
[1.236s] -- Up-to-date symlink: /home/vp/robot_ws/install/micro_ros_msgs/lib/python3.8/site-packages/micro_ros_msgs/msg/__init__.py
[1.236s] -- Up-to-date symlink: /home/vp/robot_ws/install/micro_ros_msgs/lib/python3.8/site-packages/micro_ros_msgs/msg/_entity.py
[1.237s] -- Up-to-date symlink: /home/vp/robot_ws/install/micro_ros_msgs/lib/python3.8/site-packages/micro_ros_msgs/msg/_graph.py
[1.237s] -- Up-to-date symlink: /home/vp/robot_ws/install/micro_ros_msgs/lib/python3.8/site-packages/micro_ros_msgs/msg/_node.py
[1.239s] -- Up-to-date symlink: /home/vp/robot_ws/install/micro_ros_msgs/lib/python3.8/site-packages/micro_ros_msgs/micro_ros_msgs_s__rosidl_typesupport_fastrtps_c.cpython-38-x86_64-linux-gnu.so
[1.241s] -- Up-to-date symlink: /home/vp/robot_ws/install/micro_ros_msgs/lib/python3.8/site-packages/micro_ros_msgs/micro_ros_msgs_s__rosidl_typesupport_introspection_c.cpython-38-x86_64-linux-gnu.so
[1.251s] -- Up-to-date symlink: /home/vp/robot_ws/install/micro_ros_msgs/lib/python3.8/site-packages/micro_ros_msgs/micro_ros_msgs_s__rosidl_typesupport_c.cpython-38-x86_64-linux-gnu.so
[1.251s] -- Up-to-date symlink: /home/vp/robot_ws/install/micro_ros_msgs/lib/libmicro_ros_msgs__python.so
[1.252s] -- Up-to-date symlink: /home/vp/robot_ws/install/micro_ros_msgs/share/micro_ros_msgs/msg/Graph.idl
[1.252s] -- Up-to-date symlink: /home/vp/robot_ws/install/micro_ros_msgs/share/micro_ros_msgs/msg/Node.idl
[1.252s] -- Up-to-date symlink: /home/vp/robot_ws/install/micro_ros_msgs/share/micro_ros_msgs/msg/Entity.idl
[1.253s] -- Up-to-date symlink: /home/vp/robot_ws/install/micro_ros_msgs/share/micro_ros_msgs/msg/Graph.msg
[1.253s] -- Up-to-date symlink: /home/vp/robot_ws/install/micro_ros_msgs/share/micro_ros_msgs/msg/Node.msg
[1.253s] -- Up-to-date symlink: /home/vp/robot_ws/install/micro_ros_msgs/share/micro_ros_msgs/msg/Entity.msg
[1.253s] -- Up-to-date symlink: /home/vp/robot_ws/install/micro_ros_msgs/share/ament_index/resource_index/package_run_dependencies/micro_ros_msgs
[1.253s] -- Up-to-date symlink: /home/vp/robot_ws/install/micro_ros_msgs/share/ament_index/resource_index/parent_prefix_path/micro_ros_msgs
[1.254s] -- Up-to-date symlink: /home/vp/robot_ws/install/micro_ros_msgs/share/micro_ros_msgs/environment/ament_prefix_path.sh
[1.254s] -- Up-to-date symlink: /home/vp/robot_ws/install/micro_ros_msgs/share/micro_ros_msgs/environment/ament_prefix_path.dsv
[1.254s] -- Up-to-date symlink: /home/vp/robot_ws/install/micro_ros_msgs/share/micro_ros_msgs/environment/path.sh
[1.254s] -- Up-to-date symlink: /home/vp/robot_ws/install/micro_ros_msgs/share/micro_ros_msgs/environment/path.dsv
[1.254s] -- Up-to-date symlink: /home/vp/robot_ws/install/micro_ros_msgs/share/micro_ros_msgs/local_setup.bash
[1.255s] -- Up-to-date symlink: /home/vp/robot_ws/install/micro_ros_msgs/share/micro_ros_msgs/local_setup.sh
[1.255s] -- Up-to-date symlink: /home/vp/robot_ws/install/micro_ros_msgs/share/micro_ros_msgs/local_setup.zsh
[1.255s] -- Up-to-date symlink: /home/vp/robot_ws/install/micro_ros_msgs/share/micro_ros_msgs/local_setup.dsv
[1.255s] -- Symlinking: /home/vp/robot_ws/install/micro_ros_msgs/share/micro_ros_msgs/package.dsv
[1.259s] -- Up-to-date symlink: /home/vp/robot_ws/install/micro_ros_msgs/share/ament_index/resource_index/packages/micro_ros_msgs
[1.260s] -- Up-to-date symlink: /home/vp/robot_ws/install/micro_ros_msgs/share/micro_ros_msgs/cmake/rosidl_cmake-extras.cmake
[1.260s] -- Up-to-date symlink: /home/vp/robot_ws/install/micro_ros_msgs/share/micro_ros_msgs/cmake/ament_cmake_export_dependencies-extras.cmake
[1.260s] -- Up-to-date symlink: /home/vp/robot_ws/install/micro_ros_msgs/share/micro_ros_msgs/cmake/ament_cmake_export_libraries-extras.cmake
[1.260s] -- Up-to-date symlink: /home/vp/robot_ws/install/micro_ros_msgs/share/micro_ros_msgs/cmake/ament_cmake_export_targets-extras.cmake
[1.260s] -- Up-to-date symlink: /home/vp/robot_ws/install/micro_ros_msgs/share/micro_ros_msgs/cmake/ament_cmake_export_include_directories-extras.cmake
[1.261s] -- Up-to-date symlink: /home/vp/robot_ws/install/micro_ros_msgs/share/micro_ros_msgs/cmake/rosidl_cmake_export_typesupport_libraries-extras.cmake
[1.261s] -- Up-to-date symlink: /home/vp/robot_ws/install/micro_ros_msgs/share/micro_ros_msgs/cmake/rosidl_cmake_export_typesupport_targets-extras.cmake
[1.261s] -- Up-to-date symlink: /home/vp/robot_ws/install/micro_ros_msgs/share/micro_ros_msgs/cmake/micro_ros_msgsConfig.cmake
[1.261s] -- Up-to-date symlink: /home/vp/robot_ws/install/micro_ros_msgs/share/micro_ros_msgs/cmake/micro_ros_msgsConfig-version.cmake
[1.261s] -- Up-to-date symlink: /home/vp/robot_ws/install/micro_ros_msgs/share/micro_ros_msgs/package.xml
[1.262s] -- Up-to-date: /home/vp/robot_ws/install/micro_ros_msgs/lib/libmicro_ros_msgs__rosidl_generator_c.so
[1.262s] -- Up-to-date: /home/vp/robot_ws/install/micro_ros_msgs/lib/libmicro_ros_msgs__rosidl_typesupport_introspection_c.so
[1.262s] -- Up-to-date: /home/vp/robot_ws/install/micro_ros_msgs/lib/libmicro_ros_msgs__rosidl_typesupport_c.so
[1.262s] -- Up-to-date: /home/vp/robot_ws/install/micro_ros_msgs/lib/libmicro_ros_msgs__rosidl_typesupport_introspection_cpp.so
[1.262s] -- Up-to-date: /home/vp/robot_ws/install/micro_ros_msgs/lib/libmicro_ros_msgs__rosidl_typesupport_cpp.so
[1.269s] -- Up-to-date: /home/vp/robot_ws/install/micro_ros_msgs/share/micro_ros_msgs/cmake/micro_ros_msgs__rosidl_generator_cExport.cmake
[1.270s] -- Up-to-date: /home/vp/robot_ws/install/micro_ros_msgs/share/micro_ros_msgs/cmake/micro_ros_msgs__rosidl_generator_cExport-noconfig.cmake
[1.272s] -- Up-to-date: /home/vp/robot_ws/install/micro_ros_msgs/share/micro_ros_msgs/cmake/micro_ros_msgs__rosidl_typesupport_introspection_cExport.cmake
[1.273s] -- Up-to-date: /home/vp/robot_ws/install/micro_ros_msgs/share/micro_ros_msgs/cmake/micro_ros_msgs__rosidl_typesupport_introspection_cExport-noconfig.cmake
[1.273s] -- Up-to-date: /home/vp/robot_ws/install/micro_ros_msgs/share/micro_ros_msgs/cmake/micro_ros_msgs__rosidl_typesupport_cExport.cmake
[1.274s] -- Up-to-date: /home/vp/robot_ws/install/micro_ros_msgs/share/micro_ros_msgs/cmake/micro_ros_msgs__rosidl_typesupport_cExport-noconfig.cmake
[1.274s] -- Up-to-date: /home/vp/robot_ws/install/micro_ros_msgs/share/micro_ros_msgs/cmake/micro_ros_msgs__rosidl_generator_cppExport.cmake
[1.275s] -- Up-to-date: /home/vp/robot_ws/install/micro_ros_msgs/share/micro_ros_msgs/cmake/micro_ros_msgs__rosidl_typesupport_introspection_cppExport.cmake
[1.276s] -- Up-to-date: /home/vp/robot_ws/install/micro_ros_msgs/share/micro_ros_msgs/cmake/micro_ros_msgs__rosidl_typesupport_introspection_cppExport-noconfig.cmake
[1.277s] -- Up-to-date: /home/vp/robot_ws/install/micro_ros_msgs/share/micro_ros_msgs/cmake/micro_ros_msgs__rosidl_typesupport_cppExport.cmake
[1.278s] -- Up-to-date: /home/vp/robot_ws/install/micro_ros_msgs/share/micro_ros_msgs/cmake/micro_ros_msgs__rosidl_typesupport_cppExport-noconfig.cmake
[1.282s] Invoked command in '/home/vp/robot_ws/build/micro_ros_msgs' returned '0': CMAKE_PREFIX_PATH=${CMAKE_PREFIX_PATH}:/home/vp/robot_ws/install/two_wheel_demo:/home/vp/robot_ws/install/odrive_driver:/home/vp/robot_ws/install/odom:/opt/ros/foxy /usr/bin/cmake --install /home/vp/robot_ws/build/micro_ros_msgs
