[0.073s] Invoking command in '/home/vp/robot_ws/build/drive_base_msgs': CMAKE_PREFIX_PATH=${CMAKE_PREFIX_PATH}:/home/vp/robot_ws/install/two_wheel_demo:/home/vp/robot_ws/install/odrive_driver:/home/vp/robot_ws/install/odom:/opt/ros/foxy /usr/bin/cmake --build /home/vp/robot_ws/build/drive_base_msgs -- -j8 -l8
[0.674s] [  7%] Built target drive_base_msgs__cpp
[0.674s] [ 12%] Built target drive_base_msgs__rosidl_generator_c
[0.675s] [ 23%] Built target drive_base_msgs__rosidl_typesupport_introspection_cpp
[0.675s] [ 34%] Built target drive_base_msgs__rosidl_typesupport_cpp
[0.676s] [ 45%] Built target drive_base_msgs__rosidl_typesupport_introspection_c
[0.676s] [ 56%] Built target drive_base_msgs__rosidl_typesupport_fastrtps_cpp
[0.679s] [ 67%] Built target drive_base_msgs__rosidl_typesupport_c
[0.680s] [ 78%] Built target drive_base_msgs__rosidl_typesupport_fastrtps_c
[0.681s] [ 78%] Built target drive_base_msgs
[0.682s] [ 80%] Built target drive_base_msgs__py
[0.682s] [ 89%] Built target drive_base_msgs__python
[0.683s] [ 92%] Built target drive_base_msgs__rosidl_typesupport_fastrtps_c__pyext
[0.683s] [ 96%] Built target drive_base_msgs__rosidl_typesupport_c__pyext
[0.684s] [100%] Built target drive_base_msgs__rosidl_typesupport_introspection_c__pyext
[0.691s] Invoked command in '/home/vp/robot_ws/build/drive_base_msgs' returned '0': CMAKE_PREFIX_PATH=${CMAKE_PREFIX_PATH}:/home/vp/robot_ws/install/two_wheel_demo:/home/vp/robot_ws/install/odrive_driver:/home/vp/robot_ws/install/odom:/opt/ros/foxy /usr/bin/cmake --build /home/vp/robot_ws/build/drive_base_msgs -- -j8 -l8
[0.870s] Invoking command in '/home/vp/robot_ws/build/drive_base_msgs': CMAKE_PREFIX_PATH=${CMAKE_PREFIX_PATH}:/home/vp/robot_ws/install/two_wheel_demo:/home/vp/robot_ws/install/odrive_driver:/home/vp/robot_ws/install/odom:/opt/ros/foxy /usr/bin/cmake --install /home/vp/robot_ws/build/drive_base_msgs
[0.904s] -- Install configuration: ""
[0.904s] -- Execute custom install script
[0.905s] -- Up-to-date symlink: /home/vp/robot_ws/install/drive_base_msgs/share/ament_index/resource_index/rosidl_interfaces/drive_base_msgs
[0.906s] -- Up-to-date symlink: /home/vp/robot_ws/install/drive_base_msgs/include/drive_base_msgs/msg/base_info.h
[0.907s] -- Up-to-date symlink: /home/vp/robot_ws/install/drive_base_msgs/include/drive_base_msgs/msg/command_header.h
[0.908s] -- Up-to-date symlink: /home/vp/robot_ws/install/drive_base_msgs/include/drive_base_msgs/msg/command_status.h
[0.909s] -- Up-to-date symlink: /home/vp/robot_ws/install/drive_base_msgs/include/drive_base_msgs/msg/detail/base_info__functions.h
[0.915s] -- Up-to-date symlink: /home/vp/robot_ws/install/drive_base_msgs/include/drive_base_msgs/msg/detail/base_info__struct.h
[0.916s] -- Up-to-date symlink: /home/vp/robot_ws/install/drive_base_msgs/include/drive_base_msgs/msg/detail/base_info__type_support.h
[0.917s] -- Up-to-date symlink: /home/vp/robot_ws/install/drive_base_msgs/include/drive_base_msgs/msg/detail/command_header__functions.h
[0.918s] -- Up-to-date symlink: /home/vp/robot_ws/install/drive_base_msgs/include/drive_base_msgs/msg/detail/command_header__struct.h
[0.919s] -- Up-to-date symlink: /home/vp/robot_ws/install/drive_base_msgs/include/drive_base_msgs/msg/detail/command_header__type_support.h
[0.921s] -- Up-to-date symlink: /home/vp/robot_ws/install/drive_base_msgs/include/drive_base_msgs/msg/detail/command_status__functions.h
[0.921s] -- Up-to-date symlink: /home/vp/robot_ws/install/drive_base_msgs/include/drive_base_msgs/msg/detail/command_status__struct.h
[0.923s] -- Up-to-date symlink: /home/vp/robot_ws/install/drive_base_msgs/include/drive_base_msgs/msg/detail/command_status__type_support.h
[0.928s] -- Up-to-date symlink: /home/vp/robot_ws/install/drive_base_msgs/include/drive_base_msgs/msg/detail/trv_command__functions.h
[0.928s] -- Up-to-date symlink: /home/vp/robot_ws/install/drive_base_msgs/include/drive_base_msgs/msg/detail/trv_command__struct.h
[0.929s] -- Up-to-date symlink: /home/vp/robot_ws/install/drive_base_msgs/include/drive_base_msgs/msg/detail/trv_command__type_support.h
[0.930s] -- Up-to-date symlink: /home/vp/robot_ws/install/drive_base_msgs/include/drive_base_msgs/msg/rosidl_generator_c__visibility_control.h
[0.931s] -- Up-to-date symlink: /home/vp/robot_ws/install/drive_base_msgs/include/drive_base_msgs/msg/trv_command.h
[0.932s] -- Up-to-date symlink: /home/vp/robot_ws/install/drive_base_msgs/share/drive_base_msgs/environment/library_path.sh
[0.936s] -- Up-to-date symlink: /home/vp/robot_ws/install/drive_base_msgs/share/drive_base_msgs/environment/library_path.dsv
[0.945s] -- Up-to-date symlink: /home/vp/robot_ws/install/drive_base_msgs/include/drive_base_msgs/msg/detail/base_info__rosidl_typesupport_fastrtps_c.h
[0.947s] -- Up-to-date symlink: /home/vp/robot_ws/install/drive_base_msgs/include/drive_base_msgs/msg/detail/command_header__rosidl_typesupport_fastrtps_c.h
[0.948s] -- Up-to-date symlink: /home/vp/robot_ws/install/drive_base_msgs/include/drive_base_msgs/msg/detail/command_status__rosidl_typesupport_fastrtps_c.h
[0.949s] -- Up-to-date symlink: /home/vp/robot_ws/install/drive_base_msgs/include/drive_base_msgs/msg/detail/trv_command__rosidl_typesupport_fastrtps_c.h
[0.952s] -- Up-to-date symlink: /home/vp/robot_ws/install/drive_base_msgs/include/drive_base_msgs/msg/rosidl_typesupport_fastrtps_c__visibility_control.h
[0.980s] -- Up-to-date symlink: /home/vp/robot_ws/install/drive_base_msgs/lib/libdrive_base_msgs__rosidl_typesupport_fastrtps_c.so
[0.981s] -- Up-to-date symlink: /home/vp/robot_ws/install/drive_base_msgs/include/drive_base_msgs/msg/detail/base_info__rosidl_typesupport_fastrtps_cpp.hpp
[0.982s] -- Up-to-date symlink: /home/vp/robot_ws/install/drive_base_msgs/include/drive_base_msgs/msg/detail/command_header__rosidl_typesupport_fastrtps_cpp.hpp
[0.982s] -- Up-to-date symlink: /home/vp/robot_ws/install/drive_base_msgs/include/drive_base_msgs/msg/detail/command_status__rosidl_typesupport_fastrtps_cpp.hpp
[0.982s] -- Up-to-date symlink: /home/vp/robot_ws/install/drive_base_msgs/include/drive_base_msgs/msg/detail/trv_command__rosidl_typesupport_fastrtps_cpp.hpp
[0.983s] -- Up-to-date symlink: /home/vp/robot_ws/install/drive_base_msgs/include/drive_base_msgs/msg/rosidl_typesupport_fastrtps_cpp__visibility_control.h
[0.983s] -- Up-to-date symlink: /home/vp/robot_ws/install/drive_base_msgs/lib/libdrive_base_msgs__rosidl_typesupport_fastrtps_cpp.so
[0.984s] -- Up-to-date symlink: /home/vp/robot_ws/install/drive_base_msgs/include/drive_base_msgs/msg/detail/base_info__rosidl_typesupport_introspection_c.h
[0.984s] -- Up-to-date symlink: /home/vp/robot_ws/install/drive_base_msgs/include/drive_base_msgs/msg/detail/command_header__rosidl_typesupport_introspection_c.h
[0.984s] -- Up-to-date symlink: /home/vp/robot_ws/install/drive_base_msgs/include/drive_base_msgs/msg/detail/command_status__rosidl_typesupport_introspection_c.h
[0.985s] -- Up-to-date symlink: /home/vp/robot_ws/install/drive_base_msgs/include/drive_base_msgs/msg/detail/trv_command__rosidl_typesupport_introspection_c.h
[0.985s] -- Up-to-date symlink: /home/vp/robot_ws/install/drive_base_msgs/include/drive_base_msgs/msg/rosidl_typesupport_introspection_c__visibility_control.h
[0.986s] -- Up-to-date symlink: /home/vp/robot_ws/install/drive_base_msgs/include/drive_base_msgs/msg/base_info.hpp
[0.986s] -- Up-to-date symlink: /home/vp/robot_ws/install/drive_base_msgs/include/drive_base_msgs/msg/command_header.hpp
[0.986s] -- Up-to-date symlink: /home/vp/robot_ws/install/drive_base_msgs/include/drive_base_msgs/msg/command_status.hpp
[0.987s] -- Up-to-date symlink: /home/vp/robot_ws/install/drive_base_msgs/include/drive_base_msgs/msg/detail/base_info__builder.hpp
[0.992s] -- Up-to-date symlink: /home/vp/robot_ws/install/drive_base_msgs/include/drive_base_msgs/msg/detail/base_info__struct.hpp
[0.993s] -- Up-to-date symlink: /home/vp/robot_ws/install/drive_base_msgs/include/drive_base_msgs/msg/detail/base_info__traits.hpp
[0.993s] -- Up-to-date symlink: /home/vp/robot_ws/install/drive_base_msgs/include/drive_base_msgs/msg/detail/command_header__builder.hpp
[0.993s] -- Up-to-date symlink: /home/vp/robot_ws/install/drive_base_msgs/include/drive_base_msgs/msg/detail/command_header__struct.hpp
[0.994s] -- Up-to-date symlink: /home/vp/robot_ws/install/drive_base_msgs/include/drive_base_msgs/msg/detail/command_header__traits.hpp
[0.994s] -- Up-to-date symlink: /home/vp/robot_ws/install/drive_base_msgs/include/drive_base_msgs/msg/detail/command_status__builder.hpp
[0.995s] -- Up-to-date symlink: /home/vp/robot_ws/install/drive_base_msgs/include/drive_base_msgs/msg/detail/command_status__struct.hpp
[0.995s] -- Up-to-date symlink: /home/vp/robot_ws/install/drive_base_msgs/include/drive_base_msgs/msg/detail/command_status__traits.hpp
[0.996s] -- Up-to-date symlink: /home/vp/robot_ws/install/drive_base_msgs/include/drive_base_msgs/msg/detail/trv_command__builder.hpp
[0.999s] -- Up-to-date symlink: /home/vp/robot_ws/install/drive_base_msgs/include/drive_base_msgs/msg/detail/trv_command__struct.hpp
[1.000s] -- Up-to-date symlink: /home/vp/robot_ws/install/drive_base_msgs/include/drive_base_msgs/msg/detail/trv_command__traits.hpp
[1.001s] -- Up-to-date symlink: /home/vp/robot_ws/install/drive_base_msgs/include/drive_base_msgs/msg/trv_command.hpp
[1.001s] -- Up-to-date symlink: /home/vp/robot_ws/install/drive_base_msgs/include/drive_base_msgs/msg/detail/base_info__rosidl_typesupport_introspection_cpp.hpp
[1.002s] -- Up-to-date symlink: /home/vp/robot_ws/install/drive_base_msgs/include/drive_base_msgs/msg/detail/command_header__rosidl_typesupport_introspection_cpp.hpp
[1.002s] -- Up-to-date symlink: /home/vp/robot_ws/install/drive_base_msgs/include/drive_base_msgs/msg/detail/command_status__rosidl_typesupport_introspection_cpp.hpp
[1.003s] -- Up-to-date symlink: /home/vp/robot_ws/install/drive_base_msgs/include/drive_base_msgs/msg/detail/trv_command__rosidl_typesupport_introspection_cpp.hpp
[1.008s] -- Up-to-date symlink: /home/vp/robot_ws/install/drive_base_msgs/share/drive_base_msgs/environment/pythonpath.sh
[1.008s] -- Up-to-date symlink: /home/vp/robot_ws/install/drive_base_msgs/share/drive_base_msgs/environment/pythonpath.dsv
[1.009s] -- Up-to-date symlink: /home/vp/robot_ws/install/drive_base_msgs/lib/python3.8/site-packages/drive_base_msgs/__init__.py
[1.011s] -- Up-to-date symlink: /home/vp/robot_ws/install/drive_base_msgs/lib/python3.8/site-packages/drive_base_msgs/msg/__init__.py
[1.012s] -- Up-to-date symlink: /home/vp/robot_ws/install/drive_base_msgs/lib/python3.8/site-packages/drive_base_msgs/msg/_base_info.py
[1.012s] -- Up-to-date symlink: /home/vp/robot_ws/install/drive_base_msgs/lib/python3.8/site-packages/drive_base_msgs/msg/_command_header.py
[1.012s] -- Up-to-date symlink: /home/vp/robot_ws/install/drive_base_msgs/lib/python3.8/site-packages/drive_base_msgs/msg/_command_status.py
[1.013s] -- Up-to-date symlink: /home/vp/robot_ws/install/drive_base_msgs/lib/python3.8/site-packages/drive_base_msgs/msg/_trv_command.py
[1.013s] -- Up-to-date symlink: /home/vp/robot_ws/install/drive_base_msgs/lib/python3.8/site-packages/drive_base_msgs/drive_base_msgs_s__rosidl_typesupport_fastrtps_c.cpython-38-x86_64-linux-gnu.so
[1.016s] -- Up-to-date symlink: /home/vp/robot_ws/install/drive_base_msgs/lib/python3.8/site-packages/drive_base_msgs/drive_base_msgs_s__rosidl_typesupport_introspection_c.cpython-38-x86_64-linux-gnu.so
[1.017s] -- Up-to-date symlink: /home/vp/robot_ws/install/drive_base_msgs/lib/python3.8/site-packages/drive_base_msgs/drive_base_msgs_s__rosidl_typesupport_c.cpython-38-x86_64-linux-gnu.so
[1.017s] -- Up-to-date symlink: /home/vp/robot_ws/install/drive_base_msgs/lib/libdrive_base_msgs__python.so
[1.017s] -- Up-to-date symlink: /home/vp/robot_ws/install/drive_base_msgs/share/drive_base_msgs/msg/CommandHeader.idl
[1.017s] -- Up-to-date symlink: /home/vp/robot_ws/install/drive_base_msgs/share/drive_base_msgs/msg/BaseInfo.idl
[1.018s] -- Up-to-date symlink: /home/vp/robot_ws/install/drive_base_msgs/share/drive_base_msgs/msg/CommandStatus.idl
[1.018s] -- Up-to-date symlink: /home/vp/robot_ws/install/drive_base_msgs/share/drive_base_msgs/msg/TRVCommand.idl
[1.019s] -- Up-to-date symlink: /home/vp/robot_ws/install/drive_base_msgs/share/drive_base_msgs/msg/CommandHeader.msg
[1.019s] -- Up-to-date symlink: /home/vp/robot_ws/install/drive_base_msgs/share/drive_base_msgs/msg/BaseInfo.msg
[1.020s] -- Up-to-date symlink: /home/vp/robot_ws/install/drive_base_msgs/share/drive_base_msgs/msg/CommandStatus.msg
[1.020s] -- Up-to-date symlink: /home/vp/robot_ws/install/drive_base_msgs/share/drive_base_msgs/msg/TRVCommand.msg
[1.020s] -- Up-to-date symlink: /home/vp/robot_ws/install/drive_base_msgs/share/ament_index/resource_index/package_run_dependencies/drive_base_msgs
[1.021s] -- Up-to-date symlink: /home/vp/robot_ws/install/drive_base_msgs/share/ament_index/resource_index/parent_prefix_path/drive_base_msgs
[1.021s] -- Up-to-date symlink: /home/vp/robot_ws/install/drive_base_msgs/share/drive_base_msgs/environment/ament_prefix_path.sh
[1.021s] -- Up-to-date symlink: /home/vp/robot_ws/install/drive_base_msgs/share/drive_base_msgs/environment/ament_prefix_path.dsv
[1.021s] -- Up-to-date symlink: /home/vp/robot_ws/install/drive_base_msgs/share/drive_base_msgs/environment/path.sh
[1.021s] -- Up-to-date symlink: /home/vp/robot_ws/install/drive_base_msgs/share/drive_base_msgs/environment/path.dsv
[1.022s] -- Up-to-date symlink: /home/vp/robot_ws/install/drive_base_msgs/share/drive_base_msgs/local_setup.bash
[1.025s] -- Up-to-date symlink: /home/vp/robot_ws/install/drive_base_msgs/share/drive_base_msgs/local_setup.sh
[1.026s] -- Up-to-date symlink: /home/vp/robot_ws/install/drive_base_msgs/share/drive_base_msgs/local_setup.zsh
[1.027s] -- Up-to-date symlink: /home/vp/robot_ws/install/drive_base_msgs/share/drive_base_msgs/local_setup.dsv
[1.029s] -- Symlinking: /home/vp/robot_ws/install/drive_base_msgs/share/drive_base_msgs/package.dsv
[1.031s] -- Up-to-date symlink: /home/vp/robot_ws/install/drive_base_msgs/share/ament_index/resource_index/packages/drive_base_msgs
[1.031s] -- Up-to-date symlink: /home/vp/robot_ws/install/drive_base_msgs/share/drive_base_msgs/cmake/rosidl_cmake-extras.cmake
[1.032s] -- Up-to-date symlink: /home/vp/robot_ws/install/drive_base_msgs/share/drive_base_msgs/cmake/ament_cmake_export_dependencies-extras.cmake
[1.034s] -- Up-to-date symlink: /home/vp/robot_ws/install/drive_base_msgs/share/drive_base_msgs/cmake/ament_cmake_export_libraries-extras.cmake
[1.034s] -- Up-to-date symlink: /home/vp/robot_ws/install/drive_base_msgs/share/drive_base_msgs/cmake/ament_cmake_export_targets-extras.cmake
[1.034s] -- Up-to-date symlink: /home/vp/robot_ws/install/drive_base_msgs/share/drive_base_msgs/cmake/ament_cmake_export_include_directories-extras.cmake
[1.034s] -- Up-to-date symlink: /home/vp/robot_ws/install/drive_base_msgs/share/drive_base_msgs/cmake/rosidl_cmake_export_typesupport_libraries-extras.cmake
[1.035s] -- Up-to-date symlink: /home/vp/robot_ws/install/drive_base_msgs/share/drive_base_msgs/cmake/rosidl_cmake_export_typesupport_targets-extras.cmake
[1.035s] -- Up-to-date symlink: /home/vp/robot_ws/install/drive_base_msgs/share/drive_base_msgs/cmake/drive_base_msgsConfig.cmake
[1.035s] -- Up-to-date symlink: /home/vp/robot_ws/install/drive_base_msgs/share/drive_base_msgs/cmake/drive_base_msgsConfig-version.cmake
[1.036s] -- Up-to-date symlink: /home/vp/robot_ws/install/drive_base_msgs/share/drive_base_msgs/package.xml
[1.036s] -- Up-to-date: /home/vp/robot_ws/install/drive_base_msgs/lib/libdrive_base_msgs__rosidl_generator_c.so
[1.036s] -- Up-to-date: /home/vp/robot_ws/install/drive_base_msgs/lib/libdrive_base_msgs__rosidl_typesupport_introspection_c.so
[1.038s] -- Up-to-date: /home/vp/robot_ws/install/drive_base_msgs/lib/libdrive_base_msgs__rosidl_typesupport_c.so
[1.039s] -- Up-to-date: /home/vp/robot_ws/install/drive_base_msgs/lib/libdrive_base_msgs__rosidl_typesupport_introspection_cpp.so
[1.039s] -- Up-to-date: /home/vp/robot_ws/install/drive_base_msgs/lib/libdrive_base_msgs__rosidl_typesupport_cpp.so
[1.047s] -- Up-to-date: /home/vp/robot_ws/install/drive_base_msgs/share/drive_base_msgs/cmake/drive_base_msgs__rosidl_generator_cExport.cmake
[1.048s] -- Up-to-date: /home/vp/robot_ws/install/drive_base_msgs/share/drive_base_msgs/cmake/drive_base_msgs__rosidl_generator_cExport-noconfig.cmake
[1.049s] -- Up-to-date: /home/vp/robot_ws/install/drive_base_msgs/share/drive_base_msgs/cmake/drive_base_msgs__rosidl_typesupport_introspection_cExport.cmake
[1.052s] -- Up-to-date: /home/vp/robot_ws/install/drive_base_msgs/share/drive_base_msgs/cmake/drive_base_msgs__rosidl_typesupport_introspection_cExport-noconfig.cmake
[1.052s] -- Up-to-date: /home/vp/robot_ws/install/drive_base_msgs/share/drive_base_msgs/cmake/drive_base_msgs__rosidl_typesupport_cExport.cmake
[1.052s] -- Up-to-date: /home/vp/robot_ws/install/drive_base_msgs/share/drive_base_msgs/cmake/drive_base_msgs__rosidl_typesupport_cExport-noconfig.cmake
[1.052s] -- Up-to-date: /home/vp/robot_ws/install/drive_base_msgs/share/drive_base_msgs/cmake/drive_base_msgs__rosidl_generator_cppExport.cmake
[1.053s] -- Up-to-date: /home/vp/robot_ws/install/drive_base_msgs/share/drive_base_msgs/cmake/drive_base_msgs__rosidl_typesupport_introspection_cppExport.cmake
[1.053s] -- Up-to-date: /home/vp/robot_ws/install/drive_base_msgs/share/drive_base_msgs/cmake/drive_base_msgs__rosidl_typesupport_introspection_cppExport-noconfig.cmake
[1.053s] -- Up-to-date: /home/vp/robot_ws/install/drive_base_msgs/share/drive_base_msgs/cmake/drive_base_msgs__rosidl_typesupport_cppExport.cmake
[1.053s] -- Up-to-date: /home/vp/robot_ws/install/drive_base_msgs/share/drive_base_msgs/cmake/drive_base_msgs__rosidl_typesupport_cppExport-noconfig.cmake
[1.053s] Invoked command in '/home/vp/robot_ws/build/drive_base_msgs' returned '0': CMAKE_PREFIX_PATH=${CMAKE_PREFIX_PATH}:/home/vp/robot_ws/install/two_wheel_demo:/home/vp/robot_ws/install/odrive_driver:/home/vp/robot_ws/install/odom:/opt/ros/foxy /usr/bin/cmake --install /home/vp/robot_ws/build/drive_base_msgs
