[0.082s] Invoking command in '/home/vp/robot_ws/build/micro_ros_setup': CMAKE_PREFIX_PATH=${CMAKE_PREFIX_PATH}:/home/vp/robot_ws/install/two_wheel_demo:/home/vp/robot_ws/install/odrive_driver:/home/vp/robot_ws/install/odom:/opt/ros/foxy /usr/bin/cmake --build /home/vp/robot_ws/build/micro_ros_setup -- -j8 -l8
[0.867s] Invoked command in '/home/vp/robot_ws/build/micro_ros_setup' returned '0': CMAKE_PREFIX_PATH=${CMAKE_PREFIX_PATH}:/home/vp/robot_ws/install/two_wheel_demo:/home/vp/robot_ws/install/odrive_driver:/home/vp/robot_ws/install/odom:/opt/ros/foxy /usr/bin/cmake --build /home/vp/robot_ws/build/micro_ros_setup -- -j8 -l8
[0.930s] Invoking command in '/home/vp/robot_ws/build/micro_ros_setup': CMAKE_PREFIX_PATH=${CMAKE_PREFIX_PATH}:/home/vp/robot_ws/install/two_wheel_demo:/home/vp/robot_ws/install/odrive_driver:/home/vp/robot_ws/install/odom:/opt/ros/foxy /usr/bin/cmake --install /home/vp/robot_ws/build/micro_ros_setup
[0.949s] -- Install configuration: ""
[0.950s] -- Execute custom install script
[0.950s] -- Up-to-date symlink: /home/vp/robot_ws/install/micro_ros_setup/share/ament_index/resource_index/package_run_dependencies/micro_ros_setup
[0.951s] -- Up-to-date symlink: /home/vp/robot_ws/install/micro_ros_setup/share/ament_index/resource_index/parent_prefix_path/micro_ros_setup
[0.951s] -- Up-to-date symlink: /home/vp/robot_ws/install/micro_ros_setup/share/micro_ros_setup/environment/ament_prefix_path.sh
[0.952s] -- Up-to-date symlink: /home/vp/robot_ws/install/micro_ros_setup/share/micro_ros_setup/environment/ament_prefix_path.dsv
[0.953s] -- Up-to-date symlink: /home/vp/robot_ws/install/micro_ros_setup/share/micro_ros_setup/environment/path.sh
[0.954s] -- Up-to-date symlink: /home/vp/robot_ws/install/micro_ros_setup/share/micro_ros_setup/environment/path.dsv
[0.954s] -- Up-to-date symlink: /home/vp/robot_ws/install/micro_ros_setup/share/micro_ros_setup/local_setup.bash
[0.954s] -- Up-to-date symlink: /home/vp/robot_ws/install/micro_ros_setup/share/micro_ros_setup/local_setup.sh
[0.955s] -- Up-to-date symlink: /home/vp/robot_ws/install/micro_ros_setup/share/micro_ros_setup/local_setup.zsh
[0.955s] -- Up-to-date symlink: /home/vp/robot_ws/install/micro_ros_setup/share/micro_ros_setup/local_setup.dsv
[0.955s] -- Symlinking: /home/vp/robot_ws/install/micro_ros_setup/share/micro_ros_setup/package.dsv
[0.996s] -- Up-to-date symlink: /home/vp/robot_ws/install/micro_ros_setup/share/ament_index/resource_index/packages/micro_ros_setup
[0.996s] -- Up-to-date symlink: /home/vp/robot_ws/install/micro_ros_setup/share/micro_ros_setup/cmake/micro_ros_setupConfig.cmake
[0.997s] -- Up-to-date symlink: /home/vp/robot_ws/install/micro_ros_setup/share/micro_ros_setup/cmake/micro_ros_setupConfig-version.cmake
[0.997s] -- Up-to-date symlink: /home/vp/robot_ws/install/micro_ros_setup/share/micro_ros_setup/package.xml
[0.997s] -- Up-to-date symlink: /home/vp/robot_ws/install/micro_ros_setup/lib/micro_ros_setup/create_ws.sh
[0.998s] -- Up-to-date symlink: /home/vp/robot_ws/install/micro_ros_setup/lib/micro_ros_setup/create_agent_ws.sh
[0.998s] -- Up-to-date symlink: /home/vp/robot_ws/install/micro_ros_setup/lib/micro_ros_setup/create_firmware_ws.sh
[0.999s] -- Up-to-date symlink: /home/vp/robot_ws/install/micro_ros_setup/lib/micro_ros_setup/configure_firmware.sh
[0.999s] -- Up-to-date symlink: /home/vp/robot_ws/install/micro_ros_setup/lib/micro_ros_setup/flash_firmware.sh
[0.999s] -- Up-to-date symlink: /home/vp/robot_ws/install/micro_ros_setup/lib/micro_ros_setup/reset_firmware.sh
[1.000s] -- Up-to-date symlink: /home/vp/robot_ws/install/micro_ros_setup/lib/micro_ros_setup/build_firmware.sh
[1.000s] -- Up-to-date symlink: /home/vp/robot_ws/install/micro_ros_setup/lib/micro_ros_setup/build_agent.sh
[1.000s] -- Up-to-date symlink: /home/vp/robot_ws/install/micro_ros_setup/lib/micro_ros_setup/yaml_filter.py
[1.000s] -- Up-to-date symlink: /home/vp/robot_ws/install/micro_ros_setup/lib/micro_ros_setup/clean_env.sh
[1.001s] -- Up-to-date: /home/vp/robot_ws/install/micro_ros_setup/./config
[1.001s] -- Up-to-date: /home/vp/robot_ws/install/micro_ros_setup/./config/nuttx
[1.001s] -- Up-to-date: /home/vp/robot_ws/install/micro_ros_setup/./config/nuttx/generic
[1.002s] -- Up-to-date: /home/vp/robot_ws/install/micro_ros_setup/./config/nuttx/generic/uros_packages.repos
[1.002s] -- Up-to-date: /home/vp/robot_ws/install/micro_ros_setup/./config/nuttx/generic/client-colcon.meta
[1.003s] -- Up-to-date: /home/vp/robot_ws/install/micro_ros_setup/./config/nuttx/generic/reset.sh
[1.003s] -- Up-to-date: /home/vp/robot_ws/install/micro_ros_setup/./config/nuttx/generic/client_uros_packages.repos
[1.012s] -- Up-to-date: /home/vp/robot_ws/install/micro_ros_setup/./config/nuttx/generic/supported_platforms
[1.013s] -- Up-to-date: /home/vp/robot_ws/install/micro_ros_setup/./config/nuttx/generic/flash.sh
[1.015s] -- Up-to-date: /home/vp/robot_ws/install/micro_ros_setup/./config/nuttx/generic/configure.sh
[1.016s] -- Up-to-date: /home/vp/robot_ws/install/micro_ros_setup/./config/nuttx/generic/package.xml
[1.018s] -- Up-to-date: /home/vp/robot_ws/install/micro_ros_setup/./config/nuttx/generic/create.sh
[1.019s] -- Up-to-date: /home/vp/robot_ws/install/micro_ros_setup/./config/nuttx/generic/build.sh
[1.020s] -- Up-to-date: /home/vp/robot_ws/install/micro_ros_setup/./config/nuttx/dev_ros2_packages.txt
[1.020s] -- Up-to-date: /home/vp/robot_ws/install/micro_ros_setup/./config/nuttx/dev_uros_packages.repos
[1.023s] -- Up-to-date: /home/vp/robot_ws/install/micro_ros_setup/./config/raspbian
[1.024s] -- Up-to-date: /home/vp/robot_ws/install/micro_ros_setup/./config/raspbian/generic
[1.034s] -- Up-to-date: /home/vp/robot_ws/install/micro_ros_setup/./config/raspbian/generic/client-colcon.meta
[1.034s] -- Up-to-date: /home/vp/robot_ws/install/micro_ros_setup/./config/raspbian/generic/client_uros_packages.repos
[1.035s] -- Up-to-date: /home/vp/robot_ws/install/micro_ros_setup/./config/raspbian/generic/supported_platforms
[1.036s] -- Up-to-date: /home/vp/robot_ws/install/micro_ros_setup/./config/raspbian/generic/flash.sh
[1.036s] -- Up-to-date: /home/vp/robot_ws/install/micro_ros_setup/./config/raspbian/generic/configure.sh
[1.036s] -- Up-to-date: /home/vp/robot_ws/install/micro_ros_setup/./config/raspbian/generic/create.sh
[1.036s] -- Up-to-date: /home/vp/robot_ws/install/micro_ros_setup/./config/raspbian/generic/build.sh
[1.036s] -- Up-to-date: /home/vp/robot_ws/install/micro_ros_setup/./config/raspbian/dev_ros2_packages.txt
[1.037s] -- Up-to-date: /home/vp/robot_ws/install/micro_ros_setup/./config/raspbian/dev_uros_packages.repos
[1.037s] -- Up-to-date: /home/vp/robot_ws/install/micro_ros_setup/./config/freertos
[1.037s] -- Up-to-date: /home/vp/robot_ws/install/micro_ros_setup/./config/freertos/crazyflie21
[1.038s] -- Up-to-date: /home/vp/robot_ws/install/micro_ros_setup/./config/freertos/crazyflie21/client-colcon.meta
[1.038s] -- Up-to-date: /home/vp/robot_ws/install/micro_ros_setup/./config/freertos/crazyflie21/board.repos
[1.039s] -- Up-to-date: /home/vp/robot_ws/install/micro_ros_setup/./config/freertos/crazyflie21/client_uros_packages.repos
[1.040s] -- Up-to-date: /home/vp/robot_ws/install/micro_ros_setup/./config/freertos/crazyflie21/flash.sh
[1.041s] -- Up-to-date: /home/vp/robot_ws/install/micro_ros_setup/./config/freertos/crazyflie21/configure.sh
[1.041s] -- Up-to-date: /home/vp/robot_ws/install/micro_ros_setup/./config/freertos/crazyflie21/package.xml
[1.044s] -- Up-to-date: /home/vp/robot_ws/install/micro_ros_setup/./config/freertos/crazyflie21/create.sh
[1.045s] -- Up-to-date: /home/vp/robot_ws/install/micro_ros_setup/./config/freertos/crazyflie21/build.sh
[1.046s] -- Up-to-date: /home/vp/robot_ws/install/micro_ros_setup/./config/freertos/list_apps.sh
[1.047s] -- Up-to-date: /home/vp/robot_ws/install/micro_ros_setup/./config/freertos/nucleo_f746zg
[1.048s] -- Up-to-date: /home/vp/robot_ws/install/micro_ros_setup/./config/freertos/nucleo_f746zg/client-colcon.meta
[1.050s] -- Up-to-date: /home/vp/robot_ws/install/micro_ros_setup/./config/freertos/nucleo_f746zg/board.repos
[1.051s] -- Up-to-date: /home/vp/robot_ws/install/micro_ros_setup/./config/freertos/nucleo_f746zg/reset.sh
[1.052s] -- Up-to-date: /home/vp/robot_ws/install/micro_ros_setup/./config/freertos/nucleo_f746zg/client_uros_packages.repos
[1.054s] -- Up-to-date: /home/vp/robot_ws/install/micro_ros_setup/./config/freertos/nucleo_f746zg/flash.sh
[1.055s] -- Up-to-date: /home/vp/robot_ws/install/micro_ros_setup/./config/freertos/nucleo_f746zg/configure.sh
[1.055s] -- Up-to-date: /home/vp/robot_ws/install/micro_ros_setup/./config/freertos/nucleo_f746zg/package.xml
[1.056s] -- Up-to-date: /home/vp/robot_ws/install/micro_ros_setup/./config/freertos/nucleo_f746zg/create.sh
[1.057s] -- Up-to-date: /home/vp/robot_ws/install/micro_ros_setup/./config/freertos/nucleo_f746zg/build.sh
[1.057s] -- Up-to-date: /home/vp/robot_ws/install/micro_ros_setup/./config/freertos/dev_ros2_packages.txt
[1.058s] -- Up-to-date: /home/vp/robot_ws/install/micro_ros_setup/./config/freertos/olimex-stm32-e407
[1.058s] -- Up-to-date: /home/vp/robot_ws/install/micro_ros_setup/./config/freertos/olimex-stm32-e407/client-colcon.meta
[1.063s] -- Up-to-date: /home/vp/robot_ws/install/micro_ros_setup/./config/freertos/olimex-stm32-e407/board.repos
[1.064s] -- Up-to-date: /home/vp/robot_ws/install/micro_ros_setup/./config/freertos/olimex-stm32-e407/reset.sh
[1.072s] -- Up-to-date: /home/vp/robot_ws/install/micro_ros_setup/./config/freertos/olimex-stm32-e407/client_uros_packages.repos
[1.073s] -- Up-to-date: /home/vp/robot_ws/install/micro_ros_setup/./config/freertos/olimex-stm32-e407/flash.sh
[1.074s] -- Up-to-date: /home/vp/robot_ws/install/micro_ros_setup/./config/freertos/olimex-stm32-e407/configure.sh
[1.076s] -- Up-to-date: /home/vp/robot_ws/install/micro_ros_setup/./config/freertos/olimex-stm32-e407/package.xml
[1.076s] -- Up-to-date: /home/vp/robot_ws/install/micro_ros_setup/./config/freertos/olimex-stm32-e407/create.sh
[1.077s] -- Up-to-date: /home/vp/robot_ws/install/micro_ros_setup/./config/freertos/olimex-stm32-e407/build.sh
[1.077s] -- Up-to-date: /home/vp/robot_ws/install/micro_ros_setup/./config/freertos/dev_uros_packages.repos
[1.077s] -- Up-to-date: /home/vp/robot_ws/install/micro_ros_setup/./config/freertos/esp32
[1.077s] -- Up-to-date: /home/vp/robot_ws/install/micro_ros_setup/./config/freertos/esp32/client-colcon.meta
[1.078s] -- Up-to-date: /home/vp/robot_ws/install/micro_ros_setup/./config/freertos/esp32/board.repos
[1.078s] -- Up-to-date: /home/vp/robot_ws/install/micro_ros_setup/./config/freertos/esp32/client_uros_packages.repos
[1.078s] -- Up-to-date: /home/vp/robot_ws/install/micro_ros_setup/./config/freertos/esp32/flash.sh
[1.078s] -- Up-to-date: /home/vp/robot_ws/install/micro_ros_setup/./config/freertos/esp32/configure.sh
[1.078s] -- Up-to-date: /home/vp/robot_ws/install/micro_ros_setup/./config/freertos/esp32/package.xml
[1.078s] -- Up-to-date: /home/vp/robot_ws/install/micro_ros_setup/./config/freertos/esp32/create.sh
[1.079s] -- Up-to-date: /home/vp/robot_ws/install/micro_ros_setup/./config/freertos/esp32/build.sh
[1.079s] -- Up-to-date: /home/vp/robot_ws/install/micro_ros_setup/./config/freertos/esp32/README.md
[1.079s] -- Up-to-date: /home/vp/robot_ws/install/micro_ros_setup/./config/freertos/nucleo_f767zi
[1.079s] -- Up-to-date: /home/vp/robot_ws/install/micro_ros_setup/./config/freertos/nucleo_f767zi/client-colcon.meta
[1.079s] -- Up-to-date: /home/vp/robot_ws/install/micro_ros_setup/./config/freertos/nucleo_f767zi/board.repos
[1.080s] -- Up-to-date: /home/vp/robot_ws/install/micro_ros_setup/./config/freertos/nucleo_f767zi/reset.sh
[1.080s] -- Up-to-date: /home/vp/robot_ws/install/micro_ros_setup/./config/freertos/nucleo_f767zi/client_uros_packages.repos
[1.080s] -- Up-to-date: /home/vp/robot_ws/install/micro_ros_setup/./config/freertos/nucleo_f767zi/flash.sh
[1.080s] -- Up-to-date: /home/vp/robot_ws/install/micro_ros_setup/./config/freertos/nucleo_f767zi/configure.sh
[1.080s] -- Up-to-date: /home/vp/robot_ws/install/micro_ros_setup/./config/freertos/nucleo_f767zi/package.xml
[1.080s] -- Up-to-date: /home/vp/robot_ws/install/micro_ros_setup/./config/freertos/nucleo_f767zi/create.sh
[1.080s] -- Up-to-date: /home/vp/robot_ws/install/micro_ros_setup/./config/freertos/nucleo_f767zi/build.sh
[1.081s] -- Up-to-date: /home/vp/robot_ws/install/micro_ros_setup/./config/freertos/nucleo_f446re
[1.081s] -- Up-to-date: /home/vp/robot_ws/install/micro_ros_setup/./config/freertos/nucleo_f446re/client-colcon.meta
[1.081s] -- Up-to-date: /home/vp/robot_ws/install/micro_ros_setup/./config/freertos/nucleo_f446re/board.repos
[1.081s] -- Up-to-date: /home/vp/robot_ws/install/micro_ros_setup/./config/freertos/nucleo_f446re/reset.sh
[1.081s] -- Up-to-date: /home/vp/robot_ws/install/micro_ros_setup/./config/freertos/nucleo_f446re/client_uros_packages.repos
[1.081s] -- Up-to-date: /home/vp/robot_ws/install/micro_ros_setup/./config/freertos/nucleo_f446re/flash.sh
[1.081s] -- Up-to-date: /home/vp/robot_ws/install/micro_ros_setup/./config/freertos/nucleo_f446re/configure.sh
[1.082s] -- Up-to-date: /home/vp/robot_ws/install/micro_ros_setup/./config/freertos/nucleo_f446re/package.xml
[1.082s] -- Up-to-date: /home/vp/robot_ws/install/micro_ros_setup/./config/freertos/nucleo_f446re/create.sh
[1.082s] -- Up-to-date: /home/vp/robot_ws/install/micro_ros_setup/./config/freertos/nucleo_f446re/build.sh
[1.082s] -- Up-to-date: /home/vp/robot_ws/install/micro_ros_setup/./config/freertos/nucleo_f446ze
[1.082s] -- Up-to-date: /home/vp/robot_ws/install/micro_ros_setup/./config/freertos/nucleo_f446ze/client-colcon.meta
[1.083s] -- Up-to-date: /home/vp/robot_ws/install/micro_ros_setup/./config/freertos/nucleo_f446ze/board.repos
[1.083s] -- Up-to-date: /home/vp/robot_ws/install/micro_ros_setup/./config/freertos/nucleo_f446ze/reset.sh
[1.083s] -- Up-to-date: /home/vp/robot_ws/install/micro_ros_setup/./config/freertos/nucleo_f446ze/client_uros_packages.repos
[1.083s] -- Up-to-date: /home/vp/robot_ws/install/micro_ros_setup/./config/freertos/nucleo_f446ze/flash.sh
[1.083s] -- Up-to-date: /home/vp/robot_ws/install/micro_ros_setup/./config/freertos/nucleo_f446ze/configure.sh
[1.084s] -- Up-to-date: /home/vp/robot_ws/install/micro_ros_setup/./config/freertos/nucleo_f446ze/package.xml
[1.084s] -- Up-to-date: /home/vp/robot_ws/install/micro_ros_setup/./config/freertos/nucleo_f446ze/create.sh
[1.084s] -- Up-to-date: /home/vp/robot_ws/install/micro_ros_setup/./config/freertos/nucleo_f446ze/build.sh
[1.084s] -- Up-to-date: /home/vp/robot_ws/install/micro_ros_setup/./config/renesas_ra
[1.084s] -- Up-to-date: /home/vp/robot_ws/install/micro_ros_setup/./config/renesas_ra/list_apps.sh
[1.084s] -- Up-to-date: /home/vp/robot_ws/install/micro_ros_setup/./config/renesas_ra/dev_ros2_packages.txt
[1.085s] -- Up-to-date: /home/vp/robot_ws/install/micro_ros_setup/./config/renesas_ra/dev_uros_packages.repos
[1.086s] -- Up-to-date: /home/vp/robot_ws/install/micro_ros_setup/./config/renesas_ra/ra6m5
[1.088s] -- Up-to-date: /home/vp/robot_ws/install/micro_ros_setup/./config/renesas_ra/ra6m5/client-colcon.meta
[1.089s] -- Up-to-date: /home/vp/robot_ws/install/micro_ros_setup/./config/renesas_ra/ra6m5/board.repos
[1.090s] -- Up-to-date: /home/vp/robot_ws/install/micro_ros_setup/./config/renesas_ra/ra6m5/client_uros_packages.repos
[1.091s] -- Up-to-date: /home/vp/robot_ws/install/micro_ros_setup/./config/renesas_ra/ra6m5/flash.sh
[1.094s] -- Up-to-date: /home/vp/robot_ws/install/micro_ros_setup/./config/renesas_ra/ra6m5/configure.sh
[1.096s] -- Up-to-date: /home/vp/robot_ws/install/micro_ros_setup/./config/renesas_ra/ra6m5/create.sh
[1.096s] -- Up-to-date: /home/vp/robot_ws/install/micro_ros_setup/./config/renesas_ra/ra6m5/build.sh
[1.097s] -- Up-to-date: /home/vp/robot_ws/install/micro_ros_setup/./config/client_uros_packages.repos
[1.098s] -- Up-to-date: /home/vp/robot_ws/install/micro_ros_setup/./config/host
[1.100s] -- Up-to-date: /home/vp/robot_ws/install/micro_ros_setup/./config/host/generic
[1.102s] -- Up-to-date: /home/vp/robot_ws/install/micro_ros_setup/./config/host/generic/client_host_packages.repos
[1.106s] -- Up-to-date: /home/vp/robot_ws/install/micro_ros_setup/./config/host/generic/client-host-colcon.meta
[1.109s] -- Up-to-date: /home/vp/robot_ws/install/micro_ros_setup/./config/host/generic/reset.sh
[1.110s] -- Up-to-date: /home/vp/robot_ws/install/micro_ros_setup/./config/host/generic/flash.sh
[1.110s] -- Up-to-date: /home/vp/robot_ws/install/micro_ros_setup/./config/host/generic/package.xml
[1.110s] -- Up-to-date: /home/vp/robot_ws/install/micro_ros_setup/./config/host/generic/create.sh
[1.111s] -- Up-to-date: /home/vp/robot_ws/install/micro_ros_setup/./config/host/generic/build.sh
[1.111s] -- Up-to-date: /home/vp/robot_ws/install/micro_ros_setup/./config/host/dev_ros2_packages.txt
[1.112s] -- Up-to-date: /home/vp/robot_ws/install/micro_ros_setup/./config/host/dev_uros_packages.repos
[1.112s] -- Up-to-date: /home/vp/robot_ws/install/micro_ros_setup/./config/host/client_ros2_packages.txt
[1.112s] -- Up-to-date: /home/vp/robot_ws/install/micro_ros_setup/./config/zephyr
[1.113s] -- Up-to-date: /home/vp/robot_ws/install/micro_ros_setup/./config/zephyr/generic
[1.113s] -- Up-to-date: /home/vp/robot_ws/install/micro_ros_setup/./config/zephyr/generic/client-colcon.meta
[1.114s] -- Up-to-date: /home/vp/robot_ws/install/micro_ros_setup/./config/zephyr/generic/board.repos
[1.118s] -- Up-to-date: /home/vp/robot_ws/install/micro_ros_setup/./config/zephyr/generic/reset.sh
[1.124s] -- Up-to-date: /home/vp/robot_ws/install/micro_ros_setup/./config/zephyr/generic/client_uros_packages.repos
[1.125s] -- Up-to-date: /home/vp/robot_ws/install/micro_ros_setup/./config/zephyr/generic/supported_platforms
[1.125s] -- Up-to-date: /home/vp/robot_ws/install/micro_ros_setup/./config/zephyr/generic/flash.sh
[1.125s] -- Up-to-date: /home/vp/robot_ws/install/micro_ros_setup/./config/zephyr/generic/configure.sh
[1.126s] -- Up-to-date: /home/vp/robot_ws/install/micro_ros_setup/./config/zephyr/generic/package.xml
[1.126s] -- Up-to-date: /home/vp/robot_ws/install/micro_ros_setup/./config/zephyr/generic/create.sh
[1.127s] -- Up-to-date: /home/vp/robot_ws/install/micro_ros_setup/./config/zephyr/generic/build.sh
[1.127s] -- Up-to-date: /home/vp/robot_ws/install/micro_ros_setup/./config/zephyr/list_apps.sh
[1.127s] -- Up-to-date: /home/vp/robot_ws/install/micro_ros_setup/./config/zephyr/dev_ros2_packages.txt
[1.127s] -- Up-to-date: /home/vp/robot_ws/install/micro_ros_setup/./config/zephyr/dev_uros_packages.repos
[1.128s] -- Up-to-date: /home/vp/robot_ws/install/micro_ros_setup/./config/generate_lib
[1.128s] -- Up-to-date: /home/vp/robot_ws/install/micro_ros_setup/./config/generate_lib/generic
[1.129s] -- Up-to-date: /home/vp/robot_ws/install/micro_ros_setup/./config/generate_lib/generic/client-colcon.meta
[1.129s] -- Up-to-date: /home/vp/robot_ws/install/micro_ros_setup/./config/generate_lib/generic/client_uros_packages.repos
[1.129s] -- Up-to-date: /home/vp/robot_ws/install/micro_ros_setup/./config/generate_lib/generic/flash.sh
[1.130s] -- Up-to-date: /home/vp/robot_ws/install/micro_ros_setup/./config/generate_lib/generic/package.xml
[1.130s] -- Up-to-date: /home/vp/robot_ws/install/micro_ros_setup/./config/generate_lib/generic/create.sh
[1.130s] -- Up-to-date: /home/vp/robot_ws/install/micro_ros_setup/./config/generate_lib/generic/demo_toolchain.cmake
[1.131s] -- Up-to-date: /home/vp/robot_ws/install/micro_ros_setup/./config/generate_lib/generic/build.sh
[1.131s] -- Up-to-date: /home/vp/robot_ws/install/micro_ros_setup/./config/generate_lib/dev_ros2_packages.txt
[1.131s] -- Up-to-date: /home/vp/robot_ws/install/micro_ros_setup/./config/generate_lib/dev_uros_packages.repos
[1.132s] -- Up-to-date: /home/vp/robot_ws/install/micro_ros_setup/./config/agent_uros_packages.repos
[1.132s] -- Up-to-date: /home/vp/robot_ws/install/micro_ros_setup/./config/client_ros2_packages.txt
[1.133s] -- Up-to-date: /home/vp/robot_ws/install/micro_ros_setup/./config/utils.sh
[1.133s] -- Up-to-date: /home/vp/robot_ws/install/micro_ros_setup/./config/agent_ros2_packages.txt
[1.140s] Invoked command in '/home/vp/robot_ws/build/micro_ros_setup' returned '0': CMAKE_PREFIX_PATH=${CMAKE_PREFIX_PATH}:/home/vp/robot_ws/install/two_wheel_demo:/home/vp/robot_ws/install/odrive_driver:/home/vp/robot_ws/install/odom:/opt/ros/foxy /usr/bin/cmake --install /home/vp/robot_ws/build/micro_ros_setup
