-- Found ament_cmake_auto: 0.9.11 (/opt/ros/foxy/share/ament_cmake_auto/cmake)
-- Using PYTHON_EXECUTABLE: /usr/bin/python3
-- Override CMake install command with custom implementation using symlinks instead of copying resources
-- Configuring done
-- Generating done
-- Build files have been written to: /home/vp/robot_ws/build/odrive_demo_description
-- Install configuration: ""
-- Execute custom install script
-- Symlinking: /home/vp/robot_ws/install/odrive_demo_description/share/odrive_demo_description/urdf/odrive.ros2_control.xacro
-- Symlinking: /home/vp/robot_ws/install/odrive_demo_description/share/odrive_demo_description/urdf/odrive.urdf.xacro
-- Symlinking: /home/vp/robot_ws/install/odrive_demo_description/share/odrive_demo_description/urdf/odrive_diffbot.urdf.xacro
-- Symlinking: /home/vp/robot_ws/install/odrive_demo_description/share/odrive_demo_description/urdf/odrive_rrbot.urdf.xacro
-- Symlinking: /home/vp/robot_ws/install/odrive_demo_description/share/ament_index/resource_index/package_run_dependencies/odrive_demo_description
-- Symlinking: /home/vp/robot_ws/install/odrive_demo_description/share/ament_index/resource_index/parent_prefix_path/odrive_demo_description
-- Symlinking: /home/vp/robot_ws/install/odrive_demo_description/share/odrive_demo_description/environment/ament_prefix_path.sh
-- Symlinking: /home/vp/robot_ws/install/odrive_demo_description/share/odrive_demo_description/environment/ament_prefix_path.dsv
-- Symlinking: /home/vp/robot_ws/install/odrive_demo_description/share/odrive_demo_description/environment/path.sh
-- Symlinking: /home/vp/robot_ws/install/odrive_demo_description/share/odrive_demo_description/environment/path.dsv
-- Symlinking: /home/vp/robot_ws/install/odrive_demo_description/share/odrive_demo_description/local_setup.bash
-- Symlinking: /home/vp/robot_ws/install/odrive_demo_description/share/odrive_demo_description/local_setup.sh
-- Symlinking: /home/vp/robot_ws/install/odrive_demo_description/share/odrive_demo_description/local_setup.zsh
-- Symlinking: /home/vp/robot_ws/install/odrive_demo_description/share/odrive_demo_description/local_setup.dsv
-- Symlinking: /home/vp/robot_ws/install/odrive_demo_description/share/odrive_demo_description/package.dsv
-- Symlinking: /home/vp/robot_ws/install/odrive_demo_description/share/ament_index/resource_index/packages/odrive_demo_description
-- Symlinking: /home/vp/robot_ws/install/odrive_demo_description/share/odrive_demo_description/cmake/odrive_demo_descriptionConfig.cmake
-- Symlinking: /home/vp/robot_ws/install/odrive_demo_description/share/odrive_demo_description/cmake/odrive_demo_descriptionConfig-version.cmake
-- Symlinking: /home/vp/robot_ws/install/odrive_demo_description/share/odrive_demo_description/package.xml
