[1.582s] Invoking command in '/home/vp/robot_ws/build/odrive_driver': PYTHONPATH=/home/vp/robot_ws/build/odrive_driver/prefix_override:/home/vp/robot_ws/install/odrive_driver/lib/python3.8/site-packages:${PYTHONPATH} /usr/bin/python3 setup.py develop --uninstall --editable --build-directory /home/vp/robot_ws/build/odrive_driver/build
[2.021s] running develop
[2.244s] Invoked command in '/home/vp/robot_ws/build/odrive_driver' returned '0': PYTHONPATH=/home/vp/robot_ws/build/odrive_driver/prefix_override:/home/vp/robot_ws/install/odrive_driver/lib/python3.8/site-packages:${PYTHONPATH} /usr/bin/python3 setup.py develop --uninstall --editable --build-directory /home/vp/robot_ws/build/odrive_driver/build
[2.247s] Invoking command in '/home/vp/robot_ws/src/odrive_driver': PYTHONPATH=/home/vp/robot_ws/build/odrive_driver/prefix_override:/home/vp/robot_ws/install/odrive_driver/lib/python3.8/site-packages:${PYTHONPATH} /usr/bin/python3 setup.py egg_info --egg-base ../../build/odrive_driver build --build-base /home/vp/robot_ws/build/odrive_driver/build install --record /home/vp/robot_ws/build/odrive_driver/install.log --single-version-externally-managed
[2.551s] running egg_info
[2.551s] writing ../../build/odrive_driver/odrive_driver.egg-info/PKG-INFO
[2.552s] writing dependency_links to ../../build/odrive_driver/odrive_driver.egg-info/dependency_links.txt
[2.552s] writing entry points to ../../build/odrive_driver/odrive_driver.egg-info/entry_points.txt
[2.552s] writing requirements to ../../build/odrive_driver/odrive_driver.egg-info/requires.txt
[2.552s] writing top-level names to ../../build/odrive_driver/odrive_driver.egg-info/top_level.txt
[2.597s] reading manifest file '../../build/odrive_driver/odrive_driver.egg-info/SOURCES.txt'
[2.598s] writing manifest file '../../build/odrive_driver/odrive_driver.egg-info/SOURCES.txt'
[2.598s] running build
[2.598s] running build_py
[2.598s] running install
[2.599s] running install_lib
[2.601s] running install_data
[2.602s] running install_egg_info
[2.604s] removing '/home/vp/robot_ws/install/odrive_driver/lib/python3.8/site-packages/odrive_driver-0.0.0-py3.8.egg-info' (and everything under it)
[2.605s] Copying ../../build/odrive_driver/odrive_driver.egg-info to /home/vp/robot_ws/install/odrive_driver/lib/python3.8/site-packages/odrive_driver-0.0.0-py3.8.egg-info
[2.606s] running install_scripts
[2.630s] Installing odrive_node script to /home/vp/robot_ws/install/odrive_driver/lib/odrive_driver
[2.630s] writing list of installed files to '/home/vp/robot_ws/build/odrive_driver/install.log'
[2.690s] Invoked command in '/home/vp/robot_ws/src/odrive_driver' returned '0': PYTHONPATH=/home/vp/robot_ws/build/odrive_driver/prefix_override:/home/vp/robot_ws/install/odrive_driver/lib/python3.8/site-packages:${PYTHONPATH} /usr/bin/python3 setup.py egg_info --egg-base ../../build/odrive_driver build --build-base /home/vp/robot_ws/build/odrive_driver/build install --record /home/vp/robot_ws/build/odrive_driver/install.log --single-version-externally-managed
