running develop
running egg_info
writing two_wheel_demo.egg-info/PKG-INFO
writing dependency_links to two_wheel_demo.egg-info/dependency_links.txt
writing entry points to two_wheel_demo.egg-info/entry_points.txt
writing requirements to two_wheel_demo.egg-info/requires.txt
writing top-level names to two_wheel_demo.egg-info/top_level.txt
reading manifest file 'two_wheel_demo.egg-info/SOURCES.txt'
writing manifest file 'two_wheel_demo.egg-info/SOURCES.txt'
running build_ext
Creating /home/vp/robot_ws/install/two_wheel_demo/lib/python3.8/site-packages/site.py
Creating /home/vp/robot_ws/install/two_wheel_demo/lib/python3.8/site-packages/two-wheel-demo.egg-link (link to .)
Installing run_demo script to /home/vp/robot_ws/install/two_wheel_demo/lib/two_wheel_demo

Installed /home/vp/robot_ws/build/two_wheel_demo
running install_data
creating /home/vp/robot_ws/install/two_wheel_demo/share/ament_index
creating /home/vp/robot_ws/install/two_wheel_demo/share/ament_index/resource_index
creating /home/vp/robot_ws/install/two_wheel_demo/share/ament_index/resource_index/packages
copying resource/two_wheel_demo -> /home/vp/robot_ws/install/two_wheel_demo/share/ament_index/resource_index/packages
copying package.xml -> /home/vp/robot_ws/install/two_wheel_demo/share/two_wheel_demo
