[0.092s] Invoking command in '/home/vp/robot_ws/build/diff_drive_controller': CMAKE_PREFIX_PATH=${CMAKE_PREFIX_PATH}:/home/vp/robot_ws/install/two_wheel_demo:/home/vp/robot_ws/install/odrive_driver:/home/vp/robot_ws/install/odom:/opt/ros/foxy /usr/bin/cmake /home/vp/robot_ws/src/diff_drive_controller -DAMENT_CMAKE_SYMLINK_INSTALL=1 -DCMAKE_INSTALL_PREFIX=/home/vp/robot_ws/install/diff_drive_controller
[0.780s] -- The C compiler identification is GNU 9.4.0
[0.783s] -- The CXX compiler identification is GNU 9.4.0
[0.784s] -- Check for working C compiler: /usr/bin/cc
[0.785s] -- Check for working C compiler: /usr/bin/cc -- works
[0.787s] -- Detecting C compiler ABI info
[0.788s] -- Detecting C compiler ABI info - done
[0.788s] -- Detecting C compile features
[0.788s] -- Detecting C compile features - done
[0.788s] -- Check for working CXX compiler: /usr/bin/c++
[0.788s] -- Check for working CXX compiler: /usr/bin/c++ -- works
[0.789s] -- Detecting CXX compiler ABI info
[0.789s] -- Detecting CXX compiler ABI info - done
[0.789s] -- Detecting CXX compile features
[0.789s] -- Detecting CXX compile features - done
[0.789s] -- Found ament_cmake: 0.9.11 (/opt/ros/foxy/share/ament_cmake/cmake)
[0.790s] -- Found PythonInterp: /usr/bin/python3 (found suitable version "3.8.10", minimum required is "3") 
[0.790s] -- Using PYTHON_EXECUTABLE: /usr/bin/python3
[1.184s] -- Override CMake install command with custom implementation using symlinks instead of copying resources
[1.200s] -- Found controller_interface: 0.11.0 (/opt/ros/foxy/share/controller_interface/cmake)
[1.284s] -- Using all available rosidl_typesupport_c: rosidl_typesupport_fastrtps_c;rosidl_typesupport_introspection_c
[1.301s] -- Found rosidl_adapter: 1.3.0 (/opt/ros/foxy/share/rosidl_adapter/cmake)
[1.426s] -- Found OpenSSL: /usr/lib/x86_64-linux-gnu/libcrypto.so (found version "1.1.1f")  
[1.473s] -- Found FastRTPS: /opt/ros/foxy/include  
[1.586s] -- Using all available rosidl_typesupport_cpp: rosidl_typesupport_fastrtps_cpp;rosidl_typesupport_introspection_cpp
[2.288s] -- Found rmw_implementation_cmake: 1.0.3 (/opt/ros/foxy/share/rmw_implementation_cmake/cmake)
[2.291s] -- Using RMW implementation 'rmw_fastrtps_cpp' as default
[2.293s] -- Looking for pthread.h
[2.371s] -- Looking for pthread.h - found
[2.371s] -- Performing Test CMAKE_HAVE_LIBC_PTHREAD
[2.455s] -- Performing Test CMAKE_HAVE_LIBC_PTHREAD - Failed
[2.456s] -- Looking for pthread_create in pthreads
[2.525s] -- Looking for pthread_create in pthreads - not found
[2.525s] -- Looking for pthread_create in pthread
[2.596s] -- Looking for pthread_create in pthread - found
[2.597s] -- Found Threads: TRUE  
[2.877s] -- Found nav_msgs: 2.0.5 (/opt/ros/foxy/share/nav_msgs/cmake)
[2.956s] -- Found realtime_tools: 2.2.0 (/opt/ros/foxy/share/realtime_tools/cmake)
[2.998s] -- Found tf2: 0.13.13 (/opt/ros/foxy/share/tf2/cmake)
[3.009s] -- Found tf2_msgs: 0.13.13 (/opt/ros/foxy/share/tf2_msgs/cmake)
[3.212s] -- Found ament_cmake_gmock: 0.9.11 (/opt/ros/foxy/share/ament_cmake_gmock/cmake)
[3.214s] -- Found controller_manager: 0.11.0 (/opt/ros/foxy/share/controller_manager/cmake)
[3.287s] -- Found gmock sources under '/opt/ros/foxy/src/gmock_vendor': C++ tests using 'Google Mock' will be built
[3.293s] -- Found ament_cmake_gtest: 0.9.11 (/opt/ros/foxy/share/ament_cmake_gtest/cmake)
[3.295s] -- Found gtest sources under '/opt/ros/foxy/src/gtest_vendor': C++ tests using 'Google Test' will be built
[3.467s] -- Configuring done
[3.579s] -- Generating done
[3.582s] -- Build files have been written to: /home/vp/robot_ws/build/diff_drive_controller
[3.593s] Invoked command in '/home/vp/robot_ws/build/diff_drive_controller' returned '0': CMAKE_PREFIX_PATH=${CMAKE_PREFIX_PATH}:/home/vp/robot_ws/install/two_wheel_demo:/home/vp/robot_ws/install/odrive_driver:/home/vp/robot_ws/install/odom:/opt/ros/foxy /usr/bin/cmake /home/vp/robot_ws/src/diff_drive_controller -DAMENT_CMAKE_SYMLINK_INSTALL=1 -DCMAKE_INSTALL_PREFIX=/home/vp/robot_ws/install/diff_drive_controller
[3.596s] Invoking command in '/home/vp/robot_ws/build/diff_drive_controller': CMAKE_PREFIX_PATH=${CMAKE_PREFIX_PATH}:/home/vp/robot_ws/install/two_wheel_demo:/home/vp/robot_ws/install/odrive_driver:/home/vp/robot_ws/install/odom:/opt/ros/foxy /usr/bin/cmake --build /home/vp/robot_ws/build/diff_drive_controller -- -j8 -l8
[3.639s] [35m[1mScanning dependencies of target gmock[0m
[3.640s] [35m[1mScanning dependencies of target gmock_main[0m
[3.640s] [35m[1mScanning dependencies of target diff_drive_controller[0m
[3.670s] [  6%] [32mBuilding CXX object gmock/CMakeFiles/gmock_main.dir/src/gmock_main.cc.o[0m
[3.676s] [ 20%] [32mBuilding CXX object gmock/CMakeFiles/gmock.dir/opt/ros/foxy/src/gtest_vendor/src/gtest-all.cc.o[0m
[3.676s] [ 20%] [32mBuilding CXX object gmock/CMakeFiles/gmock.dir/src/gmock-all.cc.o[0m
[3.758s] [ 26%] [32mBuilding CXX object CMakeFiles/diff_drive_controller.dir/src/speed_limiter.cpp.o[0m
[3.761s] [ 33%] [32mBuilding CXX object CMakeFiles/diff_drive_controller.dir/src/odometry.cpp.o[0m
[3.761s] [ 40%] [32mBuilding CXX object CMakeFiles/diff_drive_controller.dir/src/diff_drive_controller.cpp.o[0m
[4.757s] [ 46%] [32m[1mLinking CXX static library libgmock_main.a[0m
[4.795s] [ 46%] Built target gmock_main
[7.203s] [ 53%] [32m[1mLinking CXX static library libgmock.a[0m
[7.277s] [ 53%] Built target gmock
[7.289s] [35m[1mScanning dependencies of target test_accumulator[0m
[7.289s] [35m[1mScanning dependencies of target test_load_diff_drive_controller[0m
[7.309s] [ 60%] [32mBuilding CXX object CMakeFiles/test_accumulator.dir/test/test_accumulator.cpp.o[0m
[7.363s] [ 66%] [32mBuilding CXX object CMakeFiles/test_load_diff_drive_controller.dir/test/test_load_diff_drive_controller.cpp.o[0m
[8.356s] [ 73%] [32m[1mLinking CXX executable test_accumulator[0m
[8.531s] [ 73%] Built target test_accumulator
[10.636s] [ 80%] [32m[1mLinking CXX executable test_load_diff_drive_controller[0m
[10.957s] [ 80%] Built target test_load_diff_drive_controller
[12.409s] [ 86%] [32m[1mLinking CXX shared library libdiff_drive_controller.so[0m
[12.904s] [ 86%] Built target diff_drive_controller
[12.916s] [35m[1mScanning dependencies of target test_diff_drive_controller[0m
[12.975s] [ 93%] [32mBuilding CXX object CMakeFiles/test_diff_drive_controller.dir/test/test_diff_drive_controller.cpp.o[0m
[17.438s] [100%] [32m[1mLinking CXX executable test_diff_drive_controller[0m
[18.057s] [100%] Built target test_diff_drive_controller
[18.069s] Invoked command in '/home/vp/robot_ws/build/diff_drive_controller' returned '0': CMAKE_PREFIX_PATH=${CMAKE_PREFIX_PATH}:/home/vp/robot_ws/install/two_wheel_demo:/home/vp/robot_ws/install/odrive_driver:/home/vp/robot_ws/install/odom:/opt/ros/foxy /usr/bin/cmake --build /home/vp/robot_ws/build/diff_drive_controller -- -j8 -l8
[18.105s] Invoking command in '/home/vp/robot_ws/build/diff_drive_controller': CMAKE_PREFIX_PATH=${CMAKE_PREFIX_PATH}:/home/vp/robot_ws/install/two_wheel_demo:/home/vp/robot_ws/install/odrive_driver:/home/vp/robot_ws/install/odom:/opt/ros/foxy /usr/bin/cmake --install /home/vp/robot_ws/build/diff_drive_controller
[18.116s] -- Install configuration: ""
[18.116s] -- Execute custom install script
[18.117s] -- Symlinking: /home/vp/robot_ws/install/diff_drive_controller/share/diff_drive_controller//diff_drive_plugin.xml
[18.127s] -- Symlinking: /home/vp/robot_ws/install/diff_drive_controller/include/diff_drive_controller/diff_drive_controller.hpp
[18.137s] -- Symlinking: /home/vp/robot_ws/install/diff_drive_controller/include/diff_drive_controller/odometry.hpp
[18.147s] -- Symlinking: /home/vp/robot_ws/install/diff_drive_controller/include/diff_drive_controller/rolling_mean_accumulator.hpp
[18.157s] -- Symlinking: /home/vp/robot_ws/install/diff_drive_controller/include/diff_drive_controller/speed_limiter.hpp
[18.167s] -- Symlinking: /home/vp/robot_ws/install/diff_drive_controller/include/diff_drive_controller/visibility_control.h
[18.177s] -- Symlinking: /home/vp/robot_ws/install/diff_drive_controller/lib/libdiff_drive_controller.so
[18.188s] -- Symlinking: /home/vp/robot_ws/install/diff_drive_controller/share/diff_drive_controller/environment/library_path.sh
[18.198s] -- Symlinking: /home/vp/robot_ws/install/diff_drive_controller/share/diff_drive_controller/environment/library_path.dsv
[18.208s] -- Symlinking: /home/vp/robot_ws/install/diff_drive_controller/share/ament_index/resource_index/package_run_dependencies/diff_drive_controller
[18.218s] -- Symlinking: /home/vp/robot_ws/install/diff_drive_controller/share/ament_index/resource_index/parent_prefix_path/diff_drive_controller
[18.228s] -- Symlinking: /home/vp/robot_ws/install/diff_drive_controller/share/diff_drive_controller/environment/ament_prefix_path.sh
[18.238s] -- Symlinking: /home/vp/robot_ws/install/diff_drive_controller/share/diff_drive_controller/environment/ament_prefix_path.dsv
[18.248s] -- Symlinking: /home/vp/robot_ws/install/diff_drive_controller/share/diff_drive_controller/environment/path.sh
[18.258s] -- Symlinking: /home/vp/robot_ws/install/diff_drive_controller/share/diff_drive_controller/environment/path.dsv
[18.267s] -- Symlinking: /home/vp/robot_ws/install/diff_drive_controller/share/diff_drive_controller/local_setup.bash
[18.277s] -- Symlinking: /home/vp/robot_ws/install/diff_drive_controller/share/diff_drive_controller/local_setup.sh
[18.286s] -- Symlinking: /home/vp/robot_ws/install/diff_drive_controller/share/diff_drive_controller/local_setup.zsh
[18.300s] -- Symlinking: /home/vp/robot_ws/install/diff_drive_controller/share/diff_drive_controller/local_setup.dsv
[18.313s] -- Symlinking: /home/vp/robot_ws/install/diff_drive_controller/share/diff_drive_controller/package.dsv
[18.325s] -- Symlinking: /home/vp/robot_ws/install/diff_drive_controller/share/ament_index/resource_index/packages/diff_drive_controller
[18.335s] -- Symlinking: /home/vp/robot_ws/install/diff_drive_controller/share/ament_index/resource_index/controller_interface__pluginlib__plugin/diff_drive_controller
[18.345s] -- Symlinking: /home/vp/robot_ws/install/diff_drive_controller/share/diff_drive_controller/cmake/ament_cmake_export_dependencies-extras.cmake
[18.355s] -- Symlinking: /home/vp/robot_ws/install/diff_drive_controller/share/diff_drive_controller/cmake/ament_cmake_export_include_directories-extras.cmake
[18.365s] -- Symlinking: /home/vp/robot_ws/install/diff_drive_controller/share/diff_drive_controller/cmake/ament_cmake_export_libraries-extras.cmake
[18.374s] -- Symlinking: /home/vp/robot_ws/install/diff_drive_controller/share/diff_drive_controller/cmake/diff_drive_controllerConfig.cmake
[18.384s] -- Symlinking: /home/vp/robot_ws/install/diff_drive_controller/share/diff_drive_controller/cmake/diff_drive_controllerConfig-version.cmake
[18.394s] -- Symlinking: /home/vp/robot_ws/install/diff_drive_controller/share/diff_drive_controller/package.xml
[18.406s] Invoked command in '/home/vp/robot_ws/build/diff_drive_controller' returned '0': CMAKE_PREFIX_PATH=${CMAKE_PREFIX_PATH}:/home/vp/robot_ws/install/two_wheel_demo:/home/vp/robot_ws/install/odrive_driver:/home/vp/robot_ws/install/odom:/opt/ros/foxy /usr/bin/cmake --install /home/vp/robot_ws/build/diff_drive_controller
