[0.084s] Invoking command in '/home/vp/robot_ws/build/micro_ros_setup': CMAKE_PREFIX_PATH=${CMAKE_PREFIX_PATH}:/home/vp/robot_ws/install/two_wheel_demo:/home/vp/robot_ws/install/odrive_driver:/home/vp/robot_ws/install/odom:/opt/ros/foxy /usr/bin/cmake --build /home/vp/robot_ws/build/micro_ros_setup -- -j8 -l8
[1.054s] Invoked command in '/home/vp/robot_ws/build/micro_ros_setup' returned '0': CMAKE_PREFIX_PATH=${CMAKE_PREFIX_PATH}:/home/vp/robot_ws/install/two_wheel_demo:/home/vp/robot_ws/install/odrive_driver:/home/vp/robot_ws/install/odom:/opt/ros/foxy /usr/bin/cmake --build /home/vp/robot_ws/build/micro_ros_setup -- -j8 -l8
[1.098s] Invoking command in '/home/vp/robot_ws/build/micro_ros_setup': CMAKE_PREFIX_PATH=${CMAKE_PREFIX_PATH}:/home/vp/robot_ws/install/two_wheel_demo:/home/vp/robot_ws/install/odrive_driver:/home/vp/robot_ws/install/odom:/opt/ros/foxy /usr/bin/cmake --install /home/vp/robot_ws/build/micro_ros_setup
[1.117s] -- Install configuration: ""
[1.121s] -- Execute custom install script
[1.123s] -- Up-to-date symlink: /home/vp/robot_ws/install/micro_ros_setup/share/ament_index/resource_index/package_run_dependencies/micro_ros_setup
[1.124s] -- Up-to-date symlink: /home/vp/robot_ws/install/micro_ros_setup/share/ament_index/resource_index/parent_prefix_path/micro_ros_setup
[1.124s] -- Up-to-date symlink: /home/vp/robot_ws/install/micro_ros_setup/share/micro_ros_setup/environment/ament_prefix_path.sh
[1.125s] -- Up-to-date symlink: /home/vp/robot_ws/install/micro_ros_setup/share/micro_ros_setup/environment/ament_prefix_path.dsv
[1.126s] -- Up-to-date symlink: /home/vp/robot_ws/install/micro_ros_setup/share/micro_ros_setup/environment/path.sh
[1.126s] -- Up-to-date symlink: /home/vp/robot_ws/install/micro_ros_setup/share/micro_ros_setup/environment/path.dsv
[1.127s] -- Up-to-date symlink: /home/vp/robot_ws/install/micro_ros_setup/share/micro_ros_setup/local_setup.bash
[1.127s] -- Up-to-date symlink: /home/vp/robot_ws/install/micro_ros_setup/share/micro_ros_setup/local_setup.sh
[1.128s] -- Up-to-date symlink: /home/vp/robot_ws/install/micro_ros_setup/share/micro_ros_setup/local_setup.zsh
[1.130s] -- Up-to-date symlink: /home/vp/robot_ws/install/micro_ros_setup/share/micro_ros_setup/local_setup.dsv
[1.130s] -- Symlinking: /home/vp/robot_ws/install/micro_ros_setup/share/micro_ros_setup/package.dsv
[1.183s] -- Up-to-date symlink: /home/vp/robot_ws/install/micro_ros_setup/share/ament_index/resource_index/packages/micro_ros_setup
[1.184s] -- Up-to-date symlink: /home/vp/robot_ws/install/micro_ros_setup/share/micro_ros_setup/cmake/micro_ros_setupConfig.cmake
[1.185s] -- Up-to-date symlink: /home/vp/robot_ws/install/micro_ros_setup/share/micro_ros_setup/cmake/micro_ros_setupConfig-version.cmake
[1.186s] -- Up-to-date symlink: /home/vp/robot_ws/install/micro_ros_setup/share/micro_ros_setup/package.xml
[1.187s] -- Up-to-date symlink: /home/vp/robot_ws/install/micro_ros_setup/lib/micro_ros_setup/create_ws.sh
[1.187s] -- Up-to-date symlink: /home/vp/robot_ws/install/micro_ros_setup/lib/micro_ros_setup/create_agent_ws.sh
[1.193s] -- Up-to-date symlink: /home/vp/robot_ws/install/micro_ros_setup/lib/micro_ros_setup/create_firmware_ws.sh
[1.195s] -- Up-to-date symlink: /home/vp/robot_ws/install/micro_ros_setup/lib/micro_ros_setup/configure_firmware.sh
[1.197s] -- Up-to-date symlink: /home/vp/robot_ws/install/micro_ros_setup/lib/micro_ros_setup/flash_firmware.sh
[1.197s] -- Up-to-date symlink: /home/vp/robot_ws/install/micro_ros_setup/lib/micro_ros_setup/reset_firmware.sh
[1.197s] -- Up-to-date symlink: /home/vp/robot_ws/install/micro_ros_setup/lib/micro_ros_setup/build_firmware.sh
[1.198s] -- Up-to-date symlink: /home/vp/robot_ws/install/micro_ros_setup/lib/micro_ros_setup/build_agent.sh
[1.198s] -- Up-to-date symlink: /home/vp/robot_ws/install/micro_ros_setup/lib/micro_ros_setup/yaml_filter.py
[1.199s] -- Up-to-date symlink: /home/vp/robot_ws/install/micro_ros_setup/lib/micro_ros_setup/clean_env.sh
[1.199s] -- Up-to-date: /home/vp/robot_ws/install/micro_ros_setup/./config
[1.200s] -- Up-to-date: /home/vp/robot_ws/install/micro_ros_setup/./config/nuttx
[1.202s] -- Up-to-date: /home/vp/robot_ws/install/micro_ros_setup/./config/nuttx/generic
[1.203s] -- Up-to-date: /home/vp/robot_ws/install/micro_ros_setup/./config/nuttx/generic/uros_packages.repos
[1.206s] -- Up-to-date: /home/vp/robot_ws/install/micro_ros_setup/./config/nuttx/generic/client-colcon.meta
[1.207s] -- Up-to-date: /home/vp/robot_ws/install/micro_ros_setup/./config/nuttx/generic/reset.sh
[1.214s] -- Up-to-date: /home/vp/robot_ws/install/micro_ros_setup/./config/nuttx/generic/client_uros_packages.repos
[1.215s] -- Up-to-date: /home/vp/robot_ws/install/micro_ros_setup/./config/nuttx/generic/supported_platforms
[1.215s] -- Up-to-date: /home/vp/robot_ws/install/micro_ros_setup/./config/nuttx/generic/flash.sh
[1.216s] -- Up-to-date: /home/vp/robot_ws/install/micro_ros_setup/./config/nuttx/generic/configure.sh
[1.217s] -- Up-to-date: /home/vp/robot_ws/install/micro_ros_setup/./config/nuttx/generic/package.xml
[1.217s] -- Up-to-date: /home/vp/robot_ws/install/micro_ros_setup/./config/nuttx/generic/create.sh
[1.218s] -- Up-to-date: /home/vp/robot_ws/install/micro_ros_setup/./config/nuttx/generic/build.sh
[1.218s] -- Up-to-date: /home/vp/robot_ws/install/micro_ros_setup/./config/nuttx/dev_ros2_packages.txt
[1.219s] -- Up-to-date: /home/vp/robot_ws/install/micro_ros_setup/./config/nuttx/dev_uros_packages.repos
[1.219s] -- Up-to-date: /home/vp/robot_ws/install/micro_ros_setup/./config/raspbian
[1.220s] -- Up-to-date: /home/vp/robot_ws/install/micro_ros_setup/./config/raspbian/generic
[1.220s] -- Up-to-date: /home/vp/robot_ws/install/micro_ros_setup/./config/raspbian/generic/client-colcon.meta
[1.221s] -- Up-to-date: /home/vp/robot_ws/install/micro_ros_setup/./config/raspbian/generic/client_uros_packages.repos
[1.222s] -- Up-to-date: /home/vp/robot_ws/install/micro_ros_setup/./config/raspbian/generic/supported_platforms
[1.222s] -- Up-to-date: /home/vp/robot_ws/install/micro_ros_setup/./config/raspbian/generic/flash.sh
[1.222s] -- Up-to-date: /home/vp/robot_ws/install/micro_ros_setup/./config/raspbian/generic/configure.sh
[1.223s] -- Up-to-date: /home/vp/robot_ws/install/micro_ros_setup/./config/raspbian/generic/create.sh
[1.223s] -- Up-to-date: /home/vp/robot_ws/install/micro_ros_setup/./config/raspbian/generic/build.sh
[1.224s] -- Up-to-date: /home/vp/robot_ws/install/micro_ros_setup/./config/raspbian/dev_ros2_packages.txt
[1.225s] -- Up-to-date: /home/vp/robot_ws/install/micro_ros_setup/./config/raspbian/dev_uros_packages.repos
[1.225s] -- Up-to-date: /home/vp/robot_ws/install/micro_ros_setup/./config/freertos
[1.226s] -- Up-to-date: /home/vp/robot_ws/install/micro_ros_setup/./config/freertos/crazyflie21
[1.227s] -- Up-to-date: /home/vp/robot_ws/install/micro_ros_setup/./config/freertos/crazyflie21/client-colcon.meta
[1.228s] -- Up-to-date: /home/vp/robot_ws/install/micro_ros_setup/./config/freertos/crazyflie21/board.repos
[1.229s] -- Up-to-date: /home/vp/robot_ws/install/micro_ros_setup/./config/freertos/crazyflie21/client_uros_packages.repos
[1.229s] -- Up-to-date: /home/vp/robot_ws/install/micro_ros_setup/./config/freertos/crazyflie21/flash.sh
[1.229s] -- Up-to-date: /home/vp/robot_ws/install/micro_ros_setup/./config/freertos/crazyflie21/configure.sh
[1.230s] -- Up-to-date: /home/vp/robot_ws/install/micro_ros_setup/./config/freertos/crazyflie21/package.xml
[1.230s] -- Up-to-date: /home/vp/robot_ws/install/micro_ros_setup/./config/freertos/crazyflie21/create.sh
[1.230s] -- Up-to-date: /home/vp/robot_ws/install/micro_ros_setup/./config/freertos/crazyflie21/build.sh
[1.236s] -- Up-to-date: /home/vp/robot_ws/install/micro_ros_setup/./config/freertos/list_apps.sh
[1.236s] -- Up-to-date: /home/vp/robot_ws/install/micro_ros_setup/./config/freertos/nucleo_f746zg
[1.237s] -- Up-to-date: /home/vp/robot_ws/install/micro_ros_setup/./config/freertos/nucleo_f746zg/client-colcon.meta
[1.238s] -- Up-to-date: /home/vp/robot_ws/install/micro_ros_setup/./config/freertos/nucleo_f746zg/board.repos
[1.239s] -- Up-to-date: /home/vp/robot_ws/install/micro_ros_setup/./config/freertos/nucleo_f746zg/reset.sh
[1.240s] -- Up-to-date: /home/vp/robot_ws/install/micro_ros_setup/./config/freertos/nucleo_f746zg/client_uros_packages.repos
[1.240s] -- Up-to-date: /home/vp/robot_ws/install/micro_ros_setup/./config/freertos/nucleo_f746zg/flash.sh
[1.241s] -- Up-to-date: /home/vp/robot_ws/install/micro_ros_setup/./config/freertos/nucleo_f746zg/configure.sh
[1.241s] -- Up-to-date: /home/vp/robot_ws/install/micro_ros_setup/./config/freertos/nucleo_f746zg/package.xml
[1.241s] -- Up-to-date: /home/vp/robot_ws/install/micro_ros_setup/./config/freertos/nucleo_f746zg/create.sh
[1.241s] -- Up-to-date: /home/vp/robot_ws/install/micro_ros_setup/./config/freertos/nucleo_f746zg/build.sh
[1.241s] -- Up-to-date: /home/vp/robot_ws/install/micro_ros_setup/./config/freertos/dev_ros2_packages.txt
[1.242s] -- Up-to-date: /home/vp/robot_ws/install/micro_ros_setup/./config/freertos/olimex-stm32-e407
[1.242s] -- Up-to-date: /home/vp/robot_ws/install/micro_ros_setup/./config/freertos/olimex-stm32-e407/client-colcon.meta
[1.242s] -- Up-to-date: /home/vp/robot_ws/install/micro_ros_setup/./config/freertos/olimex-stm32-e407/board.repos
[1.242s] -- Up-to-date: /home/vp/robot_ws/install/micro_ros_setup/./config/freertos/olimex-stm32-e407/reset.sh
[1.242s] -- Up-to-date: /home/vp/robot_ws/install/micro_ros_setup/./config/freertos/olimex-stm32-e407/client_uros_packages.repos
[1.243s] -- Up-to-date: /home/vp/robot_ws/install/micro_ros_setup/./config/freertos/olimex-stm32-e407/flash.sh
[1.243s] -- Up-to-date: /home/vp/robot_ws/install/micro_ros_setup/./config/freertos/olimex-stm32-e407/configure.sh
[1.243s] -- Up-to-date: /home/vp/robot_ws/install/micro_ros_setup/./config/freertos/olimex-stm32-e407/package.xml
[1.243s] -- Up-to-date: /home/vp/robot_ws/install/micro_ros_setup/./config/freertos/olimex-stm32-e407/create.sh
[1.243s] -- Up-to-date: /home/vp/robot_ws/install/micro_ros_setup/./config/freertos/olimex-stm32-e407/build.sh
[1.244s] -- Up-to-date: /home/vp/robot_ws/install/micro_ros_setup/./config/freertos/dev_uros_packages.repos
[1.244s] -- Up-to-date: /home/vp/robot_ws/install/micro_ros_setup/./config/freertos/esp32
[1.244s] -- Up-to-date: /home/vp/robot_ws/install/micro_ros_setup/./config/freertos/esp32/client-colcon.meta
[1.245s] -- Up-to-date: /home/vp/robot_ws/install/micro_ros_setup/./config/freertos/esp32/board.repos
[1.245s] -- Up-to-date: /home/vp/robot_ws/install/micro_ros_setup/./config/freertos/esp32/client_uros_packages.repos
[1.245s] -- Up-to-date: /home/vp/robot_ws/install/micro_ros_setup/./config/freertos/esp32/flash.sh
[1.245s] -- Up-to-date: /home/vp/robot_ws/install/micro_ros_setup/./config/freertos/esp32/configure.sh
[1.245s] -- Up-to-date: /home/vp/robot_ws/install/micro_ros_setup/./config/freertos/esp32/package.xml
[1.246s] -- Up-to-date: /home/vp/robot_ws/install/micro_ros_setup/./config/freertos/esp32/create.sh
[1.246s] -- Up-to-date: /home/vp/robot_ws/install/micro_ros_setup/./config/freertos/esp32/build.sh
[1.246s] -- Up-to-date: /home/vp/robot_ws/install/micro_ros_setup/./config/freertos/esp32/README.md
[1.246s] -- Up-to-date: /home/vp/robot_ws/install/micro_ros_setup/./config/freertos/nucleo_f767zi
[1.247s] -- Up-to-date: /home/vp/robot_ws/install/micro_ros_setup/./config/freertos/nucleo_f767zi/client-colcon.meta
[1.248s] -- Up-to-date: /home/vp/robot_ws/install/micro_ros_setup/./config/freertos/nucleo_f767zi/board.repos
[1.248s] -- Up-to-date: /home/vp/robot_ws/install/micro_ros_setup/./config/freertos/nucleo_f767zi/reset.sh
[1.249s] -- Up-to-date: /home/vp/robot_ws/install/micro_ros_setup/./config/freertos/nucleo_f767zi/client_uros_packages.repos
[1.249s] -- Up-to-date: /home/vp/robot_ws/install/micro_ros_setup/./config/freertos/nucleo_f767zi/flash.sh
[1.249s] -- Up-to-date: /home/vp/robot_ws/install/micro_ros_setup/./config/freertos/nucleo_f767zi/configure.sh
[1.249s] -- Up-to-date: /home/vp/robot_ws/install/micro_ros_setup/./config/freertos/nucleo_f767zi/package.xml
[1.250s] -- Up-to-date: /home/vp/robot_ws/install/micro_ros_setup/./config/freertos/nucleo_f767zi/create.sh
[1.250s] -- Up-to-date: /home/vp/robot_ws/install/micro_ros_setup/./config/freertos/nucleo_f767zi/build.sh
[1.250s] -- Up-to-date: /home/vp/robot_ws/install/micro_ros_setup/./config/freertos/nucleo_f446re
[1.250s] -- Up-to-date: /home/vp/robot_ws/install/micro_ros_setup/./config/freertos/nucleo_f446re/client-colcon.meta
[1.250s] -- Up-to-date: /home/vp/robot_ws/install/micro_ros_setup/./config/freertos/nucleo_f446re/board.repos
[1.251s] -- Up-to-date: /home/vp/robot_ws/install/micro_ros_setup/./config/freertos/nucleo_f446re/reset.sh
[1.251s] -- Up-to-date: /home/vp/robot_ws/install/micro_ros_setup/./config/freertos/nucleo_f446re/client_uros_packages.repos
[1.251s] -- Up-to-date: /home/vp/robot_ws/install/micro_ros_setup/./config/freertos/nucleo_f446re/flash.sh
[1.251s] -- Up-to-date: /home/vp/robot_ws/install/micro_ros_setup/./config/freertos/nucleo_f446re/configure.sh
[1.251s] -- Up-to-date: /home/vp/robot_ws/install/micro_ros_setup/./config/freertos/nucleo_f446re/package.xml
[1.252s] -- Up-to-date: /home/vp/robot_ws/install/micro_ros_setup/./config/freertos/nucleo_f446re/create.sh
[1.252s] -- Up-to-date: /home/vp/robot_ws/install/micro_ros_setup/./config/freertos/nucleo_f446re/build.sh
[1.252s] -- Up-to-date: /home/vp/robot_ws/install/micro_ros_setup/./config/freertos/nucleo_f446ze
[1.252s] -- Up-to-date: /home/vp/robot_ws/install/micro_ros_setup/./config/freertos/nucleo_f446ze/client-colcon.meta
[1.252s] -- Up-to-date: /home/vp/robot_ws/install/micro_ros_setup/./config/freertos/nucleo_f446ze/board.repos
[1.252s] -- Up-to-date: /home/vp/robot_ws/install/micro_ros_setup/./config/freertos/nucleo_f446ze/reset.sh
[1.252s] -- Up-to-date: /home/vp/robot_ws/install/micro_ros_setup/./config/freertos/nucleo_f446ze/client_uros_packages.repos
[1.253s] -- Up-to-date: /home/vp/robot_ws/install/micro_ros_setup/./config/freertos/nucleo_f446ze/flash.sh
[1.253s] -- Up-to-date: /home/vp/robot_ws/install/micro_ros_setup/./config/freertos/nucleo_f446ze/configure.sh
[1.253s] -- Up-to-date: /home/vp/robot_ws/install/micro_ros_setup/./config/freertos/nucleo_f446ze/package.xml
[1.253s] -- Up-to-date: /home/vp/robot_ws/install/micro_ros_setup/./config/freertos/nucleo_f446ze/create.sh
[1.253s] -- Up-to-date: /home/vp/robot_ws/install/micro_ros_setup/./config/freertos/nucleo_f446ze/build.sh
[1.253s] -- Up-to-date: /home/vp/robot_ws/install/micro_ros_setup/./config/renesas_ra
[1.254s] -- Up-to-date: /home/vp/robot_ws/install/micro_ros_setup/./config/renesas_ra/list_apps.sh
[1.254s] -- Up-to-date: /home/vp/robot_ws/install/micro_ros_setup/./config/renesas_ra/dev_ros2_packages.txt
[1.254s] -- Up-to-date: /home/vp/robot_ws/install/micro_ros_setup/./config/renesas_ra/dev_uros_packages.repos
[1.254s] -- Up-to-date: /home/vp/robot_ws/install/micro_ros_setup/./config/renesas_ra/ra6m5
[1.254s] -- Up-to-date: /home/vp/robot_ws/install/micro_ros_setup/./config/renesas_ra/ra6m5/client-colcon.meta
[1.270s] -- Up-to-date: /home/vp/robot_ws/install/micro_ros_setup/./config/renesas_ra/ra6m5/board.repos
[1.272s] -- Up-to-date: /home/vp/robot_ws/install/micro_ros_setup/./config/renesas_ra/ra6m5/client_uros_packages.repos
[1.272s] -- Up-to-date: /home/vp/robot_ws/install/micro_ros_setup/./config/renesas_ra/ra6m5/flash.sh
[1.273s] -- Up-to-date: /home/vp/robot_ws/install/micro_ros_setup/./config/renesas_ra/ra6m5/configure.sh
[1.273s] -- Up-to-date: /home/vp/robot_ws/install/micro_ros_setup/./config/renesas_ra/ra6m5/create.sh
[1.273s] -- Up-to-date: /home/vp/robot_ws/install/micro_ros_setup/./config/renesas_ra/ra6m5/build.sh
[1.273s] -- Up-to-date: /home/vp/robot_ws/install/micro_ros_setup/./config/client_uros_packages.repos
[1.274s] -- Up-to-date: /home/vp/robot_ws/install/micro_ros_setup/./config/host
[1.274s] -- Up-to-date: /home/vp/robot_ws/install/micro_ros_setup/./config/host/generic
[1.274s] -- Up-to-date: /home/vp/robot_ws/install/micro_ros_setup/./config/host/generic/client_host_packages.repos
[1.275s] -- Up-to-date: /home/vp/robot_ws/install/micro_ros_setup/./config/host/generic/client-host-colcon.meta
[1.275s] -- Up-to-date: /home/vp/robot_ws/install/micro_ros_setup/./config/host/generic/reset.sh
[1.275s] -- Up-to-date: /home/vp/robot_ws/install/micro_ros_setup/./config/host/generic/flash.sh
[1.275s] -- Up-to-date: /home/vp/robot_ws/install/micro_ros_setup/./config/host/generic/package.xml
[1.276s] -- Up-to-date: /home/vp/robot_ws/install/micro_ros_setup/./config/host/generic/create.sh
[1.276s] -- Up-to-date: /home/vp/robot_ws/install/micro_ros_setup/./config/host/generic/build.sh
[1.276s] -- Up-to-date: /home/vp/robot_ws/install/micro_ros_setup/./config/host/dev_ros2_packages.txt
[1.276s] -- Up-to-date: /home/vp/robot_ws/install/micro_ros_setup/./config/host/dev_uros_packages.repos
[1.277s] -- Up-to-date: /home/vp/robot_ws/install/micro_ros_setup/./config/host/client_ros2_packages.txt
[1.277s] -- Up-to-date: /home/vp/robot_ws/install/micro_ros_setup/./config/zephyr
[1.277s] -- Up-to-date: /home/vp/robot_ws/install/micro_ros_setup/./config/zephyr/generic
[1.278s] -- Up-to-date: /home/vp/robot_ws/install/micro_ros_setup/./config/zephyr/generic/client-colcon.meta
[1.278s] -- Up-to-date: /home/vp/robot_ws/install/micro_ros_setup/./config/zephyr/generic/board.repos
[1.278s] -- Up-to-date: /home/vp/robot_ws/install/micro_ros_setup/./config/zephyr/generic/reset.sh
[1.278s] -- Up-to-date: /home/vp/robot_ws/install/micro_ros_setup/./config/zephyr/generic/client_uros_packages.repos
[1.279s] -- Up-to-date: /home/vp/robot_ws/install/micro_ros_setup/./config/zephyr/generic/supported_platforms
[1.279s] -- Up-to-date: /home/vp/robot_ws/install/micro_ros_setup/./config/zephyr/generic/flash.sh
[1.279s] -- Up-to-date: /home/vp/robot_ws/install/micro_ros_setup/./config/zephyr/generic/configure.sh
[1.279s] -- Up-to-date: /home/vp/robot_ws/install/micro_ros_setup/./config/zephyr/generic/package.xml
[1.280s] -- Up-to-date: /home/vp/robot_ws/install/micro_ros_setup/./config/zephyr/generic/create.sh
[1.280s] -- Up-to-date: /home/vp/robot_ws/install/micro_ros_setup/./config/zephyr/generic/build.sh
[1.280s] -- Up-to-date: /home/vp/robot_ws/install/micro_ros_setup/./config/zephyr/list_apps.sh
[1.280s] -- Up-to-date: /home/vp/robot_ws/install/micro_ros_setup/./config/zephyr/dev_ros2_packages.txt
[1.280s] -- Up-to-date: /home/vp/robot_ws/install/micro_ros_setup/./config/zephyr/dev_uros_packages.repos
[1.281s] -- Up-to-date: /home/vp/robot_ws/install/micro_ros_setup/./config/generate_lib
[1.281s] -- Up-to-date: /home/vp/robot_ws/install/micro_ros_setup/./config/generate_lib/generic
[1.281s] -- Up-to-date: /home/vp/robot_ws/install/micro_ros_setup/./config/generate_lib/generic/client-colcon.meta
[1.281s] -- Up-to-date: /home/vp/robot_ws/install/micro_ros_setup/./config/generate_lib/generic/client_uros_packages.repos
[1.281s] -- Up-to-date: /home/vp/robot_ws/install/micro_ros_setup/./config/generate_lib/generic/flash.sh
[1.282s] -- Up-to-date: /home/vp/robot_ws/install/micro_ros_setup/./config/generate_lib/generic/package.xml
[1.282s] -- Up-to-date: /home/vp/robot_ws/install/micro_ros_setup/./config/generate_lib/generic/create.sh
[1.282s] -- Up-to-date: /home/vp/robot_ws/install/micro_ros_setup/./config/generate_lib/generic/demo_toolchain.cmake
[1.282s] -- Up-to-date: /home/vp/robot_ws/install/micro_ros_setup/./config/generate_lib/generic/build.sh
[1.282s] -- Up-to-date: /home/vp/robot_ws/install/micro_ros_setup/./config/generate_lib/dev_ros2_packages.txt
[1.282s] -- Up-to-date: /home/vp/robot_ws/install/micro_ros_setup/./config/generate_lib/dev_uros_packages.repos
[1.283s] -- Up-to-date: /home/vp/robot_ws/install/micro_ros_setup/./config/agent_uros_packages.repos
[1.283s] -- Up-to-date: /home/vp/robot_ws/install/micro_ros_setup/./config/client_ros2_packages.txt
[1.283s] -- Up-to-date: /home/vp/robot_ws/install/micro_ros_setup/./config/utils.sh
[1.283s] -- Up-to-date: /home/vp/robot_ws/install/micro_ros_setup/./config/agent_ros2_packages.txt
[1.295s] Invoked command in '/home/vp/robot_ws/build/micro_ros_setup' returned '0': CMAKE_PREFIX_PATH=${CMAKE_PREFIX_PATH}:/home/vp/robot_ws/install/two_wheel_demo:/home/vp/robot_ws/install/odrive_driver:/home/vp/robot_ws/install/odom:/opt/ros/foxy /usr/bin/cmake --install /home/vp/robot_ws/build/micro_ros_setup
