[0.353s] DEBUG:colcon:Command line arguments: ['/usr/bin/colcon', 'build', '--symlink-install']
[0.353s] DEBUG:colcon:Parsed command line arguments: Namespace(allow_overriding=[], ament_cmake_args=None, base_paths=['.'], build_base='build', catkin_cmake_args=None, catkin_skip_building_tests=False, cmake_args=None, cmake_clean_cache=False, cmake_clean_first=False, cmake_force_configure=False, cmake_target=None, cmake_target_skip_unavailable=False, continue_on_error=False, event_handlers=None, executor='parallel', ignore_user_meta=False, install_base='install', log_base=None, log_level=None, main=<bound method BuildVerb.main of <colcon_core.verb.build.BuildVerb object at 0x7f0ad6af70a0>>, merge_install=False, metas=['./colcon.meta'], packages_above=None, packages_above_and_dependencies=None, packages_above_depth=None, packages_end=None, packages_ignore=None, packages_ignore_regex=None, packages_select=None, packages_select_build_failed=False, packages_select_by_dep=None, packages_select_regex=None, packages_select_test_failures=False, packages_skip=None, packages_skip_build_finished=False, packages_skip_by_dep=None, packages_skip_regex=None, packages_skip_test_passed=False, packages_skip_up_to=None, packages_start=None, packages_up_to=None, packages_up_to_regex=None, parallel_workers=8, paths=None, symlink_install=True, test_result_base=None, verb_extension=<colcon_core.verb.build.BuildVerb object at 0x7f0ad6af70a0>, verb_name='build', verb_parser=<colcon_defaults.argument_parser.defaults.DefaultArgumentsDecorator object at 0x7f0ad6af75e0>)
[0.384s] Level 1:colcon.colcon_core.package_discovery:discover_packages(colcon_meta) check parameters
[0.384s] Level 1:colcon.colcon_core.package_discovery:discover_packages(recursive) check parameters
[0.384s] Level 1:colcon.colcon_core.package_discovery:discover_packages(ignore) check parameters
[0.384s] Level 1:colcon.colcon_core.package_discovery:discover_packages(path) check parameters
[0.384s] Level 1:colcon.colcon_core.package_discovery:discover_packages(colcon_meta) discover
[0.384s] Level 1:colcon.colcon_core.package_discovery:discover_packages(recursive) discover
[0.384s] INFO:colcon.colcon_core.package_discovery:Crawling recursively for packages in '/home/vp/robot_ws'
[0.384s] Level 1:colcon.colcon_core.package_identification:_identify(.) by extensions ['ignore', 'ignore_ament_install']
[0.384s] Level 1:colcon.colcon_core.package_identification:_identify(.) by extension 'ignore'
[0.384s] Level 1:colcon.colcon_core.package_identification:_identify(.) by extension 'ignore_ament_install'
[0.384s] Level 1:colcon.colcon_core.package_identification:_identify(.) by extensions ['colcon_pkg']
[0.384s] Level 1:colcon.colcon_core.package_identification:_identify(.) by extension 'colcon_pkg'
[0.384s] Level 1:colcon.colcon_core.package_identification:_identify(.) by extensions ['colcon_meta']
[0.384s] Level 1:colcon.colcon_core.package_identification:_identify(.) by extension 'colcon_meta'
[0.384s] Level 1:colcon.colcon_core.package_identification:_identify(.) by extensions ['ros']
[0.385s] Level 1:colcon.colcon_core.package_identification:_identify(.) by extension 'ros'
[0.406s] Level 1:colcon.colcon_core.package_identification:_identify(.) by extensions ['cmake', 'python']
[0.406s] Level 1:colcon.colcon_core.package_identification:_identify(.) by extension 'cmake'
[0.406s] Level 1:colcon.colcon_core.package_identification:_identify(.) by extension 'python'
[0.406s] Level 1:colcon.colcon_core.package_identification:_identify(.) by extensions ['python_setup_py']
[0.406s] Level 1:colcon.colcon_core.package_identification:_identify(.) by extension 'python_setup_py'
[0.406s] Level 1:colcon.colcon_core.package_identification:_identify(build) by extensions ['ignore', 'ignore_ament_install']
[0.406s] Level 1:colcon.colcon_core.package_identification:_identify(build) by extension 'ignore'
[0.406s] Level 1:colcon.colcon_core.package_identification:_identify(build) ignored
[0.406s] Level 1:colcon.colcon_core.package_identification:_identify(install) by extensions ['ignore', 'ignore_ament_install']
[0.407s] Level 1:colcon.colcon_core.package_identification:_identify(install) by extension 'ignore'
[0.407s] Level 1:colcon.colcon_core.package_identification:_identify(install) ignored
[0.407s] Level 1:colcon.colcon_core.package_identification:_identify(log) by extensions ['ignore', 'ignore_ament_install']
[0.407s] Level 1:colcon.colcon_core.package_identification:_identify(log) by extension 'ignore'
[0.407s] Level 1:colcon.colcon_core.package_identification:_identify(log) ignored
[0.407s] Level 1:colcon.colcon_core.package_identification:_identify(src) by extensions ['ignore', 'ignore_ament_install']
[0.407s] Level 1:colcon.colcon_core.package_identification:_identify(src) by extension 'ignore'
[0.407s] Level 1:colcon.colcon_core.package_identification:_identify(src) by extension 'ignore_ament_install'
[0.407s] Level 1:colcon.colcon_core.package_identification:_identify(src) by extensions ['colcon_pkg']
[0.407s] Level 1:colcon.colcon_core.package_identification:_identify(src) by extension 'colcon_pkg'
[0.408s] Level 1:colcon.colcon_core.package_identification:_identify(src) by extensions ['colcon_meta']
[0.408s] Level 1:colcon.colcon_core.package_identification:_identify(src) by extension 'colcon_meta'
[0.408s] Level 1:colcon.colcon_core.package_identification:_identify(src) by extensions ['ros']
[0.408s] Level 1:colcon.colcon_core.package_identification:_identify(src) by extension 'ros'
[0.408s] Level 1:colcon.colcon_core.package_identification:_identify(src) by extensions ['cmake', 'python']
[0.408s] Level 1:colcon.colcon_core.package_identification:_identify(src) by extension 'cmake'
[0.408s] Level 1:colcon.colcon_core.package_identification:_identify(src) by extension 'python'
[0.408s] Level 1:colcon.colcon_core.package_identification:_identify(src) by extensions ['python_setup_py']
[0.408s] Level 1:colcon.colcon_core.package_identification:_identify(src) by extension 'python_setup_py'
[0.408s] Level 1:colcon.colcon_core.package_identification:_identify(src/lidar_vp) by extensions ['ignore', 'ignore_ament_install']
[0.408s] Level 1:colcon.colcon_core.package_identification:_identify(src/lidar_vp) by extension 'ignore'
[0.408s] Level 1:colcon.colcon_core.package_identification:_identify(src/lidar_vp) by extension 'ignore_ament_install'
[0.408s] Level 1:colcon.colcon_core.package_identification:_identify(src/lidar_vp) by extensions ['colcon_pkg']
[0.408s] Level 1:colcon.colcon_core.package_identification:_identify(src/lidar_vp) by extension 'colcon_pkg'
[0.408s] Level 1:colcon.colcon_core.package_identification:_identify(src/lidar_vp) by extensions ['colcon_meta']
[0.408s] Level 1:colcon.colcon_core.package_identification:_identify(src/lidar_vp) by extension 'colcon_meta'
[0.408s] Level 1:colcon.colcon_core.package_identification:_identify(src/lidar_vp) by extensions ['ros']
[0.408s] Level 1:colcon.colcon_core.package_identification:_identify(src/lidar_vp) by extension 'ros'
[0.411s] DEBUG:colcon.colcon_core.package_identification:Package 'src/lidar_vp' with type 'ros.ament_python' and name 'lidar_vp'
[0.411s] Level 1:colcon.colcon_core.package_identification:_identify(src/odom_vp) by extensions ['ignore', 'ignore_ament_install']
[0.411s] Level 1:colcon.colcon_core.package_identification:_identify(src/odom_vp) by extension 'ignore'
[0.411s] Level 1:colcon.colcon_core.package_identification:_identify(src/odom_vp) by extension 'ignore_ament_install'
[0.411s] Level 1:colcon.colcon_core.package_identification:_identify(src/odom_vp) by extensions ['colcon_pkg']
[0.411s] Level 1:colcon.colcon_core.package_identification:_identify(src/odom_vp) by extension 'colcon_pkg'
[0.411s] Level 1:colcon.colcon_core.package_identification:_identify(src/odom_vp) by extensions ['colcon_meta']
[0.411s] Level 1:colcon.colcon_core.package_identification:_identify(src/odom_vp) by extension 'colcon_meta'
[0.412s] Level 1:colcon.colcon_core.package_identification:_identify(src/odom_vp) by extensions ['ros']
[0.412s] Level 1:colcon.colcon_core.package_identification:_identify(src/odom_vp) by extension 'ros'
[0.412s] DEBUG:colcon.colcon_core.package_identification:Package 'src/odom_vp' with type 'ros.ament_python' and name 'odom_vp'
[0.412s] Level 1:colcon.colcon_core.package_identification:_identify(src/odrive_driver) by extensions ['ignore', 'ignore_ament_install']
[0.412s] Level 1:colcon.colcon_core.package_identification:_identify(src/odrive_driver) by extension 'ignore'
[0.412s] Level 1:colcon.colcon_core.package_identification:_identify(src/odrive_driver) by extension 'ignore_ament_install'
[0.413s] Level 1:colcon.colcon_core.package_identification:_identify(src/odrive_driver) by extensions ['colcon_pkg']
[0.413s] Level 1:colcon.colcon_core.package_identification:_identify(src/odrive_driver) by extension 'colcon_pkg'
[0.413s] Level 1:colcon.colcon_core.package_identification:_identify(src/odrive_driver) by extensions ['colcon_meta']
[0.413s] Level 1:colcon.colcon_core.package_identification:_identify(src/odrive_driver) by extension 'colcon_meta'
[0.413s] Level 1:colcon.colcon_core.package_identification:_identify(src/odrive_driver) by extensions ['ros']
[0.413s] Level 1:colcon.colcon_core.package_identification:_identify(src/odrive_driver) by extension 'ros'
[0.413s] DEBUG:colcon.colcon_core.package_identification:Package 'src/odrive_driver' with type 'ros.ament_python' and name 'odrive_driver'
[0.413s] Level 1:colcon.colcon_core.package_identification:_identify(src/ros2_serial_interface) by extensions ['ignore', 'ignore_ament_install']
[0.414s] Level 1:colcon.colcon_core.package_identification:_identify(src/ros2_serial_interface) by extension 'ignore'
[0.414s] Level 1:colcon.colcon_core.package_identification:_identify(src/ros2_serial_interface) by extension 'ignore_ament_install'
[0.414s] Level 1:colcon.colcon_core.package_identification:_identify(src/ros2_serial_interface) by extensions ['colcon_pkg']
[0.414s] Level 1:colcon.colcon_core.package_identification:_identify(src/ros2_serial_interface) by extension 'colcon_pkg'
[0.414s] Level 1:colcon.colcon_core.package_identification:_identify(src/ros2_serial_interface) by extensions ['colcon_meta']
[0.414s] Level 1:colcon.colcon_core.package_identification:_identify(src/ros2_serial_interface) by extension 'colcon_meta'
[0.414s] Level 1:colcon.colcon_core.package_identification:_identify(src/ros2_serial_interface) by extensions ['ros']
[0.414s] Level 1:colcon.colcon_core.package_identification:_identify(src/ros2_serial_interface) by extension 'ros'
[0.415s] DEBUG:colcon.colcon_core.package_identification:Package 'src/ros2_serial_interface' with type 'ros.ament_python' and name 'ros2_serial_interface'
[0.415s] Level 1:colcon.colcon_core.package_identification:_identify(src/vp_one) by extensions ['ignore', 'ignore_ament_install']
[0.415s] Level 1:colcon.colcon_core.package_identification:_identify(src/vp_one) by extension 'ignore'
[0.415s] Level 1:colcon.colcon_core.package_identification:_identify(src/vp_one) by extension 'ignore_ament_install'
[0.415s] Level 1:colcon.colcon_core.package_identification:_identify(src/vp_one) by extensions ['colcon_pkg']
[0.415s] Level 1:colcon.colcon_core.package_identification:_identify(src/vp_one) by extension 'colcon_pkg'
[0.415s] Level 1:colcon.colcon_core.package_identification:_identify(src/vp_one) by extensions ['colcon_meta']
[0.415s] Level 1:colcon.colcon_core.package_identification:_identify(src/vp_one) by extension 'colcon_meta'
[0.415s] Level 1:colcon.colcon_core.package_identification:_identify(src/vp_one) by extensions ['ros']
[0.415s] Level 1:colcon.colcon_core.package_identification:_identify(src/vp_one) by extension 'ros'
[0.416s] DEBUG:colcon.colcon_core.package_identification:Package 'src/vp_one' with type 'ros.ament_cmake' and name 'vp_one'
[0.416s] Level 1:colcon.colcon_core.package_identification:_identify(src/ydlidar_ros2_driver) by extensions ['ignore', 'ignore_ament_install']
[0.416s] Level 1:colcon.colcon_core.package_identification:_identify(src/ydlidar_ros2_driver) by extension 'ignore'
[0.416s] Level 1:colcon.colcon_core.package_identification:_identify(src/ydlidar_ros2_driver) by extension 'ignore_ament_install'
[0.416s] Level 1:colcon.colcon_core.package_identification:_identify(src/ydlidar_ros2_driver) by extensions ['colcon_pkg']
[0.416s] Level 1:colcon.colcon_core.package_identification:_identify(src/ydlidar_ros2_driver) by extension 'colcon_pkg'
[0.416s] Level 1:colcon.colcon_core.package_identification:_identify(src/ydlidar_ros2_driver) by extensions ['colcon_meta']
[0.416s] Level 1:colcon.colcon_core.package_identification:_identify(src/ydlidar_ros2_driver) by extension 'colcon_meta'
[0.416s] Level 1:colcon.colcon_core.package_identification:_identify(src/ydlidar_ros2_driver) by extensions ['ros']
[0.416s] Level 1:colcon.colcon_core.package_identification:_identify(src/ydlidar_ros2_driver) by extension 'ros'
[0.417s] DEBUG:colcon.colcon_core.package_identification:Package 'src/ydlidar_ros2_driver' with type 'ros.ament_cmake' and name 'ydlidar_ros2_driver'
[0.417s] Level 1:colcon.colcon_core.package_discovery:discover_packages(recursive) using defaults
[0.417s] Level 1:colcon.colcon_core.package_discovery:discover_packages(ignore) discover
[0.417s] Level 1:colcon.colcon_core.package_discovery:discover_packages(ignore) using defaults
[0.417s] Level 1:colcon.colcon_core.package_discovery:discover_packages(path) discover
[0.417s] Level 1:colcon.colcon_core.package_discovery:discover_packages(path) using defaults
[0.441s] Level 1:colcon.colcon_core.package_discovery:discover_packages(prefix_path) check parameters
[0.441s] Level 1:colcon.colcon_core.package_discovery:discover_packages(prefix_path) discover
[0.444s] DEBUG:colcon.colcon_installed_package_information.package_discovery:Found 6 installed packages in /home/vp/robot_ws/install
[0.445s] DEBUG:colcon.colcon_installed_package_information.package_discovery:Found 1 installed packages in /home/vp/aros2/install
[0.448s] DEBUG:colcon.colcon_installed_package_information.package_discovery:Found 295 installed packages in /opt/ros/foxy
[0.449s] Level 1:colcon.colcon_core.package_discovery:discover_packages(prefix_path) using defaults
[0.532s] Level 5:colcon.colcon_core.verb:set package 'lidar_vp' build argument 'cmake_args' from command line to 'None'
[0.532s] Level 5:colcon.colcon_core.verb:set package 'lidar_vp' build argument 'cmake_target' from command line to 'None'
[0.532s] Level 5:colcon.colcon_core.verb:set package 'lidar_vp' build argument 'cmake_target_skip_unavailable' from command line to 'False'
[0.532s] Level 5:colcon.colcon_core.verb:set package 'lidar_vp' build argument 'cmake_clean_cache' from command line to 'False'
[0.532s] Level 5:colcon.colcon_core.verb:set package 'lidar_vp' build argument 'cmake_clean_first' from command line to 'False'
[0.532s] Level 5:colcon.colcon_core.verb:set package 'lidar_vp' build argument 'cmake_force_configure' from command line to 'False'
[0.532s] Level 5:colcon.colcon_core.verb:set package 'lidar_vp' build argument 'ament_cmake_args' from command line to 'None'
[0.532s] Level 5:colcon.colcon_core.verb:set package 'lidar_vp' build argument 'catkin_cmake_args' from command line to 'None'
[0.532s] Level 5:colcon.colcon_core.verb:set package 'lidar_vp' build argument 'catkin_skip_building_tests' from command line to 'False'
[0.532s] DEBUG:colcon.colcon_core.verb:Building package 'lidar_vp' with the following arguments: {'ament_cmake_args': None, 'build_base': '/home/vp/robot_ws/build/lidar_vp', 'catkin_cmake_args': None, 'catkin_skip_building_tests': False, 'cmake_args': None, 'cmake_clean_cache': False, 'cmake_clean_first': False, 'cmake_force_configure': False, 'cmake_target': None, 'cmake_target_skip_unavailable': False, 'install_base': '/home/vp/robot_ws/install/lidar_vp', 'merge_install': False, 'path': '/home/vp/robot_ws/src/lidar_vp', 'symlink_install': True, 'test_result_base': None}
[0.533s] Level 5:colcon.colcon_core.verb:set package 'odom_vp' build argument 'cmake_args' from command line to 'None'
[0.533s] Level 5:colcon.colcon_core.verb:set package 'odom_vp' build argument 'cmake_target' from command line to 'None'
[0.533s] Level 5:colcon.colcon_core.verb:set package 'odom_vp' build argument 'cmake_target_skip_unavailable' from command line to 'False'
[0.533s] Level 5:colcon.colcon_core.verb:set package 'odom_vp' build argument 'cmake_clean_cache' from command line to 'False'
[0.533s] Level 5:colcon.colcon_core.verb:set package 'odom_vp' build argument 'cmake_clean_first' from command line to 'False'
[0.533s] Level 5:colcon.colcon_core.verb:set package 'odom_vp' build argument 'cmake_force_configure' from command line to 'False'
[0.533s] Level 5:colcon.colcon_core.verb:set package 'odom_vp' build argument 'ament_cmake_args' from command line to 'None'
[0.533s] Level 5:colcon.colcon_core.verb:set package 'odom_vp' build argument 'catkin_cmake_args' from command line to 'None'
[0.533s] Level 5:colcon.colcon_core.verb:set package 'odom_vp' build argument 'catkin_skip_building_tests' from command line to 'False'
[0.534s] DEBUG:colcon.colcon_core.verb:Building package 'odom_vp' with the following arguments: {'ament_cmake_args': None, 'build_base': '/home/vp/robot_ws/build/odom_vp', 'catkin_cmake_args': None, 'catkin_skip_building_tests': False, 'cmake_args': None, 'cmake_clean_cache': False, 'cmake_clean_first': False, 'cmake_force_configure': False, 'cmake_target': None, 'cmake_target_skip_unavailable': False, 'install_base': '/home/vp/robot_ws/install/odom_vp', 'merge_install': False, 'path': '/home/vp/robot_ws/src/odom_vp', 'symlink_install': True, 'test_result_base': None}
[0.535s] Level 5:colcon.colcon_core.verb:set package 'odrive_driver' build argument 'cmake_args' from command line to 'None'
[0.535s] Level 5:colcon.colcon_core.verb:set package 'odrive_driver' build argument 'cmake_target' from command line to 'None'
[0.535s] Level 5:colcon.colcon_core.verb:set package 'odrive_driver' build argument 'cmake_target_skip_unavailable' from command line to 'False'
[0.535s] Level 5:colcon.colcon_core.verb:set package 'odrive_driver' build argument 'cmake_clean_cache' from command line to 'False'
[0.535s] Level 5:colcon.colcon_core.verb:set package 'odrive_driver' build argument 'cmake_clean_first' from command line to 'False'
[0.535s] Level 5:colcon.colcon_core.verb:set package 'odrive_driver' build argument 'cmake_force_configure' from command line to 'False'
[0.535s] Level 5:colcon.colcon_core.verb:set package 'odrive_driver' build argument 'ament_cmake_args' from command line to 'None'
[0.535s] Level 5:colcon.colcon_core.verb:set package 'odrive_driver' build argument 'catkin_cmake_args' from command line to 'None'
[0.535s] Level 5:colcon.colcon_core.verb:set package 'odrive_driver' build argument 'catkin_skip_building_tests' from command line to 'False'
[0.535s] DEBUG:colcon.colcon_core.verb:Building package 'odrive_driver' with the following arguments: {'ament_cmake_args': None, 'build_base': '/home/vp/robot_ws/build/odrive_driver', 'catkin_cmake_args': None, 'catkin_skip_building_tests': False, 'cmake_args': None, 'cmake_clean_cache': False, 'cmake_clean_first': False, 'cmake_force_configure': False, 'cmake_target': None, 'cmake_target_skip_unavailable': False, 'install_base': '/home/vp/robot_ws/install/odrive_driver', 'merge_install': False, 'path': '/home/vp/robot_ws/src/odrive_driver', 'symlink_install': True, 'test_result_base': None}
[0.536s] Level 5:colcon.colcon_core.verb:set package 'ros2_serial_interface' build argument 'cmake_args' from command line to 'None'
[0.536s] Level 5:colcon.colcon_core.verb:set package 'ros2_serial_interface' build argument 'cmake_target' from command line to 'None'
[0.536s] Level 5:colcon.colcon_core.verb:set package 'ros2_serial_interface' build argument 'cmake_target_skip_unavailable' from command line to 'False'
[0.536s] Level 5:colcon.colcon_core.verb:set package 'ros2_serial_interface' build argument 'cmake_clean_cache' from command line to 'False'
[0.536s] Level 5:colcon.colcon_core.verb:set package 'ros2_serial_interface' build argument 'cmake_clean_first' from command line to 'False'
[0.536s] Level 5:colcon.colcon_core.verb:set package 'ros2_serial_interface' build argument 'cmake_force_configure' from command line to 'False'
[0.536s] Level 5:colcon.colcon_core.verb:set package 'ros2_serial_interface' build argument 'ament_cmake_args' from command line to 'None'
[0.536s] Level 5:colcon.colcon_core.verb:set package 'ros2_serial_interface' build argument 'catkin_cmake_args' from command line to 'None'
[0.536s] Level 5:colcon.colcon_core.verb:set package 'ros2_serial_interface' build argument 'catkin_skip_building_tests' from command line to 'False'
[0.536s] DEBUG:colcon.colcon_core.verb:Building package 'ros2_serial_interface' with the following arguments: {'ament_cmake_args': None, 'build_base': '/home/vp/robot_ws/build/ros2_serial_interface', 'catkin_cmake_args': None, 'catkin_skip_building_tests': False, 'cmake_args': None, 'cmake_clean_cache': False, 'cmake_clean_first': False, 'cmake_force_configure': False, 'cmake_target': None, 'cmake_target_skip_unavailable': False, 'install_base': '/home/vp/robot_ws/install/ros2_serial_interface', 'merge_install': False, 'path': '/home/vp/robot_ws/src/ros2_serial_interface', 'symlink_install': True, 'test_result_base': None}
[0.537s] Level 5:colcon.colcon_core.verb:set package 'vp_one' build argument 'cmake_args' from command line to 'None'
[0.537s] Level 5:colcon.colcon_core.verb:set package 'vp_one' build argument 'cmake_target' from command line to 'None'
[0.537s] Level 5:colcon.colcon_core.verb:set package 'vp_one' build argument 'cmake_target_skip_unavailable' from command line to 'False'
[0.537s] Level 5:colcon.colcon_core.verb:set package 'vp_one' build argument 'cmake_clean_cache' from command line to 'False'
[0.537s] Level 5:colcon.colcon_core.verb:set package 'vp_one' build argument 'cmake_clean_first' from command line to 'False'
[0.537s] Level 5:colcon.colcon_core.verb:set package 'vp_one' build argument 'cmake_force_configure' from command line to 'False'
[0.538s] Level 5:colcon.colcon_core.verb:set package 'vp_one' build argument 'ament_cmake_args' from command line to 'None'
[0.538s] Level 5:colcon.colcon_core.verb:set package 'vp_one' build argument 'catkin_cmake_args' from command line to 'None'
[0.538s] Level 5:colcon.colcon_core.verb:set package 'vp_one' build argument 'catkin_skip_building_tests' from command line to 'False'
[0.538s] DEBUG:colcon.colcon_core.verb:Building package 'vp_one' with the following arguments: {'ament_cmake_args': None, 'build_base': '/home/vp/robot_ws/build/vp_one', 'catkin_cmake_args': None, 'catkin_skip_building_tests': False, 'cmake_args': None, 'cmake_clean_cache': False, 'cmake_clean_first': False, 'cmake_force_configure': False, 'cmake_target': None, 'cmake_target_skip_unavailable': False, 'install_base': '/home/vp/robot_ws/install/vp_one', 'merge_install': False, 'path': '/home/vp/robot_ws/src/vp_one', 'symlink_install': True, 'test_result_base': None}
[0.539s] Level 5:colcon.colcon_core.verb:set package 'ydlidar_ros2_driver' build argument 'cmake_args' from command line to 'None'
[0.539s] Level 5:colcon.colcon_core.verb:set package 'ydlidar_ros2_driver' build argument 'cmake_target' from command line to 'None'
[0.539s] Level 5:colcon.colcon_core.verb:set package 'ydlidar_ros2_driver' build argument 'cmake_target_skip_unavailable' from command line to 'False'
[0.539s] Level 5:colcon.colcon_core.verb:set package 'ydlidar_ros2_driver' build argument 'cmake_clean_cache' from command line to 'False'
[0.539s] Level 5:colcon.colcon_core.verb:set package 'ydlidar_ros2_driver' build argument 'cmake_clean_first' from command line to 'False'
[0.539s] Level 5:colcon.colcon_core.verb:set package 'ydlidar_ros2_driver' build argument 'cmake_force_configure' from command line to 'False'
[0.539s] Level 5:colcon.colcon_core.verb:set package 'ydlidar_ros2_driver' build argument 'ament_cmake_args' from command line to 'None'
[0.539s] Level 5:colcon.colcon_core.verb:set package 'ydlidar_ros2_driver' build argument 'catkin_cmake_args' from command line to 'None'
[0.539s] Level 5:colcon.colcon_core.verb:set package 'ydlidar_ros2_driver' build argument 'catkin_skip_building_tests' from command line to 'False'
[0.539s] DEBUG:colcon.colcon_core.verb:Building package 'ydlidar_ros2_driver' with the following arguments: {'ament_cmake_args': None, 'build_base': '/home/vp/robot_ws/build/ydlidar_ros2_driver', 'catkin_cmake_args': None, 'catkin_skip_building_tests': False, 'cmake_args': None, 'cmake_clean_cache': False, 'cmake_clean_first': False, 'cmake_force_configure': False, 'cmake_target': None, 'cmake_target_skip_unavailable': False, 'install_base': '/home/vp/robot_ws/install/ydlidar_ros2_driver', 'merge_install': False, 'path': '/home/vp/robot_ws/src/ydlidar_ros2_driver', 'symlink_install': True, 'test_result_base': None}
[0.540s] INFO:colcon.colcon_core.executor:Executing jobs using 'parallel' executor
[0.544s] DEBUG:colcon.colcon_parallel_executor.executor.parallel:run_until_complete
[0.544s] INFO:colcon.colcon_ros.task.ament_python.build:Building ROS package in '/home/vp/robot_ws/src/lidar_vp' with build type 'ament_python'
[0.544s] Level 1:colcon.colcon_core.shell:create_environment_hook('lidar_vp', 'ament_prefix_path')
[0.551s] INFO:colcon.colcon_core.plugin_system:Skipping extension 'colcon_core.shell.bat': Not used on non-Windows systems
[0.551s] INFO:colcon.colcon_core.shell:Creating environment hook '/home/vp/robot_ws/install/lidar_vp/share/lidar_vp/hook/ament_prefix_path.ps1'
[0.552s] INFO:colcon.colcon_core.shell:Creating environment descriptor '/home/vp/robot_ws/install/lidar_vp/share/lidar_vp/hook/ament_prefix_path.dsv'
[0.552s] INFO:colcon.colcon_core.shell:Creating environment hook '/home/vp/robot_ws/install/lidar_vp/share/lidar_vp/hook/ament_prefix_path.sh'
[0.554s] INFO:colcon.colcon_core.shell:Skip shell extension 'powershell' for command environment: Not usable outside of PowerShell
[0.555s] DEBUG:colcon.colcon_core.shell:Skip shell extension 'dsv' for command environment
[0.564s] INFO:colcon.colcon_ros.task.ament_python.build:Building ROS package in '/home/vp/robot_ws/src/odom_vp' with build type 'ament_python'
[0.565s] Level 1:colcon.colcon_core.shell:create_environment_hook('odom_vp', 'ament_prefix_path')
[0.568s] INFO:colcon.colcon_core.shell:Creating environment hook '/home/vp/robot_ws/install/odom_vp/share/odom_vp/hook/ament_prefix_path.ps1'
[0.569s] INFO:colcon.colcon_core.shell:Creating environment descriptor '/home/vp/robot_ws/install/odom_vp/share/odom_vp/hook/ament_prefix_path.dsv'
[0.570s] INFO:colcon.colcon_core.shell:Creating environment hook '/home/vp/robot_ws/install/odom_vp/share/odom_vp/hook/ament_prefix_path.sh'
[0.573s] INFO:colcon.colcon_core.shell:Skip shell extension 'powershell' for command environment: Not usable outside of PowerShell
[0.574s] DEBUG:colcon.colcon_core.shell:Skip shell extension 'dsv' for command environment
[0.586s] INFO:colcon.colcon_ros.task.ament_python.build:Building ROS package in '/home/vp/robot_ws/src/odrive_driver' with build type 'ament_python'
[0.587s] Level 1:colcon.colcon_core.shell:create_environment_hook('odrive_driver', 'ament_prefix_path')
[0.591s] INFO:colcon.colcon_core.shell:Creating environment hook '/home/vp/robot_ws/install/odrive_driver/share/odrive_driver/hook/ament_prefix_path.ps1'
[0.593s] INFO:colcon.colcon_core.shell:Creating environment descriptor '/home/vp/robot_ws/install/odrive_driver/share/odrive_driver/hook/ament_prefix_path.dsv'
[0.593s] INFO:colcon.colcon_core.shell:Creating environment hook '/home/vp/robot_ws/install/odrive_driver/share/odrive_driver/hook/ament_prefix_path.sh'
[0.596s] INFO:colcon.colcon_core.shell:Skip shell extension 'powershell' for command environment: Not usable outside of PowerShell
[0.596s] DEBUG:colcon.colcon_core.shell:Skip shell extension 'dsv' for command environment
[0.606s] INFO:colcon.colcon_ros.task.ament_python.build:Building ROS package in '/home/vp/robot_ws/src/ros2_serial_interface' with build type 'ament_python'
[0.607s] Level 1:colcon.colcon_core.shell:create_environment_hook('ros2_serial_interface', 'ament_prefix_path')
[0.610s] INFO:colcon.colcon_core.shell:Creating environment hook '/home/vp/robot_ws/install/ros2_serial_interface/share/ros2_serial_interface/hook/ament_prefix_path.ps1'
[0.611s] INFO:colcon.colcon_core.shell:Creating environment descriptor '/home/vp/robot_ws/install/ros2_serial_interface/share/ros2_serial_interface/hook/ament_prefix_path.dsv'
[0.612s] INFO:colcon.colcon_core.shell:Creating environment hook '/home/vp/robot_ws/install/ros2_serial_interface/share/ros2_serial_interface/hook/ament_prefix_path.sh'
[0.615s] INFO:colcon.colcon_core.shell:Skip shell extension 'powershell' for command environment: Not usable outside of PowerShell
[0.616s] DEBUG:colcon.colcon_core.shell:Skip shell extension 'dsv' for command environment
[0.627s] INFO:colcon.colcon_ros.task.ament_cmake.build:Building ROS package in '/home/vp/robot_ws/src/vp_one' with build type 'ament_cmake'
[0.628s] INFO:colcon.colcon_cmake.task.cmake.build:Building CMake package in '/home/vp/robot_ws/src/vp_one'
[0.631s] INFO:colcon.colcon_core.shell:Skip shell extension 'powershell' for command environment: Not usable outside of PowerShell
[0.631s] DEBUG:colcon.colcon_core.shell:Skip shell extension 'dsv' for command environment
[0.641s] INFO:colcon.colcon_ros.task.ament_cmake.build:Building ROS package in '/home/vp/robot_ws/src/ydlidar_ros2_driver' with build type 'ament_cmake'
[0.641s] INFO:colcon.colcon_cmake.task.cmake.build:Building CMake package in '/home/vp/robot_ws/src/ydlidar_ros2_driver'
[0.643s] INFO:colcon.colcon_core.shell:Skip shell extension 'powershell' for command environment: Not usable outside of PowerShell
[0.644s] DEBUG:colcon.colcon_core.shell:Skip shell extension 'dsv' for command environment
[0.936s] INFO:colcon.colcon_core.task.python.build:Building Python package in '/home/vp/robot_ws/src/lidar_vp'
[0.939s] INFO:colcon.colcon_core.shell:Skip shell extension 'powershell' for command environment: Not usable outside of PowerShell
[0.939s] DEBUG:colcon.colcon_core.shell:Skip shell extension 'dsv' for command environment
[1.233s] INFO:colcon.colcon_core.task.python.build:Building Python package in '/home/vp/robot_ws/src/odom_vp'
[1.235s] INFO:colcon.colcon_core.shell:Skip shell extension 'powershell' for command environment: Not usable outside of PowerShell
[1.235s] DEBUG:colcon.colcon_core.shell:Skip shell extension 'dsv' for command environment
[1.510s] INFO:colcon.colcon_core.task.python.build:Building Python package in '/home/vp/robot_ws/src/odrive_driver'
[1.512s] INFO:colcon.colcon_core.shell:Skip shell extension 'powershell' for command environment: Not usable outside of PowerShell
[1.512s] DEBUG:colcon.colcon_core.shell:Skip shell extension 'dsv' for command environment
[1.788s] INFO:colcon.colcon_core.task.python.build:Building Python package in '/home/vp/robot_ws/src/ros2_serial_interface'
[1.791s] INFO:colcon.colcon_core.shell:Skip shell extension 'powershell' for command environment: Not usable outside of PowerShell
[1.791s] DEBUG:colcon.colcon_core.shell:Skip shell extension 'dsv' for command environment
[1.805s] DEBUG:colcon.colcon_core.event_handler.log_command:Invoking command in '/home/vp/robot_ws/build/vp_one': CMAKE_PREFIX_PATH=${CMAKE_PREFIX_PATH}:/home/vp/robot_ws/install/ros2_serial_interface:/home/vp/robot_ws/install/odrive_driver:/home/vp/robot_ws/install/odom_vp:/home/vp/robot_ws/install/lidar_vp:/home/vp/aros2/install/aros2duino:/opt/ros/foxy /usr/bin/cmake --build /home/vp/robot_ws/build/vp_one -- -j8 -l8
[1.816s] DEBUG:colcon.colcon_core.event_handler.log_command:Invoking command in '/home/vp/robot_ws/build/ydlidar_ros2_driver': CMAKE_PREFIX_PATH=${CMAKE_PREFIX_PATH}:/home/vp/robot_ws/install/ros2_serial_interface:/home/vp/robot_ws/install/odrive_driver:/home/vp/robot_ws/install/odom_vp:/home/vp/robot_ws/install/lidar_vp:/home/vp/aros2/install/aros2duino:/opt/ros/foxy /usr/bin/cmake --build /home/vp/robot_ws/build/ydlidar_ros2_driver -- -j8 -l8
[1.875s] DEBUG:colcon.colcon_core.event_handler.log_command:Invoked command in '/home/vp/robot_ws/build/vp_one' returned '0': CMAKE_PREFIX_PATH=${CMAKE_PREFIX_PATH}:/home/vp/robot_ws/install/ros2_serial_interface:/home/vp/robot_ws/install/odrive_driver:/home/vp/robot_ws/install/odom_vp:/home/vp/robot_ws/install/lidar_vp:/home/vp/aros2/install/aros2duino:/opt/ros/foxy /usr/bin/cmake --build /home/vp/robot_ws/build/vp_one -- -j8 -l8
[1.950s] DEBUG:colcon.colcon_core.event_handler.log_command:Invoking command in '/home/vp/robot_ws/build/vp_one': CMAKE_PREFIX_PATH=${CMAKE_PREFIX_PATH}:/home/vp/robot_ws/install/ros2_serial_interface:/home/vp/robot_ws/install/odrive_driver:/home/vp/robot_ws/install/odom_vp:/home/vp/robot_ws/install/lidar_vp:/home/vp/aros2/install/aros2duino:/opt/ros/foxy /usr/bin/cmake --install /home/vp/robot_ws/build/vp_one
[1.970s] DEBUG:colcon.colcon_core.event_handler.log_command:Invoked command in '/home/vp/robot_ws/build/ydlidar_ros2_driver' returned '0': CMAKE_PREFIX_PATH=${CMAKE_PREFIX_PATH}:/home/vp/robot_ws/install/ros2_serial_interface:/home/vp/robot_ws/install/odrive_driver:/home/vp/robot_ws/install/odom_vp:/home/vp/robot_ws/install/lidar_vp:/home/vp/aros2/install/aros2duino:/opt/ros/foxy /usr/bin/cmake --build /home/vp/robot_ws/build/ydlidar_ros2_driver -- -j8 -l8
[1.999s] Level 1:colcon.colcon_core.environment:create_environment_scripts_only(vp_one)
[2.011s] Level 1:colcon.colcon_core.environment:checking '/home/vp/robot_ws/install/vp_one' for CMake module files
[2.012s] Level 1:colcon.colcon_core.environment:checking '/home/vp/robot_ws/install/vp_one' for CMake config files
[2.012s] DEBUG:colcon.colcon_core.event_handler.log_command:Invoked command in '/home/vp/robot_ws/build/vp_one' returned '0': CMAKE_PREFIX_PATH=${CMAKE_PREFIX_PATH}:/home/vp/robot_ws/install/ros2_serial_interface:/home/vp/robot_ws/install/odrive_driver:/home/vp/robot_ws/install/odom_vp:/home/vp/robot_ws/install/lidar_vp:/home/vp/aros2/install/aros2duino:/opt/ros/foxy /usr/bin/cmake --install /home/vp/robot_ws/build/vp_one
[2.013s] Level 1:colcon.colcon_core.shell:create_environment_hook('vp_one', 'cmake_prefix_path')
[2.016s] INFO:colcon.colcon_core.shell:Creating environment hook '/home/vp/robot_ws/install/vp_one/share/vp_one/hook/cmake_prefix_path.ps1'
[2.017s] INFO:colcon.colcon_core.shell:Creating environment descriptor '/home/vp/robot_ws/install/vp_one/share/vp_one/hook/cmake_prefix_path.dsv'
[2.018s] INFO:colcon.colcon_core.shell:Creating environment hook '/home/vp/robot_ws/install/vp_one/share/vp_one/hook/cmake_prefix_path.sh'
[2.019s] Level 1:colcon.colcon_core.environment:checking '/home/vp/robot_ws/install/vp_one/bin'
[2.019s] Level 1:colcon.colcon_core.environment:checking '/home/vp/robot_ws/install/vp_one/lib/pkgconfig/vp_one.pc'
[2.020s] Level 1:colcon.colcon_core.environment:checking '/home/vp/robot_ws/install/vp_one/lib/python3.8/site-packages'
[2.020s] Level 1:colcon.colcon_core.environment:checking '/home/vp/robot_ws/install/vp_one/bin'
[2.023s] INFO:colcon.colcon_core.shell:Creating package script '/home/vp/robot_ws/install/vp_one/share/vp_one/package.ps1'
[2.025s] INFO:colcon.colcon_core.shell:Creating package descriptor '/home/vp/robot_ws/install/vp_one/share/vp_one/package.dsv'
[2.026s] INFO:colcon.colcon_core.shell:Creating package script '/home/vp/robot_ws/install/vp_one/share/vp_one/package.sh'
[2.027s] INFO:colcon.colcon_core.shell:Creating package script '/home/vp/robot_ws/install/vp_one/share/vp_one/package.bash'
[2.028s] INFO:colcon.colcon_core.shell:Creating package script '/home/vp/robot_ws/install/vp_one/share/vp_one/package.zsh'
[2.030s] Level 1:colcon.colcon_core.environment:create_file_with_runtime_dependencies(/home/vp/robot_ws/install/vp_one/share/colcon-core/packages/vp_one)
[2.040s] DEBUG:colcon.colcon_core.event_handler.log_command:Invoking command in '/home/vp/robot_ws/build/ydlidar_ros2_driver': CMAKE_PREFIX_PATH=${CMAKE_PREFIX_PATH}:/home/vp/robot_ws/install/ros2_serial_interface:/home/vp/robot_ws/install/odrive_driver:/home/vp/robot_ws/install/odom_vp:/home/vp/robot_ws/install/lidar_vp:/home/vp/aros2/install/aros2duino:/opt/ros/foxy /usr/bin/cmake --install /home/vp/robot_ws/build/ydlidar_ros2_driver
[2.072s] Level 1:colcon.colcon_core.environment:create_environment_scripts_only(vp_one)
[2.077s] Level 1:colcon.colcon_core.environment:checking '/home/vp/robot_ws/install/vp_one' for CMake module files
[2.083s] Level 1:colcon.colcon_core.environment:checking '/home/vp/robot_ws/install/vp_one' for CMake config files
[2.084s] Level 1:colcon.colcon_core.shell:create_environment_hook('vp_one', 'cmake_prefix_path')
[2.087s] INFO:colcon.colcon_core.shell:Creating environment hook '/home/vp/robot_ws/install/vp_one/share/vp_one/hook/cmake_prefix_path.ps1'
[2.088s] INFO:colcon.colcon_core.shell:Creating environment descriptor '/home/vp/robot_ws/install/vp_one/share/vp_one/hook/cmake_prefix_path.dsv'
[2.088s] INFO:colcon.colcon_core.shell:Creating environment hook '/home/vp/robot_ws/install/vp_one/share/vp_one/hook/cmake_prefix_path.sh'
[2.089s] Level 1:colcon.colcon_core.environment:checking '/home/vp/robot_ws/install/vp_one/bin'
[2.089s] Level 1:colcon.colcon_core.environment:checking '/home/vp/robot_ws/install/vp_one/lib/pkgconfig/vp_one.pc'
[2.090s] Level 1:colcon.colcon_core.environment:checking '/home/vp/robot_ws/install/vp_one/lib/python3.8/site-packages'
[2.090s] Level 1:colcon.colcon_core.environment:checking '/home/vp/robot_ws/install/vp_one/bin'
[2.094s] INFO:colcon.colcon_core.shell:Creating package script '/home/vp/robot_ws/install/vp_one/share/vp_one/package.ps1'
[2.095s] INFO:colcon.colcon_core.shell:Creating package descriptor '/home/vp/robot_ws/install/vp_one/share/vp_one/package.dsv'
[2.095s] INFO:colcon.colcon_core.shell:Creating package script '/home/vp/robot_ws/install/vp_one/share/vp_one/package.sh'
[2.096s] INFO:colcon.colcon_core.shell:Creating package script '/home/vp/robot_ws/install/vp_one/share/vp_one/package.bash'
[2.097s] INFO:colcon.colcon_core.shell:Creating package script '/home/vp/robot_ws/install/vp_one/share/vp_one/package.zsh'
[2.097s] Level 1:colcon.colcon_core.environment:create_file_with_runtime_dependencies(/home/vp/robot_ws/install/vp_one/share/colcon-core/packages/vp_one)
[2.107s] Level 1:colcon.colcon_core.environment:create_environment_scripts_only(ydlidar_ros2_driver)
[2.112s] Level 1:colcon.colcon_core.environment:checking '/home/vp/robot_ws/install/ydlidar_ros2_driver' for CMake module files
[2.113s] Level 1:colcon.colcon_core.environment:checking '/home/vp/robot_ws/install/ydlidar_ros2_driver' for CMake config files
[2.114s] Level 1:colcon.colcon_core.shell:create_environment_hook('ydlidar_ros2_driver', 'cmake_prefix_path')
[2.117s] INFO:colcon.colcon_core.shell:Creating environment hook '/home/vp/robot_ws/install/ydlidar_ros2_driver/share/ydlidar_ros2_driver/hook/cmake_prefix_path.ps1'
[2.118s] DEBUG:colcon.colcon_core.event_handler.log_command:Invoked command in '/home/vp/robot_ws/build/ydlidar_ros2_driver' returned '0': CMAKE_PREFIX_PATH=${CMAKE_PREFIX_PATH}:/home/vp/robot_ws/install/ros2_serial_interface:/home/vp/robot_ws/install/odrive_driver:/home/vp/robot_ws/install/odom_vp:/home/vp/robot_ws/install/lidar_vp:/home/vp/aros2/install/aros2duino:/opt/ros/foxy /usr/bin/cmake --install /home/vp/robot_ws/build/ydlidar_ros2_driver
[2.119s] INFO:colcon.colcon_core.shell:Creating environment descriptor '/home/vp/robot_ws/install/ydlidar_ros2_driver/share/ydlidar_ros2_driver/hook/cmake_prefix_path.dsv'
[2.120s] INFO:colcon.colcon_core.shell:Creating environment hook '/home/vp/robot_ws/install/ydlidar_ros2_driver/share/ydlidar_ros2_driver/hook/cmake_prefix_path.sh'
[2.122s] Level 1:colcon.colcon_core.environment:checking '/home/vp/robot_ws/install/ydlidar_ros2_driver/lib'
[2.122s] Level 1:colcon.colcon_core.environment:checking '/home/vp/robot_ws/install/ydlidar_ros2_driver/bin'
[2.123s] Level 1:colcon.colcon_core.environment:checking '/home/vp/robot_ws/install/ydlidar_ros2_driver/lib/pkgconfig/ydlidar_ros2_driver.pc'
[2.123s] Level 1:colcon.colcon_core.environment:checking '/home/vp/robot_ws/install/ydlidar_ros2_driver/lib/python3.8/site-packages'
[2.124s] Level 1:colcon.colcon_core.environment:checking '/home/vp/robot_ws/install/ydlidar_ros2_driver/bin'
[2.126s] INFO:colcon.colcon_core.shell:Creating package script '/home/vp/robot_ws/install/ydlidar_ros2_driver/share/ydlidar_ros2_driver/package.ps1'
[2.127s] INFO:colcon.colcon_core.shell:Creating package descriptor '/home/vp/robot_ws/install/ydlidar_ros2_driver/share/ydlidar_ros2_driver/package.dsv'
[2.128s] INFO:colcon.colcon_core.shell:Creating package script '/home/vp/robot_ws/install/ydlidar_ros2_driver/share/ydlidar_ros2_driver/package.sh'
[2.128s] INFO:colcon.colcon_core.shell:Creating package script '/home/vp/robot_ws/install/ydlidar_ros2_driver/share/ydlidar_ros2_driver/package.bash'
[2.129s] INFO:colcon.colcon_core.shell:Creating package script '/home/vp/robot_ws/install/ydlidar_ros2_driver/share/ydlidar_ros2_driver/package.zsh'
[2.130s] Level 1:colcon.colcon_core.environment:create_file_with_runtime_dependencies(/home/vp/robot_ws/install/ydlidar_ros2_driver/share/colcon-core/packages/ydlidar_ros2_driver)
[2.168s] Level 1:colcon.colcon_core.environment:create_environment_scripts_only(ydlidar_ros2_driver)
[2.170s] Level 1:colcon.colcon_core.environment:checking '/home/vp/robot_ws/install/ydlidar_ros2_driver' for CMake module files
[2.171s] Level 1:colcon.colcon_core.environment:checking '/home/vp/robot_ws/install/ydlidar_ros2_driver' for CMake config files
[2.172s] Level 1:colcon.colcon_core.shell:create_environment_hook('ydlidar_ros2_driver', 'cmake_prefix_path')
[2.173s] INFO:colcon.colcon_core.shell:Creating environment hook '/home/vp/robot_ws/install/ydlidar_ros2_driver/share/ydlidar_ros2_driver/hook/cmake_prefix_path.ps1'
[2.174s] INFO:colcon.colcon_core.shell:Creating environment descriptor '/home/vp/robot_ws/install/ydlidar_ros2_driver/share/ydlidar_ros2_driver/hook/cmake_prefix_path.dsv'
[2.175s] INFO:colcon.colcon_core.shell:Creating environment hook '/home/vp/robot_ws/install/ydlidar_ros2_driver/share/ydlidar_ros2_driver/hook/cmake_prefix_path.sh'
[2.175s] Level 1:colcon.colcon_core.environment:checking '/home/vp/robot_ws/install/ydlidar_ros2_driver/lib'
[2.176s] Level 1:colcon.colcon_core.environment:checking '/home/vp/robot_ws/install/ydlidar_ros2_driver/bin'
[2.176s] Level 1:colcon.colcon_core.environment:checking '/home/vp/robot_ws/install/ydlidar_ros2_driver/lib/pkgconfig/ydlidar_ros2_driver.pc'
[2.176s] Level 1:colcon.colcon_core.environment:checking '/home/vp/robot_ws/install/ydlidar_ros2_driver/lib/python3.8/site-packages'
[2.176s] Level 1:colcon.colcon_core.environment:checking '/home/vp/robot_ws/install/ydlidar_ros2_driver/bin'
[2.178s] INFO:colcon.colcon_core.shell:Creating package script '/home/vp/robot_ws/install/ydlidar_ros2_driver/share/ydlidar_ros2_driver/package.ps1'
[2.179s] INFO:colcon.colcon_core.shell:Creating package descriptor '/home/vp/robot_ws/install/ydlidar_ros2_driver/share/ydlidar_ros2_driver/package.dsv'
[2.180s] INFO:colcon.colcon_core.shell:Creating package script '/home/vp/robot_ws/install/ydlidar_ros2_driver/share/ydlidar_ros2_driver/package.sh'
[2.180s] INFO:colcon.colcon_core.shell:Creating package script '/home/vp/robot_ws/install/ydlidar_ros2_driver/share/ydlidar_ros2_driver/package.bash'
[2.181s] INFO:colcon.colcon_core.shell:Creating package script '/home/vp/robot_ws/install/ydlidar_ros2_driver/share/ydlidar_ros2_driver/package.zsh'
[2.182s] Level 1:colcon.colcon_core.environment:create_file_with_runtime_dependencies(/home/vp/robot_ws/install/ydlidar_ros2_driver/share/colcon-core/packages/ydlidar_ros2_driver)
[2.505s] DEBUG:colcon.colcon_core.event_handler.log_command:Invoking command in '/home/vp/robot_ws/build/ros2_serial_interface': PYTHONPATH=/home/vp/robot_ws/build/ros2_serial_interface/prefix_override:/home/vp/robot_ws/install/ros2_serial_interface/lib/python3.8/site-packages:${PYTHONPATH} /usr/bin/python3 setup.py develop --editable --build-directory /home/vp/robot_ws/build/ros2_serial_interface/build --no-deps install_data
[2.522s] DEBUG:colcon.colcon_core.event_handler.log_command:Invoking command in '/home/vp/robot_ws/build/odom_vp': PYTHONPATH=/home/vp/robot_ws/build/odom_vp/prefix_override:/home/vp/robot_ws/install/odom_vp/lib/python3.8/site-packages:${PYTHONPATH} /usr/bin/python3 setup.py develop --editable --build-directory /home/vp/robot_ws/build/odom_vp/build --no-deps install_data
[2.530s] DEBUG:colcon.colcon_core.event_handler.log_command:Invoking command in '/home/vp/robot_ws/build/lidar_vp': PYTHONPATH=/home/vp/robot_ws/build/lidar_vp/prefix_override:/home/vp/robot_ws/install/lidar_vp/lib/python3.8/site-packages:${PYTHONPATH} /usr/bin/python3 setup.py develop --editable --build-directory /home/vp/robot_ws/build/lidar_vp/build --no-deps install_data
[2.570s] DEBUG:colcon.colcon_core.event_handler.log_command:Invoking command in '/home/vp/robot_ws/build/odrive_driver': PYTHONPATH=/home/vp/robot_ws/build/odrive_driver/prefix_override:/home/vp/robot_ws/install/odrive_driver/lib/python3.8/site-packages:${PYTHONPATH} /usr/bin/python3 setup.py develop --editable --build-directory /home/vp/robot_ws/build/odrive_driver/build --no-deps install_data
[3.180s] Level 1:colcon.colcon_core.shell:create_environment_hook('ros2_serial_interface', 'pythonpath_develop')
[3.184s] INFO:colcon.colcon_core.shell:Creating environment hook '/home/vp/robot_ws/build/ros2_serial_interface/share/ros2_serial_interface/hook/pythonpath_develop.ps1'
[3.185s] DEBUG:colcon.colcon_core.event_handler.log_command:Invoked command in '/home/vp/robot_ws/build/ros2_serial_interface' returned '0': PYTHONPATH=/home/vp/robot_ws/build/ros2_serial_interface/prefix_override:/home/vp/robot_ws/install/ros2_serial_interface/lib/python3.8/site-packages:${PYTHONPATH} /usr/bin/python3 setup.py develop --editable --build-directory /home/vp/robot_ws/build/ros2_serial_interface/build --no-deps install_data
[3.185s] INFO:colcon.colcon_core.shell:Creating environment descriptor '/home/vp/robot_ws/build/ros2_serial_interface/share/ros2_serial_interface/hook/pythonpath_develop.dsv'
[3.186s] INFO:colcon.colcon_core.shell:Creating environment hook '/home/vp/robot_ws/build/ros2_serial_interface/share/ros2_serial_interface/hook/pythonpath_develop.sh'
[3.190s] Level 1:colcon.colcon_core.environment:checking '/home/vp/robot_ws/install/ros2_serial_interface' for CMake module files
[3.191s] Level 1:colcon.colcon_core.environment:checking '/home/vp/robot_ws/install/ros2_serial_interface' for CMake config files
[3.192s] Level 1:colcon.colcon_core.environment:checking '/home/vp/robot_ws/install/ros2_serial_interface/lib'
[3.192s] Level 1:colcon.colcon_core.environment:checking '/home/vp/robot_ws/install/ros2_serial_interface/bin'
[3.192s] Level 1:colcon.colcon_core.environment:checking '/home/vp/robot_ws/install/ros2_serial_interface/lib/pkgconfig/ros2_serial_interface.pc'
[3.192s] Level 1:colcon.colcon_core.environment:checking '/home/vp/robot_ws/install/ros2_serial_interface/lib/python3.8/site-packages'
[3.192s] Level 1:colcon.colcon_core.shell:create_environment_hook('ros2_serial_interface', 'pythonpath')
[3.194s] INFO:colcon.colcon_core.shell:Creating environment hook '/home/vp/robot_ws/install/ros2_serial_interface/share/ros2_serial_interface/hook/pythonpath.ps1'
[3.195s] INFO:colcon.colcon_core.shell:Creating environment descriptor '/home/vp/robot_ws/install/ros2_serial_interface/share/ros2_serial_interface/hook/pythonpath.dsv'
[3.195s] INFO:colcon.colcon_core.shell:Creating environment hook '/home/vp/robot_ws/install/ros2_serial_interface/share/ros2_serial_interface/hook/pythonpath.sh'
[3.196s] Level 1:colcon.colcon_core.environment:checking '/home/vp/robot_ws/install/ros2_serial_interface/bin'
[3.196s] Level 1:colcon.colcon_core.environment:create_environment_scripts_only(ros2_serial_interface)
[3.198s] INFO:colcon.colcon_core.shell:Creating package script '/home/vp/robot_ws/install/ros2_serial_interface/share/ros2_serial_interface/package.ps1'
[3.199s] INFO:colcon.colcon_core.shell:Creating package descriptor '/home/vp/robot_ws/install/ros2_serial_interface/share/ros2_serial_interface/package.dsv'
[3.199s] INFO:colcon.colcon_core.shell:Creating package script '/home/vp/robot_ws/install/ros2_serial_interface/share/ros2_serial_interface/package.sh'
[3.200s] INFO:colcon.colcon_core.shell:Creating package script '/home/vp/robot_ws/install/ros2_serial_interface/share/ros2_serial_interface/package.bash'
[3.200s] INFO:colcon.colcon_core.shell:Creating package script '/home/vp/robot_ws/install/ros2_serial_interface/share/ros2_serial_interface/package.zsh'
[3.201s] Level 1:colcon.colcon_core.environment:create_file_with_runtime_dependencies(/home/vp/robot_ws/install/ros2_serial_interface/share/colcon-core/packages/ros2_serial_interface)
[3.203s] Level 1:colcon.colcon_core.shell:create_environment_hook('odom_vp', 'pythonpath_develop')
[3.206s] INFO:colcon.colcon_core.shell:Creating environment hook '/home/vp/robot_ws/build/odom_vp/share/odom_vp/hook/pythonpath_develop.ps1'
[3.206s] DEBUG:colcon.colcon_core.event_handler.log_command:Invoked command in '/home/vp/robot_ws/build/odom_vp' returned '0': PYTHONPATH=/home/vp/robot_ws/build/odom_vp/prefix_override:/home/vp/robot_ws/install/odom_vp/lib/python3.8/site-packages:${PYTHONPATH} /usr/bin/python3 setup.py develop --editable --build-directory /home/vp/robot_ws/build/odom_vp/build --no-deps install_data
[3.207s] INFO:colcon.colcon_core.shell:Creating environment descriptor '/home/vp/robot_ws/build/odom_vp/share/odom_vp/hook/pythonpath_develop.dsv'
[3.207s] INFO:colcon.colcon_core.shell:Creating environment hook '/home/vp/robot_ws/build/odom_vp/share/odom_vp/hook/pythonpath_develop.sh'
[3.210s] Level 1:colcon.colcon_core.environment:checking '/home/vp/robot_ws/install/odom_vp' for CMake module files
[3.211s] Level 1:colcon.colcon_core.environment:checking '/home/vp/robot_ws/install/odom_vp' for CMake config files
[3.211s] Level 1:colcon.colcon_core.environment:checking '/home/vp/robot_ws/install/odom_vp/lib'
[3.211s] Level 1:colcon.colcon_core.environment:checking '/home/vp/robot_ws/install/odom_vp/bin'
[3.212s] Level 1:colcon.colcon_core.environment:checking '/home/vp/robot_ws/install/odom_vp/lib/pkgconfig/odom_vp.pc'
[3.212s] Level 1:colcon.colcon_core.environment:checking '/home/vp/robot_ws/install/odom_vp/lib/python3.8/site-packages'
[3.212s] Level 1:colcon.colcon_core.shell:create_environment_hook('odom_vp', 'pythonpath')
[3.214s] INFO:colcon.colcon_core.shell:Creating environment hook '/home/vp/robot_ws/install/odom_vp/share/odom_vp/hook/pythonpath.ps1'
[3.215s] INFO:colcon.colcon_core.shell:Creating environment descriptor '/home/vp/robot_ws/install/odom_vp/share/odom_vp/hook/pythonpath.dsv'
[3.215s] INFO:colcon.colcon_core.shell:Creating environment hook '/home/vp/robot_ws/install/odom_vp/share/odom_vp/hook/pythonpath.sh'
[3.216s] Level 1:colcon.colcon_core.environment:checking '/home/vp/robot_ws/install/odom_vp/bin'
[3.216s] Level 1:colcon.colcon_core.environment:create_environment_scripts_only(odom_vp)
[3.218s] INFO:colcon.colcon_core.shell:Creating package script '/home/vp/robot_ws/install/odom_vp/share/odom_vp/package.ps1'
[3.219s] INFO:colcon.colcon_core.shell:Creating package descriptor '/home/vp/robot_ws/install/odom_vp/share/odom_vp/package.dsv'
[3.220s] INFO:colcon.colcon_core.shell:Creating package script '/home/vp/robot_ws/install/odom_vp/share/odom_vp/package.sh'
[3.220s] INFO:colcon.colcon_core.shell:Creating package script '/home/vp/robot_ws/install/odom_vp/share/odom_vp/package.bash'
[3.221s] INFO:colcon.colcon_core.shell:Creating package script '/home/vp/robot_ws/install/odom_vp/share/odom_vp/package.zsh'
[3.221s] Level 1:colcon.colcon_core.environment:create_file_with_runtime_dependencies(/home/vp/robot_ws/install/odom_vp/share/colcon-core/packages/odom_vp)
[3.426s] Level 1:colcon.colcon_core.shell:create_environment_hook('lidar_vp', 'pythonpath_develop')
[3.428s] INFO:colcon.colcon_core.shell:Creating environment hook '/home/vp/robot_ws/build/lidar_vp/share/lidar_vp/hook/pythonpath_develop.ps1'
[3.429s] DEBUG:colcon.colcon_core.event_handler.log_command:Invoked command in '/home/vp/robot_ws/build/lidar_vp' returned '0': PYTHONPATH=/home/vp/robot_ws/build/lidar_vp/prefix_override:/home/vp/robot_ws/install/lidar_vp/lib/python3.8/site-packages:${PYTHONPATH} /usr/bin/python3 setup.py develop --editable --build-directory /home/vp/robot_ws/build/lidar_vp/build --no-deps install_data
[3.430s] INFO:colcon.colcon_core.shell:Creating environment descriptor '/home/vp/robot_ws/build/lidar_vp/share/lidar_vp/hook/pythonpath_develop.dsv'
[3.430s] INFO:colcon.colcon_core.shell:Creating environment hook '/home/vp/robot_ws/build/lidar_vp/share/lidar_vp/hook/pythonpath_develop.sh'
[3.432s] Level 1:colcon.colcon_core.environment:checking '/home/vp/robot_ws/install/lidar_vp' for CMake module files
[3.433s] Level 1:colcon.colcon_core.environment:checking '/home/vp/robot_ws/install/lidar_vp' for CMake config files
[3.433s] Level 1:colcon.colcon_core.environment:checking '/home/vp/robot_ws/install/lidar_vp/lib'
[3.434s] Level 1:colcon.colcon_core.environment:checking '/home/vp/robot_ws/install/lidar_vp/bin'
[3.434s] Level 1:colcon.colcon_core.environment:checking '/home/vp/robot_ws/install/lidar_vp/lib/pkgconfig/lidar_vp.pc'
[3.434s] Level 1:colcon.colcon_core.environment:checking '/home/vp/robot_ws/install/lidar_vp/lib/python3.8/site-packages'
[3.434s] Level 1:colcon.colcon_core.shell:create_environment_hook('lidar_vp', 'pythonpath')
[3.435s] INFO:colcon.colcon_core.shell:Creating environment hook '/home/vp/robot_ws/install/lidar_vp/share/lidar_vp/hook/pythonpath.ps1'
[3.436s] INFO:colcon.colcon_core.shell:Creating environment descriptor '/home/vp/robot_ws/install/lidar_vp/share/lidar_vp/hook/pythonpath.dsv'
[3.436s] INFO:colcon.colcon_core.shell:Creating environment hook '/home/vp/robot_ws/install/lidar_vp/share/lidar_vp/hook/pythonpath.sh'
[3.437s] Level 1:colcon.colcon_core.environment:checking '/home/vp/robot_ws/install/lidar_vp/bin'
[3.437s] Level 1:colcon.colcon_core.environment:create_environment_scripts_only(lidar_vp)
[3.439s] INFO:colcon.colcon_core.shell:Creating package script '/home/vp/robot_ws/install/lidar_vp/share/lidar_vp/package.ps1'
[3.439s] INFO:colcon.colcon_core.shell:Creating package descriptor '/home/vp/robot_ws/install/lidar_vp/share/lidar_vp/package.dsv'
[3.440s] INFO:colcon.colcon_core.shell:Creating package script '/home/vp/robot_ws/install/lidar_vp/share/lidar_vp/package.sh'
[3.440s] INFO:colcon.colcon_core.shell:Creating package script '/home/vp/robot_ws/install/lidar_vp/share/lidar_vp/package.bash'
[3.441s] INFO:colcon.colcon_core.shell:Creating package script '/home/vp/robot_ws/install/lidar_vp/share/lidar_vp/package.zsh'
[3.441s] Level 1:colcon.colcon_core.environment:create_file_with_runtime_dependencies(/home/vp/robot_ws/install/lidar_vp/share/colcon-core/packages/lidar_vp)
[3.475s] Level 1:colcon.colcon_core.shell:create_environment_hook('odrive_driver', 'pythonpath_develop')
[3.477s] INFO:colcon.colcon_core.shell:Creating environment hook '/home/vp/robot_ws/build/odrive_driver/share/odrive_driver/hook/pythonpath_develop.ps1'
[3.479s] DEBUG:colcon.colcon_core.event_handler.log_command:Invoked command in '/home/vp/robot_ws/build/odrive_driver' returned '0': PYTHONPATH=/home/vp/robot_ws/build/odrive_driver/prefix_override:/home/vp/robot_ws/install/odrive_driver/lib/python3.8/site-packages:${PYTHONPATH} /usr/bin/python3 setup.py develop --editable --build-directory /home/vp/robot_ws/build/odrive_driver/build --no-deps install_data
[3.479s] INFO:colcon.colcon_core.shell:Creating environment descriptor '/home/vp/robot_ws/build/odrive_driver/share/odrive_driver/hook/pythonpath_develop.dsv'
[3.480s] INFO:colcon.colcon_core.shell:Creating environment hook '/home/vp/robot_ws/build/odrive_driver/share/odrive_driver/hook/pythonpath_develop.sh'
[3.483s] Level 1:colcon.colcon_core.environment:checking '/home/vp/robot_ws/install/odrive_driver' for CMake module files
[3.483s] Level 1:colcon.colcon_core.environment:checking '/home/vp/robot_ws/install/odrive_driver' for CMake config files
[3.484s] Level 1:colcon.colcon_core.environment:checking '/home/vp/robot_ws/install/odrive_driver/lib'
[3.484s] Level 1:colcon.colcon_core.environment:checking '/home/vp/robot_ws/install/odrive_driver/bin'
[3.484s] Level 1:colcon.colcon_core.environment:checking '/home/vp/robot_ws/install/odrive_driver/lib/pkgconfig/odrive_driver.pc'
[3.484s] Level 1:colcon.colcon_core.environment:checking '/home/vp/robot_ws/install/odrive_driver/lib/python3.8/site-packages'
[3.484s] Level 1:colcon.colcon_core.shell:create_environment_hook('odrive_driver', 'pythonpath')
[3.485s] INFO:colcon.colcon_core.shell:Creating environment hook '/home/vp/robot_ws/install/odrive_driver/share/odrive_driver/hook/pythonpath.ps1'
[3.486s] INFO:colcon.colcon_core.shell:Creating environment descriptor '/home/vp/robot_ws/install/odrive_driver/share/odrive_driver/hook/pythonpath.dsv'
[3.487s] INFO:colcon.colcon_core.shell:Creating environment hook '/home/vp/robot_ws/install/odrive_driver/share/odrive_driver/hook/pythonpath.sh'
[3.487s] Level 1:colcon.colcon_core.environment:checking '/home/vp/robot_ws/install/odrive_driver/bin'
[3.488s] Level 1:colcon.colcon_core.environment:create_environment_scripts_only(odrive_driver)
[3.490s] INFO:colcon.colcon_core.shell:Creating package script '/home/vp/robot_ws/install/odrive_driver/share/odrive_driver/package.ps1'
[3.490s] INFO:colcon.colcon_core.shell:Creating package descriptor '/home/vp/robot_ws/install/odrive_driver/share/odrive_driver/package.dsv'
[3.491s] INFO:colcon.colcon_core.shell:Creating package script '/home/vp/robot_ws/install/odrive_driver/share/odrive_driver/package.sh'
[3.492s] INFO:colcon.colcon_core.shell:Creating package script '/home/vp/robot_ws/install/odrive_driver/share/odrive_driver/package.bash'
[3.493s] INFO:colcon.colcon_core.shell:Creating package script '/home/vp/robot_ws/install/odrive_driver/share/odrive_driver/package.zsh'
[3.493s] Level 1:colcon.colcon_core.environment:create_file_with_runtime_dependencies(/home/vp/robot_ws/install/odrive_driver/share/colcon-core/packages/odrive_driver)
[3.493s] DEBUG:colcon.colcon_parallel_executor.executor.parallel:closing loop
[3.494s] DEBUG:colcon.colcon_parallel_executor.executor.parallel:loop closed
[3.494s] DEBUG:colcon.colcon_parallel_executor.executor.parallel:run_until_complete finished with '0'
[3.494s] DEBUG:colcon.colcon_core.event_reactor:joining thread
[3.505s] INFO:colcon.colcon_core.plugin_system:Skipping extension 'colcon_notification.desktop_notification.terminal_notifier': Not used on non-Darwin systems
[3.505s] INFO:colcon.colcon_core.plugin_system:Skipping extension 'colcon_notification.desktop_notification.win32': Not used on non-Windows systems
[3.505s] INFO:colcon.colcon_notification.desktop_notification:Sending desktop notification using 'notify2'
[3.524s] DEBUG:colcon.colcon_core.event_reactor:joined thread
[3.527s] INFO:colcon.colcon_core.shell:Creating prefix script '/home/vp/robot_ws/install/local_setup.ps1'
[3.528s] INFO:colcon.colcon_core.shell:Creating prefix util module '/home/vp/robot_ws/install/_local_setup_util_ps1.py'
[3.531s] INFO:colcon.colcon_core.shell:Creating prefix chain script '/home/vp/robot_ws/install/setup.ps1'
[3.535s] INFO:colcon.colcon_core.shell:Creating prefix script '/home/vp/robot_ws/install/local_setup.sh'
[3.536s] INFO:colcon.colcon_core.shell:Creating prefix util module '/home/vp/robot_ws/install/_local_setup_util_sh.py'
[3.537s] INFO:colcon.colcon_core.shell:Creating prefix chain script '/home/vp/robot_ws/install/setup.sh'
[3.539s] INFO:colcon.colcon_core.shell:Creating prefix script '/home/vp/robot_ws/install/local_setup.bash'
[3.540s] INFO:colcon.colcon_core.shell:Creating prefix chain script '/home/vp/robot_ws/install/setup.bash'
[3.542s] INFO:colcon.colcon_core.shell:Creating prefix script '/home/vp/robot_ws/install/local_setup.zsh'
[3.543s] INFO:colcon.colcon_core.shell:Creating prefix chain script '/home/vp/robot_ws/install/setup.zsh'
