[0.350s] DEBUG:colcon:Command line arguments: ['/usr/bin/colcon', 'build', '--symlink-install']
[0.350s] DEBUG:colcon:Parsed command line arguments: Namespace(allow_overriding=[], ament_cmake_args=None, base_paths=['.'], build_base='build', catkin_cmake_args=None, catkin_skip_building_tests=False, cmake_args=None, cmake_clean_cache=False, cmake_clean_first=False, cmake_force_configure=False, cmake_target=None, cmake_target_skip_unavailable=False, continue_on_error=False, event_handlers=None, executor='parallel', ignore_user_meta=False, install_base='install', log_base=None, log_level=None, main=<bound method BuildVerb.main of <colcon_core.verb.build.BuildVerb object at 0x7f7766dcdb20>>, merge_install=False, metas=['./colcon.meta'], packages_above=None, packages_above_and_dependencies=None, packages_above_depth=None, packages_end=None, packages_ignore=None, packages_ignore_regex=None, packages_select=None, packages_select_build_failed=False, packages_select_by_dep=None, packages_select_regex=None, packages_select_test_failures=False, packages_skip=None, packages_skip_build_finished=False, packages_skip_by_dep=None, packages_skip_regex=None, packages_skip_test_passed=False, packages_skip_up_to=None, packages_start=None, packages_up_to=None, packages_up_to_regex=None, parallel_workers=8, paths=None, symlink_install=True, test_result_base=None, verb_extension=<colcon_core.verb.build.BuildVerb object at 0x7f7766dcdb20>, verb_name='build', verb_parser=<colcon_defaults.argument_parser.defaults.DefaultArgumentsDecorator object at 0x7f7766dd80d0>)
[0.379s] Level 1:colcon.colcon_core.package_discovery:discover_packages(colcon_meta) check parameters
[0.379s] Level 1:colcon.colcon_core.package_discovery:discover_packages(recursive) check parameters
[0.379s] Level 1:colcon.colcon_core.package_discovery:discover_packages(ignore) check parameters
[0.379s] Level 1:colcon.colcon_core.package_discovery:discover_packages(path) check parameters
[0.379s] Level 1:colcon.colcon_core.package_discovery:discover_packages(colcon_meta) discover
[0.379s] Level 1:colcon.colcon_core.package_discovery:discover_packages(recursive) discover
[0.379s] INFO:colcon.colcon_core.package_discovery:Crawling recursively for packages in '/home/vp/robot_ws'
[0.379s] Level 1:colcon.colcon_core.package_identification:_identify(.) by extensions ['ignore', 'ignore_ament_install']
[0.380s] Level 1:colcon.colcon_core.package_identification:_identify(.) by extension 'ignore'
[0.380s] Level 1:colcon.colcon_core.package_identification:_identify(.) by extension 'ignore_ament_install'
[0.380s] Level 1:colcon.colcon_core.package_identification:_identify(.) by extensions ['colcon_pkg']
[0.380s] Level 1:colcon.colcon_core.package_identification:_identify(.) by extension 'colcon_pkg'
[0.380s] Level 1:colcon.colcon_core.package_identification:_identify(.) by extensions ['colcon_meta']
[0.380s] Level 1:colcon.colcon_core.package_identification:_identify(.) by extension 'colcon_meta'
[0.380s] Level 1:colcon.colcon_core.package_identification:_identify(.) by extensions ['ros']
[0.380s] Level 1:colcon.colcon_core.package_identification:_identify(.) by extension 'ros'
[0.401s] Level 1:colcon.colcon_core.package_identification:_identify(.) by extensions ['cmake', 'python']
[0.401s] Level 1:colcon.colcon_core.package_identification:_identify(.) by extension 'cmake'
[0.401s] Level 1:colcon.colcon_core.package_identification:_identify(.) by extension 'python'
[0.401s] Level 1:colcon.colcon_core.package_identification:_identify(.) by extensions ['python_setup_py']
[0.401s] Level 1:colcon.colcon_core.package_identification:_identify(.) by extension 'python_setup_py'
[0.402s] Level 1:colcon.colcon_core.package_identification:_identify(build) by extensions ['ignore', 'ignore_ament_install']
[0.402s] Level 1:colcon.colcon_core.package_identification:_identify(build) by extension 'ignore'
[0.402s] Level 1:colcon.colcon_core.package_identification:_identify(build) ignored
[0.402s] Level 1:colcon.colcon_core.package_identification:_identify(install) by extensions ['ignore', 'ignore_ament_install']
[0.402s] Level 1:colcon.colcon_core.package_identification:_identify(install) by extension 'ignore'
[0.402s] Level 1:colcon.colcon_core.package_identification:_identify(install) ignored
[0.403s] Level 1:colcon.colcon_core.package_identification:_identify(log) by extensions ['ignore', 'ignore_ament_install']
[0.403s] Level 1:colcon.colcon_core.package_identification:_identify(log) by extension 'ignore'
[0.403s] Level 1:colcon.colcon_core.package_identification:_identify(log) ignored
[0.403s] Level 1:colcon.colcon_core.package_identification:_identify(src) by extensions ['ignore', 'ignore_ament_install']
[0.403s] Level 1:colcon.colcon_core.package_identification:_identify(src) by extension 'ignore'
[0.403s] Level 1:colcon.colcon_core.package_identification:_identify(src) by extension 'ignore_ament_install'
[0.403s] Level 1:colcon.colcon_core.package_identification:_identify(src) by extensions ['colcon_pkg']
[0.403s] Level 1:colcon.colcon_core.package_identification:_identify(src) by extension 'colcon_pkg'
[0.403s] Level 1:colcon.colcon_core.package_identification:_identify(src) by extensions ['colcon_meta']
[0.403s] Level 1:colcon.colcon_core.package_identification:_identify(src) by extension 'colcon_meta'
[0.403s] Level 1:colcon.colcon_core.package_identification:_identify(src) by extensions ['ros']
[0.403s] Level 1:colcon.colcon_core.package_identification:_identify(src) by extension 'ros'
[0.403s] Level 1:colcon.colcon_core.package_identification:_identify(src) by extensions ['cmake', 'python']
[0.403s] Level 1:colcon.colcon_core.package_identification:_identify(src) by extension 'cmake'
[0.403s] Level 1:colcon.colcon_core.package_identification:_identify(src) by extension 'python'
[0.403s] Level 1:colcon.colcon_core.package_identification:_identify(src) by extensions ['python_setup_py']
[0.403s] Level 1:colcon.colcon_core.package_identification:_identify(src) by extension 'python_setup_py'
[0.404s] Level 1:colcon.colcon_core.package_identification:_identify(src/lidar_vp) by extensions ['ignore', 'ignore_ament_install']
[0.404s] Level 1:colcon.colcon_core.package_identification:_identify(src/lidar_vp) by extension 'ignore'
[0.404s] Level 1:colcon.colcon_core.package_identification:_identify(src/lidar_vp) by extension 'ignore_ament_install'
[0.404s] Level 1:colcon.colcon_core.package_identification:_identify(src/lidar_vp) by extensions ['colcon_pkg']
[0.404s] Level 1:colcon.colcon_core.package_identification:_identify(src/lidar_vp) by extension 'colcon_pkg'
[0.404s] Level 1:colcon.colcon_core.package_identification:_identify(src/lidar_vp) by extensions ['colcon_meta']
[0.404s] Level 1:colcon.colcon_core.package_identification:_identify(src/lidar_vp) by extension 'colcon_meta'
[0.404s] Level 1:colcon.colcon_core.package_identification:_identify(src/lidar_vp) by extensions ['ros']
[0.404s] Level 1:colcon.colcon_core.package_identification:_identify(src/lidar_vp) by extension 'ros'
[0.407s] DEBUG:colcon.colcon_core.package_identification:Package 'src/lidar_vp' with type 'ros.ament_python' and name 'lidar_vp'
[0.407s] Level 1:colcon.colcon_core.package_identification:_identify(src/odom_vp) by extensions ['ignore', 'ignore_ament_install']
[0.407s] Level 1:colcon.colcon_core.package_identification:_identify(src/odom_vp) by extension 'ignore'
[0.407s] Level 1:colcon.colcon_core.package_identification:_identify(src/odom_vp) by extension 'ignore_ament_install'
[0.407s] Level 1:colcon.colcon_core.package_identification:_identify(src/odom_vp) by extensions ['colcon_pkg']
[0.407s] Level 1:colcon.colcon_core.package_identification:_identify(src/odom_vp) by extension 'colcon_pkg'
[0.407s] Level 1:colcon.colcon_core.package_identification:_identify(src/odom_vp) by extensions ['colcon_meta']
[0.407s] Level 1:colcon.colcon_core.package_identification:_identify(src/odom_vp) by extension 'colcon_meta'
[0.407s] Level 1:colcon.colcon_core.package_identification:_identify(src/odom_vp) by extensions ['ros']
[0.407s] Level 1:colcon.colcon_core.package_identification:_identify(src/odom_vp) by extension 'ros'
[0.408s] DEBUG:colcon.colcon_core.package_identification:Package 'src/odom_vp' with type 'ros.ament_python' and name 'odom_vp'
[0.408s] Level 1:colcon.colcon_core.package_identification:_identify(src/odrive_driver) by extensions ['ignore', 'ignore_ament_install']
[0.408s] Level 1:colcon.colcon_core.package_identification:_identify(src/odrive_driver) by extension 'ignore'
[0.408s] Level 1:colcon.colcon_core.package_identification:_identify(src/odrive_driver) by extension 'ignore_ament_install'
[0.408s] Level 1:colcon.colcon_core.package_identification:_identify(src/odrive_driver) by extensions ['colcon_pkg']
[0.408s] Level 1:colcon.colcon_core.package_identification:_identify(src/odrive_driver) by extension 'colcon_pkg'
[0.408s] Level 1:colcon.colcon_core.package_identification:_identify(src/odrive_driver) by extensions ['colcon_meta']
[0.408s] Level 1:colcon.colcon_core.package_identification:_identify(src/odrive_driver) by extension 'colcon_meta'
[0.408s] Level 1:colcon.colcon_core.package_identification:_identify(src/odrive_driver) by extensions ['ros']
[0.408s] Level 1:colcon.colcon_core.package_identification:_identify(src/odrive_driver) by extension 'ros'
[0.409s] DEBUG:colcon.colcon_core.package_identification:Package 'src/odrive_driver' with type 'ros.ament_python' and name 'odrive_driver'
[0.409s] Level 1:colcon.colcon_core.package_identification:_identify(src/vp_one) by extensions ['ignore', 'ignore_ament_install']
[0.409s] Level 1:colcon.colcon_core.package_identification:_identify(src/vp_one) by extension 'ignore'
[0.409s] Level 1:colcon.colcon_core.package_identification:_identify(src/vp_one) by extension 'ignore_ament_install'
[0.410s] Level 1:colcon.colcon_core.package_identification:_identify(src/vp_one) by extensions ['colcon_pkg']
[0.410s] Level 1:colcon.colcon_core.package_identification:_identify(src/vp_one) by extension 'colcon_pkg'
[0.410s] Level 1:colcon.colcon_core.package_identification:_identify(src/vp_one) by extensions ['colcon_meta']
[0.410s] Level 1:colcon.colcon_core.package_identification:_identify(src/vp_one) by extension 'colcon_meta'
[0.410s] Level 1:colcon.colcon_core.package_identification:_identify(src/vp_one) by extensions ['ros']
[0.410s] Level 1:colcon.colcon_core.package_identification:_identify(src/vp_one) by extension 'ros'
[0.410s] DEBUG:colcon.colcon_core.package_identification:Package 'src/vp_one' with type 'ros.ament_cmake' and name 'vp_one'
[0.410s] Level 1:colcon.colcon_core.package_identification:_identify(src/ydlidar_ros2_driver) by extensions ['ignore', 'ignore_ament_install']
[0.411s] Level 1:colcon.colcon_core.package_identification:_identify(src/ydlidar_ros2_driver) by extension 'ignore'
[0.411s] Level 1:colcon.colcon_core.package_identification:_identify(src/ydlidar_ros2_driver) by extension 'ignore_ament_install'
[0.411s] Level 1:colcon.colcon_core.package_identification:_identify(src/ydlidar_ros2_driver) by extensions ['colcon_pkg']
[0.411s] Level 1:colcon.colcon_core.package_identification:_identify(src/ydlidar_ros2_driver) by extension 'colcon_pkg'
[0.411s] Level 1:colcon.colcon_core.package_identification:_identify(src/ydlidar_ros2_driver) by extensions ['colcon_meta']
[0.411s] Level 1:colcon.colcon_core.package_identification:_identify(src/ydlidar_ros2_driver) by extension 'colcon_meta'
[0.411s] Level 1:colcon.colcon_core.package_identification:_identify(src/ydlidar_ros2_driver) by extensions ['ros']
[0.411s] Level 1:colcon.colcon_core.package_identification:_identify(src/ydlidar_ros2_driver) by extension 'ros'
[0.411s] DEBUG:colcon.colcon_core.package_identification:Package 'src/ydlidar_ros2_driver' with type 'ros.ament_cmake' and name 'ydlidar_ros2_driver'
[0.411s] Level 1:colcon.colcon_core.package_discovery:discover_packages(recursive) using defaults
[0.412s] Level 1:colcon.colcon_core.package_discovery:discover_packages(ignore) discover
[0.412s] Level 1:colcon.colcon_core.package_discovery:discover_packages(ignore) using defaults
[0.412s] Level 1:colcon.colcon_core.package_discovery:discover_packages(path) discover
[0.412s] Level 1:colcon.colcon_core.package_discovery:discover_packages(path) using defaults
[0.435s] Level 1:colcon.colcon_core.package_discovery:discover_packages(prefix_path) check parameters
[0.435s] Level 1:colcon.colcon_core.package_discovery:discover_packages(prefix_path) discover
[0.438s] DEBUG:colcon.colcon_installed_package_information.package_discovery:Found 5 installed packages in /home/vp/robot_ws/install
[0.440s] DEBUG:colcon.colcon_installed_package_information.package_discovery:Found 295 installed packages in /opt/ros/foxy
[0.442s] Level 1:colcon.colcon_core.package_discovery:discover_packages(prefix_path) using defaults
[0.519s] Level 5:colcon.colcon_core.verb:set package 'lidar_vp' build argument 'cmake_args' from command line to 'None'
[0.519s] Level 5:colcon.colcon_core.verb:set package 'lidar_vp' build argument 'cmake_target' from command line to 'None'
[0.519s] Level 5:colcon.colcon_core.verb:set package 'lidar_vp' build argument 'cmake_target_skip_unavailable' from command line to 'False'
[0.519s] Level 5:colcon.colcon_core.verb:set package 'lidar_vp' build argument 'cmake_clean_cache' from command line to 'False'
[0.519s] Level 5:colcon.colcon_core.verb:set package 'lidar_vp' build argument 'cmake_clean_first' from command line to 'False'
[0.520s] Level 5:colcon.colcon_core.verb:set package 'lidar_vp' build argument 'cmake_force_configure' from command line to 'False'
[0.520s] Level 5:colcon.colcon_core.verb:set package 'lidar_vp' build argument 'ament_cmake_args' from command line to 'None'
[0.520s] Level 5:colcon.colcon_core.verb:set package 'lidar_vp' build argument 'catkin_cmake_args' from command line to 'None'
[0.520s] Level 5:colcon.colcon_core.verb:set package 'lidar_vp' build argument 'catkin_skip_building_tests' from command line to 'False'
[0.520s] DEBUG:colcon.colcon_core.verb:Building package 'lidar_vp' with the following arguments: {'ament_cmake_args': None, 'build_base': '/home/vp/robot_ws/build/lidar_vp', 'catkin_cmake_args': None, 'catkin_skip_building_tests': False, 'cmake_args': None, 'cmake_clean_cache': False, 'cmake_clean_first': False, 'cmake_force_configure': False, 'cmake_target': None, 'cmake_target_skip_unavailable': False, 'install_base': '/home/vp/robot_ws/install/lidar_vp', 'merge_install': False, 'path': '/home/vp/robot_ws/src/lidar_vp', 'symlink_install': True, 'test_result_base': None}
[0.521s] Level 5:colcon.colcon_core.verb:set package 'odom_vp' build argument 'cmake_args' from command line to 'None'
[0.521s] Level 5:colcon.colcon_core.verb:set package 'odom_vp' build argument 'cmake_target' from command line to 'None'
[0.521s] Level 5:colcon.colcon_core.verb:set package 'odom_vp' build argument 'cmake_target_skip_unavailable' from command line to 'False'
[0.521s] Level 5:colcon.colcon_core.verb:set package 'odom_vp' build argument 'cmake_clean_cache' from command line to 'False'
[0.521s] Level 5:colcon.colcon_core.verb:set package 'odom_vp' build argument 'cmake_clean_first' from command line to 'False'
[0.521s] Level 5:colcon.colcon_core.verb:set package 'odom_vp' build argument 'cmake_force_configure' from command line to 'False'
[0.522s] Level 5:colcon.colcon_core.verb:set package 'odom_vp' build argument 'ament_cmake_args' from command line to 'None'
[0.522s] Level 5:colcon.colcon_core.verb:set package 'odom_vp' build argument 'catkin_cmake_args' from command line to 'None'
[0.522s] Level 5:colcon.colcon_core.verb:set package 'odom_vp' build argument 'catkin_skip_building_tests' from command line to 'False'
[0.522s] DEBUG:colcon.colcon_core.verb:Building package 'odom_vp' with the following arguments: {'ament_cmake_args': None, 'build_base': '/home/vp/robot_ws/build/odom_vp', 'catkin_cmake_args': None, 'catkin_skip_building_tests': False, 'cmake_args': None, 'cmake_clean_cache': False, 'cmake_clean_first': False, 'cmake_force_configure': False, 'cmake_target': None, 'cmake_target_skip_unavailable': False, 'install_base': '/home/vp/robot_ws/install/odom_vp', 'merge_install': False, 'path': '/home/vp/robot_ws/src/odom_vp', 'symlink_install': True, 'test_result_base': None}
[0.525s] Level 5:colcon.colcon_core.verb:set package 'odrive_driver' build argument 'cmake_args' from command line to 'None'
[0.525s] Level 5:colcon.colcon_core.verb:set package 'odrive_driver' build argument 'cmake_target' from command line to 'None'
[0.525s] Level 5:colcon.colcon_core.verb:set package 'odrive_driver' build argument 'cmake_target_skip_unavailable' from command line to 'False'
[0.525s] Level 5:colcon.colcon_core.verb:set package 'odrive_driver' build argument 'cmake_clean_cache' from command line to 'False'
[0.525s] Level 5:colcon.colcon_core.verb:set package 'odrive_driver' build argument 'cmake_clean_first' from command line to 'False'
[0.525s] Level 5:colcon.colcon_core.verb:set package 'odrive_driver' build argument 'cmake_force_configure' from command line to 'False'
[0.525s] Level 5:colcon.colcon_core.verb:set package 'odrive_driver' build argument 'ament_cmake_args' from command line to 'None'
[0.525s] Level 5:colcon.colcon_core.verb:set package 'odrive_driver' build argument 'catkin_cmake_args' from command line to 'None'
[0.525s] Level 5:colcon.colcon_core.verb:set package 'odrive_driver' build argument 'catkin_skip_building_tests' from command line to 'False'
[0.526s] DEBUG:colcon.colcon_core.verb:Building package 'odrive_driver' with the following arguments: {'ament_cmake_args': None, 'build_base': '/home/vp/robot_ws/build/odrive_driver', 'catkin_cmake_args': None, 'catkin_skip_building_tests': False, 'cmake_args': None, 'cmake_clean_cache': False, 'cmake_clean_first': False, 'cmake_force_configure': False, 'cmake_target': None, 'cmake_target_skip_unavailable': False, 'install_base': '/home/vp/robot_ws/install/odrive_driver', 'merge_install': False, 'path': '/home/vp/robot_ws/src/odrive_driver', 'symlink_install': True, 'test_result_base': None}
[0.527s] Level 5:colcon.colcon_core.verb:set package 'vp_one' build argument 'cmake_args' from command line to 'None'
[0.527s] Level 5:colcon.colcon_core.verb:set package 'vp_one' build argument 'cmake_target' from command line to 'None'
[0.527s] Level 5:colcon.colcon_core.verb:set package 'vp_one' build argument 'cmake_target_skip_unavailable' from command line to 'False'
[0.527s] Level 5:colcon.colcon_core.verb:set package 'vp_one' build argument 'cmake_clean_cache' from command line to 'False'
[0.527s] Level 5:colcon.colcon_core.verb:set package 'vp_one' build argument 'cmake_clean_first' from command line to 'False'
[0.527s] Level 5:colcon.colcon_core.verb:set package 'vp_one' build argument 'cmake_force_configure' from command line to 'False'
[0.527s] Level 5:colcon.colcon_core.verb:set package 'vp_one' build argument 'ament_cmake_args' from command line to 'None'
[0.527s] Level 5:colcon.colcon_core.verb:set package 'vp_one' build argument 'catkin_cmake_args' from command line to 'None'
[0.527s] Level 5:colcon.colcon_core.verb:set package 'vp_one' build argument 'catkin_skip_building_tests' from command line to 'False'
[0.528s] DEBUG:colcon.colcon_core.verb:Building package 'vp_one' with the following arguments: {'ament_cmake_args': None, 'build_base': '/home/vp/robot_ws/build/vp_one', 'catkin_cmake_args': None, 'catkin_skip_building_tests': False, 'cmake_args': None, 'cmake_clean_cache': False, 'cmake_clean_first': False, 'cmake_force_configure': False, 'cmake_target': None, 'cmake_target_skip_unavailable': False, 'install_base': '/home/vp/robot_ws/install/vp_one', 'merge_install': False, 'path': '/home/vp/robot_ws/src/vp_one', 'symlink_install': True, 'test_result_base': None}
[0.529s] Level 5:colcon.colcon_core.verb:set package 'ydlidar_ros2_driver' build argument 'cmake_args' from command line to 'None'
[0.529s] Level 5:colcon.colcon_core.verb:set package 'ydlidar_ros2_driver' build argument 'cmake_target' from command line to 'None'
[0.529s] Level 5:colcon.colcon_core.verb:set package 'ydlidar_ros2_driver' build argument 'cmake_target_skip_unavailable' from command line to 'False'
[0.529s] Level 5:colcon.colcon_core.verb:set package 'ydlidar_ros2_driver' build argument 'cmake_clean_cache' from command line to 'False'
[0.529s] Level 5:colcon.colcon_core.verb:set package 'ydlidar_ros2_driver' build argument 'cmake_clean_first' from command line to 'False'
[0.529s] Level 5:colcon.colcon_core.verb:set package 'ydlidar_ros2_driver' build argument 'cmake_force_configure' from command line to 'False'
[0.529s] Level 5:colcon.colcon_core.verb:set package 'ydlidar_ros2_driver' build argument 'ament_cmake_args' from command line to 'None'
[0.529s] Level 5:colcon.colcon_core.verb:set package 'ydlidar_ros2_driver' build argument 'catkin_cmake_args' from command line to 'None'
[0.529s] Level 5:colcon.colcon_core.verb:set package 'ydlidar_ros2_driver' build argument 'catkin_skip_building_tests' from command line to 'False'
[0.529s] DEBUG:colcon.colcon_core.verb:Building package 'ydlidar_ros2_driver' with the following arguments: {'ament_cmake_args': None, 'build_base': '/home/vp/robot_ws/build/ydlidar_ros2_driver', 'catkin_cmake_args': None, 'catkin_skip_building_tests': False, 'cmake_args': None, 'cmake_clean_cache': False, 'cmake_clean_first': False, 'cmake_force_configure': False, 'cmake_target': None, 'cmake_target_skip_unavailable': False, 'install_base': '/home/vp/robot_ws/install/ydlidar_ros2_driver', 'merge_install': False, 'path': '/home/vp/robot_ws/src/ydlidar_ros2_driver', 'symlink_install': True, 'test_result_base': None}
[0.530s] INFO:colcon.colcon_core.executor:Executing jobs using 'parallel' executor
[0.534s] DEBUG:colcon.colcon_parallel_executor.executor.parallel:run_until_complete
[0.535s] INFO:colcon.colcon_ros.task.ament_python.build:Building ROS package in '/home/vp/robot_ws/src/lidar_vp' with build type 'ament_python'
[0.535s] Level 1:colcon.colcon_core.shell:create_environment_hook('lidar_vp', 'ament_prefix_path')
[0.540s] INFO:colcon.colcon_core.plugin_system:Skipping extension 'colcon_core.shell.bat': Not used on non-Windows systems
[0.541s] INFO:colcon.colcon_core.shell:Creating environment hook '/home/vp/robot_ws/install/lidar_vp/share/lidar_vp/hook/ament_prefix_path.ps1'
[0.542s] INFO:colcon.colcon_core.shell:Creating environment descriptor '/home/vp/robot_ws/install/lidar_vp/share/lidar_vp/hook/ament_prefix_path.dsv'
[0.542s] INFO:colcon.colcon_core.shell:Creating environment hook '/home/vp/robot_ws/install/lidar_vp/share/lidar_vp/hook/ament_prefix_path.sh'
[0.544s] INFO:colcon.colcon_core.shell:Skip shell extension 'powershell' for command environment: Not usable outside of PowerShell
[0.544s] DEBUG:colcon.colcon_core.shell:Skip shell extension 'dsv' for command environment
[0.555s] INFO:colcon.colcon_ros.task.ament_python.build:Building ROS package in '/home/vp/robot_ws/src/odom_vp' with build type 'ament_python'
[0.556s] Level 1:colcon.colcon_core.shell:create_environment_hook('odom_vp', 'ament_prefix_path')
[0.558s] INFO:colcon.colcon_core.shell:Creating environment hook '/home/vp/robot_ws/install/odom_vp/share/odom_vp/hook/ament_prefix_path.ps1'
[0.560s] INFO:colcon.colcon_core.shell:Creating environment descriptor '/home/vp/robot_ws/install/odom_vp/share/odom_vp/hook/ament_prefix_path.dsv'
[0.560s] INFO:colcon.colcon_core.shell:Creating environment hook '/home/vp/robot_ws/install/odom_vp/share/odom_vp/hook/ament_prefix_path.sh'
[0.563s] INFO:colcon.colcon_core.shell:Skip shell extension 'powershell' for command environment: Not usable outside of PowerShell
[0.563s] DEBUG:colcon.colcon_core.shell:Skip shell extension 'dsv' for command environment
[0.576s] INFO:colcon.colcon_ros.task.ament_python.build:Building ROS package in '/home/vp/robot_ws/src/odrive_driver' with build type 'ament_python'
[0.576s] Level 1:colcon.colcon_core.shell:create_environment_hook('odrive_driver', 'ament_prefix_path')
[0.578s] INFO:colcon.colcon_core.shell:Creating environment hook '/home/vp/robot_ws/install/odrive_driver/share/odrive_driver/hook/ament_prefix_path.ps1'
[0.580s] INFO:colcon.colcon_core.shell:Creating environment descriptor '/home/vp/robot_ws/install/odrive_driver/share/odrive_driver/hook/ament_prefix_path.dsv'
[0.580s] INFO:colcon.colcon_core.shell:Creating environment hook '/home/vp/robot_ws/install/odrive_driver/share/odrive_driver/hook/ament_prefix_path.sh'
[0.582s] INFO:colcon.colcon_core.shell:Skip shell extension 'powershell' for command environment: Not usable outside of PowerShell
[0.582s] DEBUG:colcon.colcon_core.shell:Skip shell extension 'dsv' for command environment
[0.589s] INFO:colcon.colcon_ros.task.ament_cmake.build:Building ROS package in '/home/vp/robot_ws/src/vp_one' with build type 'ament_cmake'
[0.591s] INFO:colcon.colcon_cmake.task.cmake.build:Building CMake package in '/home/vp/robot_ws/src/vp_one'
[0.593s] INFO:colcon.colcon_core.shell:Skip shell extension 'powershell' for command environment: Not usable outside of PowerShell
[0.593s] DEBUG:colcon.colcon_core.shell:Skip shell extension 'dsv' for command environment
[0.606s] INFO:colcon.colcon_ros.task.ament_cmake.build:Building ROS package in '/home/vp/robot_ws/src/ydlidar_ros2_driver' with build type 'ament_cmake'
[0.607s] INFO:colcon.colcon_cmake.task.cmake.build:Building CMake package in '/home/vp/robot_ws/src/ydlidar_ros2_driver'
[0.609s] INFO:colcon.colcon_core.shell:Skip shell extension 'powershell' for command environment: Not usable outside of PowerShell
[0.610s] DEBUG:colcon.colcon_core.shell:Skip shell extension 'dsv' for command environment
[0.892s] INFO:colcon.colcon_core.task.python.build:Building Python package in '/home/vp/robot_ws/src/lidar_vp'
[0.894s] INFO:colcon.colcon_core.shell:Skip shell extension 'powershell' for command environment: Not usable outside of PowerShell
[0.894s] DEBUG:colcon.colcon_core.shell:Skip shell extension 'dsv' for command environment
[1.209s] INFO:colcon.colcon_core.task.python.build:Building Python package in '/home/vp/robot_ws/src/odom_vp'
[1.212s] INFO:colcon.colcon_core.shell:Skip shell extension 'powershell' for command environment: Not usable outside of PowerShell
[1.212s] DEBUG:colcon.colcon_core.shell:Skip shell extension 'dsv' for command environment
[1.477s] INFO:colcon.colcon_core.task.python.build:Building Python package in '/home/vp/robot_ws/src/odrive_driver'
[1.479s] INFO:colcon.colcon_core.shell:Skip shell extension 'powershell' for command environment: Not usable outside of PowerShell
[1.479s] DEBUG:colcon.colcon_core.shell:Skip shell extension 'dsv' for command environment
[1.492s] DEBUG:colcon.colcon_core.event_handler.log_command:Invoking command in '/home/vp/robot_ws/build/vp_one': CMAKE_PREFIX_PATH=${CMAKE_PREFIX_PATH}:/home/vp/robot_ws/install/odrive_driver:/home/vp/robot_ws/install/odom_vp:/home/vp/robot_ws/install/lidar_vp:/opt/ros/foxy /usr/bin/cmake --build /home/vp/robot_ws/build/vp_one -- -j8 -l8
[1.502s] DEBUG:colcon.colcon_core.event_handler.log_command:Invoking command in '/home/vp/robot_ws/build/ydlidar_ros2_driver': CMAKE_PREFIX_PATH=${CMAKE_PREFIX_PATH}:/home/vp/robot_ws/install/odrive_driver:/home/vp/robot_ws/install/odom_vp:/home/vp/robot_ws/install/lidar_vp:/opt/ros/foxy /usr/bin/cmake --build /home/vp/robot_ws/build/ydlidar_ros2_driver -- -j8 -l8
[1.551s] DEBUG:colcon.colcon_core.event_handler.log_command:Invoked command in '/home/vp/robot_ws/build/vp_one' returned '0': CMAKE_PREFIX_PATH=${CMAKE_PREFIX_PATH}:/home/vp/robot_ws/install/odrive_driver:/home/vp/robot_ws/install/odom_vp:/home/vp/robot_ws/install/lidar_vp:/opt/ros/foxy /usr/bin/cmake --build /home/vp/robot_ws/build/vp_one -- -j8 -l8
[1.608s] DEBUG:colcon.colcon_core.event_handler.log_command:Invoking command in '/home/vp/robot_ws/build/vp_one': CMAKE_PREFIX_PATH=${CMAKE_PREFIX_PATH}:/home/vp/robot_ws/install/odrive_driver:/home/vp/robot_ws/install/odom_vp:/home/vp/robot_ws/install/lidar_vp:/opt/ros/foxy /usr/bin/cmake --install /home/vp/robot_ws/build/vp_one
[1.616s] DEBUG:colcon.colcon_core.event_handler.log_command:Invoked command in '/home/vp/robot_ws/build/ydlidar_ros2_driver' returned '0': CMAKE_PREFIX_PATH=${CMAKE_PREFIX_PATH}:/home/vp/robot_ws/install/odrive_driver:/home/vp/robot_ws/install/odom_vp:/home/vp/robot_ws/install/lidar_vp:/opt/ros/foxy /usr/bin/cmake --build /home/vp/robot_ws/build/ydlidar_ros2_driver -- -j8 -l8
[1.647s] Level 1:colcon.colcon_core.environment:create_environment_scripts_only(vp_one)
[1.648s] DEBUG:colcon.colcon_core.event_handler.log_command:Invoked command in '/home/vp/robot_ws/build/vp_one' returned '0': CMAKE_PREFIX_PATH=${CMAKE_PREFIX_PATH}:/home/vp/robot_ws/install/odrive_driver:/home/vp/robot_ws/install/odom_vp:/home/vp/robot_ws/install/lidar_vp:/opt/ros/foxy /usr/bin/cmake --install /home/vp/robot_ws/build/vp_one
[1.658s] Level 1:colcon.colcon_core.environment:checking '/home/vp/robot_ws/install/vp_one' for CMake module files
[1.659s] Level 1:colcon.colcon_core.environment:checking '/home/vp/robot_ws/install/vp_one' for CMake config files
[1.659s] Level 1:colcon.colcon_core.shell:create_environment_hook('vp_one', 'cmake_prefix_path')
[1.662s] INFO:colcon.colcon_core.shell:Creating environment hook '/home/vp/robot_ws/install/vp_one/share/vp_one/hook/cmake_prefix_path.ps1'
[1.663s] INFO:colcon.colcon_core.shell:Creating environment descriptor '/home/vp/robot_ws/install/vp_one/share/vp_one/hook/cmake_prefix_path.dsv'
[1.664s] INFO:colcon.colcon_core.shell:Creating environment hook '/home/vp/robot_ws/install/vp_one/share/vp_one/hook/cmake_prefix_path.sh'
[1.665s] Level 1:colcon.colcon_core.environment:checking '/home/vp/robot_ws/install/vp_one/bin'
[1.665s] Level 1:colcon.colcon_core.environment:checking '/home/vp/robot_ws/install/vp_one/lib/pkgconfig/vp_one.pc'
[1.666s] Level 1:colcon.colcon_core.environment:checking '/home/vp/robot_ws/install/vp_one/lib/python3.8/site-packages'
[1.667s] Level 1:colcon.colcon_core.environment:checking '/home/vp/robot_ws/install/vp_one/bin'
[1.669s] INFO:colcon.colcon_core.shell:Creating package script '/home/vp/robot_ws/install/vp_one/share/vp_one/package.ps1'
[1.671s] INFO:colcon.colcon_core.shell:Creating package descriptor '/home/vp/robot_ws/install/vp_one/share/vp_one/package.dsv'
[1.672s] INFO:colcon.colcon_core.shell:Creating package script '/home/vp/robot_ws/install/vp_one/share/vp_one/package.sh'
[1.673s] INFO:colcon.colcon_core.shell:Creating package script '/home/vp/robot_ws/install/vp_one/share/vp_one/package.bash'
[1.674s] INFO:colcon.colcon_core.shell:Creating package script '/home/vp/robot_ws/install/vp_one/share/vp_one/package.zsh'
[1.676s] Level 1:colcon.colcon_core.environment:create_file_with_runtime_dependencies(/home/vp/robot_ws/install/vp_one/share/colcon-core/packages/vp_one)
[1.686s] DEBUG:colcon.colcon_core.event_handler.log_command:Invoking command in '/home/vp/robot_ws/build/ydlidar_ros2_driver': CMAKE_PREFIX_PATH=${CMAKE_PREFIX_PATH}:/home/vp/robot_ws/install/odrive_driver:/home/vp/robot_ws/install/odom_vp:/home/vp/robot_ws/install/lidar_vp:/opt/ros/foxy /usr/bin/cmake --install /home/vp/robot_ws/build/ydlidar_ros2_driver
[1.708s] Level 1:colcon.colcon_core.environment:create_environment_scripts_only(vp_one)
[1.712s] Level 1:colcon.colcon_core.environment:checking '/home/vp/robot_ws/install/vp_one' for CMake module files
[1.716s] Level 1:colcon.colcon_core.environment:checking '/home/vp/robot_ws/install/vp_one' for CMake config files
[1.716s] Level 1:colcon.colcon_core.shell:create_environment_hook('vp_one', 'cmake_prefix_path')
[1.720s] INFO:colcon.colcon_core.shell:Creating environment hook '/home/vp/robot_ws/install/vp_one/share/vp_one/hook/cmake_prefix_path.ps1'
[1.721s] INFO:colcon.colcon_core.shell:Creating environment descriptor '/home/vp/robot_ws/install/vp_one/share/vp_one/hook/cmake_prefix_path.dsv'
[1.722s] INFO:colcon.colcon_core.shell:Creating environment hook '/home/vp/robot_ws/install/vp_one/share/vp_one/hook/cmake_prefix_path.sh'
[1.723s] Level 1:colcon.colcon_core.environment:checking '/home/vp/robot_ws/install/vp_one/bin'
[1.723s] Level 1:colcon.colcon_core.environment:checking '/home/vp/robot_ws/install/vp_one/lib/pkgconfig/vp_one.pc'
[1.724s] Level 1:colcon.colcon_core.environment:checking '/home/vp/robot_ws/install/vp_one/lib/python3.8/site-packages'
[1.724s] Level 1:colcon.colcon_core.environment:checking '/home/vp/robot_ws/install/vp_one/bin'
[1.726s] INFO:colcon.colcon_core.shell:Creating package script '/home/vp/robot_ws/install/vp_one/share/vp_one/package.ps1'
[1.727s] INFO:colcon.colcon_core.shell:Creating package descriptor '/home/vp/robot_ws/install/vp_one/share/vp_one/package.dsv'
[1.727s] INFO:colcon.colcon_core.shell:Creating package script '/home/vp/robot_ws/install/vp_one/share/vp_one/package.sh'
[1.728s] INFO:colcon.colcon_core.shell:Creating package script '/home/vp/robot_ws/install/vp_one/share/vp_one/package.bash'
[1.728s] INFO:colcon.colcon_core.shell:Creating package script '/home/vp/robot_ws/install/vp_one/share/vp_one/package.zsh'
[1.729s] Level 1:colcon.colcon_core.environment:create_file_with_runtime_dependencies(/home/vp/robot_ws/install/vp_one/share/colcon-core/packages/vp_one)
[1.731s] Level 1:colcon.colcon_core.environment:create_environment_scripts_only(ydlidar_ros2_driver)
[1.734s] Level 1:colcon.colcon_core.environment:checking '/home/vp/robot_ws/install/ydlidar_ros2_driver' for CMake module files
[1.735s] DEBUG:colcon.colcon_core.event_handler.log_command:Invoked command in '/home/vp/robot_ws/build/ydlidar_ros2_driver' returned '0': CMAKE_PREFIX_PATH=${CMAKE_PREFIX_PATH}:/home/vp/robot_ws/install/odrive_driver:/home/vp/robot_ws/install/odom_vp:/home/vp/robot_ws/install/lidar_vp:/opt/ros/foxy /usr/bin/cmake --install /home/vp/robot_ws/build/ydlidar_ros2_driver
[1.736s] Level 1:colcon.colcon_core.environment:checking '/home/vp/robot_ws/install/ydlidar_ros2_driver' for CMake config files
[1.737s] Level 1:colcon.colcon_core.shell:create_environment_hook('ydlidar_ros2_driver', 'cmake_prefix_path')
[1.739s] INFO:colcon.colcon_core.shell:Creating environment hook '/home/vp/robot_ws/install/ydlidar_ros2_driver/share/ydlidar_ros2_driver/hook/cmake_prefix_path.ps1'
[1.740s] INFO:colcon.colcon_core.shell:Creating environment descriptor '/home/vp/robot_ws/install/ydlidar_ros2_driver/share/ydlidar_ros2_driver/hook/cmake_prefix_path.dsv'
[1.740s] INFO:colcon.colcon_core.shell:Creating environment hook '/home/vp/robot_ws/install/ydlidar_ros2_driver/share/ydlidar_ros2_driver/hook/cmake_prefix_path.sh'
[1.741s] Level 1:colcon.colcon_core.environment:checking '/home/vp/robot_ws/install/ydlidar_ros2_driver/lib'
[1.741s] Level 1:colcon.colcon_core.environment:checking '/home/vp/robot_ws/install/ydlidar_ros2_driver/bin'
[1.741s] Level 1:colcon.colcon_core.environment:checking '/home/vp/robot_ws/install/ydlidar_ros2_driver/lib/pkgconfig/ydlidar_ros2_driver.pc'
[1.741s] Level 1:colcon.colcon_core.environment:checking '/home/vp/robot_ws/install/ydlidar_ros2_driver/lib/python3.8/site-packages'
[1.741s] Level 1:colcon.colcon_core.environment:checking '/home/vp/robot_ws/install/ydlidar_ros2_driver/bin'
[1.743s] INFO:colcon.colcon_core.shell:Creating package script '/home/vp/robot_ws/install/ydlidar_ros2_driver/share/ydlidar_ros2_driver/package.ps1'
[1.744s] INFO:colcon.colcon_core.shell:Creating package descriptor '/home/vp/robot_ws/install/ydlidar_ros2_driver/share/ydlidar_ros2_driver/package.dsv'
[1.744s] INFO:colcon.colcon_core.shell:Creating package script '/home/vp/robot_ws/install/ydlidar_ros2_driver/share/ydlidar_ros2_driver/package.sh'
[1.745s] INFO:colcon.colcon_core.shell:Creating package script '/home/vp/robot_ws/install/ydlidar_ros2_driver/share/ydlidar_ros2_driver/package.bash'
[1.745s] INFO:colcon.colcon_core.shell:Creating package script '/home/vp/robot_ws/install/ydlidar_ros2_driver/share/ydlidar_ros2_driver/package.zsh'
[1.745s] Level 1:colcon.colcon_core.environment:create_file_with_runtime_dependencies(/home/vp/robot_ws/install/ydlidar_ros2_driver/share/colcon-core/packages/ydlidar_ros2_driver)
[1.788s] Level 1:colcon.colcon_core.environment:create_environment_scripts_only(ydlidar_ros2_driver)
[1.792s] Level 1:colcon.colcon_core.environment:checking '/home/vp/robot_ws/install/ydlidar_ros2_driver' for CMake module files
[1.793s] Level 1:colcon.colcon_core.environment:checking '/home/vp/robot_ws/install/ydlidar_ros2_driver' for CMake config files
[1.794s] Level 1:colcon.colcon_core.shell:create_environment_hook('ydlidar_ros2_driver', 'cmake_prefix_path')
[1.797s] INFO:colcon.colcon_core.shell:Creating environment hook '/home/vp/robot_ws/install/ydlidar_ros2_driver/share/ydlidar_ros2_driver/hook/cmake_prefix_path.ps1'
[1.798s] INFO:colcon.colcon_core.shell:Creating environment descriptor '/home/vp/robot_ws/install/ydlidar_ros2_driver/share/ydlidar_ros2_driver/hook/cmake_prefix_path.dsv'
[1.798s] INFO:colcon.colcon_core.shell:Creating environment hook '/home/vp/robot_ws/install/ydlidar_ros2_driver/share/ydlidar_ros2_driver/hook/cmake_prefix_path.sh'
[1.799s] Level 1:colcon.colcon_core.environment:checking '/home/vp/robot_ws/install/ydlidar_ros2_driver/lib'
[1.800s] Level 1:colcon.colcon_core.environment:checking '/home/vp/robot_ws/install/ydlidar_ros2_driver/bin'
[1.800s] Level 1:colcon.colcon_core.environment:checking '/home/vp/robot_ws/install/ydlidar_ros2_driver/lib/pkgconfig/ydlidar_ros2_driver.pc'
[1.800s] Level 1:colcon.colcon_core.environment:checking '/home/vp/robot_ws/install/ydlidar_ros2_driver/lib/python3.8/site-packages'
[1.801s] Level 1:colcon.colcon_core.environment:checking '/home/vp/robot_ws/install/ydlidar_ros2_driver/bin'
[1.804s] INFO:colcon.colcon_core.shell:Creating package script '/home/vp/robot_ws/install/ydlidar_ros2_driver/share/ydlidar_ros2_driver/package.ps1'
[1.805s] INFO:colcon.colcon_core.shell:Creating package descriptor '/home/vp/robot_ws/install/ydlidar_ros2_driver/share/ydlidar_ros2_driver/package.dsv'
[1.806s] INFO:colcon.colcon_core.shell:Creating package script '/home/vp/robot_ws/install/ydlidar_ros2_driver/share/ydlidar_ros2_driver/package.sh'
[1.807s] INFO:colcon.colcon_core.shell:Creating package script '/home/vp/robot_ws/install/ydlidar_ros2_driver/share/ydlidar_ros2_driver/package.bash'
[1.808s] INFO:colcon.colcon_core.shell:Creating package script '/home/vp/robot_ws/install/ydlidar_ros2_driver/share/ydlidar_ros2_driver/package.zsh'
[1.809s] Level 1:colcon.colcon_core.environment:create_file_with_runtime_dependencies(/home/vp/robot_ws/install/ydlidar_ros2_driver/share/colcon-core/packages/ydlidar_ros2_driver)
[2.111s] DEBUG:colcon.colcon_core.event_handler.log_command:Invoking command in '/home/vp/robot_ws/build/odom_vp': PYTHONPATH=/home/vp/robot_ws/build/odom_vp/prefix_override:/home/vp/robot_ws/install/odom_vp/lib/python3.8/site-packages:${PYTHONPATH} /usr/bin/python3 setup.py develop --editable --build-directory /home/vp/robot_ws/build/odom_vp/build --no-deps install_data
[2.171s] DEBUG:colcon.colcon_core.event_handler.log_command:Invoking command in '/home/vp/robot_ws/build/lidar_vp': PYTHONPATH=/home/vp/robot_ws/build/lidar_vp/prefix_override:/home/vp/robot_ws/install/lidar_vp/lib/python3.8/site-packages:${PYTHONPATH} /usr/bin/python3 setup.py develop --editable --build-directory /home/vp/robot_ws/build/lidar_vp/build --no-deps install_data
[2.175s] DEBUG:colcon.colcon_core.event_handler.log_command:Invoking command in '/home/vp/robot_ws/build/odrive_driver': PYTHONPATH=/home/vp/robot_ws/build/odrive_driver/prefix_override:/home/vp/robot_ws/install/odrive_driver/lib/python3.8/site-packages:${PYTHONPATH} /usr/bin/python3 setup.py develop --editable --build-directory /home/vp/robot_ws/build/odrive_driver/build --no-deps install_data
[2.736s] Level 1:colcon.colcon_core.shell:create_environment_hook('odom_vp', 'pythonpath_develop')
[2.739s] INFO:colcon.colcon_core.shell:Creating environment hook '/home/vp/robot_ws/build/odom_vp/share/odom_vp/hook/pythonpath_develop.ps1'
[2.740s] DEBUG:colcon.colcon_core.event_handler.log_command:Invoked command in '/home/vp/robot_ws/build/odom_vp' returned '0': PYTHONPATH=/home/vp/robot_ws/build/odom_vp/prefix_override:/home/vp/robot_ws/install/odom_vp/lib/python3.8/site-packages:${PYTHONPATH} /usr/bin/python3 setup.py develop --editable --build-directory /home/vp/robot_ws/build/odom_vp/build --no-deps install_data
[2.740s] INFO:colcon.colcon_core.shell:Creating environment descriptor '/home/vp/robot_ws/build/odom_vp/share/odom_vp/hook/pythonpath_develop.dsv'
[2.741s] INFO:colcon.colcon_core.shell:Creating environment hook '/home/vp/robot_ws/build/odom_vp/share/odom_vp/hook/pythonpath_develop.sh'
[2.746s] Level 1:colcon.colcon_core.environment:checking '/home/vp/robot_ws/install/odom_vp' for CMake module files
[2.747s] Level 1:colcon.colcon_core.environment:checking '/home/vp/robot_ws/install/odom_vp' for CMake config files
[2.748s] Level 1:colcon.colcon_core.environment:checking '/home/vp/robot_ws/install/odom_vp/lib'
[2.748s] Level 1:colcon.colcon_core.environment:checking '/home/vp/robot_ws/install/odom_vp/bin'
[2.748s] Level 1:colcon.colcon_core.environment:checking '/home/vp/robot_ws/install/odom_vp/lib/pkgconfig/odom_vp.pc'
[2.749s] Level 1:colcon.colcon_core.environment:checking '/home/vp/robot_ws/install/odom_vp/lib/python3.8/site-packages'
[2.749s] Level 1:colcon.colcon_core.shell:create_environment_hook('odom_vp', 'pythonpath')
[2.752s] INFO:colcon.colcon_core.shell:Creating environment hook '/home/vp/robot_ws/install/odom_vp/share/odom_vp/hook/pythonpath.ps1'
[2.753s] INFO:colcon.colcon_core.shell:Creating environment descriptor '/home/vp/robot_ws/install/odom_vp/share/odom_vp/hook/pythonpath.dsv'
[2.753s] INFO:colcon.colcon_core.shell:Creating environment hook '/home/vp/robot_ws/install/odom_vp/share/odom_vp/hook/pythonpath.sh'
[2.754s] Level 1:colcon.colcon_core.environment:checking '/home/vp/robot_ws/install/odom_vp/bin'
[2.754s] Level 1:colcon.colcon_core.environment:create_environment_scripts_only(odom_vp)
[2.757s] INFO:colcon.colcon_core.shell:Creating package script '/home/vp/robot_ws/install/odom_vp/share/odom_vp/package.ps1'
[2.758s] INFO:colcon.colcon_core.shell:Creating package descriptor '/home/vp/robot_ws/install/odom_vp/share/odom_vp/package.dsv'
[2.759s] INFO:colcon.colcon_core.shell:Creating package script '/home/vp/robot_ws/install/odom_vp/share/odom_vp/package.sh'
[2.760s] INFO:colcon.colcon_core.shell:Creating package script '/home/vp/robot_ws/install/odom_vp/share/odom_vp/package.bash'
[2.760s] INFO:colcon.colcon_core.shell:Creating package script '/home/vp/robot_ws/install/odom_vp/share/odom_vp/package.zsh'
[2.761s] Level 1:colcon.colcon_core.environment:create_file_with_runtime_dependencies(/home/vp/robot_ws/install/odom_vp/share/colcon-core/packages/odom_vp)
[2.854s] Level 1:colcon.colcon_core.shell:create_environment_hook('lidar_vp', 'pythonpath_develop')
[2.856s] INFO:colcon.colcon_core.shell:Creating environment hook '/home/vp/robot_ws/build/lidar_vp/share/lidar_vp/hook/pythonpath_develop.ps1'
[2.857s] DEBUG:colcon.colcon_core.event_handler.log_command:Invoked command in '/home/vp/robot_ws/build/lidar_vp' returned '0': PYTHONPATH=/home/vp/robot_ws/build/lidar_vp/prefix_override:/home/vp/robot_ws/install/lidar_vp/lib/python3.8/site-packages:${PYTHONPATH} /usr/bin/python3 setup.py develop --editable --build-directory /home/vp/robot_ws/build/lidar_vp/build --no-deps install_data
[2.857s] INFO:colcon.colcon_core.shell:Creating environment descriptor '/home/vp/robot_ws/build/lidar_vp/share/lidar_vp/hook/pythonpath_develop.dsv'
[2.858s] INFO:colcon.colcon_core.shell:Creating environment hook '/home/vp/robot_ws/build/lidar_vp/share/lidar_vp/hook/pythonpath_develop.sh'
[2.862s] Level 1:colcon.colcon_core.environment:checking '/home/vp/robot_ws/install/lidar_vp' for CMake module files
[2.863s] Level 1:colcon.colcon_core.environment:checking '/home/vp/robot_ws/install/lidar_vp' for CMake config files
[2.864s] Level 1:colcon.colcon_core.environment:checking '/home/vp/robot_ws/install/lidar_vp/lib'
[2.864s] Level 1:colcon.colcon_core.environment:checking '/home/vp/robot_ws/install/lidar_vp/bin'
[2.864s] Level 1:colcon.colcon_core.environment:checking '/home/vp/robot_ws/install/lidar_vp/lib/pkgconfig/lidar_vp.pc'
[2.864s] Level 1:colcon.colcon_core.environment:checking '/home/vp/robot_ws/install/lidar_vp/lib/python3.8/site-packages'
[2.865s] Level 1:colcon.colcon_core.shell:create_environment_hook('lidar_vp', 'pythonpath')
[2.867s] INFO:colcon.colcon_core.shell:Creating environment hook '/home/vp/robot_ws/install/lidar_vp/share/lidar_vp/hook/pythonpath.ps1'
[2.868s] INFO:colcon.colcon_core.shell:Creating environment descriptor '/home/vp/robot_ws/install/lidar_vp/share/lidar_vp/hook/pythonpath.dsv'
[2.868s] INFO:colcon.colcon_core.shell:Creating environment hook '/home/vp/robot_ws/install/lidar_vp/share/lidar_vp/hook/pythonpath.sh'
[2.869s] Level 1:colcon.colcon_core.environment:checking '/home/vp/robot_ws/install/lidar_vp/bin'
[2.869s] Level 1:colcon.colcon_core.environment:create_environment_scripts_only(lidar_vp)
[2.872s] INFO:colcon.colcon_core.shell:Creating package script '/home/vp/robot_ws/install/lidar_vp/share/lidar_vp/package.ps1'
[2.872s] INFO:colcon.colcon_core.shell:Creating package descriptor '/home/vp/robot_ws/install/lidar_vp/share/lidar_vp/package.dsv'
[2.873s] INFO:colcon.colcon_core.shell:Creating package script '/home/vp/robot_ws/install/lidar_vp/share/lidar_vp/package.sh'
[2.874s] INFO:colcon.colcon_core.shell:Creating package script '/home/vp/robot_ws/install/lidar_vp/share/lidar_vp/package.bash'
[2.874s] INFO:colcon.colcon_core.shell:Creating package script '/home/vp/robot_ws/install/lidar_vp/share/lidar_vp/package.zsh'
[2.875s] Level 1:colcon.colcon_core.environment:create_file_with_runtime_dependencies(/home/vp/robot_ws/install/lidar_vp/share/colcon-core/packages/lidar_vp)
[2.877s] Level 1:colcon.colcon_core.shell:create_environment_hook('odrive_driver', 'pythonpath_develop')
[2.878s] INFO:colcon.colcon_core.shell:Creating environment hook '/home/vp/robot_ws/build/odrive_driver/share/odrive_driver/hook/pythonpath_develop.ps1'
[2.880s] INFO:colcon.colcon_core.shell:Creating environment descriptor '/home/vp/robot_ws/build/odrive_driver/share/odrive_driver/hook/pythonpath_develop.dsv'
[2.880s] DEBUG:colcon.colcon_core.event_handler.log_command:Invoked command in '/home/vp/robot_ws/build/odrive_driver' returned '0': PYTHONPATH=/home/vp/robot_ws/build/odrive_driver/prefix_override:/home/vp/robot_ws/install/odrive_driver/lib/python3.8/site-packages:${PYTHONPATH} /usr/bin/python3 setup.py develop --editable --build-directory /home/vp/robot_ws/build/odrive_driver/build --no-deps install_data
[2.880s] INFO:colcon.colcon_core.shell:Creating environment hook '/home/vp/robot_ws/build/odrive_driver/share/odrive_driver/hook/pythonpath_develop.sh'
[2.883s] Level 1:colcon.colcon_core.environment:checking '/home/vp/robot_ws/install/odrive_driver' for CMake module files
[2.884s] Level 1:colcon.colcon_core.environment:checking '/home/vp/robot_ws/install/odrive_driver' for CMake config files
[2.885s] Level 1:colcon.colcon_core.environment:checking '/home/vp/robot_ws/install/odrive_driver/lib'
[2.885s] Level 1:colcon.colcon_core.environment:checking '/home/vp/robot_ws/install/odrive_driver/bin'
[2.885s] Level 1:colcon.colcon_core.environment:checking '/home/vp/robot_ws/install/odrive_driver/lib/pkgconfig/odrive_driver.pc'
[2.885s] Level 1:colcon.colcon_core.environment:checking '/home/vp/robot_ws/install/odrive_driver/lib/python3.8/site-packages'
[2.885s] Level 1:colcon.colcon_core.shell:create_environment_hook('odrive_driver', 'pythonpath')
[2.886s] INFO:colcon.colcon_core.shell:Creating environment hook '/home/vp/robot_ws/install/odrive_driver/share/odrive_driver/hook/pythonpath.ps1'
[2.887s] INFO:colcon.colcon_core.shell:Creating environment descriptor '/home/vp/robot_ws/install/odrive_driver/share/odrive_driver/hook/pythonpath.dsv'
[2.887s] INFO:colcon.colcon_core.shell:Creating environment hook '/home/vp/robot_ws/install/odrive_driver/share/odrive_driver/hook/pythonpath.sh'
[2.888s] Level 1:colcon.colcon_core.environment:checking '/home/vp/robot_ws/install/odrive_driver/bin'
[2.888s] Level 1:colcon.colcon_core.environment:create_environment_scripts_only(odrive_driver)
[2.890s] INFO:colcon.colcon_core.shell:Creating package script '/home/vp/robot_ws/install/odrive_driver/share/odrive_driver/package.ps1'
[2.890s] INFO:colcon.colcon_core.shell:Creating package descriptor '/home/vp/robot_ws/install/odrive_driver/share/odrive_driver/package.dsv'
[2.891s] INFO:colcon.colcon_core.shell:Creating package script '/home/vp/robot_ws/install/odrive_driver/share/odrive_driver/package.sh'
[2.891s] INFO:colcon.colcon_core.shell:Creating package script '/home/vp/robot_ws/install/odrive_driver/share/odrive_driver/package.bash'
[2.892s] INFO:colcon.colcon_core.shell:Creating package script '/home/vp/robot_ws/install/odrive_driver/share/odrive_driver/package.zsh'
[2.892s] Level 1:colcon.colcon_core.environment:create_file_with_runtime_dependencies(/home/vp/robot_ws/install/odrive_driver/share/colcon-core/packages/odrive_driver)
[2.893s] DEBUG:colcon.colcon_parallel_executor.executor.parallel:closing loop
[2.893s] DEBUG:colcon.colcon_parallel_executor.executor.parallel:loop closed
[2.893s] DEBUG:colcon.colcon_parallel_executor.executor.parallel:run_until_complete finished with '0'
[2.894s] DEBUG:colcon.colcon_core.event_reactor:joining thread
[2.902s] INFO:colcon.colcon_core.plugin_system:Skipping extension 'colcon_notification.desktop_notification.terminal_notifier': Not used on non-Darwin systems
[2.902s] INFO:colcon.colcon_core.plugin_system:Skipping extension 'colcon_notification.desktop_notification.win32': Not used on non-Windows systems
[2.902s] INFO:colcon.colcon_notification.desktop_notification:Sending desktop notification using 'notify2'
[2.917s] DEBUG:colcon.colcon_core.event_reactor:joined thread
[2.919s] INFO:colcon.colcon_core.shell:Creating prefix script '/home/vp/robot_ws/install/local_setup.ps1'
[2.920s] INFO:colcon.colcon_core.shell:Creating prefix util module '/home/vp/robot_ws/install/_local_setup_util_ps1.py'
[2.921s] INFO:colcon.colcon_core.shell:Creating prefix chain script '/home/vp/robot_ws/install/setup.ps1'
[2.923s] INFO:colcon.colcon_core.shell:Creating prefix script '/home/vp/robot_ws/install/local_setup.sh'
[2.924s] INFO:colcon.colcon_core.shell:Creating prefix util module '/home/vp/robot_ws/install/_local_setup_util_sh.py'
[2.925s] INFO:colcon.colcon_core.shell:Creating prefix chain script '/home/vp/robot_ws/install/setup.sh'
[2.927s] INFO:colcon.colcon_core.shell:Creating prefix script '/home/vp/robot_ws/install/local_setup.bash'
[2.927s] INFO:colcon.colcon_core.shell:Creating prefix chain script '/home/vp/robot_ws/install/setup.bash'
[2.930s] INFO:colcon.colcon_core.shell:Creating prefix script '/home/vp/robot_ws/install/local_setup.zsh'
[2.930s] INFO:colcon.colcon_core.shell:Creating prefix chain script '/home/vp/robot_ws/install/setup.zsh'
