[0.189s] Invoking command in '/home/vp/robot_ws/build/odrive_demo_description': CMAKE_PREFIX_PATH=${CMAKE_PREFIX_PATH}:/home/vp/robot_ws/install/ros2_control_test_nodes:/home/vp/robot_ws/install/odrive_driver:/opt/ros/foxy /usr/bin/cmake --build /home/vp/robot_ws/build/odrive_demo_description -- -j8 -l8
[0.975s] Invoked command in '/home/vp/robot_ws/build/odrive_demo_description' returned '0': CMAKE_PREFIX_PATH=${CMAKE_PREFIX_PATH}:/home/vp/robot_ws/install/ros2_control_test_nodes:/home/vp/robot_ws/install/odrive_driver:/opt/ros/foxy /usr/bin/cmake --build /home/vp/robot_ws/build/odrive_demo_description -- -j8 -l8
[1.070s] Invoking command in '/home/vp/robot_ws/build/odrive_demo_description': CMAKE_PREFIX_PATH=${CMAKE_PREFIX_PATH}:/home/vp/robot_ws/install/ros2_control_test_nodes:/home/vp/robot_ws/install/odrive_driver:/opt/ros/foxy /usr/bin/cmake --install /home/vp/robot_ws/build/odrive_demo_description
[1.116s] -- Install configuration: ""
[1.116s] -- Execute custom install script
[1.118s] -- Up-to-date symlink: /home/vp/robot_ws/install/odrive_demo_description/share/odrive_demo_description/urdf/odrive.ros2_control.xacro
[1.119s] -- Up-to-date symlink: /home/vp/robot_ws/install/odrive_demo_description/share/odrive_demo_description/urdf/odrive.urdf.xacro
[1.120s] -- Up-to-date symlink: /home/vp/robot_ws/install/odrive_demo_description/share/odrive_demo_description/urdf/odrive_diffbot.urdf.xacro
[1.120s] -- Up-to-date symlink: /home/vp/robot_ws/install/odrive_demo_description/share/odrive_demo_description/urdf/odrive_rrbot.urdf.xacro
[1.122s] -- Up-to-date symlink: /home/vp/robot_ws/install/odrive_demo_description/share/ament_index/resource_index/package_run_dependencies/odrive_demo_description
[1.127s] -- Up-to-date symlink: /home/vp/robot_ws/install/odrive_demo_description/share/ament_index/resource_index/parent_prefix_path/odrive_demo_description
[1.127s] -- Up-to-date symlink: /home/vp/robot_ws/install/odrive_demo_description/share/odrive_demo_description/environment/ament_prefix_path.sh
[1.127s] -- Up-to-date symlink: /home/vp/robot_ws/install/odrive_demo_description/share/odrive_demo_description/environment/ament_prefix_path.dsv
[1.127s] -- Up-to-date symlink: /home/vp/robot_ws/install/odrive_demo_description/share/odrive_demo_description/environment/path.sh
[1.127s] -- Up-to-date symlink: /home/vp/robot_ws/install/odrive_demo_description/share/odrive_demo_description/environment/path.dsv
[1.128s] -- Up-to-date symlink: /home/vp/robot_ws/install/odrive_demo_description/share/odrive_demo_description/local_setup.bash
[1.128s] -- Up-to-date symlink: /home/vp/robot_ws/install/odrive_demo_description/share/odrive_demo_description/local_setup.sh
[1.130s] -- Up-to-date symlink: /home/vp/robot_ws/install/odrive_demo_description/share/odrive_demo_description/local_setup.zsh
[1.130s] -- Up-to-date symlink: /home/vp/robot_ws/install/odrive_demo_description/share/odrive_demo_description/local_setup.dsv
[1.130s] -- Symlinking: /home/vp/robot_ws/install/odrive_demo_description/share/odrive_demo_description/package.dsv
[1.133s] -- Up-to-date symlink: /home/vp/robot_ws/install/odrive_demo_description/share/ament_index/resource_index/packages/odrive_demo_description
[1.133s] -- Up-to-date symlink: /home/vp/robot_ws/install/odrive_demo_description/share/odrive_demo_description/cmake/odrive_demo_descriptionConfig.cmake
[1.137s] -- Up-to-date symlink: /home/vp/robot_ws/install/odrive_demo_description/share/odrive_demo_description/cmake/odrive_demo_descriptionConfig-version.cmake
[1.138s] -- Up-to-date symlink: /home/vp/robot_ws/install/odrive_demo_description/share/odrive_demo_description/package.xml
[1.238s] Invoked command in '/home/vp/robot_ws/build/odrive_demo_description' returned '0': CMAKE_PREFIX_PATH=${CMAKE_PREFIX_PATH}:/home/vp/robot_ws/install/ros2_control_test_nodes:/home/vp/robot_ws/install/odrive_driver:/opt/ros/foxy /usr/bin/cmake --install /home/vp/robot_ws/build/odrive_demo_description
