[0.107s] Invoking command in '/home/vp/robot_ws/build/odrive_demo_description': CMAKE_PREFIX_PATH=${CMAKE_PREFIX_PATH}:/home/vp/robot_ws/install/ros2_control_test_nodes:/home/vp/robot_ws/install/odrive_driver:/opt/ros/foxy /usr/bin/cmake --build /home/vp/robot_ws/build/odrive_demo_description -- -j8 -l8
[0.693s] Invoked command in '/home/vp/robot_ws/build/odrive_demo_description' returned '0': CMAKE_PREFIX_PATH=${CMAKE_PREFIX_PATH}:/home/vp/robot_ws/install/ros2_control_test_nodes:/home/vp/robot_ws/install/odrive_driver:/opt/ros/foxy /usr/bin/cmake --build /home/vp/robot_ws/build/odrive_demo_description -- -j8 -l8
[0.754s] Invoking command in '/home/vp/robot_ws/build/odrive_demo_description': CMAKE_PREFIX_PATH=${CMAKE_PREFIX_PATH}:/home/vp/robot_ws/install/ros2_control_test_nodes:/home/vp/robot_ws/install/odrive_driver:/opt/ros/foxy /usr/bin/cmake --install /home/vp/robot_ws/build/odrive_demo_description
[0.777s] -- Install configuration: ""
[0.778s] -- Execute custom install script
[0.779s] -- Up-to-date symlink: /home/vp/robot_ws/install/odrive_demo_description/share/odrive_demo_description/urdf/odrive.ros2_control.xacro
[0.779s] -- Up-to-date symlink: /home/vp/robot_ws/install/odrive_demo_description/share/odrive_demo_description/urdf/odrive.urdf.xacro
[0.779s] -- Up-to-date symlink: /home/vp/robot_ws/install/odrive_demo_description/share/odrive_demo_description/urdf/odrive_diffbot.urdf.xacro
[0.780s] -- Up-to-date symlink: /home/vp/robot_ws/install/odrive_demo_description/share/odrive_demo_description/urdf/odrive_rrbot.urdf.xacro
[0.780s] -- Up-to-date symlink: /home/vp/robot_ws/install/odrive_demo_description/share/ament_index/resource_index/package_run_dependencies/odrive_demo_description
[0.780s] -- Up-to-date symlink: /home/vp/robot_ws/install/odrive_demo_description/share/ament_index/resource_index/parent_prefix_path/odrive_demo_description
[0.780s] -- Up-to-date symlink: /home/vp/robot_ws/install/odrive_demo_description/share/odrive_demo_description/environment/ament_prefix_path.sh
[0.780s] -- Up-to-date symlink: /home/vp/robot_ws/install/odrive_demo_description/share/odrive_demo_description/environment/ament_prefix_path.dsv
[0.780s] -- Up-to-date symlink: /home/vp/robot_ws/install/odrive_demo_description/share/odrive_demo_description/environment/path.sh
[0.780s] -- Up-to-date symlink: /home/vp/robot_ws/install/odrive_demo_description/share/odrive_demo_description/environment/path.dsv
[0.780s] -- Up-to-date symlink: /home/vp/robot_ws/install/odrive_demo_description/share/odrive_demo_description/local_setup.bash
[0.781s] -- Up-to-date symlink: /home/vp/robot_ws/install/odrive_demo_description/share/odrive_demo_description/local_setup.sh
[0.781s] -- Up-to-date symlink: /home/vp/robot_ws/install/odrive_demo_description/share/odrive_demo_description/local_setup.zsh
[0.781s] -- Up-to-date symlink: /home/vp/robot_ws/install/odrive_demo_description/share/odrive_demo_description/local_setup.dsv
[0.781s] -- Symlinking: /home/vp/robot_ws/install/odrive_demo_description/share/odrive_demo_description/package.dsv
[0.793s] -- Up-to-date symlink: /home/vp/robot_ws/install/odrive_demo_description/share/ament_index/resource_index/packages/odrive_demo_description
[0.794s] -- Up-to-date symlink: /home/vp/robot_ws/install/odrive_demo_description/share/odrive_demo_description/cmake/odrive_demo_descriptionConfig.cmake
[0.794s] -- Up-to-date symlink: /home/vp/robot_ws/install/odrive_demo_description/share/odrive_demo_description/cmake/odrive_demo_descriptionConfig-version.cmake
[0.797s] -- Up-to-date symlink: /home/vp/robot_ws/install/odrive_demo_description/share/odrive_demo_description/package.xml
[0.815s] Invoked command in '/home/vp/robot_ws/build/odrive_demo_description' returned '0': CMAKE_PREFIX_PATH=${CMAKE_PREFIX_PATH}:/home/vp/robot_ws/install/ros2_control_test_nodes:/home/vp/robot_ws/install/odrive_driver:/opt/ros/foxy /usr/bin/cmake --install /home/vp/robot_ws/build/odrive_demo_description
