[0.571s] Invoking command in '/home/vp/robot_ws/build/vp_one': CMAKE_PREFIX_PATH=${CMAKE_PREFIX_PATH}:/home/vp/robot_ws/install/two_wheel_demo:/home/vp/robot_ws/install/odrive_driver:/home/vp/robot_ws/install/odom:/opt/ros/foxy /usr/bin/cmake --build /home/vp/robot_ws/build/vp_one -- -j8 -l8
[0.640s] Invoked command in '/home/vp/robot_ws/build/vp_one' returned '0': CMAKE_PREFIX_PATH=${CMAKE_PREFIX_PATH}:/home/vp/robot_ws/install/two_wheel_demo:/home/vp/robot_ws/install/odrive_driver:/home/vp/robot_ws/install/odom:/opt/ros/foxy /usr/bin/cmake --build /home/vp/robot_ws/build/vp_one -- -j8 -l8
[0.712s] Invoking command in '/home/vp/robot_ws/build/vp_one': CMAKE_PREFIX_PATH=${CMAKE_PREFIX_PATH}:/home/vp/robot_ws/install/two_wheel_demo:/home/vp/robot_ws/install/odrive_driver:/home/vp/robot_ws/install/odom:/opt/ros/foxy /usr/bin/cmake --install /home/vp/robot_ws/build/vp_one
[0.742s] -- Install configuration: ""
[0.742s] -- Execute custom install script
[0.743s] -- Up-to-date symlink: /home/vp/robot_ws/install/vp_one/share/vp_one/config/empty.yaml
[0.751s] -- Up-to-date symlink: /home/vp/robot_ws/install/vp_one/share/vp_one/config/mapper_params_online_async.yaml
[0.753s] -- Up-to-date symlink: /home/vp/robot_ws/install/vp_one/share/vp_one/config/view_bot.rviz
[0.753s] -- Up-to-date symlink: /home/vp/robot_ws/install/vp_one/share/vp_one/description/gazebo_control.xacro
[0.753s] -- Up-to-date symlink: /home/vp/robot_ws/install/vp_one/share/vp_one/description/inertial_macros.xacro
[0.754s] -- Up-to-date symlink: /home/vp/robot_ws/install/vp_one/share/vp_one/description/lidar.xacro
[0.754s] -- Up-to-date symlink: /home/vp/robot_ws/install/vp_one/share/vp_one/description/robot.urdf.xacro
[0.755s] -- Up-to-date symlink: /home/vp/robot_ws/install/vp_one/share/vp_one/description/robot_core.xacro
[0.755s] -- Up-to-date symlink: /home/vp/robot_ws/install/vp_one/share/vp_one/launch/launch_sim.launch.py
[0.755s] -- Up-to-date symlink: /home/vp/robot_ws/install/vp_one/share/vp_one/launch/rsp.launch.py
[0.756s] -- Up-to-date symlink: /home/vp/robot_ws/install/vp_one/share/vp_one/worlds/empty.world
[0.756s] -- Up-to-date symlink: /home/vp/robot_ws/install/vp_one/share/ament_index/resource_index/package_run_dependencies/vp_one
[0.756s] -- Up-to-date symlink: /home/vp/robot_ws/install/vp_one/share/ament_index/resource_index/parent_prefix_path/vp_one
[0.756s] -- Up-to-date symlink: /home/vp/robot_ws/install/vp_one/share/vp_one/environment/ament_prefix_path.sh
[0.757s] -- Up-to-date symlink: /home/vp/robot_ws/install/vp_one/share/vp_one/environment/ament_prefix_path.dsv
[0.757s] -- Up-to-date symlink: /home/vp/robot_ws/install/vp_one/share/vp_one/environment/path.sh
[0.757s] -- Up-to-date symlink: /home/vp/robot_ws/install/vp_one/share/vp_one/environment/path.dsv
[0.758s] -- Up-to-date symlink: /home/vp/robot_ws/install/vp_one/share/vp_one/local_setup.bash
[0.760s] -- Up-to-date symlink: /home/vp/robot_ws/install/vp_one/share/vp_one/local_setup.sh
[0.760s] -- Up-to-date symlink: /home/vp/robot_ws/install/vp_one/share/vp_one/local_setup.zsh
[0.761s] -- Up-to-date symlink: /home/vp/robot_ws/install/vp_one/share/vp_one/local_setup.dsv
[0.761s] -- Symlinking: /home/vp/robot_ws/install/vp_one/share/vp_one/package.dsv
[0.761s] -- Up-to-date symlink: /home/vp/robot_ws/install/vp_one/share/ament_index/resource_index/packages/vp_one
[0.762s] -- Up-to-date symlink: /home/vp/robot_ws/install/vp_one/share/vp_one/cmake/vp_oneConfig.cmake
[0.762s] -- Up-to-date symlink: /home/vp/robot_ws/install/vp_one/share/vp_one/cmake/vp_oneConfig-version.cmake
[0.763s] -- Up-to-date symlink: /home/vp/robot_ws/install/vp_one/share/vp_one/package.xml
[0.781s] Invoked command in '/home/vp/robot_ws/build/vp_one' returned '0': CMAKE_PREFIX_PATH=${CMAKE_PREFIX_PATH}:/home/vp/robot_ws/install/two_wheel_demo:/home/vp/robot_ws/install/odrive_driver:/home/vp/robot_ws/install/odom:/opt/ros/foxy /usr/bin/cmake --install /home/vp/robot_ws/build/vp_one
