[0.542s] Invoking command in '/home/vp/robot_ws/build/rrbot_description': CMAKE_PREFIX_PATH=${CMAKE_PREFIX_PATH}:/home/vp/robot_ws/install/ros2_control_test_nodes:/home/vp/robot_ws/install/odrive_driver:/opt/ros/foxy /usr/bin/cmake /home/vp/robot_ws/src/ros2_control_demos/ros2_control_demo_description/rrbot_description -DCMAKE_INSTALL_PREFIX=/home/vp/robot_ws/install/rrbot_description
[0.990s] -- Found ament_cmake: 0.9.11 (/opt/ros/foxy/share/ament_cmake/cmake)
[0.990s] -- Using PYTHON_EXECUTABLE: /usr/bin/python3
[0.990s] -- Override CMake install command with custom implementation using symlinks instead of copying resources
[1.036s] -- Configuring done
[1.040s] -- Generating done
[1.041s] -- Build files have been written to: /home/vp/robot_ws/build/rrbot_description
[1.065s] Invoked command in '/home/vp/robot_ws/build/rrbot_description' returned '0': CMAKE_PREFIX_PATH=${CMAKE_PREFIX_PATH}:/home/vp/robot_ws/install/ros2_control_test_nodes:/home/vp/robot_ws/install/odrive_driver:/opt/ros/foxy /usr/bin/cmake /home/vp/robot_ws/src/ros2_control_demos/ros2_control_demo_description/rrbot_description -DCMAKE_INSTALL_PREFIX=/home/vp/robot_ws/install/rrbot_description
[1.070s] Invoking command in '/home/vp/robot_ws/build/rrbot_description': CMAKE_PREFIX_PATH=${CMAKE_PREFIX_PATH}:/home/vp/robot_ws/install/ros2_control_test_nodes:/home/vp/robot_ws/install/odrive_driver:/opt/ros/foxy /usr/bin/cmake --build /home/vp/robot_ws/build/rrbot_description -- -j8 -l8
[1.136s] Invoked command in '/home/vp/robot_ws/build/rrbot_description' returned '0': CMAKE_PREFIX_PATH=${CMAKE_PREFIX_PATH}:/home/vp/robot_ws/install/ros2_control_test_nodes:/home/vp/robot_ws/install/odrive_driver:/opt/ros/foxy /usr/bin/cmake --build /home/vp/robot_ws/build/rrbot_description -- -j8 -l8
[1.210s] Invoking command in '/home/vp/robot_ws/build/rrbot_description': CMAKE_PREFIX_PATH=${CMAKE_PREFIX_PATH}:/home/vp/robot_ws/install/ros2_control_test_nodes:/home/vp/robot_ws/install/odrive_driver:/opt/ros/foxy /usr/bin/cmake --install /home/vp/robot_ws/build/rrbot_description
[1.258s] -- Install configuration: ""
[1.260s] -- Execute custom install script
[1.260s] -- Up-to-date symlink: /home/vp/robot_ws/install/rrbot_description/share/rrbot_description/config/rrbot.rviz
[1.261s] -- Up-to-date symlink: /home/vp/robot_ws/install/rrbot_description/share/rrbot_description/gazebo/rrbot.gazebo.xacro
[1.262s] -- Up-to-date symlink: /home/vp/robot_ws/install/rrbot_description/share/rrbot_description/gazebo/rrbot.materials.xacro
[1.263s] -- Up-to-date symlink: /home/vp/robot_ws/install/rrbot_description/share/rrbot_description/meshes/hokuyo.dae
[1.263s] -- Up-to-date symlink: /home/vp/robot_ws/install/rrbot_description/share/rrbot_description/launch/view_robot.launch.py
[1.264s] -- Up-to-date symlink: /home/vp/robot_ws/install/rrbot_description/share/rrbot_description/ros2_control/rrbot.ros2_control.xacro
[1.264s] -- Up-to-date symlink: /home/vp/robot_ws/install/rrbot_description/share/rrbot_description/ros2_control/rrbot_system_multi_interface.ros2_control.xacro
[1.264s] -- Up-to-date symlink: /home/vp/robot_ws/install/rrbot_description/share/rrbot_description/ros2_control/rrbot_system_position_only.ros2_control.xacro
[1.265s] -- Up-to-date symlink: /home/vp/robot_ws/install/rrbot_description/share/rrbot_description/ros2_control/rrbot_system_with_sensor.ros2_control.xacro
[1.265s] -- Up-to-date symlink: /home/vp/robot_ws/install/rrbot_description/share/rrbot_description/urdf/rrbot.urdf.xacro
[1.265s] -- Up-to-date symlink: /home/vp/robot_ws/install/rrbot_description/share/rrbot_description/urdf/rrbot_description.urdf.xacro
[1.266s] -- Up-to-date symlink: /home/vp/robot_ws/install/rrbot_description/share/rrbot_description/urdf/rrbot_system_multi_interface.urdf.xacro
[1.266s] -- Up-to-date symlink: /home/vp/robot_ws/install/rrbot_description/share/rrbot_description/urdf/rrbot_system_position_only.urdf.xacro
[1.267s] -- Up-to-date symlink: /home/vp/robot_ws/install/rrbot_description/share/rrbot_description/urdf/rrbot_system_with_sensor.urdf.xacro
[1.267s] -- Up-to-date symlink: /home/vp/robot_ws/install/rrbot_description/share/rrbot_description/environment/rrbot_description.dsv
[1.267s] -- Up-to-date symlink: /home/vp/robot_ws/install/rrbot_description/share/ament_index/resource_index/package_run_dependencies/rrbot_description
[1.268s] -- Up-to-date symlink: /home/vp/robot_ws/install/rrbot_description/share/ament_index/resource_index/parent_prefix_path/rrbot_description
[1.268s] -- Up-to-date symlink: /home/vp/robot_ws/install/rrbot_description/share/rrbot_description/environment/ament_prefix_path.sh
[1.269s] -- Up-to-date symlink: /home/vp/robot_ws/install/rrbot_description/share/rrbot_description/environment/ament_prefix_path.dsv
[1.271s] -- Up-to-date symlink: /home/vp/robot_ws/install/rrbot_description/share/rrbot_description/environment/path.sh
[1.271s] -- Up-to-date symlink: /home/vp/robot_ws/install/rrbot_description/share/rrbot_description/environment/path.dsv
[1.271s] -- Up-to-date symlink: /home/vp/robot_ws/install/rrbot_description/share/rrbot_description/local_setup.bash
[1.272s] -- Up-to-date symlink: /home/vp/robot_ws/install/rrbot_description/share/rrbot_description/local_setup.sh
[1.272s] -- Up-to-date symlink: /home/vp/robot_ws/install/rrbot_description/share/rrbot_description/local_setup.zsh
[1.272s] -- Up-to-date symlink: /home/vp/robot_ws/install/rrbot_description/share/rrbot_description/local_setup.dsv
[1.272s] -- Symlinking: /home/vp/robot_ws/install/rrbot_description/share/rrbot_description/package.dsv
[1.291s] -- Up-to-date symlink: /home/vp/robot_ws/install/rrbot_description/share/ament_index/resource_index/packages/rrbot_description
[1.291s] -- Up-to-date symlink: /home/vp/robot_ws/install/rrbot_description/share/rrbot_description/cmake/rrbot_descriptionConfig.cmake
[1.292s] -- Up-to-date symlink: /home/vp/robot_ws/install/rrbot_description/share/rrbot_description/cmake/rrbot_descriptionConfig-version.cmake
[1.292s] -- Up-to-date symlink: /home/vp/robot_ws/install/rrbot_description/share/rrbot_description/package.xml
[1.330s] Invoked command in '/home/vp/robot_ws/build/rrbot_description' returned '0': CMAKE_PREFIX_PATH=${CMAKE_PREFIX_PATH}:/home/vp/robot_ws/install/ros2_control_test_nodes:/home/vp/robot_ws/install/odrive_driver:/opt/ros/foxy /usr/bin/cmake --install /home/vp/robot_ws/build/rrbot_description
