[0.108s] Invoking command in '/home/vp/robot_ws/build/micro_ros_setup': CMAKE_PREFIX_PATH=${CMAKE_PREFIX_PATH}:/home/vp/robot_ws/install/two_wheel_demo:/home/vp/robot_ws/install/odrive_driver:/home/vp/robot_ws/install/odom:/opt/ros/foxy /usr/bin/cmake --build /home/vp/robot_ws/build/micro_ros_setup -- -j8 -l8
[0.966s] Invoked command in '/home/vp/robot_ws/build/micro_ros_setup' returned '0': CMAKE_PREFIX_PATH=${CMAKE_PREFIX_PATH}:/home/vp/robot_ws/install/two_wheel_demo:/home/vp/robot_ws/install/odrive_driver:/home/vp/robot_ws/install/odom:/opt/ros/foxy /usr/bin/cmake --build /home/vp/robot_ws/build/micro_ros_setup -- -j8 -l8
[1.081s] Invoking command in '/home/vp/robot_ws/build/micro_ros_setup': CMAKE_PREFIX_PATH=${CMAKE_PREFIX_PATH}:/home/vp/robot_ws/install/two_wheel_demo:/home/vp/robot_ws/install/odrive_driver:/home/vp/robot_ws/install/odom:/opt/ros/foxy /usr/bin/cmake --install /home/vp/robot_ws/build/micro_ros_setup
[1.100s] -- Install configuration: ""
[1.102s] -- Execute custom install script
[1.106s] -- Up-to-date symlink: /home/vp/robot_ws/install/micro_ros_setup/share/ament_index/resource_index/package_run_dependencies/micro_ros_setup
[1.120s] -- Up-to-date symlink: /home/vp/robot_ws/install/micro_ros_setup/share/ament_index/resource_index/parent_prefix_path/micro_ros_setup
[1.121s] -- Up-to-date symlink: /home/vp/robot_ws/install/micro_ros_setup/share/micro_ros_setup/environment/ament_prefix_path.sh
[1.122s] -- Up-to-date symlink: /home/vp/robot_ws/install/micro_ros_setup/share/micro_ros_setup/environment/ament_prefix_path.dsv
[1.122s] -- Up-to-date symlink: /home/vp/robot_ws/install/micro_ros_setup/share/micro_ros_setup/environment/path.sh
[1.123s] -- Up-to-date symlink: /home/vp/robot_ws/install/micro_ros_setup/share/micro_ros_setup/environment/path.dsv
[1.123s] -- Up-to-date symlink: /home/vp/robot_ws/install/micro_ros_setup/share/micro_ros_setup/local_setup.bash
[1.132s] -- Up-to-date symlink: /home/vp/robot_ws/install/micro_ros_setup/share/micro_ros_setup/local_setup.sh
[1.133s] -- Up-to-date symlink: /home/vp/robot_ws/install/micro_ros_setup/share/micro_ros_setup/local_setup.zsh
[1.134s] -- Up-to-date symlink: /home/vp/robot_ws/install/micro_ros_setup/share/micro_ros_setup/local_setup.dsv
[1.140s] -- Symlinking: /home/vp/robot_ws/install/micro_ros_setup/share/micro_ros_setup/package.dsv
[1.203s] -- Up-to-date symlink: /home/vp/robot_ws/install/micro_ros_setup/share/ament_index/resource_index/packages/micro_ros_setup
[1.206s] -- Up-to-date symlink: /home/vp/robot_ws/install/micro_ros_setup/share/micro_ros_setup/cmake/micro_ros_setupConfig.cmake
[1.209s] -- Up-to-date symlink: /home/vp/robot_ws/install/micro_ros_setup/share/micro_ros_setup/cmake/micro_ros_setupConfig-version.cmake
[1.213s] -- Up-to-date symlink: /home/vp/robot_ws/install/micro_ros_setup/share/micro_ros_setup/package.xml
[1.214s] -- Up-to-date symlink: /home/vp/robot_ws/install/micro_ros_setup/lib/micro_ros_setup/create_ws.sh
[1.217s] -- Up-to-date symlink: /home/vp/robot_ws/install/micro_ros_setup/lib/micro_ros_setup/create_agent_ws.sh
[1.218s] -- Up-to-date symlink: /home/vp/robot_ws/install/micro_ros_setup/lib/micro_ros_setup/create_firmware_ws.sh
[1.220s] -- Up-to-date symlink: /home/vp/robot_ws/install/micro_ros_setup/lib/micro_ros_setup/configure_firmware.sh
[1.220s] -- Up-to-date symlink: /home/vp/robot_ws/install/micro_ros_setup/lib/micro_ros_setup/flash_firmware.sh
[1.221s] -- Up-to-date symlink: /home/vp/robot_ws/install/micro_ros_setup/lib/micro_ros_setup/reset_firmware.sh
[1.222s] -- Up-to-date symlink: /home/vp/robot_ws/install/micro_ros_setup/lib/micro_ros_setup/build_firmware.sh
[1.225s] -- Up-to-date symlink: /home/vp/robot_ws/install/micro_ros_setup/lib/micro_ros_setup/build_agent.sh
[1.227s] -- Up-to-date symlink: /home/vp/robot_ws/install/micro_ros_setup/lib/micro_ros_setup/yaml_filter.py
[1.229s] -- Up-to-date symlink: /home/vp/robot_ws/install/micro_ros_setup/lib/micro_ros_setup/clean_env.sh
[1.230s] -- Up-to-date: /home/vp/robot_ws/install/micro_ros_setup/./config
[1.231s] -- Up-to-date: /home/vp/robot_ws/install/micro_ros_setup/./config/nuttx
[1.231s] -- Up-to-date: /home/vp/robot_ws/install/micro_ros_setup/./config/nuttx/generic
[1.236s] -- Up-to-date: /home/vp/robot_ws/install/micro_ros_setup/./config/nuttx/generic/uros_packages.repos
[1.238s] -- Up-to-date: /home/vp/robot_ws/install/micro_ros_setup/./config/nuttx/generic/client-colcon.meta
[1.239s] -- Up-to-date: /home/vp/robot_ws/install/micro_ros_setup/./config/nuttx/generic/reset.sh
[1.241s] -- Up-to-date: /home/vp/robot_ws/install/micro_ros_setup/./config/nuttx/generic/client_uros_packages.repos
[1.242s] -- Up-to-date: /home/vp/robot_ws/install/micro_ros_setup/./config/nuttx/generic/supported_platforms
[1.243s] -- Up-to-date: /home/vp/robot_ws/install/micro_ros_setup/./config/nuttx/generic/flash.sh
[1.244s] -- Up-to-date: /home/vp/robot_ws/install/micro_ros_setup/./config/nuttx/generic/configure.sh
[1.245s] -- Up-to-date: /home/vp/robot_ws/install/micro_ros_setup/./config/nuttx/generic/package.xml
[1.245s] -- Up-to-date: /home/vp/robot_ws/install/micro_ros_setup/./config/nuttx/generic/create.sh
[1.246s] -- Up-to-date: /home/vp/robot_ws/install/micro_ros_setup/./config/nuttx/generic/build.sh
[1.247s] -- Up-to-date: /home/vp/robot_ws/install/micro_ros_setup/./config/nuttx/dev_ros2_packages.txt
[1.252s] -- Up-to-date: /home/vp/robot_ws/install/micro_ros_setup/./config/nuttx/dev_uros_packages.repos
[1.259s] -- Up-to-date: /home/vp/robot_ws/install/micro_ros_setup/./config/raspbian
[1.261s] -- Up-to-date: /home/vp/robot_ws/install/micro_ros_setup/./config/raspbian/generic
[1.262s] -- Up-to-date: /home/vp/robot_ws/install/micro_ros_setup/./config/raspbian/generic/client-colcon.meta
[1.262s] -- Up-to-date: /home/vp/robot_ws/install/micro_ros_setup/./config/raspbian/generic/client_uros_packages.repos
[1.263s] -- Up-to-date: /home/vp/robot_ws/install/micro_ros_setup/./config/raspbian/generic/supported_platforms
[1.265s] -- Up-to-date: /home/vp/robot_ws/install/micro_ros_setup/./config/raspbian/generic/flash.sh
[1.265s] -- Up-to-date: /home/vp/robot_ws/install/micro_ros_setup/./config/raspbian/generic/configure.sh
[1.267s] -- Up-to-date: /home/vp/robot_ws/install/micro_ros_setup/./config/raspbian/generic/create.sh
[1.271s] -- Up-to-date: /home/vp/robot_ws/install/micro_ros_setup/./config/raspbian/generic/build.sh
[1.274s] -- Up-to-date: /home/vp/robot_ws/install/micro_ros_setup/./config/raspbian/dev_ros2_packages.txt
[1.276s] -- Up-to-date: /home/vp/robot_ws/install/micro_ros_setup/./config/raspbian/dev_uros_packages.repos
[1.277s] -- Up-to-date: /home/vp/robot_ws/install/micro_ros_setup/./config/freertos
[1.277s] -- Up-to-date: /home/vp/robot_ws/install/micro_ros_setup/./config/freertos/crazyflie21
[1.278s] -- Up-to-date: /home/vp/robot_ws/install/micro_ros_setup/./config/freertos/crazyflie21/client-colcon.meta
[1.278s] -- Up-to-date: /home/vp/robot_ws/install/micro_ros_setup/./config/freertos/crazyflie21/board.repos
[1.278s] -- Up-to-date: /home/vp/robot_ws/install/micro_ros_setup/./config/freertos/crazyflie21/client_uros_packages.repos
[1.279s] -- Up-to-date: /home/vp/robot_ws/install/micro_ros_setup/./config/freertos/crazyflie21/flash.sh
[1.282s] -- Up-to-date: /home/vp/robot_ws/install/micro_ros_setup/./config/freertos/crazyflie21/configure.sh
[1.285s] -- Up-to-date: /home/vp/robot_ws/install/micro_ros_setup/./config/freertos/crazyflie21/package.xml
[1.287s] -- Up-to-date: /home/vp/robot_ws/install/micro_ros_setup/./config/freertos/crazyflie21/create.sh
[1.289s] -- Up-to-date: /home/vp/robot_ws/install/micro_ros_setup/./config/freertos/crazyflie21/build.sh
[1.291s] -- Up-to-date: /home/vp/robot_ws/install/micro_ros_setup/./config/freertos/list_apps.sh
[1.295s] -- Up-to-date: /home/vp/robot_ws/install/micro_ros_setup/./config/freertos/nucleo_f746zg
[1.301s] -- Up-to-date: /home/vp/robot_ws/install/micro_ros_setup/./config/freertos/nucleo_f746zg/client-colcon.meta
[1.302s] -- Up-to-date: /home/vp/robot_ws/install/micro_ros_setup/./config/freertos/nucleo_f746zg/board.repos
[1.303s] -- Up-to-date: /home/vp/robot_ws/install/micro_ros_setup/./config/freertos/nucleo_f746zg/reset.sh
[1.306s] -- Up-to-date: /home/vp/robot_ws/install/micro_ros_setup/./config/freertos/nucleo_f746zg/client_uros_packages.repos
[1.307s] -- Up-to-date: /home/vp/robot_ws/install/micro_ros_setup/./config/freertos/nucleo_f746zg/flash.sh
[1.308s] -- Up-to-date: /home/vp/robot_ws/install/micro_ros_setup/./config/freertos/nucleo_f746zg/configure.sh
[1.309s] -- Up-to-date: /home/vp/robot_ws/install/micro_ros_setup/./config/freertos/nucleo_f746zg/package.xml
[1.309s] -- Up-to-date: /home/vp/robot_ws/install/micro_ros_setup/./config/freertos/nucleo_f746zg/create.sh
[1.310s] -- Up-to-date: /home/vp/robot_ws/install/micro_ros_setup/./config/freertos/nucleo_f746zg/build.sh
[1.315s] -- Up-to-date: /home/vp/robot_ws/install/micro_ros_setup/./config/freertos/dev_ros2_packages.txt
[1.315s] -- Up-to-date: /home/vp/robot_ws/install/micro_ros_setup/./config/freertos/olimex-stm32-e407
[1.316s] -- Up-to-date: /home/vp/robot_ws/install/micro_ros_setup/./config/freertos/olimex-stm32-e407/client-colcon.meta
[1.316s] -- Up-to-date: /home/vp/robot_ws/install/micro_ros_setup/./config/freertos/olimex-stm32-e407/board.repos
[1.316s] -- Up-to-date: /home/vp/robot_ws/install/micro_ros_setup/./config/freertos/olimex-stm32-e407/reset.sh
[1.316s] -- Up-to-date: /home/vp/robot_ws/install/micro_ros_setup/./config/freertos/olimex-stm32-e407/client_uros_packages.repos
[1.316s] -- Up-to-date: /home/vp/robot_ws/install/micro_ros_setup/./config/freertos/olimex-stm32-e407/flash.sh
[1.317s] -- Up-to-date: /home/vp/robot_ws/install/micro_ros_setup/./config/freertos/olimex-stm32-e407/configure.sh
[1.317s] -- Up-to-date: /home/vp/robot_ws/install/micro_ros_setup/./config/freertos/olimex-stm32-e407/package.xml
[1.317s] -- Up-to-date: /home/vp/robot_ws/install/micro_ros_setup/./config/freertos/olimex-stm32-e407/create.sh
[1.317s] -- Up-to-date: /home/vp/robot_ws/install/micro_ros_setup/./config/freertos/olimex-stm32-e407/build.sh
[1.318s] -- Up-to-date: /home/vp/robot_ws/install/micro_ros_setup/./config/freertos/dev_uros_packages.repos
[1.319s] -- Up-to-date: /home/vp/robot_ws/install/micro_ros_setup/./config/freertos/esp32
[1.320s] -- Up-to-date: /home/vp/robot_ws/install/micro_ros_setup/./config/freertos/esp32/client-colcon.meta
[1.321s] -- Up-to-date: /home/vp/robot_ws/install/micro_ros_setup/./config/freertos/esp32/board.repos
[1.322s] -- Up-to-date: /home/vp/robot_ws/install/micro_ros_setup/./config/freertos/esp32/client_uros_packages.repos
[1.322s] -- Up-to-date: /home/vp/robot_ws/install/micro_ros_setup/./config/freertos/esp32/flash.sh
[1.323s] -- Up-to-date: /home/vp/robot_ws/install/micro_ros_setup/./config/freertos/esp32/configure.sh
[1.324s] -- Up-to-date: /home/vp/robot_ws/install/micro_ros_setup/./config/freertos/esp32/package.xml
[1.324s] -- Up-to-date: /home/vp/robot_ws/install/micro_ros_setup/./config/freertos/esp32/create.sh
[1.324s] -- Up-to-date: /home/vp/robot_ws/install/micro_ros_setup/./config/freertos/esp32/build.sh
[1.325s] -- Up-to-date: /home/vp/robot_ws/install/micro_ros_setup/./config/freertos/esp32/README.md
[1.325s] -- Up-to-date: /home/vp/robot_ws/install/micro_ros_setup/./config/freertos/nucleo_f767zi
[1.325s] -- Up-to-date: /home/vp/robot_ws/install/micro_ros_setup/./config/freertos/nucleo_f767zi/client-colcon.meta
[1.326s] -- Up-to-date: /home/vp/robot_ws/install/micro_ros_setup/./config/freertos/nucleo_f767zi/board.repos
[1.326s] -- Up-to-date: /home/vp/robot_ws/install/micro_ros_setup/./config/freertos/nucleo_f767zi/reset.sh
[1.327s] -- Up-to-date: /home/vp/robot_ws/install/micro_ros_setup/./config/freertos/nucleo_f767zi/client_uros_packages.repos
[1.327s] -- Up-to-date: /home/vp/robot_ws/install/micro_ros_setup/./config/freertos/nucleo_f767zi/flash.sh
[1.327s] -- Up-to-date: /home/vp/robot_ws/install/micro_ros_setup/./config/freertos/nucleo_f767zi/configure.sh
[1.328s] -- Up-to-date: /home/vp/robot_ws/install/micro_ros_setup/./config/freertos/nucleo_f767zi/package.xml
[1.328s] -- Up-to-date: /home/vp/robot_ws/install/micro_ros_setup/./config/freertos/nucleo_f767zi/create.sh
[1.329s] -- Up-to-date: /home/vp/robot_ws/install/micro_ros_setup/./config/freertos/nucleo_f767zi/build.sh
[1.331s] -- Up-to-date: /home/vp/robot_ws/install/micro_ros_setup/./config/freertos/nucleo_f446re
[1.332s] -- Up-to-date: /home/vp/robot_ws/install/micro_ros_setup/./config/freertos/nucleo_f446re/client-colcon.meta
[1.337s] -- Up-to-date: /home/vp/robot_ws/install/micro_ros_setup/./config/freertos/nucleo_f446re/board.repos
[1.339s] -- Up-to-date: /home/vp/robot_ws/install/micro_ros_setup/./config/freertos/nucleo_f446re/reset.sh
[1.339s] -- Up-to-date: /home/vp/robot_ws/install/micro_ros_setup/./config/freertos/nucleo_f446re/client_uros_packages.repos
[1.340s] -- Up-to-date: /home/vp/robot_ws/install/micro_ros_setup/./config/freertos/nucleo_f446re/flash.sh
[1.340s] -- Up-to-date: /home/vp/robot_ws/install/micro_ros_setup/./config/freertos/nucleo_f446re/configure.sh
[1.340s] -- Up-to-date: /home/vp/robot_ws/install/micro_ros_setup/./config/freertos/nucleo_f446re/package.xml
[1.341s] -- Up-to-date: /home/vp/robot_ws/install/micro_ros_setup/./config/freertos/nucleo_f446re/create.sh
[1.341s] -- Up-to-date: /home/vp/robot_ws/install/micro_ros_setup/./config/freertos/nucleo_f446re/build.sh
[1.341s] -- Up-to-date: /home/vp/robot_ws/install/micro_ros_setup/./config/freertos/nucleo_f446ze
[1.342s] -- Up-to-date: /home/vp/robot_ws/install/micro_ros_setup/./config/freertos/nucleo_f446ze/client-colcon.meta
[1.342s] -- Up-to-date: /home/vp/robot_ws/install/micro_ros_setup/./config/freertos/nucleo_f446ze/board.repos
[1.343s] -- Up-to-date: /home/vp/robot_ws/install/micro_ros_setup/./config/freertos/nucleo_f446ze/reset.sh
[1.343s] -- Up-to-date: /home/vp/robot_ws/install/micro_ros_setup/./config/freertos/nucleo_f446ze/client_uros_packages.repos
[1.344s] -- Up-to-date: /home/vp/robot_ws/install/micro_ros_setup/./config/freertos/nucleo_f446ze/flash.sh
[1.344s] -- Up-to-date: /home/vp/robot_ws/install/micro_ros_setup/./config/freertos/nucleo_f446ze/configure.sh
[1.344s] -- Up-to-date: /home/vp/robot_ws/install/micro_ros_setup/./config/freertos/nucleo_f446ze/package.xml
[1.345s] -- Up-to-date: /home/vp/robot_ws/install/micro_ros_setup/./config/freertos/nucleo_f446ze/create.sh
[1.345s] -- Up-to-date: /home/vp/robot_ws/install/micro_ros_setup/./config/freertos/nucleo_f446ze/build.sh
[1.346s] -- Up-to-date: /home/vp/robot_ws/install/micro_ros_setup/./config/renesas_ra
[1.350s] -- Up-to-date: /home/vp/robot_ws/install/micro_ros_setup/./config/renesas_ra/list_apps.sh
[1.361s] -- Up-to-date: /home/vp/robot_ws/install/micro_ros_setup/./config/renesas_ra/dev_ros2_packages.txt
[1.362s] -- Up-to-date: /home/vp/robot_ws/install/micro_ros_setup/./config/renesas_ra/dev_uros_packages.repos
[1.363s] -- Up-to-date: /home/vp/robot_ws/install/micro_ros_setup/./config/renesas_ra/ra6m5
[1.364s] -- Up-to-date: /home/vp/robot_ws/install/micro_ros_setup/./config/renesas_ra/ra6m5/client-colcon.meta
[1.365s] -- Up-to-date: /home/vp/robot_ws/install/micro_ros_setup/./config/renesas_ra/ra6m5/board.repos
[1.367s] -- Up-to-date: /home/vp/robot_ws/install/micro_ros_setup/./config/renesas_ra/ra6m5/client_uros_packages.repos
[1.372s] -- Up-to-date: /home/vp/robot_ws/install/micro_ros_setup/./config/renesas_ra/ra6m5/flash.sh
[1.373s] -- Up-to-date: /home/vp/robot_ws/install/micro_ros_setup/./config/renesas_ra/ra6m5/configure.sh
[1.375s] -- Up-to-date: /home/vp/robot_ws/install/micro_ros_setup/./config/renesas_ra/ra6m5/create.sh
[1.376s] -- Up-to-date: /home/vp/robot_ws/install/micro_ros_setup/./config/renesas_ra/ra6m5/build.sh
[1.378s] -- Up-to-date: /home/vp/robot_ws/install/micro_ros_setup/./config/client_uros_packages.repos
[1.381s] -- Up-to-date: /home/vp/robot_ws/install/micro_ros_setup/./config/host
[1.385s] -- Up-to-date: /home/vp/robot_ws/install/micro_ros_setup/./config/host/generic
[1.387s] -- Up-to-date: /home/vp/robot_ws/install/micro_ros_setup/./config/host/generic/client_host_packages.repos
[1.388s] -- Up-to-date: /home/vp/robot_ws/install/micro_ros_setup/./config/host/generic/client-host-colcon.meta
[1.389s] -- Up-to-date: /home/vp/robot_ws/install/micro_ros_setup/./config/host/generic/reset.sh
[1.389s] -- Up-to-date: /home/vp/robot_ws/install/micro_ros_setup/./config/host/generic/flash.sh
[1.392s] -- Up-to-date: /home/vp/robot_ws/install/micro_ros_setup/./config/host/generic/package.xml
[1.393s] -- Up-to-date: /home/vp/robot_ws/install/micro_ros_setup/./config/host/generic/create.sh
[1.393s] -- Up-to-date: /home/vp/robot_ws/install/micro_ros_setup/./config/host/generic/build.sh
[1.394s] -- Up-to-date: /home/vp/robot_ws/install/micro_ros_setup/./config/host/dev_ros2_packages.txt
[1.394s] -- Up-to-date: /home/vp/robot_ws/install/micro_ros_setup/./config/host/dev_uros_packages.repos
[1.394s] -- Up-to-date: /home/vp/robot_ws/install/micro_ros_setup/./config/host/client_ros2_packages.txt
[1.395s] -- Up-to-date: /home/vp/robot_ws/install/micro_ros_setup/./config/zephyr
[1.395s] -- Up-to-date: /home/vp/robot_ws/install/micro_ros_setup/./config/zephyr/generic
[1.396s] -- Up-to-date: /home/vp/robot_ws/install/micro_ros_setup/./config/zephyr/generic/client-colcon.meta
[1.396s] -- Up-to-date: /home/vp/robot_ws/install/micro_ros_setup/./config/zephyr/generic/board.repos
[1.396s] -- Up-to-date: /home/vp/robot_ws/install/micro_ros_setup/./config/zephyr/generic/reset.sh
[1.397s] -- Up-to-date: /home/vp/robot_ws/install/micro_ros_setup/./config/zephyr/generic/client_uros_packages.repos
[1.397s] -- Up-to-date: /home/vp/robot_ws/install/micro_ros_setup/./config/zephyr/generic/supported_platforms
[1.397s] -- Up-to-date: /home/vp/robot_ws/install/micro_ros_setup/./config/zephyr/generic/flash.sh
[1.400s] -- Up-to-date: /home/vp/robot_ws/install/micro_ros_setup/./config/zephyr/generic/configure.sh
[1.402s] -- Up-to-date: /home/vp/robot_ws/install/micro_ros_setup/./config/zephyr/generic/package.xml
[1.403s] -- Up-to-date: /home/vp/robot_ws/install/micro_ros_setup/./config/zephyr/generic/create.sh
[1.404s] -- Up-to-date: /home/vp/robot_ws/install/micro_ros_setup/./config/zephyr/generic/build.sh
[1.404s] -- Up-to-date: /home/vp/robot_ws/install/micro_ros_setup/./config/zephyr/list_apps.sh
[1.405s] -- Up-to-date: /home/vp/robot_ws/install/micro_ros_setup/./config/zephyr/dev_ros2_packages.txt
[1.405s] -- Up-to-date: /home/vp/robot_ws/install/micro_ros_setup/./config/zephyr/dev_uros_packages.repos
[1.409s] -- Up-to-date: /home/vp/robot_ws/install/micro_ros_setup/./config/generate_lib
[1.413s] -- Up-to-date: /home/vp/robot_ws/install/micro_ros_setup/./config/generate_lib/generic
[1.413s] -- Up-to-date: /home/vp/robot_ws/install/micro_ros_setup/./config/generate_lib/generic/client-colcon.meta
[1.414s] -- Up-to-date: /home/vp/robot_ws/install/micro_ros_setup/./config/generate_lib/generic/client_uros_packages.repos
[1.418s] -- Up-to-date: /home/vp/robot_ws/install/micro_ros_setup/./config/generate_lib/generic/flash.sh
[1.421s] -- Up-to-date: /home/vp/robot_ws/install/micro_ros_setup/./config/generate_lib/generic/package.xml
[1.440s] -- Up-to-date: /home/vp/robot_ws/install/micro_ros_setup/./config/generate_lib/generic/create.sh
[1.442s] -- Up-to-date: /home/vp/robot_ws/install/micro_ros_setup/./config/generate_lib/generic/demo_toolchain.cmake
[1.443s] -- Up-to-date: /home/vp/robot_ws/install/micro_ros_setup/./config/generate_lib/generic/build.sh
[1.445s] -- Up-to-date: /home/vp/robot_ws/install/micro_ros_setup/./config/generate_lib/dev_ros2_packages.txt
[1.446s] -- Up-to-date: /home/vp/robot_ws/install/micro_ros_setup/./config/generate_lib/dev_uros_packages.repos
[1.447s] -- Up-to-date: /home/vp/robot_ws/install/micro_ros_setup/./config/agent_uros_packages.repos
[1.448s] -- Up-to-date: /home/vp/robot_ws/install/micro_ros_setup/./config/client_ros2_packages.txt
[1.449s] -- Up-to-date: /home/vp/robot_ws/install/micro_ros_setup/./config/utils.sh
[1.449s] -- Up-to-date: /home/vp/robot_ws/install/micro_ros_setup/./config/agent_ros2_packages.txt
[1.457s] Invoked command in '/home/vp/robot_ws/build/micro_ros_setup' returned '0': CMAKE_PREFIX_PATH=${CMAKE_PREFIX_PATH}:/home/vp/robot_ws/install/two_wheel_demo:/home/vp/robot_ws/install/odrive_driver:/home/vp/robot_ws/install/odom:/opt/ros/foxy /usr/bin/cmake --install /home/vp/robot_ws/build/micro_ros_setup
