[0.135s] Invoking command in '/home/vp/robot_ws/build/drive_base_msgs': CMAKE_PREFIX_PATH=${CMAKE_PREFIX_PATH}:/home/vp/robot_ws/install/two_wheel_demo:/home/vp/robot_ws/install/odrive_driver:/home/vp/robot_ws/install/odom:/opt/ros/foxy /usr/bin/cmake --build /home/vp/robot_ws/build/drive_base_msgs -- -j8 -l8
[0.842s] [  1%] Built target drive_base_msgs__cpp
[0.845s] [ 12%] Built target drive_base_msgs__rosidl_generator_c
[0.845s] [ 23%] Built target drive_base_msgs__rosidl_typesupport_cpp
[0.846s] [ 34%] Built target drive_base_msgs__rosidl_typesupport_introspection_cpp
[0.847s] [ 45%] Built target drive_base_msgs__rosidl_typesupport_introspection_c
[0.850s] [ 56%] Built target drive_base_msgs__rosidl_typesupport_c
[0.851s] [ 67%] Built target drive_base_msgs__rosidl_typesupport_fastrtps_cpp
[0.851s] [ 78%] Built target drive_base_msgs__rosidl_typesupport_fastrtps_c
[0.853s] [ 78%] Built target drive_base_msgs
[0.855s] [ 80%] Built target drive_base_msgs__py
[0.855s] [ 89%] Built target drive_base_msgs__python
[0.858s] [ 96%] Built target drive_base_msgs__rosidl_typesupport_c__pyext
[0.859s] [ 96%] Built target drive_base_msgs__rosidl_typesupport_introspection_c__pyext
[0.860s] [100%] Built target drive_base_msgs__rosidl_typesupport_fastrtps_c__pyext
[0.862s] Invoked command in '/home/vp/robot_ws/build/drive_base_msgs' returned '0': CMAKE_PREFIX_PATH=${CMAKE_PREFIX_PATH}:/home/vp/robot_ws/install/two_wheel_demo:/home/vp/robot_ws/install/odrive_driver:/home/vp/robot_ws/install/odom:/opt/ros/foxy /usr/bin/cmake --build /home/vp/robot_ws/build/drive_base_msgs -- -j8 -l8
[1.108s] Invoking command in '/home/vp/robot_ws/build/drive_base_msgs': CMAKE_PREFIX_PATH=${CMAKE_PREFIX_PATH}:/home/vp/robot_ws/install/two_wheel_demo:/home/vp/robot_ws/install/odrive_driver:/home/vp/robot_ws/install/odom:/opt/ros/foxy /usr/bin/cmake --install /home/vp/robot_ws/build/drive_base_msgs
[1.175s] -- Install configuration: ""
[1.175s] -- Execute custom install script
[1.176s] -- Up-to-date symlink: /home/vp/robot_ws/install/drive_base_msgs/share/ament_index/resource_index/rosidl_interfaces/drive_base_msgs
[1.176s] -- Up-to-date symlink: /home/vp/robot_ws/install/drive_base_msgs/include/drive_base_msgs/msg/base_info.h
[1.176s] -- Up-to-date symlink: /home/vp/robot_ws/install/drive_base_msgs/include/drive_base_msgs/msg/command_header.h
[1.176s] -- Up-to-date symlink: /home/vp/robot_ws/install/drive_base_msgs/include/drive_base_msgs/msg/command_status.h
[1.176s] -- Up-to-date symlink: /home/vp/robot_ws/install/drive_base_msgs/include/drive_base_msgs/msg/detail/base_info__functions.h
[1.177s] -- Up-to-date symlink: /home/vp/robot_ws/install/drive_base_msgs/include/drive_base_msgs/msg/detail/base_info__struct.h
[1.177s] -- Up-to-date symlink: /home/vp/robot_ws/install/drive_base_msgs/include/drive_base_msgs/msg/detail/base_info__type_support.h
[1.177s] -- Up-to-date symlink: /home/vp/robot_ws/install/drive_base_msgs/include/drive_base_msgs/msg/detail/command_header__functions.h
[1.177s] -- Up-to-date symlink: /home/vp/robot_ws/install/drive_base_msgs/include/drive_base_msgs/msg/detail/command_header__struct.h
[1.177s] -- Up-to-date symlink: /home/vp/robot_ws/install/drive_base_msgs/include/drive_base_msgs/msg/detail/command_header__type_support.h
[1.178s] -- Up-to-date symlink: /home/vp/robot_ws/install/drive_base_msgs/include/drive_base_msgs/msg/detail/command_status__functions.h
[1.178s] -- Up-to-date symlink: /home/vp/robot_ws/install/drive_base_msgs/include/drive_base_msgs/msg/detail/command_status__struct.h
[1.178s] -- Up-to-date symlink: /home/vp/robot_ws/install/drive_base_msgs/include/drive_base_msgs/msg/detail/command_status__type_support.h
[1.178s] -- Up-to-date symlink: /home/vp/robot_ws/install/drive_base_msgs/include/drive_base_msgs/msg/detail/trv_command__functions.h
[1.178s] -- Up-to-date symlink: /home/vp/robot_ws/install/drive_base_msgs/include/drive_base_msgs/msg/detail/trv_command__struct.h
[1.179s] -- Up-to-date symlink: /home/vp/robot_ws/install/drive_base_msgs/include/drive_base_msgs/msg/detail/trv_command__type_support.h
[1.179s] -- Up-to-date symlink: /home/vp/robot_ws/install/drive_base_msgs/include/drive_base_msgs/msg/rosidl_generator_c__visibility_control.h
[1.179s] -- Up-to-date symlink: /home/vp/robot_ws/install/drive_base_msgs/include/drive_base_msgs/msg/trv_command.h
[1.179s] -- Up-to-date symlink: /home/vp/robot_ws/install/drive_base_msgs/share/drive_base_msgs/environment/library_path.sh
[1.179s] -- Up-to-date symlink: /home/vp/robot_ws/install/drive_base_msgs/share/drive_base_msgs/environment/library_path.dsv
[1.180s] -- Up-to-date symlink: /home/vp/robot_ws/install/drive_base_msgs/include/drive_base_msgs/msg/detail/base_info__rosidl_typesupport_fastrtps_c.h
[1.180s] -- Up-to-date symlink: /home/vp/robot_ws/install/drive_base_msgs/include/drive_base_msgs/msg/detail/command_header__rosidl_typesupport_fastrtps_c.h
[1.180s] -- Up-to-date symlink: /home/vp/robot_ws/install/drive_base_msgs/include/drive_base_msgs/msg/detail/command_status__rosidl_typesupport_fastrtps_c.h
[1.180s] -- Up-to-date symlink: /home/vp/robot_ws/install/drive_base_msgs/include/drive_base_msgs/msg/detail/trv_command__rosidl_typesupport_fastrtps_c.h
[1.181s] -- Up-to-date symlink: /home/vp/robot_ws/install/drive_base_msgs/include/drive_base_msgs/msg/rosidl_typesupport_fastrtps_c__visibility_control.h
[1.181s] -- Up-to-date symlink: /home/vp/robot_ws/install/drive_base_msgs/lib/libdrive_base_msgs__rosidl_typesupport_fastrtps_c.so
[1.181s] -- Up-to-date symlink: /home/vp/robot_ws/install/drive_base_msgs/include/drive_base_msgs/msg/detail/base_info__rosidl_typesupport_fastrtps_cpp.hpp
[1.181s] -- Up-to-date symlink: /home/vp/robot_ws/install/drive_base_msgs/include/drive_base_msgs/msg/detail/command_header__rosidl_typesupport_fastrtps_cpp.hpp
[1.181s] -- Up-to-date symlink: /home/vp/robot_ws/install/drive_base_msgs/include/drive_base_msgs/msg/detail/command_status__rosidl_typesupport_fastrtps_cpp.hpp
[1.182s] -- Up-to-date symlink: /home/vp/robot_ws/install/drive_base_msgs/include/drive_base_msgs/msg/detail/trv_command__rosidl_typesupport_fastrtps_cpp.hpp
[1.182s] -- Up-to-date symlink: /home/vp/robot_ws/install/drive_base_msgs/include/drive_base_msgs/msg/rosidl_typesupport_fastrtps_cpp__visibility_control.h
[1.182s] -- Up-to-date symlink: /home/vp/robot_ws/install/drive_base_msgs/lib/libdrive_base_msgs__rosidl_typesupport_fastrtps_cpp.so
[1.182s] -- Up-to-date symlink: /home/vp/robot_ws/install/drive_base_msgs/include/drive_base_msgs/msg/detail/base_info__rosidl_typesupport_introspection_c.h
[1.182s] -- Up-to-date symlink: /home/vp/robot_ws/install/drive_base_msgs/include/drive_base_msgs/msg/detail/command_header__rosidl_typesupport_introspection_c.h
[1.182s] -- Up-to-date symlink: /home/vp/robot_ws/install/drive_base_msgs/include/drive_base_msgs/msg/detail/command_status__rosidl_typesupport_introspection_c.h
[1.183s] -- Up-to-date symlink: /home/vp/robot_ws/install/drive_base_msgs/include/drive_base_msgs/msg/detail/trv_command__rosidl_typesupport_introspection_c.h
[1.183s] -- Up-to-date symlink: /home/vp/robot_ws/install/drive_base_msgs/include/drive_base_msgs/msg/rosidl_typesupport_introspection_c__visibility_control.h
[1.183s] -- Up-to-date symlink: /home/vp/robot_ws/install/drive_base_msgs/include/drive_base_msgs/msg/base_info.hpp
[1.183s] -- Up-to-date symlink: /home/vp/robot_ws/install/drive_base_msgs/include/drive_base_msgs/msg/command_header.hpp
[1.183s] -- Up-to-date symlink: /home/vp/robot_ws/install/drive_base_msgs/include/drive_base_msgs/msg/command_status.hpp
[1.185s] -- Up-to-date symlink: /home/vp/robot_ws/install/drive_base_msgs/include/drive_base_msgs/msg/detail/base_info__builder.hpp
[1.185s] -- Up-to-date symlink: /home/vp/robot_ws/install/drive_base_msgs/include/drive_base_msgs/msg/detail/base_info__struct.hpp
[1.185s] -- Up-to-date symlink: /home/vp/robot_ws/install/drive_base_msgs/include/drive_base_msgs/msg/detail/base_info__traits.hpp
[1.185s] -- Up-to-date symlink: /home/vp/robot_ws/install/drive_base_msgs/include/drive_base_msgs/msg/detail/command_header__builder.hpp
[1.185s] -- Up-to-date symlink: /home/vp/robot_ws/install/drive_base_msgs/include/drive_base_msgs/msg/detail/command_header__struct.hpp
[1.186s] -- Up-to-date symlink: /home/vp/robot_ws/install/drive_base_msgs/include/drive_base_msgs/msg/detail/command_header__traits.hpp
[1.186s] -- Up-to-date symlink: /home/vp/robot_ws/install/drive_base_msgs/include/drive_base_msgs/msg/detail/command_status__builder.hpp
[1.186s] -- Up-to-date symlink: /home/vp/robot_ws/install/drive_base_msgs/include/drive_base_msgs/msg/detail/command_status__struct.hpp
[1.186s] -- Up-to-date symlink: /home/vp/robot_ws/install/drive_base_msgs/include/drive_base_msgs/msg/detail/command_status__traits.hpp
[1.186s] -- Up-to-date symlink: /home/vp/robot_ws/install/drive_base_msgs/include/drive_base_msgs/msg/detail/trv_command__builder.hpp
[1.186s] -- Up-to-date symlink: /home/vp/robot_ws/install/drive_base_msgs/include/drive_base_msgs/msg/detail/trv_command__struct.hpp
[1.187s] -- Up-to-date symlink: /home/vp/robot_ws/install/drive_base_msgs/include/drive_base_msgs/msg/detail/trv_command__traits.hpp
[1.187s] -- Up-to-date symlink: /home/vp/robot_ws/install/drive_base_msgs/include/drive_base_msgs/msg/trv_command.hpp
[1.187s] -- Up-to-date symlink: /home/vp/robot_ws/install/drive_base_msgs/include/drive_base_msgs/msg/detail/base_info__rosidl_typesupport_introspection_cpp.hpp
[1.187s] -- Up-to-date symlink: /home/vp/robot_ws/install/drive_base_msgs/include/drive_base_msgs/msg/detail/command_header__rosidl_typesupport_introspection_cpp.hpp
[1.188s] -- Up-to-date symlink: /home/vp/robot_ws/install/drive_base_msgs/include/drive_base_msgs/msg/detail/command_status__rosidl_typesupport_introspection_cpp.hpp
[1.188s] -- Up-to-date symlink: /home/vp/robot_ws/install/drive_base_msgs/include/drive_base_msgs/msg/detail/trv_command__rosidl_typesupport_introspection_cpp.hpp
[1.188s] -- Up-to-date symlink: /home/vp/robot_ws/install/drive_base_msgs/share/drive_base_msgs/environment/pythonpath.sh
[1.188s] -- Up-to-date symlink: /home/vp/robot_ws/install/drive_base_msgs/share/drive_base_msgs/environment/pythonpath.dsv
[1.189s] -- Up-to-date symlink: /home/vp/robot_ws/install/drive_base_msgs/lib/python3.8/site-packages/drive_base_msgs/__init__.py
[1.189s] -- Up-to-date symlink: /home/vp/robot_ws/install/drive_base_msgs/lib/python3.8/site-packages/drive_base_msgs/msg/__init__.py
[1.189s] -- Up-to-date symlink: /home/vp/robot_ws/install/drive_base_msgs/lib/python3.8/site-packages/drive_base_msgs/msg/_base_info.py
[1.189s] -- Up-to-date symlink: /home/vp/robot_ws/install/drive_base_msgs/lib/python3.8/site-packages/drive_base_msgs/msg/_command_header.py
[1.189s] -- Up-to-date symlink: /home/vp/robot_ws/install/drive_base_msgs/lib/python3.8/site-packages/drive_base_msgs/msg/_command_status.py
[1.190s] -- Up-to-date symlink: /home/vp/robot_ws/install/drive_base_msgs/lib/python3.8/site-packages/drive_base_msgs/msg/_trv_command.py
[1.190s] -- Up-to-date symlink: /home/vp/robot_ws/install/drive_base_msgs/lib/python3.8/site-packages/drive_base_msgs/drive_base_msgs_s__rosidl_typesupport_fastrtps_c.cpython-38-x86_64-linux-gnu.so
[1.191s] -- Up-to-date symlink: /home/vp/robot_ws/install/drive_base_msgs/lib/python3.8/site-packages/drive_base_msgs/drive_base_msgs_s__rosidl_typesupport_introspection_c.cpython-38-x86_64-linux-gnu.so
[1.191s] -- Up-to-date symlink: /home/vp/robot_ws/install/drive_base_msgs/lib/python3.8/site-packages/drive_base_msgs/drive_base_msgs_s__rosidl_typesupport_c.cpython-38-x86_64-linux-gnu.so
[1.192s] -- Up-to-date symlink: /home/vp/robot_ws/install/drive_base_msgs/lib/libdrive_base_msgs__python.so
[1.192s] -- Up-to-date symlink: /home/vp/robot_ws/install/drive_base_msgs/share/drive_base_msgs/msg/CommandHeader.idl
[1.192s] -- Up-to-date symlink: /home/vp/robot_ws/install/drive_base_msgs/share/drive_base_msgs/msg/BaseInfo.idl
[1.192s] -- Up-to-date symlink: /home/vp/robot_ws/install/drive_base_msgs/share/drive_base_msgs/msg/CommandStatus.idl
[1.193s] -- Up-to-date symlink: /home/vp/robot_ws/install/drive_base_msgs/share/drive_base_msgs/msg/TRVCommand.idl
[1.193s] -- Up-to-date symlink: /home/vp/robot_ws/install/drive_base_msgs/share/drive_base_msgs/msg/CommandHeader.msg
[1.193s] -- Up-to-date symlink: /home/vp/robot_ws/install/drive_base_msgs/share/drive_base_msgs/msg/BaseInfo.msg
[1.193s] -- Up-to-date symlink: /home/vp/robot_ws/install/drive_base_msgs/share/drive_base_msgs/msg/CommandStatus.msg
[1.194s] -- Up-to-date symlink: /home/vp/robot_ws/install/drive_base_msgs/share/drive_base_msgs/msg/TRVCommand.msg
[1.194s] -- Up-to-date symlink: /home/vp/robot_ws/install/drive_base_msgs/share/ament_index/resource_index/package_run_dependencies/drive_base_msgs
[1.194s] -- Up-to-date symlink: /home/vp/robot_ws/install/drive_base_msgs/share/ament_index/resource_index/parent_prefix_path/drive_base_msgs
[1.194s] -- Up-to-date symlink: /home/vp/robot_ws/install/drive_base_msgs/share/drive_base_msgs/environment/ament_prefix_path.sh
[1.195s] -- Up-to-date symlink: /home/vp/robot_ws/install/drive_base_msgs/share/drive_base_msgs/environment/ament_prefix_path.dsv
[1.195s] -- Up-to-date symlink: /home/vp/robot_ws/install/drive_base_msgs/share/drive_base_msgs/environment/path.sh
[1.195s] -- Up-to-date symlink: /home/vp/robot_ws/install/drive_base_msgs/share/drive_base_msgs/environment/path.dsv
[1.195s] -- Up-to-date symlink: /home/vp/robot_ws/install/drive_base_msgs/share/drive_base_msgs/local_setup.bash
[1.196s] -- Up-to-date symlink: /home/vp/robot_ws/install/drive_base_msgs/share/drive_base_msgs/local_setup.sh
[1.196s] -- Up-to-date symlink: /home/vp/robot_ws/install/drive_base_msgs/share/drive_base_msgs/local_setup.zsh
[1.196s] -- Up-to-date symlink: /home/vp/robot_ws/install/drive_base_msgs/share/drive_base_msgs/local_setup.dsv
[1.196s] -- Symlinking: /home/vp/robot_ws/install/drive_base_msgs/share/drive_base_msgs/package.dsv
[1.201s] -- Up-to-date symlink: /home/vp/robot_ws/install/drive_base_msgs/share/ament_index/resource_index/packages/drive_base_msgs
[1.201s] -- Up-to-date symlink: /home/vp/robot_ws/install/drive_base_msgs/share/drive_base_msgs/cmake/rosidl_cmake-extras.cmake
[1.202s] -- Up-to-date symlink: /home/vp/robot_ws/install/drive_base_msgs/share/drive_base_msgs/cmake/ament_cmake_export_dependencies-extras.cmake
[1.202s] -- Up-to-date symlink: /home/vp/robot_ws/install/drive_base_msgs/share/drive_base_msgs/cmake/ament_cmake_export_libraries-extras.cmake
[1.202s] -- Up-to-date symlink: /home/vp/robot_ws/install/drive_base_msgs/share/drive_base_msgs/cmake/ament_cmake_export_targets-extras.cmake
[1.202s] -- Up-to-date symlink: /home/vp/robot_ws/install/drive_base_msgs/share/drive_base_msgs/cmake/ament_cmake_export_include_directories-extras.cmake
[1.202s] -- Up-to-date symlink: /home/vp/robot_ws/install/drive_base_msgs/share/drive_base_msgs/cmake/rosidl_cmake_export_typesupport_libraries-extras.cmake
[1.203s] -- Up-to-date symlink: /home/vp/robot_ws/install/drive_base_msgs/share/drive_base_msgs/cmake/rosidl_cmake_export_typesupport_targets-extras.cmake
[1.203s] -- Up-to-date symlink: /home/vp/robot_ws/install/drive_base_msgs/share/drive_base_msgs/cmake/drive_base_msgsConfig.cmake
[1.203s] -- Up-to-date symlink: /home/vp/robot_ws/install/drive_base_msgs/share/drive_base_msgs/cmake/drive_base_msgsConfig-version.cmake
[1.204s] -- Up-to-date symlink: /home/vp/robot_ws/install/drive_base_msgs/share/drive_base_msgs/package.xml
[1.204s] -- Up-to-date: /home/vp/robot_ws/install/drive_base_msgs/lib/libdrive_base_msgs__rosidl_generator_c.so
[1.205s] -- Up-to-date: /home/vp/robot_ws/install/drive_base_msgs/lib/libdrive_base_msgs__rosidl_typesupport_introspection_c.so
[1.205s] -- Up-to-date: /home/vp/robot_ws/install/drive_base_msgs/lib/libdrive_base_msgs__rosidl_typesupport_c.so
[1.206s] -- Up-to-date: /home/vp/robot_ws/install/drive_base_msgs/lib/libdrive_base_msgs__rosidl_typesupport_introspection_cpp.so
[1.206s] -- Up-to-date: /home/vp/robot_ws/install/drive_base_msgs/lib/libdrive_base_msgs__rosidl_typesupport_cpp.so
[1.228s] -- Up-to-date: /home/vp/robot_ws/install/drive_base_msgs/share/drive_base_msgs/cmake/drive_base_msgs__rosidl_generator_cExport.cmake
[1.228s] -- Up-to-date: /home/vp/robot_ws/install/drive_base_msgs/share/drive_base_msgs/cmake/drive_base_msgs__rosidl_generator_cExport-noconfig.cmake
[1.228s] -- Up-to-date: /home/vp/robot_ws/install/drive_base_msgs/share/drive_base_msgs/cmake/drive_base_msgs__rosidl_typesupport_introspection_cExport.cmake
[1.229s] -- Up-to-date: /home/vp/robot_ws/install/drive_base_msgs/share/drive_base_msgs/cmake/drive_base_msgs__rosidl_typesupport_introspection_cExport-noconfig.cmake
[1.229s] -- Up-to-date: /home/vp/robot_ws/install/drive_base_msgs/share/drive_base_msgs/cmake/drive_base_msgs__rosidl_typesupport_cExport.cmake
[1.229s] -- Up-to-date: /home/vp/robot_ws/install/drive_base_msgs/share/drive_base_msgs/cmake/drive_base_msgs__rosidl_typesupport_cExport-noconfig.cmake
[1.230s] -- Up-to-date: /home/vp/robot_ws/install/drive_base_msgs/share/drive_base_msgs/cmake/drive_base_msgs__rosidl_generator_cppExport.cmake
[1.230s] -- Up-to-date: /home/vp/robot_ws/install/drive_base_msgs/share/drive_base_msgs/cmake/drive_base_msgs__rosidl_typesupport_introspection_cppExport.cmake
[1.231s] -- Up-to-date: /home/vp/robot_ws/install/drive_base_msgs/share/drive_base_msgs/cmake/drive_base_msgs__rosidl_typesupport_introspection_cppExport-noconfig.cmake
[1.231s] -- Up-to-date: /home/vp/robot_ws/install/drive_base_msgs/share/drive_base_msgs/cmake/drive_base_msgs__rosidl_typesupport_cppExport.cmake
[1.232s] -- Up-to-date: /home/vp/robot_ws/install/drive_base_msgs/share/drive_base_msgs/cmake/drive_base_msgs__rosidl_typesupport_cppExport-noconfig.cmake
[1.269s] Invoked command in '/home/vp/robot_ws/build/drive_base_msgs' returned '0': CMAKE_PREFIX_PATH=${CMAKE_PREFIX_PATH}:/home/vp/robot_ws/install/two_wheel_demo:/home/vp/robot_ws/install/odrive_driver:/home/vp/robot_ws/install/odom:/opt/ros/foxy /usr/bin/cmake --install /home/vp/robot_ws/build/drive_base_msgs
