[0.119s] Invoking command in '/home/vp/robot_ws/build/odometry_estimator': CMAKE_PREFIX_PATH=${CMAKE_PREFIX_PATH}:/home/vp/robot_ws/install/two_wheel_demo:/home/vp/robot_ws/install/odrive_driver:/home/vp/robot_ws/install/odom:/opt/ros/foxy /usr/bin/cmake --build /home/vp/robot_ws/build/odometry_estimator -- -j8 -l8
[0.756s] [ 20%] Built target gtest_main
[0.758s] [ 40%] Built target vehicle_models
[0.759s] [ 60%] Built target gtest
[0.759s] [ 80%] Built target vehicle_models_test
[0.760s] [100%] Built target odometry_estimator
[0.762s] Invoked command in '/home/vp/robot_ws/build/odometry_estimator' returned '0': CMAKE_PREFIX_PATH=${CMAKE_PREFIX_PATH}:/home/vp/robot_ws/install/two_wheel_demo:/home/vp/robot_ws/install/odrive_driver:/home/vp/robot_ws/install/odom:/opt/ros/foxy /usr/bin/cmake --build /home/vp/robot_ws/build/odometry_estimator -- -j8 -l8
[0.841s] Invoking command in '/home/vp/robot_ws/build/odometry_estimator': CMAKE_PREFIX_PATH=${CMAKE_PREFIX_PATH}:/home/vp/robot_ws/install/two_wheel_demo:/home/vp/robot_ws/install/odrive_driver:/home/vp/robot_ws/install/odom:/opt/ros/foxy /usr/bin/cmake --install /home/vp/robot_ws/build/odometry_estimator
[0.859s] -- Install configuration: ""
[0.860s] -- Execute custom install script
[0.860s] -- Up-to-date symlink: /home/vp/robot_ws/install/odometry_estimator/lib/odometry_estimator/odometry_estimator
[0.861s] -- Up-to-date symlink: /home/vp/robot_ws/install/odometry_estimator/share/ament_index/resource_index/package_run_dependencies/odometry_estimator
[0.861s] -- Up-to-date symlink: /home/vp/robot_ws/install/odometry_estimator/share/ament_index/resource_index/parent_prefix_path/odometry_estimator
[0.861s] -- Up-to-date symlink: /home/vp/robot_ws/install/odometry_estimator/share/odometry_estimator/environment/ament_prefix_path.sh
[0.862s] -- Up-to-date symlink: /home/vp/robot_ws/install/odometry_estimator/share/odometry_estimator/environment/ament_prefix_path.dsv
[0.862s] -- Up-to-date symlink: /home/vp/robot_ws/install/odometry_estimator/share/odometry_estimator/environment/path.sh
[0.862s] -- Up-to-date symlink: /home/vp/robot_ws/install/odometry_estimator/share/odometry_estimator/environment/path.dsv
[0.862s] -- Up-to-date symlink: /home/vp/robot_ws/install/odometry_estimator/share/odometry_estimator/local_setup.bash
[0.863s] -- Up-to-date symlink: /home/vp/robot_ws/install/odometry_estimator/share/odometry_estimator/local_setup.sh
[0.863s] -- Up-to-date symlink: /home/vp/robot_ws/install/odometry_estimator/share/odometry_estimator/local_setup.zsh
[0.864s] -- Up-to-date symlink: /home/vp/robot_ws/install/odometry_estimator/share/odometry_estimator/local_setup.dsv
[0.865s] -- Symlinking: /home/vp/robot_ws/install/odometry_estimator/share/odometry_estimator/package.dsv
[0.898s] -- Up-to-date symlink: /home/vp/robot_ws/install/odometry_estimator/share/ament_index/resource_index/packages/odometry_estimator
[0.898s] -- Up-to-date symlink: /home/vp/robot_ws/install/odometry_estimator/share/odometry_estimator/cmake/odometry_estimatorConfig.cmake
[0.898s] -- Up-to-date symlink: /home/vp/robot_ws/install/odometry_estimator/share/odometry_estimator/cmake/odometry_estimatorConfig-version.cmake
[0.899s] -- Up-to-date symlink: /home/vp/robot_ws/install/odometry_estimator/share/odometry_estimator/package.xml
[0.899s] Invoked command in '/home/vp/robot_ws/build/odometry_estimator' returned '0': CMAKE_PREFIX_PATH=${CMAKE_PREFIX_PATH}:/home/vp/robot_ws/install/two_wheel_demo:/home/vp/robot_ws/install/odrive_driver:/home/vp/robot_ws/install/odom:/opt/ros/foxy /usr/bin/cmake --install /home/vp/robot_ws/build/odometry_estimator
