[0.157s] Invoking command in '/home/vp/robot_ws/build/ros2_control_demo_hardware': CMAKE_PREFIX_PATH=${CMAKE_PREFIX_PATH}:/home/vp/robot_ws/install/ros2_control_test_nodes:/home/vp/robot_ws/install/odrive_driver:/opt/ros/foxy /usr/bin/cmake --build /home/vp/robot_ws/build/ros2_control_demo_hardware -- -j8 -l8
[1.081s] [100%] Built target ros2_control_demo_hardware
[1.099s] Invoked command in '/home/vp/robot_ws/build/ros2_control_demo_hardware' returned '0': CMAKE_PREFIX_PATH=${CMAKE_PREFIX_PATH}:/home/vp/robot_ws/install/ros2_control_test_nodes:/home/vp/robot_ws/install/odrive_driver:/opt/ros/foxy /usr/bin/cmake --build /home/vp/robot_ws/build/ros2_control_demo_hardware -- -j8 -l8
[1.205s] Invoking command in '/home/vp/robot_ws/build/ros2_control_demo_hardware': CMAKE_PREFIX_PATH=${CMAKE_PREFIX_PATH}:/home/vp/robot_ws/install/ros2_control_test_nodes:/home/vp/robot_ws/install/odrive_driver:/opt/ros/foxy /usr/bin/cmake --install /home/vp/robot_ws/build/ros2_control_demo_hardware
[1.237s] -- Install configuration: ""
[1.238s] -- Execute custom install script
[1.239s] -- Up-to-date symlink: /home/vp/robot_ws/install/ros2_control_demo_hardware/share/ros2_control_demo_hardware//ros2_control_demo_hardware.xml
[1.241s] -- Up-to-date symlink: /home/vp/robot_ws/install/ros2_control_demo_hardware/lib/libros2_control_demo_hardware.so
[1.243s] -- Up-to-date symlink: /home/vp/robot_ws/install/ros2_control_demo_hardware/include/ros2_control_demo_hardware/diffbot_system.hpp
[1.243s] -- Up-to-date symlink: /home/vp/robot_ws/install/ros2_control_demo_hardware/include/ros2_control_demo_hardware/rrbot_system_multi_interface.hpp
[1.244s] -- Up-to-date symlink: /home/vp/robot_ws/install/ros2_control_demo_hardware/include/ros2_control_demo_hardware/rrbot_system_position_only.hpp
[1.244s] -- Up-to-date symlink: /home/vp/robot_ws/install/ros2_control_demo_hardware/include/ros2_control_demo_hardware/rrbot_system_with_sensor.hpp
[1.245s] -- Up-to-date symlink: /home/vp/robot_ws/install/ros2_control_demo_hardware/include/ros2_control_demo_hardware/visibility_control.h
[1.246s] -- Up-to-date symlink: /home/vp/robot_ws/install/ros2_control_demo_hardware/share/ros2_control_demo_hardware/environment/library_path.sh
[1.247s] -- Up-to-date symlink: /home/vp/robot_ws/install/ros2_control_demo_hardware/share/ros2_control_demo_hardware/environment/library_path.dsv
[1.247s] -- Up-to-date symlink: /home/vp/robot_ws/install/ros2_control_demo_hardware/share/ament_index/resource_index/package_run_dependencies/ros2_control_demo_hardware
[1.262s] -- Up-to-date symlink: /home/vp/robot_ws/install/ros2_control_demo_hardware/share/ament_index/resource_index/parent_prefix_path/ros2_control_demo_hardware
[1.262s] -- Up-to-date symlink: /home/vp/robot_ws/install/ros2_control_demo_hardware/share/ros2_control_demo_hardware/environment/ament_prefix_path.sh
[1.263s] -- Up-to-date symlink: /home/vp/robot_ws/install/ros2_control_demo_hardware/share/ros2_control_demo_hardware/environment/ament_prefix_path.dsv
[1.263s] -- Up-to-date symlink: /home/vp/robot_ws/install/ros2_control_demo_hardware/share/ros2_control_demo_hardware/environment/path.sh
[1.263s] -- Up-to-date symlink: /home/vp/robot_ws/install/ros2_control_demo_hardware/share/ros2_control_demo_hardware/environment/path.dsv
[1.264s] -- Up-to-date symlink: /home/vp/robot_ws/install/ros2_control_demo_hardware/share/ros2_control_demo_hardware/local_setup.bash
[1.265s] -- Up-to-date symlink: /home/vp/robot_ws/install/ros2_control_demo_hardware/share/ros2_control_demo_hardware/local_setup.sh
[1.265s] -- Up-to-date symlink: /home/vp/robot_ws/install/ros2_control_demo_hardware/share/ros2_control_demo_hardware/local_setup.zsh
[1.265s] -- Up-to-date symlink: /home/vp/robot_ws/install/ros2_control_demo_hardware/share/ros2_control_demo_hardware/local_setup.dsv
[1.265s] -- Symlinking: /home/vp/robot_ws/install/ros2_control_demo_hardware/share/ros2_control_demo_hardware/package.dsv
[1.272s] -- Up-to-date symlink: /home/vp/robot_ws/install/ros2_control_demo_hardware/share/ament_index/resource_index/packages/ros2_control_demo_hardware
[1.274s] -- Up-to-date symlink: /home/vp/robot_ws/install/ros2_control_demo_hardware/share/ament_index/resource_index/hardware_interface__pluginlib__plugin/ros2_control_demo_hardware
[1.283s] -- Up-to-date symlink: /home/vp/robot_ws/install/ros2_control_demo_hardware/share/ros2_control_demo_hardware/cmake/ament_cmake_export_include_directories-extras.cmake
[1.283s] -- Up-to-date symlink: /home/vp/robot_ws/install/ros2_control_demo_hardware/share/ros2_control_demo_hardware/cmake/ament_cmake_export_libraries-extras.cmake
[1.283s] -- Up-to-date symlink: /home/vp/robot_ws/install/ros2_control_demo_hardware/share/ros2_control_demo_hardware/cmake/ament_cmake_export_dependencies-extras.cmake
[1.283s] -- Up-to-date symlink: /home/vp/robot_ws/install/ros2_control_demo_hardware/share/ros2_control_demo_hardware/cmake/ros2_control_demo_hardwareConfig.cmake
[1.283s] -- Up-to-date symlink: /home/vp/robot_ws/install/ros2_control_demo_hardware/share/ros2_control_demo_hardware/cmake/ros2_control_demo_hardwareConfig-version.cmake
[1.284s] -- Up-to-date symlink: /home/vp/robot_ws/install/ros2_control_demo_hardware/share/ros2_control_demo_hardware/package.xml
[1.342s] Invoked command in '/home/vp/robot_ws/build/ros2_control_demo_hardware' returned '0': CMAKE_PREFIX_PATH=${CMAKE_PREFIX_PATH}:/home/vp/robot_ws/install/ros2_control_test_nodes:/home/vp/robot_ws/install/odrive_driver:/opt/ros/foxy /usr/bin/cmake --install /home/vp/robot_ws/build/ros2_control_demo_hardware
