[0.157s] Invoking command in '/home/vp/robot_ws/build/ros2_control_demo_hardware': CMAKE_PREFIX_PATH=${CMAKE_PREFIX_PATH}:/home/vp/robot_ws/install/ros2_control_test_nodes:/home/vp/robot_ws/install/odrive_driver:/opt/ros/foxy /usr/bin/cmake --build /home/vp/robot_ws/build/ros2_control_demo_hardware -- -j8 -l8
[0.819s] [100%] Built target ros2_control_demo_hardware
[0.832s] Invoked command in '/home/vp/robot_ws/build/ros2_control_demo_hardware' returned '0': CMAKE_PREFIX_PATH=${CMAKE_PREFIX_PATH}:/home/vp/robot_ws/install/ros2_control_test_nodes:/home/vp/robot_ws/install/odrive_driver:/opt/ros/foxy /usr/bin/cmake --build /home/vp/robot_ws/build/ros2_control_demo_hardware -- -j8 -l8
[0.945s] Invoking command in '/home/vp/robot_ws/build/ros2_control_demo_hardware': CMAKE_PREFIX_PATH=${CMAKE_PREFIX_PATH}:/home/vp/robot_ws/install/ros2_control_test_nodes:/home/vp/robot_ws/install/odrive_driver:/opt/ros/foxy /usr/bin/cmake --install /home/vp/robot_ws/build/ros2_control_demo_hardware
[0.993s] -- Install configuration: ""
[0.994s] -- Execute custom install script
[0.994s] -- Up-to-date symlink: /home/vp/robot_ws/install/ros2_control_demo_hardware/share/ros2_control_demo_hardware//ros2_control_demo_hardware.xml
[0.994s] -- Up-to-date symlink: /home/vp/robot_ws/install/ros2_control_demo_hardware/lib/libros2_control_demo_hardware.so
[0.996s] -- Up-to-date symlink: /home/vp/robot_ws/install/ros2_control_demo_hardware/include/ros2_control_demo_hardware/diffbot_system.hpp
[0.997s] -- Up-to-date symlink: /home/vp/robot_ws/install/ros2_control_demo_hardware/include/ros2_control_demo_hardware/rrbot_system_multi_interface.hpp
[1.003s] -- Up-to-date symlink: /home/vp/robot_ws/install/ros2_control_demo_hardware/include/ros2_control_demo_hardware/rrbot_system_position_only.hpp
[1.003s] -- Up-to-date symlink: /home/vp/robot_ws/install/ros2_control_demo_hardware/include/ros2_control_demo_hardware/rrbot_system_with_sensor.hpp
[1.004s] -- Up-to-date symlink: /home/vp/robot_ws/install/ros2_control_demo_hardware/include/ros2_control_demo_hardware/visibility_control.h
[1.004s] -- Up-to-date symlink: /home/vp/robot_ws/install/ros2_control_demo_hardware/share/ros2_control_demo_hardware/environment/library_path.sh
[1.004s] -- Up-to-date symlink: /home/vp/robot_ws/install/ros2_control_demo_hardware/share/ros2_control_demo_hardware/environment/library_path.dsv
[1.004s] -- Up-to-date symlink: /home/vp/robot_ws/install/ros2_control_demo_hardware/share/ament_index/resource_index/package_run_dependencies/ros2_control_demo_hardware
[1.004s] -- Up-to-date symlink: /home/vp/robot_ws/install/ros2_control_demo_hardware/share/ament_index/resource_index/parent_prefix_path/ros2_control_demo_hardware
[1.005s] -- Up-to-date symlink: /home/vp/robot_ws/install/ros2_control_demo_hardware/share/ros2_control_demo_hardware/environment/ament_prefix_path.sh
[1.005s] -- Up-to-date symlink: /home/vp/robot_ws/install/ros2_control_demo_hardware/share/ros2_control_demo_hardware/environment/ament_prefix_path.dsv
[1.005s] -- Up-to-date symlink: /home/vp/robot_ws/install/ros2_control_demo_hardware/share/ros2_control_demo_hardware/environment/path.sh
[1.005s] -- Up-to-date symlink: /home/vp/robot_ws/install/ros2_control_demo_hardware/share/ros2_control_demo_hardware/environment/path.dsv
[1.005s] -- Up-to-date symlink: /home/vp/robot_ws/install/ros2_control_demo_hardware/share/ros2_control_demo_hardware/local_setup.bash
[1.006s] -- Up-to-date symlink: /home/vp/robot_ws/install/ros2_control_demo_hardware/share/ros2_control_demo_hardware/local_setup.sh
[1.006s] -- Up-to-date symlink: /home/vp/robot_ws/install/ros2_control_demo_hardware/share/ros2_control_demo_hardware/local_setup.zsh
[1.006s] -- Up-to-date symlink: /home/vp/robot_ws/install/ros2_control_demo_hardware/share/ros2_control_demo_hardware/local_setup.dsv
[1.006s] -- Symlinking: /home/vp/robot_ws/install/ros2_control_demo_hardware/share/ros2_control_demo_hardware/package.dsv
[1.006s] -- Up-to-date symlink: /home/vp/robot_ws/install/ros2_control_demo_hardware/share/ament_index/resource_index/packages/ros2_control_demo_hardware
[1.006s] -- Up-to-date symlink: /home/vp/robot_ws/install/ros2_control_demo_hardware/share/ament_index/resource_index/hardware_interface__pluginlib__plugin/ros2_control_demo_hardware
[1.010s] -- Up-to-date symlink: /home/vp/robot_ws/install/ros2_control_demo_hardware/share/ros2_control_demo_hardware/cmake/ament_cmake_export_include_directories-extras.cmake
[1.010s] -- Up-to-date symlink: /home/vp/robot_ws/install/ros2_control_demo_hardware/share/ros2_control_demo_hardware/cmake/ament_cmake_export_libraries-extras.cmake
[1.010s] -- Up-to-date symlink: /home/vp/robot_ws/install/ros2_control_demo_hardware/share/ros2_control_demo_hardware/cmake/ament_cmake_export_dependencies-extras.cmake
[1.011s] -- Up-to-date symlink: /home/vp/robot_ws/install/ros2_control_demo_hardware/share/ros2_control_demo_hardware/cmake/ros2_control_demo_hardwareConfig.cmake
[1.011s] -- Up-to-date symlink: /home/vp/robot_ws/install/ros2_control_demo_hardware/share/ros2_control_demo_hardware/cmake/ros2_control_demo_hardwareConfig-version.cmake
[1.011s] -- Up-to-date symlink: /home/vp/robot_ws/install/ros2_control_demo_hardware/share/ros2_control_demo_hardware/package.xml
[1.094s] Invoked command in '/home/vp/robot_ws/build/ros2_control_demo_hardware' returned '0': CMAKE_PREFIX_PATH=${CMAKE_PREFIX_PATH}:/home/vp/robot_ws/install/ros2_control_test_nodes:/home/vp/robot_ws/install/odrive_driver:/opt/ros/foxy /usr/bin/cmake --install /home/vp/robot_ws/build/ros2_control_demo_hardware
