running develop
running egg_info
creating lidar_vp.egg-info
writing lidar_vp.egg-info/PKG-INFO
writing dependency_links to lidar_vp.egg-info/dependency_links.txt
writing entry points to lidar_vp.egg-info/entry_points.txt
writing requirements to lidar_vp.egg-info/requires.txt
writing top-level names to lidar_vp.egg-info/top_level.txt
writing manifest file 'lidar_vp.egg-info/SOURCES.txt'
reading manifest file 'lidar_vp.egg-info/SOURCES.txt'
writing manifest file 'lidar_vp.egg-info/SOURCES.txt'
running build_ext
Creating /home/vp/robot_ws/install/lidar_vp/lib/python3.8/site-packages/site.py
Creating /home/vp/robot_ws/install/lidar_vp/lib/python3.8/site-packages/lidar-vp.egg-link (link to .)
Installing lidar_node script to /home/vp/robot_ws/install/lidar_vp/lib/lidar_vp

Installed /home/vp/robot_ws/build/lidar_vp
running install_data
creating /home/vp/robot_ws/install/lidar_vp/share/ament_index
creating /home/vp/robot_ws/install/lidar_vp/share/ament_index/resource_index
creating /home/vp/robot_ws/install/lidar_vp/share/ament_index/resource_index/packages
copying resource/lidar_vp -> /home/vp/robot_ws/install/lidar_vp/share/ament_index/resource_index/packages
copying package.xml -> /home/vp/robot_ws/install/lidar_vp/share/lidar_vp
