Performing C SOURCE FILE Test CMAKE_HAVE_LIBC_PTHREAD failed with the following output:
Change Dir: /home/vp/robot_ws/build/ydlidar_ros2_driver/CMakeFiles/CMakeTmp

Run Build Command(s):/usr/bin/make cmTC_e61db/fast && /usr/bin/make -f CMakeFiles/cmTC_e61db.dir/build.make CMakeFiles/cmTC_e61db.dir/build
make[1]: ingresso nella directory «/home/vp/robot_ws/build/ydlidar_ros2_driver/CMakeFiles/CMakeTmp»
Building C object CMakeFiles/cmTC_e61db.dir/src.c.o
/usr/bin/cc   -DCMAKE_HAVE_LIBC_PTHREAD   -o CMakeFiles/cmTC_e61db.dir/src.c.o   -c /home/vp/robot_ws/build/ydlidar_ros2_driver/CMakeFiles/CMakeTmp/src.c
Linking C executable cmTC_e61db
/usr/bin/cmake -E cmake_link_script CMakeFiles/cmTC_e61db.dir/link.txt --verbose=1
/usr/bin/cc  -DCMAKE_HAVE_LIBC_PTHREAD    CMakeFiles/cmTC_e61db.dir/src.c.o  -o cmTC_e61db 
/usr/bin/ld: CMakeFiles/cmTC_e61db.dir/src.c.o: in function `main':
src.c:(.text+0x46): undefined reference to `pthread_create'
/usr/bin/ld: src.c:(.text+0x52): undefined reference to `pthread_detach'
/usr/bin/ld: src.c:(.text+0x63): undefined reference to `pthread_join'
collect2: error: ld returned 1 exit status
make[1]: *** [CMakeFiles/cmTC_e61db.dir/build.make:87: cmTC_e61db] Errore 1
make[1]: uscita dalla directory «/home/vp/robot_ws/build/ydlidar_ros2_driver/CMakeFiles/CMakeTmp»
make: *** [Makefile:121: cmTC_e61db/fast] Errore 2


Source file was:
#include <pthread.h>

void* test_func(void* data)
{
  return data;
}

int main(void)
{
  pthread_t thread;
  pthread_create(&thread, NULL, test_func, NULL);
  pthread_detach(thread);
  pthread_join(thread, NULL);
  pthread_atfork(NULL, NULL, NULL);
  pthread_exit(NULL);

  return 0;
}

Determining if the function pthread_create exists in the pthreads failed with the following output:
Change Dir: /home/vp/robot_ws/build/ydlidar_ros2_driver/CMakeFiles/CMakeTmp

Run Build Command(s):/usr/bin/make cmTC_a6595/fast && /usr/bin/make -f CMakeFiles/cmTC_a6595.dir/build.make CMakeFiles/cmTC_a6595.dir/build
make[1]: ingresso nella directory «/home/vp/robot_ws/build/ydlidar_ros2_driver/CMakeFiles/CMakeTmp»
Building C object CMakeFiles/cmTC_a6595.dir/CheckFunctionExists.c.o
/usr/bin/cc   -DCHECK_FUNCTION_EXISTS=pthread_create   -o CMakeFiles/cmTC_a6595.dir/CheckFunctionExists.c.o   -c /usr/share/cmake-3.16/Modules/CheckFunctionExists.c
Linking C executable cmTC_a6595
/usr/bin/cmake -E cmake_link_script CMakeFiles/cmTC_a6595.dir/link.txt --verbose=1
/usr/bin/cc  -DCHECK_FUNCTION_EXISTS=pthread_create    CMakeFiles/cmTC_a6595.dir/CheckFunctionExists.c.o  -o cmTC_a6595  -lpthreads 
/usr/bin/ld: impossibile trovare -lpthreads
collect2: error: ld returned 1 exit status
make[1]: *** [CMakeFiles/cmTC_a6595.dir/build.make:87: cmTC_a6595] Errore 1
make[1]: uscita dalla directory «/home/vp/robot_ws/build/ydlidar_ros2_driver/CMakeFiles/CMakeTmp»
make: *** [Makefile:121: cmTC_a6595/fast] Errore 2



