[0.241s] DEBUG:colcon:Command line arguments: ['/usr/bin/colcon', 'build', '--symlink-install']
[0.241s] DEBUG:colcon:Parsed command line arguments: Namespace(allow_overriding=[], ament_cmake_args=None, base_paths=['.'], build_base='build', catkin_cmake_args=None, catkin_skip_building_tests=False, cmake_args=None, cmake_clean_cache=False, cmake_clean_first=False, cmake_force_configure=False, cmake_target=None, cmake_target_skip_unavailable=False, continue_on_error=False, event_handlers=None, executor='parallel', ignore_user_meta=False, install_base='install', log_base=None, log_level=None, main=<bound method BuildVerb.main of <colcon_core.verb.build.BuildVerb object at 0x7f5d99f86820>>, merge_install=False, metas=['./colcon.meta'], packages_above=None, packages_above_and_dependencies=None, packages_above_depth=None, packages_end=None, packages_ignore=None, packages_ignore_regex=None, packages_select=None, packages_select_build_failed=False, packages_select_by_dep=None, packages_select_regex=None, packages_select_test_failures=False, packages_skip=None, packages_skip_build_finished=False, packages_skip_by_dep=None, packages_skip_regex=None, packages_skip_test_passed=False, packages_skip_up_to=None, packages_start=None, packages_up_to=None, packages_up_to_regex=None, parallel_workers=8, paths=None, symlink_install=True, test_result_base=None, verb_extension=<colcon_core.verb.build.BuildVerb object at 0x7f5d99f86820>, verb_name='build', verb_parser=<colcon_defaults.argument_parser.defaults.DefaultArgumentsDecorator object at 0x7f5d99f86d90>)
[0.273s] Level 1:colcon.colcon_core.package_discovery:discover_packages(colcon_meta) check parameters
[0.273s] Level 1:colcon.colcon_core.package_discovery:discover_packages(recursive) check parameters
[0.273s] Level 1:colcon.colcon_core.package_discovery:discover_packages(ignore) check parameters
[0.273s] Level 1:colcon.colcon_core.package_discovery:discover_packages(path) check parameters
[0.273s] Level 1:colcon.colcon_core.package_discovery:discover_packages(colcon_meta) discover
[0.273s] Level 1:colcon.colcon_core.package_discovery:discover_packages(recursive) discover
[0.273s] INFO:colcon.colcon_core.package_discovery:Crawling recursively for packages in '/home/vp/robot_ws'
[0.274s] Level 1:colcon.colcon_core.package_identification:_identify(.) by extensions ['ignore', 'ignore_ament_install']
[0.274s] Level 1:colcon.colcon_core.package_identification:_identify(.) by extension 'ignore'
[0.274s] Level 1:colcon.colcon_core.package_identification:_identify(.) by extension 'ignore_ament_install'
[0.274s] Level 1:colcon.colcon_core.package_identification:_identify(.) by extensions ['colcon_pkg']
[0.274s] Level 1:colcon.colcon_core.package_identification:_identify(.) by extension 'colcon_pkg'
[0.274s] Level 1:colcon.colcon_core.package_identification:_identify(.) by extensions ['colcon_meta']
[0.274s] Level 1:colcon.colcon_core.package_identification:_identify(.) by extension 'colcon_meta'
[0.274s] Level 1:colcon.colcon_core.package_identification:_identify(.) by extensions ['ros']
[0.275s] Level 1:colcon.colcon_core.package_identification:_identify(.) by extension 'ros'
[0.292s] Level 1:colcon.colcon_core.package_identification:_identify(.) by extensions ['cmake', 'python']
[0.292s] Level 1:colcon.colcon_core.package_identification:_identify(.) by extension 'cmake'
[0.292s] Level 1:colcon.colcon_core.package_identification:_identify(.) by extension 'python'
[0.292s] Level 1:colcon.colcon_core.package_identification:_identify(.) by extensions ['python_setup_py']
[0.292s] Level 1:colcon.colcon_core.package_identification:_identify(.) by extension 'python_setup_py'
[0.292s] Level 1:colcon.colcon_core.package_identification:_identify(build) by extensions ['ignore', 'ignore_ament_install']
[0.292s] Level 1:colcon.colcon_core.package_identification:_identify(build) by extension 'ignore'
[0.293s] Level 1:colcon.colcon_core.package_identification:_identify(build) ignored
[0.293s] Level 1:colcon.colcon_core.package_identification:_identify(install) by extensions ['ignore', 'ignore_ament_install']
[0.293s] Level 1:colcon.colcon_core.package_identification:_identify(install) by extension 'ignore'
[0.293s] Level 1:colcon.colcon_core.package_identification:_identify(install) ignored
[0.293s] Level 1:colcon.colcon_core.package_identification:_identify(log) by extensions ['ignore', 'ignore_ament_install']
[0.293s] Level 1:colcon.colcon_core.package_identification:_identify(log) by extension 'ignore'
[0.293s] Level 1:colcon.colcon_core.package_identification:_identify(log) ignored
[0.293s] Level 1:colcon.colcon_core.package_identification:_identify(src) by extensions ['ignore', 'ignore_ament_install']
[0.294s] Level 1:colcon.colcon_core.package_identification:_identify(src) by extension 'ignore'
[0.294s] Level 1:colcon.colcon_core.package_identification:_identify(src) by extension 'ignore_ament_install'
[0.294s] Level 1:colcon.colcon_core.package_identification:_identify(src) by extensions ['colcon_pkg']
[0.294s] Level 1:colcon.colcon_core.package_identification:_identify(src) by extension 'colcon_pkg'
[0.294s] Level 1:colcon.colcon_core.package_identification:_identify(src) by extensions ['colcon_meta']
[0.294s] Level 1:colcon.colcon_core.package_identification:_identify(src) by extension 'colcon_meta'
[0.294s] Level 1:colcon.colcon_core.package_identification:_identify(src) by extensions ['ros']
[0.294s] Level 1:colcon.colcon_core.package_identification:_identify(src) by extension 'ros'
[0.294s] Level 1:colcon.colcon_core.package_identification:_identify(src) by extensions ['cmake', 'python']
[0.294s] Level 1:colcon.colcon_core.package_identification:_identify(src) by extension 'cmake'
[0.294s] Level 1:colcon.colcon_core.package_identification:_identify(src) by extension 'python'
[0.295s] Level 1:colcon.colcon_core.package_identification:_identify(src) by extensions ['python_setup_py']
[0.295s] Level 1:colcon.colcon_core.package_identification:_identify(src) by extension 'python_setup_py'
[0.295s] Level 1:colcon.colcon_core.package_identification:_identify(src/odom) by extensions ['ignore', 'ignore_ament_install']
[0.295s] Level 1:colcon.colcon_core.package_identification:_identify(src/odom) by extension 'ignore'
[0.295s] Level 1:colcon.colcon_core.package_identification:_identify(src/odom) by extension 'ignore_ament_install'
[0.295s] Level 1:colcon.colcon_core.package_identification:_identify(src/odom) by extensions ['colcon_pkg']
[0.295s] Level 1:colcon.colcon_core.package_identification:_identify(src/odom) by extension 'colcon_pkg'
[0.295s] Level 1:colcon.colcon_core.package_identification:_identify(src/odom) by extensions ['colcon_meta']
[0.295s] Level 1:colcon.colcon_core.package_identification:_identify(src/odom) by extension 'colcon_meta'
[0.295s] Level 1:colcon.colcon_core.package_identification:_identify(src/odom) by extensions ['ros']
[0.295s] Level 1:colcon.colcon_core.package_identification:_identify(src/odom) by extension 'ros'
[0.299s] DEBUG:colcon.colcon_core.package_identification:Package 'src/odom' with type 'ros.ament_python' and name 'odom'
[0.299s] Level 1:colcon.colcon_core.package_identification:_identify(src/odrive_configurations) by extensions ['ignore', 'ignore_ament_install']
[0.300s] Level 1:colcon.colcon_core.package_identification:_identify(src/odrive_configurations) by extension 'ignore'
[0.300s] Level 1:colcon.colcon_core.package_identification:_identify(src/odrive_configurations) by extension 'ignore_ament_install'
[0.300s] Level 1:colcon.colcon_core.package_identification:_identify(src/odrive_configurations) by extensions ['colcon_pkg']
[0.300s] Level 1:colcon.colcon_core.package_identification:_identify(src/odrive_configurations) by extension 'colcon_pkg'
[0.300s] Level 1:colcon.colcon_core.package_identification:_identify(src/odrive_configurations) by extensions ['colcon_meta']
[0.300s] Level 1:colcon.colcon_core.package_identification:_identify(src/odrive_configurations) by extension 'colcon_meta'
[0.300s] Level 1:colcon.colcon_core.package_identification:_identify(src/odrive_configurations) by extensions ['ros']
[0.300s] Level 1:colcon.colcon_core.package_identification:_identify(src/odrive_configurations) by extension 'ros'
[0.300s] Level 1:colcon.colcon_core.package_identification:_identify(src/odrive_configurations) by extensions ['cmake', 'python']
[0.300s] Level 1:colcon.colcon_core.package_identification:_identify(src/odrive_configurations) by extension 'cmake'
[0.300s] Level 1:colcon.colcon_core.package_identification:_identify(src/odrive_configurations) by extension 'python'
[0.301s] Level 1:colcon.colcon_core.package_identification:_identify(src/odrive_configurations) by extensions ['python_setup_py']
[0.301s] Level 1:colcon.colcon_core.package_identification:_identify(src/odrive_configurations) by extension 'python_setup_py'
[0.301s] Level 1:colcon.colcon_core.package_identification:_identify(src/odrive_driver) by extensions ['ignore', 'ignore_ament_install']
[0.301s] Level 1:colcon.colcon_core.package_identification:_identify(src/odrive_driver) by extension 'ignore'
[0.301s] Level 1:colcon.colcon_core.package_identification:_identify(src/odrive_driver) by extension 'ignore_ament_install'
[0.301s] Level 1:colcon.colcon_core.package_identification:_identify(src/odrive_driver) by extensions ['colcon_pkg']
[0.301s] Level 1:colcon.colcon_core.package_identification:_identify(src/odrive_driver) by extension 'colcon_pkg'
[0.301s] Level 1:colcon.colcon_core.package_identification:_identify(src/odrive_driver) by extensions ['colcon_meta']
[0.301s] Level 1:colcon.colcon_core.package_identification:_identify(src/odrive_driver) by extension 'colcon_meta'
[0.302s] Level 1:colcon.colcon_core.package_identification:_identify(src/odrive_driver) by extensions ['ros']
[0.302s] Level 1:colcon.colcon_core.package_identification:_identify(src/odrive_driver) by extension 'ros'
[0.313s] DEBUG:colcon.colcon_core.package_identification:Package 'src/odrive_driver' with type 'ros.ament_python' and name 'odrive_driver'
[0.313s] Level 1:colcon.colcon_core.package_identification:_identify(src/two_wheel_demo) by extensions ['ignore', 'ignore_ament_install']
[0.314s] Level 1:colcon.colcon_core.package_identification:_identify(src/two_wheel_demo) by extension 'ignore'
[0.314s] Level 1:colcon.colcon_core.package_identification:_identify(src/two_wheel_demo) by extension 'ignore_ament_install'
[0.314s] Level 1:colcon.colcon_core.package_identification:_identify(src/two_wheel_demo) by extensions ['colcon_pkg']
[0.314s] Level 1:colcon.colcon_core.package_identification:_identify(src/two_wheel_demo) by extension 'colcon_pkg'
[0.314s] Level 1:colcon.colcon_core.package_identification:_identify(src/two_wheel_demo) by extensions ['colcon_meta']
[0.314s] Level 1:colcon.colcon_core.package_identification:_identify(src/two_wheel_demo) by extension 'colcon_meta'
[0.314s] Level 1:colcon.colcon_core.package_identification:_identify(src/two_wheel_demo) by extensions ['ros']
[0.314s] Level 1:colcon.colcon_core.package_identification:_identify(src/two_wheel_demo) by extension 'ros'
[0.315s] DEBUG:colcon.colcon_core.package_identification:Package 'src/two_wheel_demo' with type 'ros.ament_python' and name 'two_wheel_demo'
[0.315s] Level 1:colcon.colcon_core.package_identification:_identify(src/vp_one) by extensions ['ignore', 'ignore_ament_install']
[0.316s] Level 1:colcon.colcon_core.package_identification:_identify(src/vp_one) by extension 'ignore'
[0.316s] Level 1:colcon.colcon_core.package_identification:_identify(src/vp_one) by extension 'ignore_ament_install'
[0.316s] Level 1:colcon.colcon_core.package_identification:_identify(src/vp_one) by extensions ['colcon_pkg']
[0.316s] Level 1:colcon.colcon_core.package_identification:_identify(src/vp_one) by extension 'colcon_pkg'
[0.316s] Level 1:colcon.colcon_core.package_identification:_identify(src/vp_one) by extensions ['colcon_meta']
[0.316s] Level 1:colcon.colcon_core.package_identification:_identify(src/vp_one) by extension 'colcon_meta'
[0.316s] Level 1:colcon.colcon_core.package_identification:_identify(src/vp_one) by extensions ['ros']
[0.317s] Level 1:colcon.colcon_core.package_identification:_identify(src/vp_one) by extension 'ros'
[0.317s] DEBUG:colcon.colcon_core.package_identification:Package 'src/vp_one' with type 'ros.ament_cmake' and name 'vp_one'
[0.317s] Level 1:colcon.colcon_core.package_identification:_identify(src/ydlidar_ros2_driver) by extensions ['ignore', 'ignore_ament_install']
[0.317s] Level 1:colcon.colcon_core.package_identification:_identify(src/ydlidar_ros2_driver) by extension 'ignore'
[0.318s] Level 1:colcon.colcon_core.package_identification:_identify(src/ydlidar_ros2_driver) by extension 'ignore_ament_install'
[0.318s] Level 1:colcon.colcon_core.package_identification:_identify(src/ydlidar_ros2_driver) by extensions ['colcon_pkg']
[0.318s] Level 1:colcon.colcon_core.package_identification:_identify(src/ydlidar_ros2_driver) by extension 'colcon_pkg'
[0.318s] Level 1:colcon.colcon_core.package_identification:_identify(src/ydlidar_ros2_driver) by extensions ['colcon_meta']
[0.318s] Level 1:colcon.colcon_core.package_identification:_identify(src/ydlidar_ros2_driver) by extension 'colcon_meta'
[0.318s] Level 1:colcon.colcon_core.package_identification:_identify(src/ydlidar_ros2_driver) by extensions ['ros']
[0.318s] Level 1:colcon.colcon_core.package_identification:_identify(src/ydlidar_ros2_driver) by extension 'ros'
[0.319s] DEBUG:colcon.colcon_core.package_identification:Package 'src/ydlidar_ros2_driver' with type 'ros.ament_cmake' and name 'ydlidar_ros2_driver'
[0.319s] Level 1:colcon.colcon_core.package_discovery:discover_packages(recursive) using defaults
[0.319s] Level 1:colcon.colcon_core.package_discovery:discover_packages(ignore) discover
[0.319s] Level 1:colcon.colcon_core.package_discovery:discover_packages(ignore) using defaults
[0.319s] Level 1:colcon.colcon_core.package_discovery:discover_packages(path) discover
[0.319s] Level 1:colcon.colcon_core.package_discovery:discover_packages(path) using defaults
[0.348s] Level 1:colcon.colcon_core.package_discovery:discover_packages(prefix_path) check parameters
[0.348s] Level 1:colcon.colcon_core.package_discovery:discover_packages(prefix_path) discover
[0.357s] DEBUG:colcon.colcon_installed_package_information.package_discovery:Found 5 installed packages in /home/vp/robot_ws/install
[0.362s] DEBUG:colcon.colcon_installed_package_information.package_discovery:Found 264 installed packages in /opt/ros/foxy
[0.368s] Level 1:colcon.colcon_core.package_discovery:discover_packages(prefix_path) using defaults
[0.487s] Level 5:colcon.colcon_core.verb:set package 'odom' build argument 'cmake_args' from command line to 'None'
[0.487s] Level 5:colcon.colcon_core.verb:set package 'odom' build argument 'cmake_target' from command line to 'None'
[0.487s] Level 5:colcon.colcon_core.verb:set package 'odom' build argument 'cmake_target_skip_unavailable' from command line to 'False'
[0.487s] Level 5:colcon.colcon_core.verb:set package 'odom' build argument 'cmake_clean_cache' from command line to 'False'
[0.487s] Level 5:colcon.colcon_core.verb:set package 'odom' build argument 'cmake_clean_first' from command line to 'False'
[0.487s] Level 5:colcon.colcon_core.verb:set package 'odom' build argument 'cmake_force_configure' from command line to 'False'
[0.487s] Level 5:colcon.colcon_core.verb:set package 'odom' build argument 'ament_cmake_args' from command line to 'None'
[0.487s] Level 5:colcon.colcon_core.verb:set package 'odom' build argument 'catkin_cmake_args' from command line to 'None'
[0.488s] Level 5:colcon.colcon_core.verb:set package 'odom' build argument 'catkin_skip_building_tests' from command line to 'False'
[0.488s] DEBUG:colcon.colcon_core.verb:Building package 'odom' with the following arguments: {'ament_cmake_args': None, 'build_base': '/home/vp/robot_ws/build/odom', 'catkin_cmake_args': None, 'catkin_skip_building_tests': False, 'cmake_args': None, 'cmake_clean_cache': False, 'cmake_clean_first': False, 'cmake_force_configure': False, 'cmake_target': None, 'cmake_target_skip_unavailable': False, 'install_base': '/home/vp/robot_ws/install/odom', 'merge_install': False, 'path': '/home/vp/robot_ws/src/odom', 'symlink_install': True, 'test_result_base': None}
[0.489s] Level 5:colcon.colcon_core.verb:set package 'odrive_driver' build argument 'cmake_args' from command line to 'None'
[0.489s] Level 5:colcon.colcon_core.verb:set package 'odrive_driver' build argument 'cmake_target' from command line to 'None'
[0.489s] Level 5:colcon.colcon_core.verb:set package 'odrive_driver' build argument 'cmake_target_skip_unavailable' from command line to 'False'
[0.489s] Level 5:colcon.colcon_core.verb:set package 'odrive_driver' build argument 'cmake_clean_cache' from command line to 'False'
[0.489s] Level 5:colcon.colcon_core.verb:set package 'odrive_driver' build argument 'cmake_clean_first' from command line to 'False'
[0.489s] Level 5:colcon.colcon_core.verb:set package 'odrive_driver' build argument 'cmake_force_configure' from command line to 'False'
[0.489s] Level 5:colcon.colcon_core.verb:set package 'odrive_driver' build argument 'ament_cmake_args' from command line to 'None'
[0.489s] Level 5:colcon.colcon_core.verb:set package 'odrive_driver' build argument 'catkin_cmake_args' from command line to 'None'
[0.490s] Level 5:colcon.colcon_core.verb:set package 'odrive_driver' build argument 'catkin_skip_building_tests' from command line to 'False'
[0.490s] DEBUG:colcon.colcon_core.verb:Building package 'odrive_driver' with the following arguments: {'ament_cmake_args': None, 'build_base': '/home/vp/robot_ws/build/odrive_driver', 'catkin_cmake_args': None, 'catkin_skip_building_tests': False, 'cmake_args': None, 'cmake_clean_cache': False, 'cmake_clean_first': False, 'cmake_force_configure': False, 'cmake_target': None, 'cmake_target_skip_unavailable': False, 'install_base': '/home/vp/robot_ws/install/odrive_driver', 'merge_install': False, 'path': '/home/vp/robot_ws/src/odrive_driver', 'symlink_install': True, 'test_result_base': None}
[0.491s] Level 5:colcon.colcon_core.verb:set package 'two_wheel_demo' build argument 'cmake_args' from command line to 'None'
[0.491s] Level 5:colcon.colcon_core.verb:set package 'two_wheel_demo' build argument 'cmake_target' from command line to 'None'
[0.491s] Level 5:colcon.colcon_core.verb:set package 'two_wheel_demo' build argument 'cmake_target_skip_unavailable' from command line to 'False'
[0.491s] Level 5:colcon.colcon_core.verb:set package 'two_wheel_demo' build argument 'cmake_clean_cache' from command line to 'False'
[0.491s] Level 5:colcon.colcon_core.verb:set package 'two_wheel_demo' build argument 'cmake_clean_first' from command line to 'False'
[0.492s] Level 5:colcon.colcon_core.verb:set package 'two_wheel_demo' build argument 'cmake_force_configure' from command line to 'False'
[0.492s] Level 5:colcon.colcon_core.verb:set package 'two_wheel_demo' build argument 'ament_cmake_args' from command line to 'None'
[0.492s] Level 5:colcon.colcon_core.verb:set package 'two_wheel_demo' build argument 'catkin_cmake_args' from command line to 'None'
[0.492s] Level 5:colcon.colcon_core.verb:set package 'two_wheel_demo' build argument 'catkin_skip_building_tests' from command line to 'False'
[0.492s] DEBUG:colcon.colcon_core.verb:Building package 'two_wheel_demo' with the following arguments: {'ament_cmake_args': None, 'build_base': '/home/vp/robot_ws/build/two_wheel_demo', 'catkin_cmake_args': None, 'catkin_skip_building_tests': False, 'cmake_args': None, 'cmake_clean_cache': False, 'cmake_clean_first': False, 'cmake_force_configure': False, 'cmake_target': None, 'cmake_target_skip_unavailable': False, 'install_base': '/home/vp/robot_ws/install/two_wheel_demo', 'merge_install': False, 'path': '/home/vp/robot_ws/src/two_wheel_demo', 'symlink_install': True, 'test_result_base': None}
[0.493s] Level 5:colcon.colcon_core.verb:set package 'vp_one' build argument 'cmake_args' from command line to 'None'
[0.493s] Level 5:colcon.colcon_core.verb:set package 'vp_one' build argument 'cmake_target' from command line to 'None'
[0.493s] Level 5:colcon.colcon_core.verb:set package 'vp_one' build argument 'cmake_target_skip_unavailable' from command line to 'False'
[0.493s] Level 5:colcon.colcon_core.verb:set package 'vp_one' build argument 'cmake_clean_cache' from command line to 'False'
[0.493s] Level 5:colcon.colcon_core.verb:set package 'vp_one' build argument 'cmake_clean_first' from command line to 'False'
[0.493s] Level 5:colcon.colcon_core.verb:set package 'vp_one' build argument 'cmake_force_configure' from command line to 'False'
[0.493s] Level 5:colcon.colcon_core.verb:set package 'vp_one' build argument 'ament_cmake_args' from command line to 'None'
[0.493s] Level 5:colcon.colcon_core.verb:set package 'vp_one' build argument 'catkin_cmake_args' from command line to 'None'
[0.494s] Level 5:colcon.colcon_core.verb:set package 'vp_one' build argument 'catkin_skip_building_tests' from command line to 'False'
[0.494s] DEBUG:colcon.colcon_core.verb:Building package 'vp_one' with the following arguments: {'ament_cmake_args': None, 'build_base': '/home/vp/robot_ws/build/vp_one', 'catkin_cmake_args': None, 'catkin_skip_building_tests': False, 'cmake_args': None, 'cmake_clean_cache': False, 'cmake_clean_first': False, 'cmake_force_configure': False, 'cmake_target': None, 'cmake_target_skip_unavailable': False, 'install_base': '/home/vp/robot_ws/install/vp_one', 'merge_install': False, 'path': '/home/vp/robot_ws/src/vp_one', 'symlink_install': True, 'test_result_base': None}
[0.496s] Level 5:colcon.colcon_core.verb:set package 'ydlidar_ros2_driver' build argument 'cmake_args' from command line to 'None'
[0.496s] Level 5:colcon.colcon_core.verb:set package 'ydlidar_ros2_driver' build argument 'cmake_target' from command line to 'None'
[0.496s] Level 5:colcon.colcon_core.verb:set package 'ydlidar_ros2_driver' build argument 'cmake_target_skip_unavailable' from command line to 'False'
[0.496s] Level 5:colcon.colcon_core.verb:set package 'ydlidar_ros2_driver' build argument 'cmake_clean_cache' from command line to 'False'
[0.496s] Level 5:colcon.colcon_core.verb:set package 'ydlidar_ros2_driver' build argument 'cmake_clean_first' from command line to 'False'
[0.496s] Level 5:colcon.colcon_core.verb:set package 'ydlidar_ros2_driver' build argument 'cmake_force_configure' from command line to 'False'
[0.496s] Level 5:colcon.colcon_core.verb:set package 'ydlidar_ros2_driver' build argument 'ament_cmake_args' from command line to 'None'
[0.496s] Level 5:colcon.colcon_core.verb:set package 'ydlidar_ros2_driver' build argument 'catkin_cmake_args' from command line to 'None'
[0.496s] Level 5:colcon.colcon_core.verb:set package 'ydlidar_ros2_driver' build argument 'catkin_skip_building_tests' from command line to 'False'
[0.496s] DEBUG:colcon.colcon_core.verb:Building package 'ydlidar_ros2_driver' with the following arguments: {'ament_cmake_args': None, 'build_base': '/home/vp/robot_ws/build/ydlidar_ros2_driver', 'catkin_cmake_args': None, 'catkin_skip_building_tests': False, 'cmake_args': None, 'cmake_clean_cache': False, 'cmake_clean_first': False, 'cmake_force_configure': False, 'cmake_target': None, 'cmake_target_skip_unavailable': False, 'install_base': '/home/vp/robot_ws/install/ydlidar_ros2_driver', 'merge_install': False, 'path': '/home/vp/robot_ws/src/ydlidar_ros2_driver', 'symlink_install': True, 'test_result_base': None}
[0.498s] INFO:colcon.colcon_core.executor:Executing jobs using 'parallel' executor
[0.502s] DEBUG:colcon.colcon_parallel_executor.executor.parallel:run_until_complete
[0.503s] INFO:colcon.colcon_ros.task.ament_python.build:Building ROS package in '/home/vp/robot_ws/src/odom' with build type 'ament_python'
[0.503s] Level 1:colcon.colcon_core.shell:create_environment_hook('odom', 'ament_prefix_path')
[0.511s] INFO:colcon.colcon_core.plugin_system:Skipping extension 'colcon_core.shell.bat': Not used on non-Windows systems
[0.511s] INFO:colcon.colcon_core.shell:Creating environment hook '/home/vp/robot_ws/install/odom/share/odom/hook/ament_prefix_path.ps1'
[0.512s] INFO:colcon.colcon_core.shell:Creating environment descriptor '/home/vp/robot_ws/install/odom/share/odom/hook/ament_prefix_path.dsv'
[0.513s] INFO:colcon.colcon_core.shell:Creating environment hook '/home/vp/robot_ws/install/odom/share/odom/hook/ament_prefix_path.sh'
[0.515s] INFO:colcon.colcon_core.shell:Skip shell extension 'powershell' for command environment: Not usable outside of PowerShell
[0.516s] DEBUG:colcon.colcon_core.shell:Skip shell extension 'dsv' for command environment
[0.523s] INFO:colcon.colcon_ros.task.ament_python.build:Building ROS package in '/home/vp/robot_ws/src/odrive_driver' with build type 'ament_python'
[0.524s] Level 1:colcon.colcon_core.shell:create_environment_hook('odrive_driver', 'ament_prefix_path')
[0.526s] INFO:colcon.colcon_core.shell:Creating environment hook '/home/vp/robot_ws/install/odrive_driver/share/odrive_driver/hook/ament_prefix_path.ps1'
[0.527s] INFO:colcon.colcon_core.shell:Creating environment descriptor '/home/vp/robot_ws/install/odrive_driver/share/odrive_driver/hook/ament_prefix_path.dsv'
[0.527s] INFO:colcon.colcon_core.shell:Creating environment hook '/home/vp/robot_ws/install/odrive_driver/share/odrive_driver/hook/ament_prefix_path.sh'
[0.529s] INFO:colcon.colcon_core.shell:Skip shell extension 'powershell' for command environment: Not usable outside of PowerShell
[0.529s] DEBUG:colcon.colcon_core.shell:Skip shell extension 'dsv' for command environment
[0.537s] INFO:colcon.colcon_ros.task.ament_python.build:Building ROS package in '/home/vp/robot_ws/src/two_wheel_demo' with build type 'ament_python'
[0.538s] Level 1:colcon.colcon_core.shell:create_environment_hook('two_wheel_demo', 'ament_prefix_path')
[0.540s] INFO:colcon.colcon_core.shell:Creating environment hook '/home/vp/robot_ws/install/two_wheel_demo/share/two_wheel_demo/hook/ament_prefix_path.ps1'
[0.541s] INFO:colcon.colcon_core.shell:Creating environment descriptor '/home/vp/robot_ws/install/two_wheel_demo/share/two_wheel_demo/hook/ament_prefix_path.dsv'
[0.542s] INFO:colcon.colcon_core.shell:Creating environment hook '/home/vp/robot_ws/install/two_wheel_demo/share/two_wheel_demo/hook/ament_prefix_path.sh'
[0.544s] INFO:colcon.colcon_core.shell:Skip shell extension 'powershell' for command environment: Not usable outside of PowerShell
[0.544s] DEBUG:colcon.colcon_core.shell:Skip shell extension 'dsv' for command environment
[0.553s] INFO:colcon.colcon_ros.task.ament_cmake.build:Building ROS package in '/home/vp/robot_ws/src/vp_one' with build type 'ament_cmake'
[0.553s] INFO:colcon.colcon_cmake.task.cmake.build:Building CMake package in '/home/vp/robot_ws/src/vp_one'
[0.556s] INFO:colcon.colcon_core.shell:Skip shell extension 'powershell' for command environment: Not usable outside of PowerShell
[0.556s] DEBUG:colcon.colcon_core.shell:Skip shell extension 'dsv' for command environment
[0.564s] INFO:colcon.colcon_ros.task.ament_cmake.build:Building ROS package in '/home/vp/robot_ws/src/ydlidar_ros2_driver' with build type 'ament_cmake'
[0.565s] INFO:colcon.colcon_cmake.task.cmake.build:Building CMake package in '/home/vp/robot_ws/src/ydlidar_ros2_driver'
[0.567s] INFO:colcon.colcon_core.shell:Skip shell extension 'powershell' for command environment: Not usable outside of PowerShell
[0.568s] DEBUG:colcon.colcon_core.shell:Skip shell extension 'dsv' for command environment
[0.996s] INFO:colcon.colcon_core.task.python.build:Building Python package in '/home/vp/robot_ws/src/odom'
[0.998s] INFO:colcon.colcon_core.shell:Skip shell extension 'powershell' for command environment: Not usable outside of PowerShell
[0.998s] DEBUG:colcon.colcon_core.shell:Skip shell extension 'dsv' for command environment
[1.371s] INFO:colcon.colcon_core.task.python.build:Building Python package in '/home/vp/robot_ws/src/odrive_driver'
[1.375s] INFO:colcon.colcon_core.shell:Skip shell extension 'powershell' for command environment: Not usable outside of PowerShell
[1.376s] DEBUG:colcon.colcon_core.shell:Skip shell extension 'dsv' for command environment
[1.776s] INFO:colcon.colcon_core.task.python.build:Building Python package in '/home/vp/robot_ws/src/two_wheel_demo'
[1.779s] INFO:colcon.colcon_core.shell:Skip shell extension 'powershell' for command environment: Not usable outside of PowerShell
[1.779s] DEBUG:colcon.colcon_core.shell:Skip shell extension 'dsv' for command environment
[1.792s] DEBUG:colcon.colcon_core.event_handler.log_command:Invoking command in '/home/vp/robot_ws/build/vp_one': CMAKE_PREFIX_PATH=${CMAKE_PREFIX_PATH}:/home/vp/robot_ws/install/two_wheel_demo:/home/vp/robot_ws/install/odrive_driver:/opt/ros/foxy /usr/bin/cmake --build /home/vp/robot_ws/build/vp_one -- -j8 -l8
[1.802s] DEBUG:colcon.colcon_core.event_handler.log_command:Invoking command in '/home/vp/robot_ws/build/ydlidar_ros2_driver': CMAKE_PREFIX_PATH=${CMAKE_PREFIX_PATH}:/home/vp/robot_ws/install/two_wheel_demo:/home/vp/robot_ws/install/odrive_driver:/opt/ros/foxy /usr/bin/cmake --build /home/vp/robot_ws/build/ydlidar_ros2_driver -- -j8 -l8
[1.849s] DEBUG:colcon.colcon_core.event_handler.log_command:Invoked command in '/home/vp/robot_ws/build/vp_one' returned '0': CMAKE_PREFIX_PATH=${CMAKE_PREFIX_PATH}:/home/vp/robot_ws/install/two_wheel_demo:/home/vp/robot_ws/install/odrive_driver:/opt/ros/foxy /usr/bin/cmake --build /home/vp/robot_ws/build/vp_one -- -j8 -l8
[1.927s] DEBUG:colcon.colcon_core.event_handler.log_command:Invoking command in '/home/vp/robot_ws/build/vp_one': CMAKE_PREFIX_PATH=${CMAKE_PREFIX_PATH}:/home/vp/robot_ws/install/two_wheel_demo:/home/vp/robot_ws/install/odrive_driver:/opt/ros/foxy /usr/bin/cmake --install /home/vp/robot_ws/build/vp_one
[1.951s] DEBUG:colcon.colcon_core.event_handler.log_command:Invoked command in '/home/vp/robot_ws/build/ydlidar_ros2_driver' returned '0': CMAKE_PREFIX_PATH=${CMAKE_PREFIX_PATH}:/home/vp/robot_ws/install/two_wheel_demo:/home/vp/robot_ws/install/odrive_driver:/opt/ros/foxy /usr/bin/cmake --build /home/vp/robot_ws/build/ydlidar_ros2_driver -- -j8 -l8
[1.994s] Level 1:colcon.colcon_core.environment:create_environment_scripts_only(vp_one)
[2.007s] DEBUG:colcon.colcon_core.event_handler.log_command:Invoked command in '/home/vp/robot_ws/build/vp_one' returned '0': CMAKE_PREFIX_PATH=${CMAKE_PREFIX_PATH}:/home/vp/robot_ws/install/two_wheel_demo:/home/vp/robot_ws/install/odrive_driver:/opt/ros/foxy /usr/bin/cmake --install /home/vp/robot_ws/build/vp_one
[2.013s] Level 1:colcon.colcon_core.environment:checking '/home/vp/robot_ws/install/vp_one' for CMake module files
[2.014s] Level 1:colcon.colcon_core.environment:checking '/home/vp/robot_ws/install/vp_one' for CMake config files
[2.014s] Level 1:colcon.colcon_core.shell:create_environment_hook('vp_one', 'cmake_prefix_path')
[2.017s] INFO:colcon.colcon_core.shell:Creating environment hook '/home/vp/robot_ws/install/vp_one/share/vp_one/hook/cmake_prefix_path.ps1'
[2.018s] INFO:colcon.colcon_core.shell:Creating environment descriptor '/home/vp/robot_ws/install/vp_one/share/vp_one/hook/cmake_prefix_path.dsv'
[2.019s] INFO:colcon.colcon_core.shell:Creating environment hook '/home/vp/robot_ws/install/vp_one/share/vp_one/hook/cmake_prefix_path.sh'
[2.020s] Level 1:colcon.colcon_core.environment:checking '/home/vp/robot_ws/install/vp_one/bin'
[2.020s] Level 1:colcon.colcon_core.environment:checking '/home/vp/robot_ws/install/vp_one/lib/pkgconfig/vp_one.pc'
[2.021s] Level 1:colcon.colcon_core.environment:checking '/home/vp/robot_ws/install/vp_one/lib/python3.8/site-packages'
[2.021s] Level 1:colcon.colcon_core.environment:checking '/home/vp/robot_ws/install/vp_one/bin'
[2.023s] INFO:colcon.colcon_core.shell:Creating package script '/home/vp/robot_ws/install/vp_one/share/vp_one/package.ps1'
[2.025s] INFO:colcon.colcon_core.shell:Creating package descriptor '/home/vp/robot_ws/install/vp_one/share/vp_one/package.dsv'
[2.026s] INFO:colcon.colcon_core.shell:Creating package script '/home/vp/robot_ws/install/vp_one/share/vp_one/package.sh'
[2.027s] INFO:colcon.colcon_core.shell:Creating package script '/home/vp/robot_ws/install/vp_one/share/vp_one/package.bash'
[2.028s] INFO:colcon.colcon_core.shell:Creating package script '/home/vp/robot_ws/install/vp_one/share/vp_one/package.zsh'
[2.029s] Level 1:colcon.colcon_core.environment:create_file_with_runtime_dependencies(/home/vp/robot_ws/install/vp_one/share/colcon-core/packages/vp_one)
[2.038s] DEBUG:colcon.colcon_core.event_handler.log_command:Invoking command in '/home/vp/robot_ws/build/ydlidar_ros2_driver': CMAKE_PREFIX_PATH=${CMAKE_PREFIX_PATH}:/home/vp/robot_ws/install/two_wheel_demo:/home/vp/robot_ws/install/odrive_driver:/opt/ros/foxy /usr/bin/cmake --install /home/vp/robot_ws/build/ydlidar_ros2_driver
[2.084s] Level 1:colcon.colcon_core.environment:create_environment_scripts_only(ydlidar_ros2_driver)
[2.087s] Level 1:colcon.colcon_core.environment:checking '/home/vp/robot_ws/install/ydlidar_ros2_driver' for CMake module files
[2.088s] DEBUG:colcon.colcon_core.event_handler.log_command:Invoked command in '/home/vp/robot_ws/build/ydlidar_ros2_driver' returned '0': CMAKE_PREFIX_PATH=${CMAKE_PREFIX_PATH}:/home/vp/robot_ws/install/two_wheel_demo:/home/vp/robot_ws/install/odrive_driver:/opt/ros/foxy /usr/bin/cmake --install /home/vp/robot_ws/build/ydlidar_ros2_driver
[2.088s] Level 1:colcon.colcon_core.environment:checking '/home/vp/robot_ws/install/ydlidar_ros2_driver' for CMake config files
[2.088s] Level 1:colcon.colcon_core.shell:create_environment_hook('ydlidar_ros2_driver', 'cmake_prefix_path')
[2.090s] INFO:colcon.colcon_core.shell:Creating environment hook '/home/vp/robot_ws/install/ydlidar_ros2_driver/share/ydlidar_ros2_driver/hook/cmake_prefix_path.ps1'
[2.091s] INFO:colcon.colcon_core.shell:Creating environment descriptor '/home/vp/robot_ws/install/ydlidar_ros2_driver/share/ydlidar_ros2_driver/hook/cmake_prefix_path.dsv'
[2.091s] INFO:colcon.colcon_core.shell:Creating environment hook '/home/vp/robot_ws/install/ydlidar_ros2_driver/share/ydlidar_ros2_driver/hook/cmake_prefix_path.sh'
[2.092s] Level 1:colcon.colcon_core.environment:checking '/home/vp/robot_ws/install/ydlidar_ros2_driver/lib'
[2.093s] Level 1:colcon.colcon_core.environment:checking '/home/vp/robot_ws/install/ydlidar_ros2_driver/bin'
[2.093s] Level 1:colcon.colcon_core.environment:checking '/home/vp/robot_ws/install/ydlidar_ros2_driver/lib/pkgconfig/ydlidar_ros2_driver.pc'
[2.093s] Level 1:colcon.colcon_core.environment:checking '/home/vp/robot_ws/install/ydlidar_ros2_driver/lib/python3.8/site-packages'
[2.093s] Level 1:colcon.colcon_core.environment:checking '/home/vp/robot_ws/install/ydlidar_ros2_driver/bin'
[2.096s] INFO:colcon.colcon_core.shell:Creating package script '/home/vp/robot_ws/install/ydlidar_ros2_driver/share/ydlidar_ros2_driver/package.ps1'
[2.097s] INFO:colcon.colcon_core.shell:Creating package descriptor '/home/vp/robot_ws/install/ydlidar_ros2_driver/share/ydlidar_ros2_driver/package.dsv'
[2.098s] INFO:colcon.colcon_core.shell:Creating package script '/home/vp/robot_ws/install/ydlidar_ros2_driver/share/ydlidar_ros2_driver/package.sh'
[2.098s] INFO:colcon.colcon_core.shell:Creating package script '/home/vp/robot_ws/install/ydlidar_ros2_driver/share/ydlidar_ros2_driver/package.bash'
[2.099s] INFO:colcon.colcon_core.shell:Creating package script '/home/vp/robot_ws/install/ydlidar_ros2_driver/share/ydlidar_ros2_driver/package.zsh'
[2.100s] Level 1:colcon.colcon_core.environment:create_file_with_runtime_dependencies(/home/vp/robot_ws/install/ydlidar_ros2_driver/share/colcon-core/packages/ydlidar_ros2_driver)
[2.105s] Level 1:colcon.colcon_core.environment:create_environment_scripts_only(vp_one)
[2.108s] Level 1:colcon.colcon_core.environment:checking '/home/vp/robot_ws/install/vp_one' for CMake module files
[2.108s] Level 1:colcon.colcon_core.environment:checking '/home/vp/robot_ws/install/vp_one' for CMake config files
[2.109s] Level 1:colcon.colcon_core.shell:create_environment_hook('vp_one', 'cmake_prefix_path')
[2.111s] INFO:colcon.colcon_core.shell:Creating environment hook '/home/vp/robot_ws/install/vp_one/share/vp_one/hook/cmake_prefix_path.ps1'
[2.112s] INFO:colcon.colcon_core.shell:Creating environment descriptor '/home/vp/robot_ws/install/vp_one/share/vp_one/hook/cmake_prefix_path.dsv'
[2.113s] INFO:colcon.colcon_core.shell:Creating environment hook '/home/vp/robot_ws/install/vp_one/share/vp_one/hook/cmake_prefix_path.sh'
[2.114s] Level 1:colcon.colcon_core.environment:checking '/home/vp/robot_ws/install/vp_one/bin'
[2.114s] Level 1:colcon.colcon_core.environment:checking '/home/vp/robot_ws/install/vp_one/lib/pkgconfig/vp_one.pc'
[2.114s] Level 1:colcon.colcon_core.environment:checking '/home/vp/robot_ws/install/vp_one/lib/python3.8/site-packages'
[2.115s] Level 1:colcon.colcon_core.environment:checking '/home/vp/robot_ws/install/vp_one/bin'
[2.117s] INFO:colcon.colcon_core.shell:Creating package script '/home/vp/robot_ws/install/vp_one/share/vp_one/package.ps1'
[2.118s] INFO:colcon.colcon_core.shell:Creating package descriptor '/home/vp/robot_ws/install/vp_one/share/vp_one/package.dsv'
[2.118s] INFO:colcon.colcon_core.shell:Creating package script '/home/vp/robot_ws/install/vp_one/share/vp_one/package.sh'
[2.119s] INFO:colcon.colcon_core.shell:Creating package script '/home/vp/robot_ws/install/vp_one/share/vp_one/package.bash'
[2.120s] INFO:colcon.colcon_core.shell:Creating package script '/home/vp/robot_ws/install/vp_one/share/vp_one/package.zsh'
[2.120s] Level 1:colcon.colcon_core.environment:create_file_with_runtime_dependencies(/home/vp/robot_ws/install/vp_one/share/colcon-core/packages/vp_one)
[2.145s] Level 1:colcon.colcon_core.environment:create_environment_scripts_only(ydlidar_ros2_driver)
[2.151s] Level 1:colcon.colcon_core.environment:checking '/home/vp/robot_ws/install/ydlidar_ros2_driver' for CMake module files
[2.152s] Level 1:colcon.colcon_core.environment:checking '/home/vp/robot_ws/install/ydlidar_ros2_driver' for CMake config files
[2.152s] Level 1:colcon.colcon_core.shell:create_environment_hook('ydlidar_ros2_driver', 'cmake_prefix_path')
[2.156s] INFO:colcon.colcon_core.shell:Creating environment hook '/home/vp/robot_ws/install/ydlidar_ros2_driver/share/ydlidar_ros2_driver/hook/cmake_prefix_path.ps1'
[2.157s] INFO:colcon.colcon_core.shell:Creating environment descriptor '/home/vp/robot_ws/install/ydlidar_ros2_driver/share/ydlidar_ros2_driver/hook/cmake_prefix_path.dsv'
[2.157s] INFO:colcon.colcon_core.shell:Creating environment hook '/home/vp/robot_ws/install/ydlidar_ros2_driver/share/ydlidar_ros2_driver/hook/cmake_prefix_path.sh'
[2.158s] Level 1:colcon.colcon_core.environment:checking '/home/vp/robot_ws/install/ydlidar_ros2_driver/lib'
[2.159s] Level 1:colcon.colcon_core.environment:checking '/home/vp/robot_ws/install/ydlidar_ros2_driver/bin'
[2.159s] Level 1:colcon.colcon_core.environment:checking '/home/vp/robot_ws/install/ydlidar_ros2_driver/lib/pkgconfig/ydlidar_ros2_driver.pc'
[2.159s] Level 1:colcon.colcon_core.environment:checking '/home/vp/robot_ws/install/ydlidar_ros2_driver/lib/python3.8/site-packages'
[2.159s] Level 1:colcon.colcon_core.environment:checking '/home/vp/robot_ws/install/ydlidar_ros2_driver/bin'
[2.162s] INFO:colcon.colcon_core.shell:Creating package script '/home/vp/robot_ws/install/ydlidar_ros2_driver/share/ydlidar_ros2_driver/package.ps1'
[2.163s] INFO:colcon.colcon_core.shell:Creating package descriptor '/home/vp/robot_ws/install/ydlidar_ros2_driver/share/ydlidar_ros2_driver/package.dsv'
[2.164s] INFO:colcon.colcon_core.shell:Creating package script '/home/vp/robot_ws/install/ydlidar_ros2_driver/share/ydlidar_ros2_driver/package.sh'
[2.165s] INFO:colcon.colcon_core.shell:Creating package script '/home/vp/robot_ws/install/ydlidar_ros2_driver/share/ydlidar_ros2_driver/package.bash'
[2.166s] INFO:colcon.colcon_core.shell:Creating package script '/home/vp/robot_ws/install/ydlidar_ros2_driver/share/ydlidar_ros2_driver/package.zsh'
[2.166s] Level 1:colcon.colcon_core.environment:create_file_with_runtime_dependencies(/home/vp/robot_ws/install/ydlidar_ros2_driver/share/colcon-core/packages/ydlidar_ros2_driver)
[2.507s] DEBUG:colcon.colcon_core.event_handler.log_command:Invoking command in '/home/vp/robot_ws/build/odom': PYTHONPATH=/home/vp/robot_ws/build/odom/prefix_override:/home/vp/robot_ws/install/odom/lib/python3.8/site-packages:${PYTHONPATH} /usr/bin/python3 setup.py develop --editable --build-directory /home/vp/robot_ws/build/odom/build --no-deps install_data
[2.515s] DEBUG:colcon.colcon_core.event_handler.log_command:Invoking command in '/home/vp/robot_ws/build/two_wheel_demo': PYTHONPATH=/home/vp/robot_ws/build/two_wheel_demo/prefix_override:/home/vp/robot_ws/install/two_wheel_demo/lib/python3.8/site-packages:${PYTHONPATH} /usr/bin/python3 setup.py develop --editable --build-directory /home/vp/robot_ws/build/two_wheel_demo/build --no-deps install_data
[2.521s] DEBUG:colcon.colcon_core.event_handler.log_command:Invoking command in '/home/vp/robot_ws/build/odrive_driver': PYTHONPATH=/home/vp/robot_ws/build/odrive_driver/prefix_override:/home/vp/robot_ws/install/odrive_driver/lib/python3.8/site-packages:${PYTHONPATH} /usr/bin/python3 setup.py develop --editable --build-directory /home/vp/robot_ws/build/odrive_driver/build --no-deps install_data
[3.246s] Level 1:colcon.colcon_core.shell:create_environment_hook('odom', 'pythonpath_develop')
[3.248s] INFO:colcon.colcon_core.shell:Creating environment hook '/home/vp/robot_ws/build/odom/share/odom/hook/pythonpath_develop.ps1'
[3.249s] DEBUG:colcon.colcon_core.event_handler.log_command:Invoked command in '/home/vp/robot_ws/build/odom' returned '0': PYTHONPATH=/home/vp/robot_ws/build/odom/prefix_override:/home/vp/robot_ws/install/odom/lib/python3.8/site-packages:${PYTHONPATH} /usr/bin/python3 setup.py develop --editable --build-directory /home/vp/robot_ws/build/odom/build --no-deps install_data
[3.250s] INFO:colcon.colcon_core.shell:Creating environment descriptor '/home/vp/robot_ws/build/odom/share/odom/hook/pythonpath_develop.dsv'
[3.250s] INFO:colcon.colcon_core.shell:Creating environment hook '/home/vp/robot_ws/build/odom/share/odom/hook/pythonpath_develop.sh'
[3.253s] Level 1:colcon.colcon_core.environment:checking '/home/vp/robot_ws/install/odom' for CMake module files
[3.253s] Level 1:colcon.colcon_core.environment:checking '/home/vp/robot_ws/install/odom' for CMake config files
[3.254s] Level 1:colcon.colcon_core.environment:checking '/home/vp/robot_ws/install/odom/lib'
[3.254s] Level 1:colcon.colcon_core.environment:checking '/home/vp/robot_ws/install/odom/bin'
[3.254s] Level 1:colcon.colcon_core.environment:checking '/home/vp/robot_ws/install/odom/lib/pkgconfig/odom.pc'
[3.255s] Level 1:colcon.colcon_core.environment:checking '/home/vp/robot_ws/install/odom/lib/python3.8/site-packages'
[3.255s] Level 1:colcon.colcon_core.shell:create_environment_hook('odom', 'pythonpath')
[3.257s] INFO:colcon.colcon_core.shell:Creating environment hook '/home/vp/robot_ws/install/odom/share/odom/hook/pythonpath.ps1'
[3.257s] INFO:colcon.colcon_core.shell:Creating environment descriptor '/home/vp/robot_ws/install/odom/share/odom/hook/pythonpath.dsv'
[3.258s] INFO:colcon.colcon_core.shell:Creating environment hook '/home/vp/robot_ws/install/odom/share/odom/hook/pythonpath.sh'
[3.258s] Level 1:colcon.colcon_core.environment:checking '/home/vp/robot_ws/install/odom/bin'
[3.258s] Level 1:colcon.colcon_core.environment:create_environment_scripts_only(odom)
[3.260s] INFO:colcon.colcon_core.shell:Creating package script '/home/vp/robot_ws/install/odom/share/odom/package.ps1'
[3.261s] INFO:colcon.colcon_core.shell:Creating package descriptor '/home/vp/robot_ws/install/odom/share/odom/package.dsv'
[3.262s] INFO:colcon.colcon_core.shell:Creating package script '/home/vp/robot_ws/install/odom/share/odom/package.sh'
[3.262s] INFO:colcon.colcon_core.shell:Creating package script '/home/vp/robot_ws/install/odom/share/odom/package.bash'
[3.263s] INFO:colcon.colcon_core.shell:Creating package script '/home/vp/robot_ws/install/odom/share/odom/package.zsh'
[3.263s] Level 1:colcon.colcon_core.environment:create_file_with_runtime_dependencies(/home/vp/robot_ws/install/odom/share/colcon-core/packages/odom)
[3.265s] Level 1:colcon.colcon_core.shell:create_environment_hook('two_wheel_demo', 'pythonpath_develop')
[3.266s] INFO:colcon.colcon_core.shell:Creating environment hook '/home/vp/robot_ws/build/two_wheel_demo/share/two_wheel_demo/hook/pythonpath_develop.ps1'
[3.267s] DEBUG:colcon.colcon_core.event_handler.log_command:Invoked command in '/home/vp/robot_ws/build/two_wheel_demo' returned '0': PYTHONPATH=/home/vp/robot_ws/build/two_wheel_demo/prefix_override:/home/vp/robot_ws/install/two_wheel_demo/lib/python3.8/site-packages:${PYTHONPATH} /usr/bin/python3 setup.py develop --editable --build-directory /home/vp/robot_ws/build/two_wheel_demo/build --no-deps install_data
[3.268s] INFO:colcon.colcon_core.shell:Creating environment descriptor '/home/vp/robot_ws/build/two_wheel_demo/share/two_wheel_demo/hook/pythonpath_develop.dsv'
[3.268s] INFO:colcon.colcon_core.shell:Creating environment hook '/home/vp/robot_ws/build/two_wheel_demo/share/two_wheel_demo/hook/pythonpath_develop.sh'
[3.271s] Level 1:colcon.colcon_core.environment:checking '/home/vp/robot_ws/install/two_wheel_demo' for CMake module files
[3.272s] Level 1:colcon.colcon_core.environment:checking '/home/vp/robot_ws/install/two_wheel_demo' for CMake config files
[3.273s] Level 1:colcon.colcon_core.environment:checking '/home/vp/robot_ws/install/two_wheel_demo/lib'
[3.273s] Level 1:colcon.colcon_core.environment:checking '/home/vp/robot_ws/install/two_wheel_demo/bin'
[3.273s] Level 1:colcon.colcon_core.environment:checking '/home/vp/robot_ws/install/two_wheel_demo/lib/pkgconfig/two_wheel_demo.pc'
[3.273s] Level 1:colcon.colcon_core.environment:checking '/home/vp/robot_ws/install/two_wheel_demo/lib/python3.8/site-packages'
[3.273s] Level 1:colcon.colcon_core.shell:create_environment_hook('two_wheel_demo', 'pythonpath')
[3.275s] INFO:colcon.colcon_core.shell:Creating environment hook '/home/vp/robot_ws/install/two_wheel_demo/share/two_wheel_demo/hook/pythonpath.ps1'
[3.275s] INFO:colcon.colcon_core.shell:Creating environment descriptor '/home/vp/robot_ws/install/two_wheel_demo/share/two_wheel_demo/hook/pythonpath.dsv'
[3.276s] INFO:colcon.colcon_core.shell:Creating environment hook '/home/vp/robot_ws/install/two_wheel_demo/share/two_wheel_demo/hook/pythonpath.sh'
[3.276s] Level 1:colcon.colcon_core.environment:checking '/home/vp/robot_ws/install/two_wheel_demo/bin'
[3.276s] Level 1:colcon.colcon_core.environment:create_environment_scripts_only(two_wheel_demo)
[3.278s] INFO:colcon.colcon_core.shell:Creating package script '/home/vp/robot_ws/install/two_wheel_demo/share/two_wheel_demo/package.ps1'
[3.279s] INFO:colcon.colcon_core.shell:Creating package descriptor '/home/vp/robot_ws/install/two_wheel_demo/share/two_wheel_demo/package.dsv'
[3.280s] INFO:colcon.colcon_core.shell:Creating package script '/home/vp/robot_ws/install/two_wheel_demo/share/two_wheel_demo/package.sh'
[3.281s] INFO:colcon.colcon_core.shell:Creating package script '/home/vp/robot_ws/install/two_wheel_demo/share/two_wheel_demo/package.bash'
[3.282s] INFO:colcon.colcon_core.shell:Creating package script '/home/vp/robot_ws/install/two_wheel_demo/share/two_wheel_demo/package.zsh'
[3.282s] Level 1:colcon.colcon_core.environment:create_file_with_runtime_dependencies(/home/vp/robot_ws/install/two_wheel_demo/share/colcon-core/packages/two_wheel_demo)
[3.283s] Level 1:colcon.colcon_core.shell:create_environment_hook('odrive_driver', 'pythonpath_develop')
[3.285s] INFO:colcon.colcon_core.shell:Creating environment hook '/home/vp/robot_ws/build/odrive_driver/share/odrive_driver/hook/pythonpath_develop.ps1'
[3.286s] DEBUG:colcon.colcon_core.event_handler.log_command:Invoked command in '/home/vp/robot_ws/build/odrive_driver' returned '0': PYTHONPATH=/home/vp/robot_ws/build/odrive_driver/prefix_override:/home/vp/robot_ws/install/odrive_driver/lib/python3.8/site-packages:${PYTHONPATH} /usr/bin/python3 setup.py develop --editable --build-directory /home/vp/robot_ws/build/odrive_driver/build --no-deps install_data
[3.286s] INFO:colcon.colcon_core.shell:Creating environment descriptor '/home/vp/robot_ws/build/odrive_driver/share/odrive_driver/hook/pythonpath_develop.dsv'
[3.286s] INFO:colcon.colcon_core.shell:Creating environment hook '/home/vp/robot_ws/build/odrive_driver/share/odrive_driver/hook/pythonpath_develop.sh'
[3.289s] Level 1:colcon.colcon_core.environment:checking '/home/vp/robot_ws/install/odrive_driver' for CMake module files
[3.290s] Level 1:colcon.colcon_core.environment:checking '/home/vp/robot_ws/install/odrive_driver' for CMake config files
[3.290s] Level 1:colcon.colcon_core.environment:checking '/home/vp/robot_ws/install/odrive_driver/lib'
[3.290s] Level 1:colcon.colcon_core.environment:checking '/home/vp/robot_ws/install/odrive_driver/bin'
[3.291s] Level 1:colcon.colcon_core.environment:checking '/home/vp/robot_ws/install/odrive_driver/lib/pkgconfig/odrive_driver.pc'
[3.291s] Level 1:colcon.colcon_core.environment:checking '/home/vp/robot_ws/install/odrive_driver/lib/python3.8/site-packages'
[3.291s] Level 1:colcon.colcon_core.shell:create_environment_hook('odrive_driver', 'pythonpath')
[3.293s] INFO:colcon.colcon_core.shell:Creating environment hook '/home/vp/robot_ws/install/odrive_driver/share/odrive_driver/hook/pythonpath.ps1'
[3.293s] INFO:colcon.colcon_core.shell:Creating environment descriptor '/home/vp/robot_ws/install/odrive_driver/share/odrive_driver/hook/pythonpath.dsv'
[3.294s] INFO:colcon.colcon_core.shell:Creating environment hook '/home/vp/robot_ws/install/odrive_driver/share/odrive_driver/hook/pythonpath.sh'
[3.294s] Level 1:colcon.colcon_core.environment:checking '/home/vp/robot_ws/install/odrive_driver/bin'
[3.294s] Level 1:colcon.colcon_core.environment:create_environment_scripts_only(odrive_driver)
[3.297s] INFO:colcon.colcon_core.shell:Creating package script '/home/vp/robot_ws/install/odrive_driver/share/odrive_driver/package.ps1'
[3.298s] INFO:colcon.colcon_core.shell:Creating package descriptor '/home/vp/robot_ws/install/odrive_driver/share/odrive_driver/package.dsv'
[3.299s] INFO:colcon.colcon_core.shell:Creating package script '/home/vp/robot_ws/install/odrive_driver/share/odrive_driver/package.sh'
[3.299s] INFO:colcon.colcon_core.shell:Creating package script '/home/vp/robot_ws/install/odrive_driver/share/odrive_driver/package.bash'
[3.300s] INFO:colcon.colcon_core.shell:Creating package script '/home/vp/robot_ws/install/odrive_driver/share/odrive_driver/package.zsh'
[3.300s] Level 1:colcon.colcon_core.environment:create_file_with_runtime_dependencies(/home/vp/robot_ws/install/odrive_driver/share/colcon-core/packages/odrive_driver)
[3.300s] DEBUG:colcon.colcon_parallel_executor.executor.parallel:closing loop
[3.301s] DEBUG:colcon.colcon_parallel_executor.executor.parallel:loop closed
[3.301s] DEBUG:colcon.colcon_parallel_executor.executor.parallel:run_until_complete finished with '0'
[3.301s] DEBUG:colcon.colcon_core.event_reactor:joining thread
[3.308s] INFO:colcon.colcon_core.plugin_system:Skipping extension 'colcon_notification.desktop_notification.terminal_notifier': Not used on non-Darwin systems
[3.308s] INFO:colcon.colcon_core.plugin_system:Skipping extension 'colcon_notification.desktop_notification.win32': Not used on non-Windows systems
[3.309s] INFO:colcon.colcon_notification.desktop_notification:Sending desktop notification using 'notify2'
[3.470s] DEBUG:colcon.colcon_core.event_reactor:joined thread
[3.473s] INFO:colcon.colcon_core.shell:Creating prefix script '/home/vp/robot_ws/install/local_setup.ps1'
[3.475s] INFO:colcon.colcon_core.shell:Creating prefix util module '/home/vp/robot_ws/install/_local_setup_util_ps1.py'
[3.476s] INFO:colcon.colcon_core.shell:Creating prefix chain script '/home/vp/robot_ws/install/setup.ps1'
[3.479s] INFO:colcon.colcon_core.shell:Creating prefix script '/home/vp/robot_ws/install/local_setup.sh'
[3.480s] INFO:colcon.colcon_core.shell:Creating prefix util module '/home/vp/robot_ws/install/_local_setup_util_sh.py'
[3.481s] INFO:colcon.colcon_core.shell:Creating prefix chain script '/home/vp/robot_ws/install/setup.sh'
[3.483s] INFO:colcon.colcon_core.shell:Creating prefix script '/home/vp/robot_ws/install/local_setup.bash'
[3.484s] INFO:colcon.colcon_core.shell:Creating prefix chain script '/home/vp/robot_ws/install/setup.bash'
[3.486s] INFO:colcon.colcon_core.shell:Creating prefix script '/home/vp/robot_ws/install/local_setup.zsh'
[3.486s] INFO:colcon.colcon_core.shell:Creating prefix chain script '/home/vp/robot_ws/install/setup.zsh'
