[0.076s] Invoking command in '/home/vp/robot_ws/build/odometry_estimator': CMAKE_PREFIX_PATH=${CMAKE_PREFIX_PATH}:/home/vp/robot_ws/install/two_wheel_demo:/home/vp/robot_ws/install/odrive_driver:/home/vp/robot_ws/install/odom:/opt/ros/foxy /usr/bin/cmake --build /home/vp/robot_ws/build/odometry_estimator -- -j8 -l8
[0.697s] [ 20%] Built target vehicle_models
[0.698s] [ 60%] Built target gtest_main
[0.699s] [ 60%] Built target gtest
[0.701s] [ 80%] Built target vehicle_models_test
[0.702s] [100%] Built target odometry_estimator
[0.705s] Invoked command in '/home/vp/robot_ws/build/odometry_estimator' returned '0': CMAKE_PREFIX_PATH=${CMAKE_PREFIX_PATH}:/home/vp/robot_ws/install/two_wheel_demo:/home/vp/robot_ws/install/odrive_driver:/home/vp/robot_ws/install/odom:/opt/ros/foxy /usr/bin/cmake --build /home/vp/robot_ws/build/odometry_estimator -- -j8 -l8
[0.766s] Invoking command in '/home/vp/robot_ws/build/odometry_estimator': CMAKE_PREFIX_PATH=${CMAKE_PREFIX_PATH}:/home/vp/robot_ws/install/two_wheel_demo:/home/vp/robot_ws/install/odrive_driver:/home/vp/robot_ws/install/odom:/opt/ros/foxy /usr/bin/cmake --install /home/vp/robot_ws/build/odometry_estimator
[0.784s] -- Install configuration: ""
[0.784s] -- Execute custom install script
[0.786s] -- Up-to-date symlink: /home/vp/robot_ws/install/odometry_estimator/lib/odometry_estimator/odometry_estimator
[0.787s] -- Up-to-date symlink: /home/vp/robot_ws/install/odometry_estimator/share/ament_index/resource_index/package_run_dependencies/odometry_estimator
[0.787s] -- Up-to-date symlink: /home/vp/robot_ws/install/odometry_estimator/share/ament_index/resource_index/parent_prefix_path/odometry_estimator
[0.787s] -- Up-to-date symlink: /home/vp/robot_ws/install/odometry_estimator/share/odometry_estimator/environment/ament_prefix_path.sh
[0.788s] -- Up-to-date symlink: /home/vp/robot_ws/install/odometry_estimator/share/odometry_estimator/environment/ament_prefix_path.dsv
[0.788s] -- Up-to-date symlink: /home/vp/robot_ws/install/odometry_estimator/share/odometry_estimator/environment/path.sh
[0.788s] -- Up-to-date symlink: /home/vp/robot_ws/install/odometry_estimator/share/odometry_estimator/environment/path.dsv
[0.789s] -- Up-to-date symlink: /home/vp/robot_ws/install/odometry_estimator/share/odometry_estimator/local_setup.bash
[0.789s] -- Up-to-date symlink: /home/vp/robot_ws/install/odometry_estimator/share/odometry_estimator/local_setup.sh
[0.790s] -- Up-to-date symlink: /home/vp/robot_ws/install/odometry_estimator/share/odometry_estimator/local_setup.zsh
[0.790s] -- Up-to-date symlink: /home/vp/robot_ws/install/odometry_estimator/share/odometry_estimator/local_setup.dsv
[0.790s] -- Symlinking: /home/vp/robot_ws/install/odometry_estimator/share/odometry_estimator/package.dsv
[0.806s] -- Up-to-date symlink: /home/vp/robot_ws/install/odometry_estimator/share/ament_index/resource_index/packages/odometry_estimator
[0.809s] -- Up-to-date symlink: /home/vp/robot_ws/install/odometry_estimator/share/odometry_estimator/cmake/odometry_estimatorConfig.cmake
[0.809s] -- Up-to-date symlink: /home/vp/robot_ws/install/odometry_estimator/share/odometry_estimator/cmake/odometry_estimatorConfig-version.cmake
[0.809s] -- Up-to-date symlink: /home/vp/robot_ws/install/odometry_estimator/share/odometry_estimator/package.xml
[0.813s] Invoked command in '/home/vp/robot_ws/build/odometry_estimator' returned '0': CMAKE_PREFIX_PATH=${CMAKE_PREFIX_PATH}:/home/vp/robot_ws/install/two_wheel_demo:/home/vp/robot_ws/install/odrive_driver:/home/vp/robot_ws/install/odom:/opt/ros/foxy /usr/bin/cmake --install /home/vp/robot_ws/build/odometry_estimator
