[0.559s] Invoking command in '/home/vp/robot_ws/build/odrive_hardware_interface': CMAKE_PREFIX_PATH=${CMAKE_PREFIX_PATH}:/home/vp/robot_ws/install/ros2_control_test_nodes:/home/vp/robot_ws/install/odrive_driver:/opt/ros/foxy /usr/bin/cmake --build /home/vp/robot_ws/build/odrive_hardware_interface -- -j8 -l8
[0.972s] [ 50%] Built target odrive_usb
[0.972s] [100%] Built target odrive_hardware_interface
[0.987s] Invoked command in '/home/vp/robot_ws/build/odrive_hardware_interface' returned '0': CMAKE_PREFIX_PATH=${CMAKE_PREFIX_PATH}:/home/vp/robot_ws/install/ros2_control_test_nodes:/home/vp/robot_ws/install/odrive_driver:/opt/ros/foxy /usr/bin/cmake --build /home/vp/robot_ws/build/odrive_hardware_interface -- -j8 -l8
[1.053s] Invoking command in '/home/vp/robot_ws/build/odrive_hardware_interface': CMAKE_PREFIX_PATH=${CMAKE_PREFIX_PATH}:/home/vp/robot_ws/install/ros2_control_test_nodes:/home/vp/robot_ws/install/odrive_driver:/opt/ros/foxy /usr/bin/cmake --install /home/vp/robot_ws/build/odrive_hardware_interface
[1.071s] -- Install configuration: ""
[1.071s] -- Execute custom install script
[1.071s] -- Up-to-date symlink: /home/vp/robot_ws/install/odrive_hardware_interface/share/odrive_hardware_interface//odrive_hardware_interface.xml
[1.072s] -- Up-to-date symlink: /home/vp/robot_ws/install/odrive_hardware_interface/include/odrive_hardware_interface/odrive_endpoints.hpp
[1.072s] -- Up-to-date symlink: /home/vp/robot_ws/install/odrive_hardware_interface/include/odrive_hardware_interface/odrive_hardware_interface.hpp
[1.072s] -- Up-to-date symlink: /home/vp/robot_ws/install/odrive_hardware_interface/include/odrive_hardware_interface/odrive_usb.hpp
[1.072s] -- Up-to-date symlink: /home/vp/robot_ws/install/odrive_hardware_interface/include/odrive_hardware_interface/visibility_control.hpp
[1.072s] -- Up-to-date symlink: /home/vp/robot_ws/install/odrive_hardware_interface/share/odrive_hardware_interface/environment/library_path.sh
[1.073s] -- Up-to-date symlink: /home/vp/robot_ws/install/odrive_hardware_interface/share/odrive_hardware_interface/environment/library_path.dsv
[1.073s] -- Up-to-date symlink: /home/vp/robot_ws/install/odrive_hardware_interface/lib/libodrive_usb.so
[1.074s] -- Up-to-date symlink: /home/vp/robot_ws/install/odrive_hardware_interface/lib/libodrive_hardware_interface.so
[1.075s] -- Up-to-date symlink: /home/vp/robot_ws/install/odrive_hardware_interface/share/ament_index/resource_index/package_run_dependencies/odrive_hardware_interface
[1.075s] -- Up-to-date symlink: /home/vp/robot_ws/install/odrive_hardware_interface/share/ament_index/resource_index/parent_prefix_path/odrive_hardware_interface
[1.076s] -- Up-to-date symlink: /home/vp/robot_ws/install/odrive_hardware_interface/share/odrive_hardware_interface/environment/ament_prefix_path.sh
[1.076s] -- Up-to-date symlink: /home/vp/robot_ws/install/odrive_hardware_interface/share/odrive_hardware_interface/environment/ament_prefix_path.dsv
[1.079s] -- Up-to-date symlink: /home/vp/robot_ws/install/odrive_hardware_interface/share/odrive_hardware_interface/environment/path.sh
[1.080s] -- Up-to-date symlink: /home/vp/robot_ws/install/odrive_hardware_interface/share/odrive_hardware_interface/environment/path.dsv
[1.080s] -- Up-to-date symlink: /home/vp/robot_ws/install/odrive_hardware_interface/share/odrive_hardware_interface/local_setup.bash
[1.080s] -- Up-to-date symlink: /home/vp/robot_ws/install/odrive_hardware_interface/share/odrive_hardware_interface/local_setup.sh
[1.080s] -- Up-to-date symlink: /home/vp/robot_ws/install/odrive_hardware_interface/share/odrive_hardware_interface/local_setup.zsh
[1.087s] -- Up-to-date symlink: /home/vp/robot_ws/install/odrive_hardware_interface/share/odrive_hardware_interface/local_setup.dsv
[1.087s] -- Symlinking: /home/vp/robot_ws/install/odrive_hardware_interface/share/odrive_hardware_interface/package.dsv
[1.117s] -- Up-to-date symlink: /home/vp/robot_ws/install/odrive_hardware_interface/share/ament_index/resource_index/packages/odrive_hardware_interface
[1.127s] -- Up-to-date symlink: /home/vp/robot_ws/install/odrive_hardware_interface/share/ament_index/resource_index/hardware_interface__pluginlib__plugin/odrive_hardware_interface
[1.128s] -- Up-to-date symlink: /home/vp/robot_ws/install/odrive_hardware_interface/share/odrive_hardware_interface/cmake/ament_cmake_export_dependencies-extras.cmake
[1.128s] -- Up-to-date symlink: /home/vp/robot_ws/install/odrive_hardware_interface/share/odrive_hardware_interface/cmake/ament_cmake_export_include_directories-extras.cmake
[1.128s] -- Up-to-date symlink: /home/vp/robot_ws/install/odrive_hardware_interface/share/odrive_hardware_interface/cmake/ament_cmake_export_libraries-extras.cmake
[1.128s] -- Up-to-date symlink: /home/vp/robot_ws/install/odrive_hardware_interface/share/odrive_hardware_interface/cmake/odrive_hardware_interfaceConfig.cmake
[1.128s] -- Up-to-date symlink: /home/vp/robot_ws/install/odrive_hardware_interface/share/odrive_hardware_interface/cmake/odrive_hardware_interfaceConfig-version.cmake
[1.128s] -- Up-to-date symlink: /home/vp/robot_ws/install/odrive_hardware_interface/share/odrive_hardware_interface/package.xml
[1.177s] Invoked command in '/home/vp/robot_ws/build/odrive_hardware_interface' returned '0': CMAKE_PREFIX_PATH=${CMAKE_PREFIX_PATH}:/home/vp/robot_ws/install/ros2_control_test_nodes:/home/vp/robot_ws/install/odrive_driver:/opt/ros/foxy /usr/bin/cmake --install /home/vp/robot_ws/build/odrive_hardware_interface
