[0.123s] Invoking command in '/home/vp/robot_ws/build/vp_one': CMAKE_PREFIX_PATH=${CMAKE_PREFIX_PATH}:/home/vp/robot_ws/install/ros2_control_test_nodes:/home/vp/robot_ws/install/odrive_driver:/opt/ros/foxy /usr/bin/cmake /home/vp/robot_ws/src/vp_one -DCMAKE_INSTALL_PREFIX=/home/vp/robot_ws/install/vp_one
[0.221s] -- Found ament_cmake: 0.9.11 (/opt/ros/foxy/share/ament_cmake/cmake)
[0.377s] -- Using PYTHON_EXECUTABLE: /usr/bin/python3
[1.095s] -- Override CMake install command with custom implementation using symlinks instead of copying resources
[1.120s] -- Found ament_lint_auto: 0.9.7 (/opt/ros/foxy/share/ament_lint_auto/cmake)
[1.369s] -- Added test 'copyright' to check source files copyright and LICENSE
[1.377s] -- Added test 'flake8' to check Python code syntax and style conventions
[1.379s] -- Added test 'lint_cmake' to check CMake code style
[1.389s] -- Added test 'pep257' to check Python code against some of the style conventions in PEP 257
[1.392s] -- Added test 'xmllint' to check XML markup files
[1.396s] -- Configuring done
[1.409s] -- Generating done
[1.416s] -- Build files have been written to: /home/vp/robot_ws/build/vp_one
[1.424s] Invoked command in '/home/vp/robot_ws/build/vp_one' returned '0': CMAKE_PREFIX_PATH=${CMAKE_PREFIX_PATH}:/home/vp/robot_ws/install/ros2_control_test_nodes:/home/vp/robot_ws/install/odrive_driver:/opt/ros/foxy /usr/bin/cmake /home/vp/robot_ws/src/vp_one -DCMAKE_INSTALL_PREFIX=/home/vp/robot_ws/install/vp_one
[1.426s] Invoking command in '/home/vp/robot_ws/build/vp_one': CMAKE_PREFIX_PATH=${CMAKE_PREFIX_PATH}:/home/vp/robot_ws/install/ros2_control_test_nodes:/home/vp/robot_ws/install/odrive_driver:/opt/ros/foxy /usr/bin/cmake --build /home/vp/robot_ws/build/vp_one -- -j8 -l8
[1.732s] Invoked command in '/home/vp/robot_ws/build/vp_one' returned '0': CMAKE_PREFIX_PATH=${CMAKE_PREFIX_PATH}:/home/vp/robot_ws/install/ros2_control_test_nodes:/home/vp/robot_ws/install/odrive_driver:/opt/ros/foxy /usr/bin/cmake --build /home/vp/robot_ws/build/vp_one -- -j8 -l8
[1.901s] Invoking command in '/home/vp/robot_ws/build/vp_one': CMAKE_PREFIX_PATH=${CMAKE_PREFIX_PATH}:/home/vp/robot_ws/install/ros2_control_test_nodes:/home/vp/robot_ws/install/odrive_driver:/opt/ros/foxy /usr/bin/cmake --install /home/vp/robot_ws/build/vp_one
[1.949s] -- Install configuration: ""
[1.949s] -- Execute custom install script
[1.950s] -- Up-to-date symlink: /home/vp/robot_ws/install/vp_one/share/vp_one/config/empty.yaml
[1.950s] -- Up-to-date symlink: /home/vp/robot_ws/install/vp_one/share/vp_one/config/mapper_params_online_async.yaml
[1.950s] -- Up-to-date symlink: /home/vp/robot_ws/install/vp_one/share/vp_one/config/my_controller.yaml
[1.950s] -- Up-to-date symlink: /home/vp/robot_ws/install/vp_one/share/vp_one/config/view_bot.rviz
[1.950s] -- Up-to-date symlink: /home/vp/robot_ws/install/vp_one/share/vp_one/description/gazebo_control.xacro
[1.951s] -- Up-to-date symlink: /home/vp/robot_ws/install/vp_one/share/vp_one/description/inertial_macros.xacro
[1.951s] -- Up-to-date symlink: /home/vp/robot_ws/install/vp_one/share/vp_one/description/lidar.xacro
[1.954s] -- Up-to-date symlink: /home/vp/robot_ws/install/vp_one/share/vp_one/description/robot.urdf.xacro
[1.957s] -- Up-to-date symlink: /home/vp/robot_ws/install/vp_one/share/vp_one/description/robot_core.xacro
[1.958s] -- Up-to-date symlink: /home/vp/robot_ws/install/vp_one/share/vp_one/launch/launch_robot.launch.py
[1.958s] -- Up-to-date symlink: /home/vp/robot_ws/install/vp_one/share/vp_one/launch/launch_sim.launch.py
[1.959s] -- Up-to-date symlink: /home/vp/robot_ws/install/vp_one/share/vp_one/launch/real_vp.py
[1.960s] -- Up-to-date symlink: /home/vp/robot_ws/install/vp_one/share/vp_one/launch/rsp.launch.py
[1.961s] -- Up-to-date symlink: /home/vp/robot_ws/install/vp_one/share/vp_one/worlds/empty.world
[1.962s] -- Up-to-date symlink: /home/vp/robot_ws/install/vp_one/share/ament_index/resource_index/package_run_dependencies/vp_one
[1.964s] -- Up-to-date symlink: /home/vp/robot_ws/install/vp_one/share/ament_index/resource_index/parent_prefix_path/vp_one
[1.965s] -- Up-to-date symlink: /home/vp/robot_ws/install/vp_one/share/vp_one/environment/ament_prefix_path.sh
[1.966s] -- Up-to-date symlink: /home/vp/robot_ws/install/vp_one/share/vp_one/environment/ament_prefix_path.dsv
[1.967s] -- Up-to-date symlink: /home/vp/robot_ws/install/vp_one/share/vp_one/environment/path.sh
[1.968s] -- Up-to-date symlink: /home/vp/robot_ws/install/vp_one/share/vp_one/environment/path.dsv
[1.969s] -- Up-to-date symlink: /home/vp/robot_ws/install/vp_one/share/vp_one/local_setup.bash
[1.971s] -- Up-to-date symlink: /home/vp/robot_ws/install/vp_one/share/vp_one/local_setup.sh
[1.980s] -- Up-to-date symlink: /home/vp/robot_ws/install/vp_one/share/vp_one/local_setup.zsh
[1.982s] -- Up-to-date symlink: /home/vp/robot_ws/install/vp_one/share/vp_one/local_setup.dsv
[1.983s] -- Symlinking: /home/vp/robot_ws/install/vp_one/share/vp_one/package.dsv
[2.007s] -- Up-to-date symlink: /home/vp/robot_ws/install/vp_one/share/ament_index/resource_index/packages/vp_one
[2.008s] -- Up-to-date symlink: /home/vp/robot_ws/install/vp_one/share/vp_one/cmake/vp_oneConfig.cmake
[2.008s] -- Up-to-date symlink: /home/vp/robot_ws/install/vp_one/share/vp_one/cmake/vp_oneConfig-version.cmake
[2.009s] -- Up-to-date symlink: /home/vp/robot_ws/install/vp_one/share/vp_one/package.xml
[2.020s] Invoked command in '/home/vp/robot_ws/build/vp_one' returned '0': CMAKE_PREFIX_PATH=${CMAKE_PREFIX_PATH}:/home/vp/robot_ws/install/ros2_control_test_nodes:/home/vp/robot_ws/install/odrive_driver:/opt/ros/foxy /usr/bin/cmake --install /home/vp/robot_ws/build/vp_one
