[0.090s] Invoking command in '/home/vp/robot_ws/build/odrive_demo_bringup': CMAKE_PREFIX_PATH=/home/vp/robot_ws/install/odrive_demo_description:/home/vp/robot_ws/install/ydlidar_ros2_driver:/home/vp/robot_ws/install/vp_one:/home/vp/robot_ws/install/ros2_control_demos:/home/vp/robot_ws/install/ros2_control_demo_bringup:/home/vp/robot_ws/install/rrbot_description:/home/vp/robot_ws/install/ros2_control_demo_hardware:/home/vp/robot_ws/install/odrive_ros2_control:/home/vp/robot_ws/install/odrive_hardware_interface:/home/vp/robot_ws/install/odrive_demo_bringup:/home/vp/robot_ws/install/odometry_estimator:/home/vp/robot_ws/install/diffbot_description:/home/vp/odrive_ws/install/odrive_ros2_control:/home/vp/odrive_ws/install/odrive_hardware_interface:/home/vp/odrive_ws/install/odrive_demo_bringup:/home/vp/odrive_ws/install/odrive_demo_description:/home/vp/test_ws/install/vp_two:/home/vp/robot_ws/install/ros2_control_test_nodes:/home/vp/robot_ws/install/odrive_driver:/opt/ros/foxy /usr/bin/cmake /home/vp/robot_ws/src/odrive_ros2_control/odrive_demo_bringup -DCMAKE_INSTALL_PREFIX=/home/vp/robot_ws/install/odrive_demo_bringup
[0.115s] -- Found ament_cmake_auto: 0.9.11 (/opt/ros/foxy/share/ament_cmake_auto/cmake)
[0.179s] -- Using PYTHON_EXECUTABLE: /usr/bin/python3
[0.642s] -- Override CMake install command with custom implementation using symlinks instead of copying resources
[0.778s] -- Configuring done
[0.786s] -- Generating done
[0.787s] -- Build files have been written to: /home/vp/robot_ws/build/odrive_demo_bringup
[0.792s] Invoked command in '/home/vp/robot_ws/build/odrive_demo_bringup' returned '0': CMAKE_PREFIX_PATH=/home/vp/robot_ws/install/odrive_demo_description:/home/vp/robot_ws/install/ydlidar_ros2_driver:/home/vp/robot_ws/install/vp_one:/home/vp/robot_ws/install/ros2_control_demos:/home/vp/robot_ws/install/ros2_control_demo_bringup:/home/vp/robot_ws/install/rrbot_description:/home/vp/robot_ws/install/ros2_control_demo_hardware:/home/vp/robot_ws/install/odrive_ros2_control:/home/vp/robot_ws/install/odrive_hardware_interface:/home/vp/robot_ws/install/odrive_demo_bringup:/home/vp/robot_ws/install/odometry_estimator:/home/vp/robot_ws/install/diffbot_description:/home/vp/odrive_ws/install/odrive_ros2_control:/home/vp/odrive_ws/install/odrive_hardware_interface:/home/vp/odrive_ws/install/odrive_demo_bringup:/home/vp/odrive_ws/install/odrive_demo_description:/home/vp/test_ws/install/vp_two:/home/vp/robot_ws/install/ros2_control_test_nodes:/home/vp/robot_ws/install/odrive_driver:/opt/ros/foxy /usr/bin/cmake /home/vp/robot_ws/src/odrive_ros2_control/odrive_demo_bringup -DCMAKE_INSTALL_PREFIX=/home/vp/robot_ws/install/odrive_demo_bringup
[0.795s] Invoking command in '/home/vp/robot_ws/build/odrive_demo_bringup': CMAKE_PREFIX_PATH=/home/vp/robot_ws/install/odrive_demo_description:/home/vp/robot_ws/install/ydlidar_ros2_driver:/home/vp/robot_ws/install/vp_one:/home/vp/robot_ws/install/ros2_control_demos:/home/vp/robot_ws/install/ros2_control_demo_bringup:/home/vp/robot_ws/install/rrbot_description:/home/vp/robot_ws/install/ros2_control_demo_hardware:/home/vp/robot_ws/install/odrive_ros2_control:/home/vp/robot_ws/install/odrive_hardware_interface:/home/vp/robot_ws/install/odrive_demo_bringup:/home/vp/robot_ws/install/odometry_estimator:/home/vp/robot_ws/install/diffbot_description:/home/vp/odrive_ws/install/odrive_ros2_control:/home/vp/odrive_ws/install/odrive_hardware_interface:/home/vp/odrive_ws/install/odrive_demo_bringup:/home/vp/odrive_ws/install/odrive_demo_description:/home/vp/test_ws/install/vp_two:/home/vp/robot_ws/install/ros2_control_test_nodes:/home/vp/robot_ws/install/odrive_driver:/opt/ros/foxy /usr/bin/cmake --build /home/vp/robot_ws/build/odrive_demo_bringup -- -j8 -l8
[0.916s] Invoked command in '/home/vp/robot_ws/build/odrive_demo_bringup' returned '0': CMAKE_PREFIX_PATH=/home/vp/robot_ws/install/odrive_demo_description:/home/vp/robot_ws/install/ydlidar_ros2_driver:/home/vp/robot_ws/install/vp_one:/home/vp/robot_ws/install/ros2_control_demos:/home/vp/robot_ws/install/ros2_control_demo_bringup:/home/vp/robot_ws/install/rrbot_description:/home/vp/robot_ws/install/ros2_control_demo_hardware:/home/vp/robot_ws/install/odrive_ros2_control:/home/vp/robot_ws/install/odrive_hardware_interface:/home/vp/robot_ws/install/odrive_demo_bringup:/home/vp/robot_ws/install/odometry_estimator:/home/vp/robot_ws/install/diffbot_description:/home/vp/odrive_ws/install/odrive_ros2_control:/home/vp/odrive_ws/install/odrive_hardware_interface:/home/vp/odrive_ws/install/odrive_demo_bringup:/home/vp/odrive_ws/install/odrive_demo_description:/home/vp/test_ws/install/vp_two:/home/vp/robot_ws/install/ros2_control_test_nodes:/home/vp/robot_ws/install/odrive_driver:/opt/ros/foxy /usr/bin/cmake --build /home/vp/robot_ws/build/odrive_demo_bringup -- -j8 -l8
[0.959s] Invoking command in '/home/vp/robot_ws/build/odrive_demo_bringup': CMAKE_PREFIX_PATH=/home/vp/robot_ws/install/odrive_demo_description:/home/vp/robot_ws/install/ydlidar_ros2_driver:/home/vp/robot_ws/install/vp_one:/home/vp/robot_ws/install/ros2_control_demos:/home/vp/robot_ws/install/ros2_control_demo_bringup:/home/vp/robot_ws/install/rrbot_description:/home/vp/robot_ws/install/ros2_control_demo_hardware:/home/vp/robot_ws/install/odrive_ros2_control:/home/vp/robot_ws/install/odrive_hardware_interface:/home/vp/robot_ws/install/odrive_demo_bringup:/home/vp/robot_ws/install/odometry_estimator:/home/vp/robot_ws/install/diffbot_description:/home/vp/odrive_ws/install/odrive_ros2_control:/home/vp/odrive_ws/install/odrive_hardware_interface:/home/vp/odrive_ws/install/odrive_demo_bringup:/home/vp/odrive_ws/install/odrive_demo_description:/home/vp/test_ws/install/vp_two:/home/vp/robot_ws/install/ros2_control_test_nodes:/home/vp/robot_ws/install/odrive_driver:/opt/ros/foxy /usr/bin/cmake --install /home/vp/robot_ws/build/odrive_demo_bringup
[1.276s] -- Install configuration: ""
[1.277s] -- Execute custom install script
[1.279s] -- Up-to-date symlink: /home/vp/robot_ws/install/odrive_demo_bringup/share/odrive_demo_bringup/config/diffbot_controllers.yaml
[1.280s] -- Up-to-date symlink: /home/vp/robot_ws/install/odrive_demo_bringup/share/odrive_demo_bringup/config/odrive_multi_interface_forward_controllers.yaml
[1.281s] -- Up-to-date symlink: /home/vp/robot_ws/install/odrive_demo_bringup/share/odrive_demo_bringup/config/rrbot_controllers.yaml
[1.282s] -- Up-to-date symlink: /home/vp/robot_ws/install/odrive_demo_bringup/share/odrive_demo_bringup/launch/odrive_diffbot.launch.py
[1.288s] -- Up-to-date symlink: /home/vp/robot_ws/install/odrive_demo_bringup/share/odrive_demo_bringup/launch/odrive_multi_interface.launch.py
[1.288s] -- Up-to-date symlink: /home/vp/robot_ws/install/odrive_demo_bringup/share/odrive_demo_bringup/launch/odrive_rrbot.launch.py
[1.288s] -- Up-to-date symlink: /home/vp/robot_ws/install/odrive_demo_bringup/share/ament_index/resource_index/package_run_dependencies/odrive_demo_bringup
[1.289s] -- Up-to-date symlink: /home/vp/robot_ws/install/odrive_demo_bringup/share/ament_index/resource_index/parent_prefix_path/odrive_demo_bringup
[1.289s] -- Up-to-date symlink: /home/vp/robot_ws/install/odrive_demo_bringup/share/odrive_demo_bringup/environment/ament_prefix_path.sh
[1.289s] -- Up-to-date symlink: /home/vp/robot_ws/install/odrive_demo_bringup/share/odrive_demo_bringup/environment/ament_prefix_path.dsv
[1.289s] -- Up-to-date symlink: /home/vp/robot_ws/install/odrive_demo_bringup/share/odrive_demo_bringup/environment/path.sh
[1.289s] -- Up-to-date symlink: /home/vp/robot_ws/install/odrive_demo_bringup/share/odrive_demo_bringup/environment/path.dsv
[1.290s] -- Up-to-date symlink: /home/vp/robot_ws/install/odrive_demo_bringup/share/odrive_demo_bringup/local_setup.bash
[1.290s] -- Up-to-date symlink: /home/vp/robot_ws/install/odrive_demo_bringup/share/odrive_demo_bringup/local_setup.sh
[1.290s] -- Up-to-date symlink: /home/vp/robot_ws/install/odrive_demo_bringup/share/odrive_demo_bringup/local_setup.zsh
[1.290s] -- Up-to-date symlink: /home/vp/robot_ws/install/odrive_demo_bringup/share/odrive_demo_bringup/local_setup.dsv
[1.291s] -- Symlinking: /home/vp/robot_ws/install/odrive_demo_bringup/share/odrive_demo_bringup/package.dsv
[1.291s] -- Up-to-date symlink: /home/vp/robot_ws/install/odrive_demo_bringup/share/ament_index/resource_index/packages/odrive_demo_bringup
[1.291s] -- Up-to-date symlink: /home/vp/robot_ws/install/odrive_demo_bringup/share/odrive_demo_bringup/cmake/odrive_demo_bringupConfig.cmake
[1.291s] -- Up-to-date symlink: /home/vp/robot_ws/install/odrive_demo_bringup/share/odrive_demo_bringup/cmake/odrive_demo_bringupConfig-version.cmake
[1.291s] -- Up-to-date symlink: /home/vp/robot_ws/install/odrive_demo_bringup/share/odrive_demo_bringup/package.xml
[1.296s] Invoked command in '/home/vp/robot_ws/build/odrive_demo_bringup' returned '0': CMAKE_PREFIX_PATH=/home/vp/robot_ws/install/odrive_demo_description:/home/vp/robot_ws/install/ydlidar_ros2_driver:/home/vp/robot_ws/install/vp_one:/home/vp/robot_ws/install/ros2_control_demos:/home/vp/robot_ws/install/ros2_control_demo_bringup:/home/vp/robot_ws/install/rrbot_description:/home/vp/robot_ws/install/ros2_control_demo_hardware:/home/vp/robot_ws/install/odrive_ros2_control:/home/vp/robot_ws/install/odrive_hardware_interface:/home/vp/robot_ws/install/odrive_demo_bringup:/home/vp/robot_ws/install/odometry_estimator:/home/vp/robot_ws/install/diffbot_description:/home/vp/odrive_ws/install/odrive_ros2_control:/home/vp/odrive_ws/install/odrive_hardware_interface:/home/vp/odrive_ws/install/odrive_demo_bringup:/home/vp/odrive_ws/install/odrive_demo_description:/home/vp/test_ws/install/vp_two:/home/vp/robot_ws/install/ros2_control_test_nodes:/home/vp/robot_ws/install/odrive_driver:/opt/ros/foxy /usr/bin/cmake --install /home/vp/robot_ws/build/odrive_demo_bringup
