[0.135s] Invoking command in '/home/vp/robot_ws/build/micro_ros_msgs': CMAKE_PREFIX_PATH=${CMAKE_PREFIX_PATH}:/home/vp/robot_ws/install/two_wheel_demo:/home/vp/robot_ws/install/odrive_driver:/home/vp/robot_ws/install/odom:/opt/ros/foxy /usr/bin/cmake --build /home/vp/robot_ws/build/micro_ros_msgs -- -j8 -l8
[0.894s] [  2%] Built target micro_ros_msgs__cpp
[0.895s] [ 12%] Built target micro_ros_msgs__rosidl_generator_c
[0.896s] [ 25%] Built target micro_ros_msgs__rosidl_typesupport_introspection_cpp
[0.896s] [ 34%] Built target micro_ros_msgs__rosidl_typesupport_fastrtps_cpp
[0.897s] [ 44%] Built target micro_ros_msgs__rosidl_typesupport_cpp
[0.897s] [ 55%] Built target micro_ros_msgs__rosidl_typesupport_c
[0.898s] [ 65%] Built target micro_ros_msgs__rosidl_typesupport_introspection_c
[0.898s] [ 76%] Built target micro_ros_msgs__rosidl_typesupport_fastrtps_c
[0.900s] [ 76%] Built target micro_ros_msgs
[0.901s] [ 78%] Built target micro_ros_msgs__py
[0.904s] [ 87%] Built target micro_ros_msgs__python
[0.905s] [ 91%] Built target micro_ros_msgs__rosidl_typesupport_fastrtps_c__pyext
[0.905s] [ 95%] Built target micro_ros_msgs__rosidl_typesupport_introspection_c__pyext
[0.906s] [100%] Built target micro_ros_msgs__rosidl_typesupport_c__pyext
[0.918s] Invoked command in '/home/vp/robot_ws/build/micro_ros_msgs' returned '0': CMAKE_PREFIX_PATH=${CMAKE_PREFIX_PATH}:/home/vp/robot_ws/install/two_wheel_demo:/home/vp/robot_ws/install/odrive_driver:/home/vp/robot_ws/install/odom:/opt/ros/foxy /usr/bin/cmake --build /home/vp/robot_ws/build/micro_ros_msgs -- -j8 -l8
[1.141s] Invoking command in '/home/vp/robot_ws/build/micro_ros_msgs': CMAKE_PREFIX_PATH=${CMAKE_PREFIX_PATH}:/home/vp/robot_ws/install/two_wheel_demo:/home/vp/robot_ws/install/odrive_driver:/home/vp/robot_ws/install/odom:/opt/ros/foxy /usr/bin/cmake --install /home/vp/robot_ws/build/micro_ros_msgs
[1.158s] -- Install configuration: ""
[1.163s] -- Execute custom install script
[1.164s] -- Up-to-date symlink: /home/vp/robot_ws/install/micro_ros_msgs/share/ament_index/resource_index/rosidl_interfaces/micro_ros_msgs
[1.164s] -- Up-to-date symlink: /home/vp/robot_ws/install/micro_ros_msgs/include/micro_ros_msgs/msg/detail/entity__functions.h
[1.165s] -- Up-to-date symlink: /home/vp/robot_ws/install/micro_ros_msgs/include/micro_ros_msgs/msg/detail/entity__struct.h
[1.165s] -- Up-to-date symlink: /home/vp/robot_ws/install/micro_ros_msgs/include/micro_ros_msgs/msg/detail/entity__type_support.h
[1.165s] -- Up-to-date symlink: /home/vp/robot_ws/install/micro_ros_msgs/include/micro_ros_msgs/msg/detail/graph__functions.h
[1.165s] -- Up-to-date symlink: /home/vp/robot_ws/install/micro_ros_msgs/include/micro_ros_msgs/msg/detail/graph__struct.h
[1.167s] -- Up-to-date symlink: /home/vp/robot_ws/install/micro_ros_msgs/include/micro_ros_msgs/msg/detail/graph__type_support.h
[1.168s] -- Up-to-date symlink: /home/vp/robot_ws/install/micro_ros_msgs/include/micro_ros_msgs/msg/detail/node__functions.h
[1.169s] -- Up-to-date symlink: /home/vp/robot_ws/install/micro_ros_msgs/include/micro_ros_msgs/msg/detail/node__struct.h
[1.170s] -- Up-to-date symlink: /home/vp/robot_ws/install/micro_ros_msgs/include/micro_ros_msgs/msg/detail/node__type_support.h
[1.170s] -- Up-to-date symlink: /home/vp/robot_ws/install/micro_ros_msgs/include/micro_ros_msgs/msg/entity.h
[1.171s] -- Up-to-date symlink: /home/vp/robot_ws/install/micro_ros_msgs/include/micro_ros_msgs/msg/graph.h
[1.172s] -- Up-to-date symlink: /home/vp/robot_ws/install/micro_ros_msgs/include/micro_ros_msgs/msg/node.h
[1.173s] -- Up-to-date symlink: /home/vp/robot_ws/install/micro_ros_msgs/include/micro_ros_msgs/msg/rosidl_generator_c__visibility_control.h
[1.173s] -- Up-to-date symlink: /home/vp/robot_ws/install/micro_ros_msgs/share/micro_ros_msgs/environment/library_path.sh
[1.175s] -- Up-to-date symlink: /home/vp/robot_ws/install/micro_ros_msgs/share/micro_ros_msgs/environment/library_path.dsv
[1.181s] -- Up-to-date symlink: /home/vp/robot_ws/install/micro_ros_msgs/include/micro_ros_msgs/msg/detail/entity__rosidl_typesupport_fastrtps_c.h
[1.185s] -- Up-to-date symlink: /home/vp/robot_ws/install/micro_ros_msgs/include/micro_ros_msgs/msg/detail/graph__rosidl_typesupport_fastrtps_c.h
[1.185s] -- Up-to-date symlink: /home/vp/robot_ws/install/micro_ros_msgs/include/micro_ros_msgs/msg/detail/node__rosidl_typesupport_fastrtps_c.h
[1.186s] -- Up-to-date symlink: /home/vp/robot_ws/install/micro_ros_msgs/include/micro_ros_msgs/msg/rosidl_typesupport_fastrtps_c__visibility_control.h
[1.199s] -- Up-to-date symlink: /home/vp/robot_ws/install/micro_ros_msgs/lib/libmicro_ros_msgs__rosidl_typesupport_fastrtps_c.so
[1.202s] -- Up-to-date symlink: /home/vp/robot_ws/install/micro_ros_msgs/include/micro_ros_msgs/msg/detail/entity__rosidl_typesupport_fastrtps_cpp.hpp
[1.207s] -- Up-to-date symlink: /home/vp/robot_ws/install/micro_ros_msgs/include/micro_ros_msgs/msg/detail/graph__rosidl_typesupport_fastrtps_cpp.hpp
[1.207s] -- Up-to-date symlink: /home/vp/robot_ws/install/micro_ros_msgs/include/micro_ros_msgs/msg/detail/node__rosidl_typesupport_fastrtps_cpp.hpp
[1.208s] -- Up-to-date symlink: /home/vp/robot_ws/install/micro_ros_msgs/include/micro_ros_msgs/msg/rosidl_typesupport_fastrtps_cpp__visibility_control.h
[1.209s] -- Up-to-date symlink: /home/vp/robot_ws/install/micro_ros_msgs/lib/libmicro_ros_msgs__rosidl_typesupport_fastrtps_cpp.so
[1.211s] -- Up-to-date symlink: /home/vp/robot_ws/install/micro_ros_msgs/include/micro_ros_msgs/msg/detail/entity__rosidl_typesupport_introspection_c.h
[1.212s] -- Up-to-date symlink: /home/vp/robot_ws/install/micro_ros_msgs/include/micro_ros_msgs/msg/detail/graph__rosidl_typesupport_introspection_c.h
[1.212s] -- Up-to-date symlink: /home/vp/robot_ws/install/micro_ros_msgs/include/micro_ros_msgs/msg/detail/node__rosidl_typesupport_introspection_c.h
[1.213s] -- Up-to-date symlink: /home/vp/robot_ws/install/micro_ros_msgs/include/micro_ros_msgs/msg/rosidl_typesupport_introspection_c__visibility_control.h
[1.219s] -- Up-to-date symlink: /home/vp/robot_ws/install/micro_ros_msgs/include/micro_ros_msgs/msg/detail/entity__builder.hpp
[1.226s] -- Up-to-date symlink: /home/vp/robot_ws/install/micro_ros_msgs/include/micro_ros_msgs/msg/detail/entity__struct.hpp
[1.227s] -- Up-to-date symlink: /home/vp/robot_ws/install/micro_ros_msgs/include/micro_ros_msgs/msg/detail/entity__traits.hpp
[1.227s] -- Up-to-date symlink: /home/vp/robot_ws/install/micro_ros_msgs/include/micro_ros_msgs/msg/detail/graph__builder.hpp
[1.227s] -- Up-to-date symlink: /home/vp/robot_ws/install/micro_ros_msgs/include/micro_ros_msgs/msg/detail/graph__struct.hpp
[1.227s] -- Up-to-date symlink: /home/vp/robot_ws/install/micro_ros_msgs/include/micro_ros_msgs/msg/detail/graph__traits.hpp
[1.227s] -- Up-to-date symlink: /home/vp/robot_ws/install/micro_ros_msgs/include/micro_ros_msgs/msg/detail/node__builder.hpp
[1.227s] -- Up-to-date symlink: /home/vp/robot_ws/install/micro_ros_msgs/include/micro_ros_msgs/msg/detail/node__struct.hpp
[1.228s] -- Up-to-date symlink: /home/vp/robot_ws/install/micro_ros_msgs/include/micro_ros_msgs/msg/detail/node__traits.hpp
[1.228s] -- Up-to-date symlink: /home/vp/robot_ws/install/micro_ros_msgs/include/micro_ros_msgs/msg/entity.hpp
[1.228s] -- Up-to-date symlink: /home/vp/robot_ws/install/micro_ros_msgs/include/micro_ros_msgs/msg/graph.hpp
[1.228s] -- Up-to-date symlink: /home/vp/robot_ws/install/micro_ros_msgs/include/micro_ros_msgs/msg/node.hpp
[1.229s] -- Up-to-date symlink: /home/vp/robot_ws/install/micro_ros_msgs/include/micro_ros_msgs/msg/detail/entity__rosidl_typesupport_introspection_cpp.hpp
[1.230s] -- Up-to-date symlink: /home/vp/robot_ws/install/micro_ros_msgs/include/micro_ros_msgs/msg/detail/graph__rosidl_typesupport_introspection_cpp.hpp
[1.230s] -- Up-to-date symlink: /home/vp/robot_ws/install/micro_ros_msgs/include/micro_ros_msgs/msg/detail/node__rosidl_typesupport_introspection_cpp.hpp
[1.230s] -- Up-to-date symlink: /home/vp/robot_ws/install/micro_ros_msgs/share/micro_ros_msgs/environment/pythonpath.sh
[1.231s] -- Up-to-date symlink: /home/vp/robot_ws/install/micro_ros_msgs/share/micro_ros_msgs/environment/pythonpath.dsv
[1.231s] -- Up-to-date symlink: /home/vp/robot_ws/install/micro_ros_msgs/lib/python3.8/site-packages/micro_ros_msgs/__init__.py
[1.236s] -- Up-to-date symlink: /home/vp/robot_ws/install/micro_ros_msgs/lib/python3.8/site-packages/micro_ros_msgs/msg/__init__.py
[1.237s] -- Up-to-date symlink: /home/vp/robot_ws/install/micro_ros_msgs/lib/python3.8/site-packages/micro_ros_msgs/msg/_entity.py
[1.237s] -- Up-to-date symlink: /home/vp/robot_ws/install/micro_ros_msgs/lib/python3.8/site-packages/micro_ros_msgs/msg/_graph.py
[1.237s] -- Up-to-date symlink: /home/vp/robot_ws/install/micro_ros_msgs/lib/python3.8/site-packages/micro_ros_msgs/msg/_node.py
[1.238s] -- Up-to-date symlink: /home/vp/robot_ws/install/micro_ros_msgs/lib/python3.8/site-packages/micro_ros_msgs/micro_ros_msgs_s__rosidl_typesupport_fastrtps_c.cpython-38-x86_64-linux-gnu.so
[1.243s] -- Up-to-date symlink: /home/vp/robot_ws/install/micro_ros_msgs/lib/python3.8/site-packages/micro_ros_msgs/micro_ros_msgs_s__rosidl_typesupport_introspection_c.cpython-38-x86_64-linux-gnu.so
[1.244s] -- Up-to-date symlink: /home/vp/robot_ws/install/micro_ros_msgs/lib/python3.8/site-packages/micro_ros_msgs/micro_ros_msgs_s__rosidl_typesupport_c.cpython-38-x86_64-linux-gnu.so
[1.252s] -- Up-to-date symlink: /home/vp/robot_ws/install/micro_ros_msgs/lib/libmicro_ros_msgs__python.so
[1.252s] -- Up-to-date symlink: /home/vp/robot_ws/install/micro_ros_msgs/share/micro_ros_msgs/msg/Graph.idl
[1.253s] -- Up-to-date symlink: /home/vp/robot_ws/install/micro_ros_msgs/share/micro_ros_msgs/msg/Node.idl
[1.253s] -- Up-to-date symlink: /home/vp/robot_ws/install/micro_ros_msgs/share/micro_ros_msgs/msg/Entity.idl
[1.254s] -- Up-to-date symlink: /home/vp/robot_ws/install/micro_ros_msgs/share/micro_ros_msgs/msg/Graph.msg
[1.254s] -- Up-to-date symlink: /home/vp/robot_ws/install/micro_ros_msgs/share/micro_ros_msgs/msg/Node.msg
[1.254s] -- Up-to-date symlink: /home/vp/robot_ws/install/micro_ros_msgs/share/micro_ros_msgs/msg/Entity.msg
[1.255s] -- Up-to-date symlink: /home/vp/robot_ws/install/micro_ros_msgs/share/ament_index/resource_index/package_run_dependencies/micro_ros_msgs
[1.255s] -- Up-to-date symlink: /home/vp/robot_ws/install/micro_ros_msgs/share/ament_index/resource_index/parent_prefix_path/micro_ros_msgs
[1.255s] -- Up-to-date symlink: /home/vp/robot_ws/install/micro_ros_msgs/share/micro_ros_msgs/environment/ament_prefix_path.sh
[1.256s] -- Up-to-date symlink: /home/vp/robot_ws/install/micro_ros_msgs/share/micro_ros_msgs/environment/ament_prefix_path.dsv
[1.256s] -- Up-to-date symlink: /home/vp/robot_ws/install/micro_ros_msgs/share/micro_ros_msgs/environment/path.sh
[1.256s] -- Up-to-date symlink: /home/vp/robot_ws/install/micro_ros_msgs/share/micro_ros_msgs/environment/path.dsv
[1.256s] -- Up-to-date symlink: /home/vp/robot_ws/install/micro_ros_msgs/share/micro_ros_msgs/local_setup.bash
[1.256s] -- Up-to-date symlink: /home/vp/robot_ws/install/micro_ros_msgs/share/micro_ros_msgs/local_setup.sh
[1.256s] -- Up-to-date symlink: /home/vp/robot_ws/install/micro_ros_msgs/share/micro_ros_msgs/local_setup.zsh
[1.257s] -- Up-to-date symlink: /home/vp/robot_ws/install/micro_ros_msgs/share/micro_ros_msgs/local_setup.dsv
[1.257s] -- Symlinking: /home/vp/robot_ws/install/micro_ros_msgs/share/micro_ros_msgs/package.dsv
[1.261s] -- Up-to-date symlink: /home/vp/robot_ws/install/micro_ros_msgs/share/ament_index/resource_index/packages/micro_ros_msgs
[1.261s] -- Up-to-date symlink: /home/vp/robot_ws/install/micro_ros_msgs/share/micro_ros_msgs/cmake/rosidl_cmake-extras.cmake
[1.261s] -- Up-to-date symlink: /home/vp/robot_ws/install/micro_ros_msgs/share/micro_ros_msgs/cmake/ament_cmake_export_dependencies-extras.cmake
[1.262s] -- Up-to-date symlink: /home/vp/robot_ws/install/micro_ros_msgs/share/micro_ros_msgs/cmake/ament_cmake_export_libraries-extras.cmake
[1.262s] -- Up-to-date symlink: /home/vp/robot_ws/install/micro_ros_msgs/share/micro_ros_msgs/cmake/ament_cmake_export_targets-extras.cmake
[1.262s] -- Up-to-date symlink: /home/vp/robot_ws/install/micro_ros_msgs/share/micro_ros_msgs/cmake/ament_cmake_export_include_directories-extras.cmake
[1.262s] -- Up-to-date symlink: /home/vp/robot_ws/install/micro_ros_msgs/share/micro_ros_msgs/cmake/rosidl_cmake_export_typesupport_libraries-extras.cmake
[1.262s] -- Up-to-date symlink: /home/vp/robot_ws/install/micro_ros_msgs/share/micro_ros_msgs/cmake/rosidl_cmake_export_typesupport_targets-extras.cmake
[1.262s] -- Up-to-date symlink: /home/vp/robot_ws/install/micro_ros_msgs/share/micro_ros_msgs/cmake/micro_ros_msgsConfig.cmake
[1.262s] -- Up-to-date symlink: /home/vp/robot_ws/install/micro_ros_msgs/share/micro_ros_msgs/cmake/micro_ros_msgsConfig-version.cmake
[1.263s] -- Up-to-date symlink: /home/vp/robot_ws/install/micro_ros_msgs/share/micro_ros_msgs/package.xml
[1.263s] -- Up-to-date: /home/vp/robot_ws/install/micro_ros_msgs/lib/libmicro_ros_msgs__rosidl_generator_c.so
[1.264s] -- Up-to-date: /home/vp/robot_ws/install/micro_ros_msgs/lib/libmicro_ros_msgs__rosidl_typesupport_introspection_c.so
[1.264s] -- Up-to-date: /home/vp/robot_ws/install/micro_ros_msgs/lib/libmicro_ros_msgs__rosidl_typesupport_c.so
[1.266s] -- Up-to-date: /home/vp/robot_ws/install/micro_ros_msgs/lib/libmicro_ros_msgs__rosidl_typesupport_introspection_cpp.so
[1.267s] -- Up-to-date: /home/vp/robot_ws/install/micro_ros_msgs/lib/libmicro_ros_msgs__rosidl_typesupport_cpp.so
[1.288s] -- Up-to-date: /home/vp/robot_ws/install/micro_ros_msgs/share/micro_ros_msgs/cmake/micro_ros_msgs__rosidl_generator_cExport.cmake
[1.289s] -- Up-to-date: /home/vp/robot_ws/install/micro_ros_msgs/share/micro_ros_msgs/cmake/micro_ros_msgs__rosidl_generator_cExport-noconfig.cmake
[1.289s] -- Up-to-date: /home/vp/robot_ws/install/micro_ros_msgs/share/micro_ros_msgs/cmake/micro_ros_msgs__rosidl_typesupport_introspection_cExport.cmake
[1.289s] -- Up-to-date: /home/vp/robot_ws/install/micro_ros_msgs/share/micro_ros_msgs/cmake/micro_ros_msgs__rosidl_typesupport_introspection_cExport-noconfig.cmake
[1.289s] -- Up-to-date: /home/vp/robot_ws/install/micro_ros_msgs/share/micro_ros_msgs/cmake/micro_ros_msgs__rosidl_typesupport_cExport.cmake
[1.289s] -- Up-to-date: /home/vp/robot_ws/install/micro_ros_msgs/share/micro_ros_msgs/cmake/micro_ros_msgs__rosidl_typesupport_cExport-noconfig.cmake
[1.290s] -- Up-to-date: /home/vp/robot_ws/install/micro_ros_msgs/share/micro_ros_msgs/cmake/micro_ros_msgs__rosidl_generator_cppExport.cmake
[1.290s] -- Up-to-date: /home/vp/robot_ws/install/micro_ros_msgs/share/micro_ros_msgs/cmake/micro_ros_msgs__rosidl_typesupport_introspection_cppExport.cmake
[1.290s] -- Up-to-date: /home/vp/robot_ws/install/micro_ros_msgs/share/micro_ros_msgs/cmake/micro_ros_msgs__rosidl_typesupport_introspection_cppExport-noconfig.cmake
[1.290s] -- Up-to-date: /home/vp/robot_ws/install/micro_ros_msgs/share/micro_ros_msgs/cmake/micro_ros_msgs__rosidl_typesupport_cppExport.cmake
[1.290s] -- Up-to-date: /home/vp/robot_ws/install/micro_ros_msgs/share/micro_ros_msgs/cmake/micro_ros_msgs__rosidl_typesupport_cppExport-noconfig.cmake
[1.298s] Invoked command in '/home/vp/robot_ws/build/micro_ros_msgs' returned '0': CMAKE_PREFIX_PATH=${CMAKE_PREFIX_PATH}:/home/vp/robot_ws/install/two_wheel_demo:/home/vp/robot_ws/install/odrive_driver:/home/vp/robot_ws/install/odom:/opt/ros/foxy /usr/bin/cmake --install /home/vp/robot_ws/build/micro_ros_msgs
