[1.774s] Invoking command in '/home/vp/robot_ws/build/ros2_serial_interface': PYTHONPATH=/home/vp/robot_ws/build/ros2_serial_interface/prefix_override:/home/vp/robot_ws/install/ros2_serial_interface/lib/python3.8/site-packages:${PYTHONPATH} /usr/bin/python3 setup.py develop --editable --build-directory /home/vp/robot_ws/build/ros2_serial_interface/build --no-deps install_data
[2.095s] running develop
[2.293s] running egg_info
[2.294s] writing ros2_serial_interface.egg-info/PKG-INFO
[2.294s] writing dependency_links to ros2_serial_interface.egg-info/dependency_links.txt
[2.294s] writing entry points to ros2_serial_interface.egg-info/entry_points.txt
[2.294s] writing requirements to ros2_serial_interface.egg-info/requires.txt
[2.294s] writing top-level names to ros2_serial_interface.egg-info/top_level.txt
[2.336s] reading manifest file 'ros2_serial_interface.egg-info/SOURCES.txt'
[2.337s] writing manifest file 'ros2_serial_interface.egg-info/SOURCES.txt'
[2.391s] running build_ext
[2.392s] Creating /home/vp/robot_ws/install/ros2_serial_interface/lib/python3.8/site-packages/ros2-serial-interface.egg-link (link to .)
[2.393s] Installing predef_timed_pub script to /home/vp/robot_ws/install/ros2_serial_interface/lib/ros2_serial_interface
[2.394s] Installing pynput_key_pub script to /home/vp/robot_ws/install/ros2_serial_interface/lib/ros2_serial_interface
[2.394s] Installing serial_server script to /home/vp/robot_ws/install/ros2_serial_interface/lib/ros2_serial_interface
[2.394s] Installing terminal_key_pub script to /home/vp/robot_ws/install/ros2_serial_interface/lib/ros2_serial_interface
[2.394s] Installing virtual_serial_client script to /home/vp/robot_ws/install/ros2_serial_interface/lib/ros2_serial_interface
[2.394s] Installing virtual_serial_server script to /home/vp/robot_ws/install/ros2_serial_interface/lib/ros2_serial_interface
[2.395s] Installing virtual_serial_setup script to /home/vp/robot_ws/install/ros2_serial_interface/lib/ros2_serial_interface
[2.395s] 
[2.395s] Installed /home/vp/robot_ws/build/ros2_serial_interface
[2.395s] running install_data
[2.469s] Invoked command in '/home/vp/robot_ws/build/ros2_serial_interface' returned '0': PYTHONPATH=/home/vp/robot_ws/build/ros2_serial_interface/prefix_override:/home/vp/robot_ws/install/ros2_serial_interface/lib/python3.8/site-packages:${PYTHONPATH} /usr/bin/python3 setup.py develop --editable --build-directory /home/vp/robot_ws/build/ros2_serial_interface/build --no-deps install_data
