[0.448s] Invoking command in '/home/vp/robot_ws/build/vp_one': CMAKE_PREFIX_PATH=/opt/ros/foxy /usr/bin/cmake --build /home/vp/robot_ws/build/vp_one -- -j8 -l8
[0.479s] -- Found ament_cmake: 0.9.11 (/opt/ros/foxy/share/ament_cmake/cmake)
[0.504s] -- Using PYTHON_EXECUTABLE: /usr/bin/python3
[0.714s] -- Override CMake install command with custom implementation using symlinks instead of copying resources
[0.723s] -- Found ament_lint_auto: 0.9.8 (/opt/ros/foxy/share/ament_lint_auto/cmake)
[0.798s] -- Added test 'copyright' to check source files copyright and LICENSE
[0.801s] -- Added test 'flake8' to check Python code syntax and style conventions
[0.802s] -- Added test 'lint_cmake' to check CMake code style
[0.802s] -- Added test 'pep257' to check Python code against some of the style conventions in PEP 257
[0.805s] -- Added test 'xmllint' to check XML markup files
[0.808s] -- Configuring done
[0.810s] -- Generating done
[0.811s] -- Build files have been written to: /home/vp/robot_ws/build/vp_one
[0.841s] Invoked command in '/home/vp/robot_ws/build/vp_one' returned '0': CMAKE_PREFIX_PATH=/opt/ros/foxy /usr/bin/cmake --build /home/vp/robot_ws/build/vp_one -- -j8 -l8
[0.884s] Invoking command in '/home/vp/robot_ws/build/vp_one': CMAKE_PREFIX_PATH=/opt/ros/foxy /usr/bin/cmake --install /home/vp/robot_ws/build/vp_one
[0.897s] -- Install configuration: ""
[0.898s] -- Execute custom install script
[0.898s] -- Up-to-date symlink: /home/vp/robot_ws/install/vp_one/share/vp_one/config/empty.yaml
[0.898s] -- Up-to-date symlink: /home/vp/robot_ws/install/vp_one/share/vp_one/config/mapper_params_online_async.yaml
[0.898s] -- Up-to-date symlink: /home/vp/robot_ws/install/vp_one/share/vp_one/config/my_controller.yaml
[0.898s] -- Up-to-date symlink: /home/vp/robot_ws/install/vp_one/share/vp_one/config/view_bot.rviz
[0.898s] -- Up-to-date symlink: /home/vp/robot_ws/install/vp_one/share/vp_one/description/gazebo_control.xacro
[0.899s] -- Up-to-date symlink: /home/vp/robot_ws/install/vp_one/share/vp_one/description/inertial_macros.xacro
[0.899s] -- Up-to-date symlink: /home/vp/robot_ws/install/vp_one/share/vp_one/description/lidar.xacro
[0.900s] -- Up-to-date symlink: /home/vp/robot_ws/install/vp_one/share/vp_one/description/robot.urdf.xacro
[0.900s] -- Up-to-date symlink: /home/vp/robot_ws/install/vp_one/share/vp_one/description/robot_core.xacro
[0.900s] -- Up-to-date symlink: /home/vp/robot_ws/install/vp_one/share/vp_one/launch/launch_robot.launch.py
[0.900s] -- Up-to-date symlink: /home/vp/robot_ws/install/vp_one/share/vp_one/launch/launch_sim.launch.py
[0.900s] -- Up-to-date symlink: /home/vp/robot_ws/install/vp_one/share/vp_one/launch/real_vp.py
[0.900s] -- Up-to-date symlink: /home/vp/robot_ws/install/vp_one/share/vp_one/launch/rsp.launch.py
[0.901s] -- Up-to-date symlink: /home/vp/robot_ws/install/vp_one/share/vp_one/worlds/empty.world
[0.901s] -- Up-to-date symlink: /home/vp/robot_ws/install/vp_one/share/ament_index/resource_index/package_run_dependencies/vp_one
[0.901s] -- Up-to-date symlink: /home/vp/robot_ws/install/vp_one/share/ament_index/resource_index/parent_prefix_path/vp_one
[0.901s] -- Up-to-date symlink: /home/vp/robot_ws/install/vp_one/share/vp_one/environment/ament_prefix_path.sh
[0.901s] -- Up-to-date symlink: /home/vp/robot_ws/install/vp_one/share/vp_one/environment/ament_prefix_path.dsv
[0.901s] -- Up-to-date symlink: /home/vp/robot_ws/install/vp_one/share/vp_one/environment/path.sh
[0.902s] -- Up-to-date symlink: /home/vp/robot_ws/install/vp_one/share/vp_one/environment/path.dsv
[0.902s] -- Up-to-date symlink: /home/vp/robot_ws/install/vp_one/share/vp_one/local_setup.bash
[0.907s] -- Up-to-date symlink: /home/vp/robot_ws/install/vp_one/share/vp_one/local_setup.sh
[0.908s] -- Up-to-date symlink: /home/vp/robot_ws/install/vp_one/share/vp_one/local_setup.zsh
[0.908s] -- Up-to-date symlink: /home/vp/robot_ws/install/vp_one/share/vp_one/local_setup.dsv
[0.908s] -- Symlinking: /home/vp/robot_ws/install/vp_one/share/vp_one/package.dsv
[0.915s] -- Up-to-date symlink: /home/vp/robot_ws/install/vp_one/share/ament_index/resource_index/packages/vp_one
[0.916s] -- Up-to-date symlink: /home/vp/robot_ws/install/vp_one/share/vp_one/cmake/vp_oneConfig.cmake
[0.916s] -- Up-to-date symlink: /home/vp/robot_ws/install/vp_one/share/vp_one/cmake/vp_oneConfig-version.cmake
[0.917s] -- Up-to-date symlink: /home/vp/robot_ws/install/vp_one/share/vp_one/package.xml
[0.920s] Invoked command in '/home/vp/robot_ws/build/vp_one' returned '0': CMAKE_PREFIX_PATH=/opt/ros/foxy /usr/bin/cmake --install /home/vp/robot_ws/build/vp_one
