[1.852s] Invoking command in '/home/vp/robot_ws/build/ros2_serial_interface': PYTHONPATH=/home/vp/robot_ws/build/ros2_serial_interface/prefix_override:/home/vp/robot_ws/install/ros2_serial_interface/lib/python3.8/site-packages:${PYTHONPATH} /usr/bin/python3 -W ignore:setup.py install is deprecated setup.py develop --editable --build-directory /home/vp/robot_ws/build/ros2_serial_interface/build --no-deps symlink_data
[2.214s] running develop
[2.447s] running egg_info
[2.447s] writing ros2_serial_interface.egg-info/PKG-INFO
[2.447s] writing dependency_links to ros2_serial_interface.egg-info/dependency_links.txt
[2.447s] writing entry points to ros2_serial_interface.egg-info/entry_points.txt
[2.448s] writing requirements to ros2_serial_interface.egg-info/requires.txt
[2.448s] writing top-level names to ros2_serial_interface.egg-info/top_level.txt
[2.493s] reading manifest file 'ros2_serial_interface.egg-info/SOURCES.txt'
[2.495s] writing manifest file 'ros2_serial_interface.egg-info/SOURCES.txt'
[2.552s] running build_ext
[2.552s] Creating /home/vp/robot_ws/install/ros2_serial_interface/lib/python3.8/site-packages/ros2-serial-interface.egg-link (link to .)
[2.554s] Installing predef_timed_pub script to /home/vp/robot_ws/install/ros2_serial_interface/lib/ros2_serial_interface
[2.554s] Installing pynput_key_pub script to /home/vp/robot_ws/install/ros2_serial_interface/lib/ros2_serial_interface
[2.554s] Installing serial_server script to /home/vp/robot_ws/install/ros2_serial_interface/lib/ros2_serial_interface
[2.554s] Installing terminal_key_pub script to /home/vp/robot_ws/install/ros2_serial_interface/lib/ros2_serial_interface
[2.554s] Installing virtual_serial_client script to /home/vp/robot_ws/install/ros2_serial_interface/lib/ros2_serial_interface
[2.555s] Installing virtual_serial_server script to /home/vp/robot_ws/install/ros2_serial_interface/lib/ros2_serial_interface
[2.555s] Installing virtual_serial_setup script to /home/vp/robot_ws/install/ros2_serial_interface/lib/ros2_serial_interface
[2.555s] 
[2.555s] Installed /home/vp/robot_ws/build/ros2_serial_interface
[2.555s] running symlink_data
[2.592s] Invoked command in '/home/vp/robot_ws/build/ros2_serial_interface' returned '0': PYTHONPATH=/home/vp/robot_ws/build/ros2_serial_interface/prefix_override:/home/vp/robot_ws/install/ros2_serial_interface/lib/python3.8/site-packages:${PYTHONPATH} /usr/bin/python3 -W ignore:setup.py install is deprecated setup.py develop --editable --build-directory /home/vp/robot_ws/build/ros2_serial_interface/build --no-deps symlink_data
