-- Found ament_cmake: 0.9.11 (/opt/ros/foxy/share/ament_cmake/cmake)
-- Using PYTHON_EXECUTABLE: /usr/bin/python3
-- Override CMake install command with custom implementation using symlinks instead of copying resources
-- Found hardware_interface: 0.11.0 (/opt/ros/foxy/share/hardware_interface/cmake)
-- Using all available rosidl_typesupport_c: rosidl_typesupport_fastrtps_c;rosidl_typesupport_introspection_c
-- Found rosidl_adapter: 1.3.0 (/opt/ros/foxy/share/rosidl_adapter/cmake)
-- Using all available rosidl_typesupport_cpp: rosidl_typesupport_fastrtps_cpp;rosidl_typesupport_introspection_cpp
-- Found rclcpp: 2.4.2 (/opt/ros/foxy/share/rclcpp/cmake)
-- Found rmw_implementation_cmake: 1.0.3 (/opt/ros/foxy/share/rmw_implementation_cmake/cmake)
-- Using RMW implementation 'rmw_fastrtps_cpp' as default
-- Found ament_cmake_gtest: 0.9.11 (/opt/ros/foxy/share/ament_cmake_gtest/cmake)
-- Configuring done
-- Generating done
-- Build files have been written to: /home/vp/robot_ws/build/ros2_control_demo_hardware
[ 20%] [32m[1mLinking CXX shared library libros2_control_demo_hardware.so[0m
[100%] Built target ros2_control_demo_hardware
-- Install configuration: ""
-- Execute custom install script
-- Symlinking: /home/vp/robot_ws/install/ros2_control_demo_hardware/share/ros2_control_demo_hardware//ros2_control_demo_hardware.xml
-- Symlinking: /home/vp/robot_ws/install/ros2_control_demo_hardware/lib/libros2_control_demo_hardware.so
-- Symlinking: /home/vp/robot_ws/install/ros2_control_demo_hardware/include/ros2_control_demo_hardware/diffbot_system.hpp
-- Symlinking: /home/vp/robot_ws/install/ros2_control_demo_hardware/include/ros2_control_demo_hardware/rrbot_system_multi_interface.hpp
-- Symlinking: /home/vp/robot_ws/install/ros2_control_demo_hardware/include/ros2_control_demo_hardware/rrbot_system_position_only.hpp
-- Symlinking: /home/vp/robot_ws/install/ros2_control_demo_hardware/include/ros2_control_demo_hardware/rrbot_system_with_sensor.hpp
-- Symlinking: /home/vp/robot_ws/install/ros2_control_demo_hardware/include/ros2_control_demo_hardware/visibility_control.h
-- Symlinking: /home/vp/robot_ws/install/ros2_control_demo_hardware/share/ros2_control_demo_hardware/environment/library_path.sh
-- Symlinking: /home/vp/robot_ws/install/ros2_control_demo_hardware/share/ros2_control_demo_hardware/environment/library_path.dsv
-- Symlinking: /home/vp/robot_ws/install/ros2_control_demo_hardware/share/ament_index/resource_index/package_run_dependencies/ros2_control_demo_hardware
-- Symlinking: /home/vp/robot_ws/install/ros2_control_demo_hardware/share/ament_index/resource_index/parent_prefix_path/ros2_control_demo_hardware
-- Symlinking: /home/vp/robot_ws/install/ros2_control_demo_hardware/share/ros2_control_demo_hardware/environment/ament_prefix_path.sh
-- Symlinking: /home/vp/robot_ws/install/ros2_control_demo_hardware/share/ros2_control_demo_hardware/environment/ament_prefix_path.dsv
-- Symlinking: /home/vp/robot_ws/install/ros2_control_demo_hardware/share/ros2_control_demo_hardware/environment/path.sh
-- Symlinking: /home/vp/robot_ws/install/ros2_control_demo_hardware/share/ros2_control_demo_hardware/environment/path.dsv
-- Symlinking: /home/vp/robot_ws/install/ros2_control_demo_hardware/share/ros2_control_demo_hardware/local_setup.bash
-- Symlinking: /home/vp/robot_ws/install/ros2_control_demo_hardware/share/ros2_control_demo_hardware/local_setup.sh
-- Symlinking: /home/vp/robot_ws/install/ros2_control_demo_hardware/share/ros2_control_demo_hardware/local_setup.zsh
-- Symlinking: /home/vp/robot_ws/install/ros2_control_demo_hardware/share/ros2_control_demo_hardware/local_setup.dsv
-- Symlinking: /home/vp/robot_ws/install/ros2_control_demo_hardware/share/ros2_control_demo_hardware/package.dsv
-- Symlinking: /home/vp/robot_ws/install/ros2_control_demo_hardware/share/ament_index/resource_index/packages/ros2_control_demo_hardware
-- Symlinking: /home/vp/robot_ws/install/ros2_control_demo_hardware/share/ament_index/resource_index/hardware_interface__pluginlib__plugin/ros2_control_demo_hardware
-- Symlinking: /home/vp/robot_ws/install/ros2_control_demo_hardware/share/ros2_control_demo_hardware/cmake/ament_cmake_export_include_directories-extras.cmake
-- Symlinking: /home/vp/robot_ws/install/ros2_control_demo_hardware/share/ros2_control_demo_hardware/cmake/ament_cmake_export_libraries-extras.cmake
-- Symlinking: /home/vp/robot_ws/install/ros2_control_demo_hardware/share/ros2_control_demo_hardware/cmake/ament_cmake_export_dependencies-extras.cmake
-- Symlinking: /home/vp/robot_ws/install/ros2_control_demo_hardware/share/ros2_control_demo_hardware/cmake/ros2_control_demo_hardwareConfig.cmake
-- Symlinking: /home/vp/robot_ws/install/ros2_control_demo_hardware/share/ros2_control_demo_hardware/cmake/ros2_control_demo_hardwareConfig-version.cmake
-- Symlinking: /home/vp/robot_ws/install/ros2_control_demo_hardware/share/ros2_control_demo_hardware/package.xml
