[0.205s] Invoking command in '/home/vp/robot_ws/build/diffbot_description': CMAKE_PREFIX_PATH=${CMAKE_PREFIX_PATH}:/home/vp/robot_ws/install/ros2_control_test_nodes:/home/vp/robot_ws/install/odrive_driver:/opt/ros/foxy /usr/bin/cmake --build /home/vp/robot_ws/build/diffbot_description -- -j8 -l8
[0.826s] Invoked command in '/home/vp/robot_ws/build/diffbot_description' returned '0': CMAKE_PREFIX_PATH=${CMAKE_PREFIX_PATH}:/home/vp/robot_ws/install/ros2_control_test_nodes:/home/vp/robot_ws/install/odrive_driver:/opt/ros/foxy /usr/bin/cmake --build /home/vp/robot_ws/build/diffbot_description -- -j8 -l8
[0.884s] Invoking command in '/home/vp/robot_ws/build/diffbot_description': CMAKE_PREFIX_PATH=${CMAKE_PREFIX_PATH}:/home/vp/robot_ws/install/ros2_control_test_nodes:/home/vp/robot_ws/install/odrive_driver:/opt/ros/foxy /usr/bin/cmake --install /home/vp/robot_ws/build/diffbot_description
[0.901s] -- Install configuration: ""
[0.902s] -- Execute custom install script
[0.906s] -- Up-to-date symlink: /home/vp/robot_ws/install/diffbot_description/share/diffbot_description/config/diffbot.rviz
[0.907s] -- Up-to-date symlink: /home/vp/robot_ws/install/diffbot_description/share/diffbot_description/gazebo/diffbot.gazebo.xacro
[0.907s] -- Up-to-date symlink: /home/vp/robot_ws/install/diffbot_description/share/diffbot_description/gazebo/diffbot.materials.xacro
[0.907s] -- Up-to-date symlink: /home/vp/robot_ws/install/diffbot_description/share/diffbot_description/ros2_control/diffbot_system.ros2_control.xacro
[0.909s] -- Up-to-date symlink: /home/vp/robot_ws/install/diffbot_description/share/diffbot_description/urdf/diffbot.urdf.xacro
[0.912s] -- Up-to-date symlink: /home/vp/robot_ws/install/diffbot_description/share/diffbot_description/urdf/diffbot_system.urdf.xacro
[0.914s] -- Up-to-date symlink: /home/vp/robot_ws/install/diffbot_description/share/ament_index/resource_index/package_run_dependencies/diffbot_description
[0.914s] -- Up-to-date symlink: /home/vp/robot_ws/install/diffbot_description/share/ament_index/resource_index/parent_prefix_path/diffbot_description
[0.914s] -- Up-to-date symlink: /home/vp/robot_ws/install/diffbot_description/share/diffbot_description/environment/ament_prefix_path.sh
[0.914s] -- Up-to-date symlink: /home/vp/robot_ws/install/diffbot_description/share/diffbot_description/environment/ament_prefix_path.dsv
[0.915s] -- Up-to-date symlink: /home/vp/robot_ws/install/diffbot_description/share/diffbot_description/environment/path.sh
[0.915s] -- Up-to-date symlink: /home/vp/robot_ws/install/diffbot_description/share/diffbot_description/environment/path.dsv
[0.916s] -- Up-to-date symlink: /home/vp/robot_ws/install/diffbot_description/share/diffbot_description/local_setup.bash
[0.916s] -- Up-to-date symlink: /home/vp/robot_ws/install/diffbot_description/share/diffbot_description/local_setup.sh
[0.916s] -- Up-to-date symlink: /home/vp/robot_ws/install/diffbot_description/share/diffbot_description/local_setup.zsh
[0.916s] -- Up-to-date symlink: /home/vp/robot_ws/install/diffbot_description/share/diffbot_description/local_setup.dsv
[0.917s] -- Symlinking: /home/vp/robot_ws/install/diffbot_description/share/diffbot_description/package.dsv
[0.937s] -- Up-to-date symlink: /home/vp/robot_ws/install/diffbot_description/share/ament_index/resource_index/packages/diffbot_description
[0.940s] -- Up-to-date symlink: /home/vp/robot_ws/install/diffbot_description/share/diffbot_description/cmake/diffbot_descriptionConfig.cmake
[0.942s] -- Up-to-date symlink: /home/vp/robot_ws/install/diffbot_description/share/diffbot_description/cmake/diffbot_descriptionConfig-version.cmake
[0.943s] -- Up-to-date symlink: /home/vp/robot_ws/install/diffbot_description/share/diffbot_description/package.xml
[0.973s] Invoked command in '/home/vp/robot_ws/build/diffbot_description' returned '0': CMAKE_PREFIX_PATH=${CMAKE_PREFIX_PATH}:/home/vp/robot_ws/install/ros2_control_test_nodes:/home/vp/robot_ws/install/odrive_driver:/opt/ros/foxy /usr/bin/cmake --install /home/vp/robot_ws/build/diffbot_description
