running develop
running egg_info
creating odom_vp.egg-info
writing odom_vp.egg-info/PKG-INFO
writing dependency_links to odom_vp.egg-info/dependency_links.txt
writing entry points to odom_vp.egg-info/entry_points.txt
writing requirements to odom_vp.egg-info/requires.txt
writing top-level names to odom_vp.egg-info/top_level.txt
writing manifest file 'odom_vp.egg-info/SOURCES.txt'
reading manifest file 'odom_vp.egg-info/SOURCES.txt'
writing manifest file 'odom_vp.egg-info/SOURCES.txt'
running build_ext
Creating /home/vp/robot_ws/install/odom_vp/lib/python3.8/site-packages/site.py
Creating /home/vp/robot_ws/install/odom_vp/lib/python3.8/site-packages/odom-vp.egg-link (link to .)
Installing odom_node script to /home/vp/robot_ws/install/odom_vp/lib/odom_vp

Installed /home/vp/robot_ws/build/odom_vp
running install_data
creating /home/vp/robot_ws/install/odom_vp/share
creating /home/vp/robot_ws/install/odom_vp/share/ament_index
creating /home/vp/robot_ws/install/odom_vp/share/ament_index/resource_index
creating /home/vp/robot_ws/install/odom_vp/share/ament_index/resource_index/packages
copying resource/odom_vp -> /home/vp/robot_ws/install/odom_vp/share/ament_index/resource_index/packages
creating /home/vp/robot_ws/install/odom_vp/share/odom_vp
copying package.xml -> /home/vp/robot_ws/install/odom_vp/share/odom_vp
