[0.933s] Invoking command in '/home/vp/robot_ws/build/odom_vp': PYTHONPATH=/home/vp/robot_ws/build/odom_vp/prefix_override:/home/vp/robot_ws/install/odom_vp/lib/python3.8/site-packages:${PYTHONPATH} /usr/bin/python3 setup.py develop --editable --build-directory /home/vp/robot_ws/build/odom_vp/build --no-deps install_data
[1.265s] running develop
[1.453s] running egg_info
[1.453s] creating odom_vp.egg-info
[1.454s] writing odom_vp.egg-info/PKG-INFO
[1.454s] writing dependency_links to odom_vp.egg-info/dependency_links.txt
[1.454s] writing entry points to odom_vp.egg-info/entry_points.txt
[1.454s] writing requirements to odom_vp.egg-info/requires.txt
[1.455s] writing top-level names to odom_vp.egg-info/top_level.txt
[1.456s] writing manifest file 'odom_vp.egg-info/SOURCES.txt'
[1.492s] reading manifest file 'odom_vp.egg-info/SOURCES.txt'
[1.492s] writing manifest file 'odom_vp.egg-info/SOURCES.txt'
[1.533s] running build_ext
[1.534s] Creating /home/vp/robot_ws/install/odom_vp/lib/python3.8/site-packages/site.py
[1.536s] Creating /home/vp/robot_ws/install/odom_vp/lib/python3.8/site-packages/odom-vp.egg-link (link to .)
[1.538s] Installing odom_node script to /home/vp/robot_ws/install/odom_vp/lib/odom_vp
[1.538s] 
[1.539s] Installed /home/vp/robot_ws/build/odom_vp
[1.539s] running install_data
[1.539s] creating /home/vp/robot_ws/install/odom_vp/share
[1.539s] creating /home/vp/robot_ws/install/odom_vp/share/ament_index
[1.539s] creating /home/vp/robot_ws/install/odom_vp/share/ament_index/resource_index
[1.540s] creating /home/vp/robot_ws/install/odom_vp/share/ament_index/resource_index/packages
[1.540s] copying resource/odom_vp -> /home/vp/robot_ws/install/odom_vp/share/ament_index/resource_index/packages
[1.540s] creating /home/vp/robot_ws/install/odom_vp/share/odom_vp
[1.540s] copying package.xml -> /home/vp/robot_ws/install/odom_vp/share/odom_vp
[1.578s] Invoked command in '/home/vp/robot_ws/build/odom_vp' returned '0': PYTHONPATH=/home/vp/robot_ws/build/odom_vp/prefix_override:/home/vp/robot_ws/install/odom_vp/lib/python3.8/site-packages:${PYTHONPATH} /usr/bin/python3 setup.py develop --editable --build-directory /home/vp/robot_ws/build/odom_vp/build --no-deps install_data
