[0.124s] Invoking command in '/home/vp/robot_ws/build/diff_drive_controller': CMAKE_PREFIX_PATH=${CMAKE_PREFIX_PATH}:/home/vp/robot_ws/install/two_wheel_demo:/home/vp/robot_ws/install/odrive_driver:/home/vp/robot_ws/install/odom:/opt/ros/foxy /usr/bin/cmake --build /home/vp/robot_ws/build/diff_drive_controller -- -j8 -l8
[0.819s] [ 13%] Built target gmock_main
[0.821s] [ 33%] Built target gmock
[0.822s] [ 60%] Built target diff_drive_controller
[0.822s] [ 73%] Built target test_accumulator
[0.823s] [ 86%] Built target test_load_diff_drive_controller
[0.823s] [100%] Built target test_diff_drive_controller
[0.827s] Invoked command in '/home/vp/robot_ws/build/diff_drive_controller' returned '0': CMAKE_PREFIX_PATH=${CMAKE_PREFIX_PATH}:/home/vp/robot_ws/install/two_wheel_demo:/home/vp/robot_ws/install/odrive_driver:/home/vp/robot_ws/install/odom:/opt/ros/foxy /usr/bin/cmake --build /home/vp/robot_ws/build/diff_drive_controller -- -j8 -l8
[0.926s] Invoking command in '/home/vp/robot_ws/build/diff_drive_controller': CMAKE_PREFIX_PATH=${CMAKE_PREFIX_PATH}:/home/vp/robot_ws/install/two_wheel_demo:/home/vp/robot_ws/install/odrive_driver:/home/vp/robot_ws/install/odom:/opt/ros/foxy /usr/bin/cmake --install /home/vp/robot_ws/build/diff_drive_controller
[0.941s] -- Install configuration: ""
[0.944s] -- Execute custom install script
[0.944s] -- Up-to-date symlink: /home/vp/robot_ws/install/diff_drive_controller/share/diff_drive_controller//diff_drive_plugin.xml
[0.944s] -- Up-to-date symlink: /home/vp/robot_ws/install/diff_drive_controller/include/diff_drive_controller/diff_drive_controller.hpp
[0.945s] -- Up-to-date symlink: /home/vp/robot_ws/install/diff_drive_controller/include/diff_drive_controller/odometry.hpp
[0.945s] -- Up-to-date symlink: /home/vp/robot_ws/install/diff_drive_controller/include/diff_drive_controller/rolling_mean_accumulator.hpp
[0.945s] -- Up-to-date symlink: /home/vp/robot_ws/install/diff_drive_controller/include/diff_drive_controller/speed_limiter.hpp
[0.946s] -- Up-to-date symlink: /home/vp/robot_ws/install/diff_drive_controller/include/diff_drive_controller/visibility_control.h
[0.946s] -- Up-to-date symlink: /home/vp/robot_ws/install/diff_drive_controller/lib/libdiff_drive_controller.so
[0.947s] -- Up-to-date symlink: /home/vp/robot_ws/install/diff_drive_controller/share/diff_drive_controller/environment/library_path.sh
[0.947s] -- Up-to-date symlink: /home/vp/robot_ws/install/diff_drive_controller/share/diff_drive_controller/environment/library_path.dsv
[0.948s] -- Up-to-date symlink: /home/vp/robot_ws/install/diff_drive_controller/share/ament_index/resource_index/package_run_dependencies/diff_drive_controller
[0.950s] -- Up-to-date symlink: /home/vp/robot_ws/install/diff_drive_controller/share/ament_index/resource_index/parent_prefix_path/diff_drive_controller
[0.950s] -- Up-to-date symlink: /home/vp/robot_ws/install/diff_drive_controller/share/diff_drive_controller/environment/ament_prefix_path.sh
[0.951s] -- Up-to-date symlink: /home/vp/robot_ws/install/diff_drive_controller/share/diff_drive_controller/environment/ament_prefix_path.dsv
[0.951s] -- Up-to-date symlink: /home/vp/robot_ws/install/diff_drive_controller/share/diff_drive_controller/environment/path.sh
[0.952s] -- Up-to-date symlink: /home/vp/robot_ws/install/diff_drive_controller/share/diff_drive_controller/environment/path.dsv
[0.952s] -- Up-to-date symlink: /home/vp/robot_ws/install/diff_drive_controller/share/diff_drive_controller/local_setup.bash
[0.953s] -- Up-to-date symlink: /home/vp/robot_ws/install/diff_drive_controller/share/diff_drive_controller/local_setup.sh
[0.953s] -- Up-to-date symlink: /home/vp/robot_ws/install/diff_drive_controller/share/diff_drive_controller/local_setup.zsh
[0.953s] -- Up-to-date symlink: /home/vp/robot_ws/install/diff_drive_controller/share/diff_drive_controller/local_setup.dsv
[0.954s] -- Symlinking: /home/vp/robot_ws/install/diff_drive_controller/share/diff_drive_controller/package.dsv
[0.969s] -- Up-to-date symlink: /home/vp/robot_ws/install/diff_drive_controller/share/ament_index/resource_index/packages/diff_drive_controller
[0.969s] -- Up-to-date symlink: /home/vp/robot_ws/install/diff_drive_controller/share/ament_index/resource_index/controller_interface__pluginlib__plugin/diff_drive_controller
[0.969s] -- Up-to-date symlink: /home/vp/robot_ws/install/diff_drive_controller/share/diff_drive_controller/cmake/ament_cmake_export_dependencies-extras.cmake
[0.969s] -- Up-to-date symlink: /home/vp/robot_ws/install/diff_drive_controller/share/diff_drive_controller/cmake/ament_cmake_export_include_directories-extras.cmake
[0.971s] -- Up-to-date symlink: /home/vp/robot_ws/install/diff_drive_controller/share/diff_drive_controller/cmake/ament_cmake_export_libraries-extras.cmake
[0.971s] -- Up-to-date symlink: /home/vp/robot_ws/install/diff_drive_controller/share/diff_drive_controller/cmake/diff_drive_controllerConfig.cmake
[0.971s] -- Up-to-date symlink: /home/vp/robot_ws/install/diff_drive_controller/share/diff_drive_controller/cmake/diff_drive_controllerConfig-version.cmake
[0.972s] -- Up-to-date symlink: /home/vp/robot_ws/install/diff_drive_controller/share/diff_drive_controller/package.xml
[1.010s] Invoked command in '/home/vp/robot_ws/build/diff_drive_controller' returned '0': CMAKE_PREFIX_PATH=${CMAKE_PREFIX_PATH}:/home/vp/robot_ws/install/two_wheel_demo:/home/vp/robot_ws/install/odrive_driver:/home/vp/robot_ws/install/odom:/opt/ros/foxy /usr/bin/cmake --install /home/vp/robot_ws/build/diff_drive_controller
