[0.101s] Invoking command in '/home/vp/robot_ws/build/micro_ros_msgs': CMAKE_PREFIX_PATH=${CMAKE_PREFIX_PATH}:/home/vp/robot_ws/install/two_wheel_demo:/home/vp/robot_ws/install/odrive_driver:/home/vp/robot_ws/install/odom:/opt/ros/foxy /usr/bin/cmake --build /home/vp/robot_ws/build/micro_ros_msgs -- -j8 -l8
[0.839s] [  2%] Built target micro_ros_msgs__cpp
[0.840s] [ 12%] Built target micro_ros_msgs__rosidl_generator_c
[0.840s] [ 23%] Built target micro_ros_msgs__rosidl_typesupport_fastrtps_cpp
[0.842s] [ 38%] Built target micro_ros_msgs__rosidl_typesupport_c
[0.842s] [ 44%] Built target micro_ros_msgs__rosidl_typesupport_introspection_cpp
[0.843s] [ 55%] Built target micro_ros_msgs__rosidl_typesupport_cpp
[0.845s] [ 65%] Built target micro_ros_msgs__rosidl_typesupport_introspection_c
[0.846s] [ 76%] Built target micro_ros_msgs__rosidl_typesupport_fastrtps_c
[0.847s] [ 76%] Built target micro_ros_msgs
[0.847s] [ 78%] Built target micro_ros_msgs__py
[0.847s] [ 87%] Built target micro_ros_msgs__python
[0.847s] [ 91%] Built target micro_ros_msgs__rosidl_typesupport_fastrtps_c__pyext
[0.848s] [ 95%] Built target micro_ros_msgs__rosidl_typesupport_c__pyext
[0.848s] [100%] Built target micro_ros_msgs__rosidl_typesupport_introspection_c__pyext
[0.863s] Invoked command in '/home/vp/robot_ws/build/micro_ros_msgs' returned '0': CMAKE_PREFIX_PATH=${CMAKE_PREFIX_PATH}:/home/vp/robot_ws/install/two_wheel_demo:/home/vp/robot_ws/install/odrive_driver:/home/vp/robot_ws/install/odom:/opt/ros/foxy /usr/bin/cmake --build /home/vp/robot_ws/build/micro_ros_msgs -- -j8 -l8
[1.051s] Invoking command in '/home/vp/robot_ws/build/micro_ros_msgs': CMAKE_PREFIX_PATH=${CMAKE_PREFIX_PATH}:/home/vp/robot_ws/install/two_wheel_demo:/home/vp/robot_ws/install/odrive_driver:/home/vp/robot_ws/install/odom:/opt/ros/foxy /usr/bin/cmake --install /home/vp/robot_ws/build/micro_ros_msgs
[1.069s] -- Install configuration: ""
[1.070s] -- Execute custom install script
[1.072s] -- Up-to-date symlink: /home/vp/robot_ws/install/micro_ros_msgs/share/ament_index/resource_index/rosidl_interfaces/micro_ros_msgs
[1.072s] -- Up-to-date symlink: /home/vp/robot_ws/install/micro_ros_msgs/include/micro_ros_msgs/msg/detail/entity__functions.h
[1.073s] -- Up-to-date symlink: /home/vp/robot_ws/install/micro_ros_msgs/include/micro_ros_msgs/msg/detail/entity__struct.h
[1.074s] -- Up-to-date symlink: /home/vp/robot_ws/install/micro_ros_msgs/include/micro_ros_msgs/msg/detail/entity__type_support.h
[1.074s] -- Up-to-date symlink: /home/vp/robot_ws/install/micro_ros_msgs/include/micro_ros_msgs/msg/detail/graph__functions.h
[1.075s] -- Up-to-date symlink: /home/vp/robot_ws/install/micro_ros_msgs/include/micro_ros_msgs/msg/detail/graph__struct.h
[1.076s] -- Up-to-date symlink: /home/vp/robot_ws/install/micro_ros_msgs/include/micro_ros_msgs/msg/detail/graph__type_support.h
[1.076s] -- Up-to-date symlink: /home/vp/robot_ws/install/micro_ros_msgs/include/micro_ros_msgs/msg/detail/node__functions.h
[1.077s] -- Up-to-date symlink: /home/vp/robot_ws/install/micro_ros_msgs/include/micro_ros_msgs/msg/detail/node__struct.h
[1.083s] -- Up-to-date symlink: /home/vp/robot_ws/install/micro_ros_msgs/include/micro_ros_msgs/msg/detail/node__type_support.h
[1.084s] -- Up-to-date symlink: /home/vp/robot_ws/install/micro_ros_msgs/include/micro_ros_msgs/msg/entity.h
[1.084s] -- Up-to-date symlink: /home/vp/robot_ws/install/micro_ros_msgs/include/micro_ros_msgs/msg/graph.h
[1.085s] -- Up-to-date symlink: /home/vp/robot_ws/install/micro_ros_msgs/include/micro_ros_msgs/msg/node.h
[1.086s] -- Up-to-date symlink: /home/vp/robot_ws/install/micro_ros_msgs/include/micro_ros_msgs/msg/rosidl_generator_c__visibility_control.h
[1.087s] -- Up-to-date symlink: /home/vp/robot_ws/install/micro_ros_msgs/share/micro_ros_msgs/environment/library_path.sh
[1.090s] -- Up-to-date symlink: /home/vp/robot_ws/install/micro_ros_msgs/share/micro_ros_msgs/environment/library_path.dsv
[1.093s] -- Up-to-date symlink: /home/vp/robot_ws/install/micro_ros_msgs/include/micro_ros_msgs/msg/detail/entity__rosidl_typesupport_fastrtps_c.h
[1.094s] -- Up-to-date symlink: /home/vp/robot_ws/install/micro_ros_msgs/include/micro_ros_msgs/msg/detail/graph__rosidl_typesupport_fastrtps_c.h
[1.094s] -- Up-to-date symlink: /home/vp/robot_ws/install/micro_ros_msgs/include/micro_ros_msgs/msg/detail/node__rosidl_typesupport_fastrtps_c.h
[1.095s] -- Up-to-date symlink: /home/vp/robot_ws/install/micro_ros_msgs/include/micro_ros_msgs/msg/rosidl_typesupport_fastrtps_c__visibility_control.h
[1.096s] -- Up-to-date symlink: /home/vp/robot_ws/install/micro_ros_msgs/lib/libmicro_ros_msgs__rosidl_typesupport_fastrtps_c.so
[1.097s] -- Up-to-date symlink: /home/vp/robot_ws/install/micro_ros_msgs/include/micro_ros_msgs/msg/detail/entity__rosidl_typesupport_fastrtps_cpp.hpp
[1.097s] -- Up-to-date symlink: /home/vp/robot_ws/install/micro_ros_msgs/include/micro_ros_msgs/msg/detail/graph__rosidl_typesupport_fastrtps_cpp.hpp
[1.097s] -- Up-to-date symlink: /home/vp/robot_ws/install/micro_ros_msgs/include/micro_ros_msgs/msg/detail/node__rosidl_typesupport_fastrtps_cpp.hpp
[1.098s] -- Up-to-date symlink: /home/vp/robot_ws/install/micro_ros_msgs/include/micro_ros_msgs/msg/rosidl_typesupport_fastrtps_cpp__visibility_control.h
[1.099s] -- Up-to-date symlink: /home/vp/robot_ws/install/micro_ros_msgs/lib/libmicro_ros_msgs__rosidl_typesupport_fastrtps_cpp.so
[1.100s] -- Up-to-date symlink: /home/vp/robot_ws/install/micro_ros_msgs/include/micro_ros_msgs/msg/detail/entity__rosidl_typesupport_introspection_c.h
[1.100s] -- Up-to-date symlink: /home/vp/robot_ws/install/micro_ros_msgs/include/micro_ros_msgs/msg/detail/graph__rosidl_typesupport_introspection_c.h
[1.100s] -- Up-to-date symlink: /home/vp/robot_ws/install/micro_ros_msgs/include/micro_ros_msgs/msg/detail/node__rosidl_typesupport_introspection_c.h
[1.101s] -- Up-to-date symlink: /home/vp/robot_ws/install/micro_ros_msgs/include/micro_ros_msgs/msg/rosidl_typesupport_introspection_c__visibility_control.h
[1.101s] -- Up-to-date symlink: /home/vp/robot_ws/install/micro_ros_msgs/include/micro_ros_msgs/msg/detail/entity__builder.hpp
[1.101s] -- Up-to-date symlink: /home/vp/robot_ws/install/micro_ros_msgs/include/micro_ros_msgs/msg/detail/entity__struct.hpp
[1.102s] -- Up-to-date symlink: /home/vp/robot_ws/install/micro_ros_msgs/include/micro_ros_msgs/msg/detail/entity__traits.hpp
[1.102s] -- Up-to-date symlink: /home/vp/robot_ws/install/micro_ros_msgs/include/micro_ros_msgs/msg/detail/graph__builder.hpp
[1.102s] -- Up-to-date symlink: /home/vp/robot_ws/install/micro_ros_msgs/include/micro_ros_msgs/msg/detail/graph__struct.hpp
[1.102s] -- Up-to-date symlink: /home/vp/robot_ws/install/micro_ros_msgs/include/micro_ros_msgs/msg/detail/graph__traits.hpp
[1.102s] -- Up-to-date symlink: /home/vp/robot_ws/install/micro_ros_msgs/include/micro_ros_msgs/msg/detail/node__builder.hpp
[1.102s] -- Up-to-date symlink: /home/vp/robot_ws/install/micro_ros_msgs/include/micro_ros_msgs/msg/detail/node__struct.hpp
[1.103s] -- Up-to-date symlink: /home/vp/robot_ws/install/micro_ros_msgs/include/micro_ros_msgs/msg/detail/node__traits.hpp
[1.103s] -- Up-to-date symlink: /home/vp/robot_ws/install/micro_ros_msgs/include/micro_ros_msgs/msg/entity.hpp
[1.103s] -- Up-to-date symlink: /home/vp/robot_ws/install/micro_ros_msgs/include/micro_ros_msgs/msg/graph.hpp
[1.104s] -- Up-to-date symlink: /home/vp/robot_ws/install/micro_ros_msgs/include/micro_ros_msgs/msg/node.hpp
[1.104s] -- Up-to-date symlink: /home/vp/robot_ws/install/micro_ros_msgs/include/micro_ros_msgs/msg/detail/entity__rosidl_typesupport_introspection_cpp.hpp
[1.104s] -- Up-to-date symlink: /home/vp/robot_ws/install/micro_ros_msgs/include/micro_ros_msgs/msg/detail/graph__rosidl_typesupport_introspection_cpp.hpp
[1.104s] -- Up-to-date symlink: /home/vp/robot_ws/install/micro_ros_msgs/include/micro_ros_msgs/msg/detail/node__rosidl_typesupport_introspection_cpp.hpp
[1.127s] -- Up-to-date symlink: /home/vp/robot_ws/install/micro_ros_msgs/share/micro_ros_msgs/environment/pythonpath.sh
[1.127s] -- Up-to-date symlink: /home/vp/robot_ws/install/micro_ros_msgs/share/micro_ros_msgs/environment/pythonpath.dsv
[1.128s] -- Up-to-date symlink: /home/vp/robot_ws/install/micro_ros_msgs/lib/python3.8/site-packages/micro_ros_msgs/__init__.py
[1.128s] -- Up-to-date symlink: /home/vp/robot_ws/install/micro_ros_msgs/lib/python3.8/site-packages/micro_ros_msgs/msg/__init__.py
[1.128s] -- Up-to-date symlink: /home/vp/robot_ws/install/micro_ros_msgs/lib/python3.8/site-packages/micro_ros_msgs/msg/_entity.py
[1.128s] -- Up-to-date symlink: /home/vp/robot_ws/install/micro_ros_msgs/lib/python3.8/site-packages/micro_ros_msgs/msg/_graph.py
[1.128s] -- Up-to-date symlink: /home/vp/robot_ws/install/micro_ros_msgs/lib/python3.8/site-packages/micro_ros_msgs/msg/_node.py
[1.129s] -- Up-to-date symlink: /home/vp/robot_ws/install/micro_ros_msgs/lib/python3.8/site-packages/micro_ros_msgs/micro_ros_msgs_s__rosidl_typesupport_fastrtps_c.cpython-38-x86_64-linux-gnu.so
[1.129s] -- Up-to-date symlink: /home/vp/robot_ws/install/micro_ros_msgs/lib/python3.8/site-packages/micro_ros_msgs/micro_ros_msgs_s__rosidl_typesupport_introspection_c.cpython-38-x86_64-linux-gnu.so
[1.129s] -- Up-to-date symlink: /home/vp/robot_ws/install/micro_ros_msgs/lib/python3.8/site-packages/micro_ros_msgs/micro_ros_msgs_s__rosidl_typesupport_c.cpython-38-x86_64-linux-gnu.so
[1.129s] -- Up-to-date symlink: /home/vp/robot_ws/install/micro_ros_msgs/lib/libmicro_ros_msgs__python.so
[1.130s] -- Up-to-date symlink: /home/vp/robot_ws/install/micro_ros_msgs/share/micro_ros_msgs/msg/Graph.idl
[1.130s] -- Up-to-date symlink: /home/vp/robot_ws/install/micro_ros_msgs/share/micro_ros_msgs/msg/Node.idl
[1.131s] -- Up-to-date symlink: /home/vp/robot_ws/install/micro_ros_msgs/share/micro_ros_msgs/msg/Entity.idl
[1.131s] -- Up-to-date symlink: /home/vp/robot_ws/install/micro_ros_msgs/share/micro_ros_msgs/msg/Graph.msg
[1.133s] -- Up-to-date symlink: /home/vp/robot_ws/install/micro_ros_msgs/share/micro_ros_msgs/msg/Node.msg
[1.137s] -- Up-to-date symlink: /home/vp/robot_ws/install/micro_ros_msgs/share/micro_ros_msgs/msg/Entity.msg
[1.138s] -- Up-to-date symlink: /home/vp/robot_ws/install/micro_ros_msgs/share/ament_index/resource_index/package_run_dependencies/micro_ros_msgs
[1.139s] -- Up-to-date symlink: /home/vp/robot_ws/install/micro_ros_msgs/share/ament_index/resource_index/parent_prefix_path/micro_ros_msgs
[1.140s] -- Up-to-date symlink: /home/vp/robot_ws/install/micro_ros_msgs/share/micro_ros_msgs/environment/ament_prefix_path.sh
[1.141s] -- Up-to-date symlink: /home/vp/robot_ws/install/micro_ros_msgs/share/micro_ros_msgs/environment/ament_prefix_path.dsv
[1.141s] -- Up-to-date symlink: /home/vp/robot_ws/install/micro_ros_msgs/share/micro_ros_msgs/environment/path.sh
[1.142s] -- Up-to-date symlink: /home/vp/robot_ws/install/micro_ros_msgs/share/micro_ros_msgs/environment/path.dsv
[1.144s] -- Up-to-date symlink: /home/vp/robot_ws/install/micro_ros_msgs/share/micro_ros_msgs/local_setup.bash
[1.148s] -- Up-to-date symlink: /home/vp/robot_ws/install/micro_ros_msgs/share/micro_ros_msgs/local_setup.sh
[1.150s] -- Up-to-date symlink: /home/vp/robot_ws/install/micro_ros_msgs/share/micro_ros_msgs/local_setup.zsh
[1.150s] -- Up-to-date symlink: /home/vp/robot_ws/install/micro_ros_msgs/share/micro_ros_msgs/local_setup.dsv
[1.152s] -- Symlinking: /home/vp/robot_ws/install/micro_ros_msgs/share/micro_ros_msgs/package.dsv
[1.158s] -- Up-to-date symlink: /home/vp/robot_ws/install/micro_ros_msgs/share/ament_index/resource_index/packages/micro_ros_msgs
[1.158s] -- Up-to-date symlink: /home/vp/robot_ws/install/micro_ros_msgs/share/micro_ros_msgs/cmake/rosidl_cmake-extras.cmake
[1.159s] -- Up-to-date symlink: /home/vp/robot_ws/install/micro_ros_msgs/share/micro_ros_msgs/cmake/ament_cmake_export_dependencies-extras.cmake
[1.160s] -- Up-to-date symlink: /home/vp/robot_ws/install/micro_ros_msgs/share/micro_ros_msgs/cmake/ament_cmake_export_libraries-extras.cmake
[1.160s] -- Up-to-date symlink: /home/vp/robot_ws/install/micro_ros_msgs/share/micro_ros_msgs/cmake/ament_cmake_export_targets-extras.cmake
[1.160s] -- Up-to-date symlink: /home/vp/robot_ws/install/micro_ros_msgs/share/micro_ros_msgs/cmake/ament_cmake_export_include_directories-extras.cmake
[1.161s] -- Up-to-date symlink: /home/vp/robot_ws/install/micro_ros_msgs/share/micro_ros_msgs/cmake/rosidl_cmake_export_typesupport_libraries-extras.cmake
[1.173s] -- Up-to-date symlink: /home/vp/robot_ws/install/micro_ros_msgs/share/micro_ros_msgs/cmake/rosidl_cmake_export_typesupport_targets-extras.cmake
[1.174s] -- Up-to-date symlink: /home/vp/robot_ws/install/micro_ros_msgs/share/micro_ros_msgs/cmake/micro_ros_msgsConfig.cmake
[1.175s] -- Up-to-date symlink: /home/vp/robot_ws/install/micro_ros_msgs/share/micro_ros_msgs/cmake/micro_ros_msgsConfig-version.cmake
[1.175s] -- Up-to-date symlink: /home/vp/robot_ws/install/micro_ros_msgs/share/micro_ros_msgs/package.xml
[1.176s] -- Up-to-date: /home/vp/robot_ws/install/micro_ros_msgs/lib/libmicro_ros_msgs__rosidl_generator_c.so
[1.176s] -- Up-to-date: /home/vp/robot_ws/install/micro_ros_msgs/lib/libmicro_ros_msgs__rosidl_typesupport_introspection_c.so
[1.176s] -- Up-to-date: /home/vp/robot_ws/install/micro_ros_msgs/lib/libmicro_ros_msgs__rosidl_typesupport_c.so
[1.176s] -- Up-to-date: /home/vp/robot_ws/install/micro_ros_msgs/lib/libmicro_ros_msgs__rosidl_typesupport_introspection_cpp.so
[1.177s] -- Up-to-date: /home/vp/robot_ws/install/micro_ros_msgs/lib/libmicro_ros_msgs__rosidl_typesupport_cpp.so
[1.204s] -- Up-to-date: /home/vp/robot_ws/install/micro_ros_msgs/share/micro_ros_msgs/cmake/micro_ros_msgs__rosidl_generator_cExport.cmake
[1.205s] -- Up-to-date: /home/vp/robot_ws/install/micro_ros_msgs/share/micro_ros_msgs/cmake/micro_ros_msgs__rosidl_generator_cExport-noconfig.cmake
[1.205s] -- Up-to-date: /home/vp/robot_ws/install/micro_ros_msgs/share/micro_ros_msgs/cmake/micro_ros_msgs__rosidl_typesupport_introspection_cExport.cmake
[1.206s] -- Up-to-date: /home/vp/robot_ws/install/micro_ros_msgs/share/micro_ros_msgs/cmake/micro_ros_msgs__rosidl_typesupport_introspection_cExport-noconfig.cmake
[1.210s] -- Up-to-date: /home/vp/robot_ws/install/micro_ros_msgs/share/micro_ros_msgs/cmake/micro_ros_msgs__rosidl_typesupport_cExport.cmake
[1.210s] -- Up-to-date: /home/vp/robot_ws/install/micro_ros_msgs/share/micro_ros_msgs/cmake/micro_ros_msgs__rosidl_typesupport_cExport-noconfig.cmake
[1.211s] -- Up-to-date: /home/vp/robot_ws/install/micro_ros_msgs/share/micro_ros_msgs/cmake/micro_ros_msgs__rosidl_generator_cppExport.cmake
[1.211s] -- Up-to-date: /home/vp/robot_ws/install/micro_ros_msgs/share/micro_ros_msgs/cmake/micro_ros_msgs__rosidl_typesupport_introspection_cppExport.cmake
[1.211s] -- Up-to-date: /home/vp/robot_ws/install/micro_ros_msgs/share/micro_ros_msgs/cmake/micro_ros_msgs__rosidl_typesupport_introspection_cppExport-noconfig.cmake
[1.212s] -- Up-to-date: /home/vp/robot_ws/install/micro_ros_msgs/share/micro_ros_msgs/cmake/micro_ros_msgs__rosidl_typesupport_cppExport.cmake
[1.212s] -- Up-to-date: /home/vp/robot_ws/install/micro_ros_msgs/share/micro_ros_msgs/cmake/micro_ros_msgs__rosidl_typesupport_cppExport-noconfig.cmake
[1.242s] Invoked command in '/home/vp/robot_ws/build/micro_ros_msgs' returned '0': CMAKE_PREFIX_PATH=${CMAKE_PREFIX_PATH}:/home/vp/robot_ws/install/two_wheel_demo:/home/vp/robot_ws/install/odrive_driver:/home/vp/robot_ws/install/odom:/opt/ros/foxy /usr/bin/cmake --install /home/vp/robot_ws/build/micro_ros_msgs
