[0.713s] Invoking command in '/home/vp/robot_ws/build/rrbot_description': CMAKE_PREFIX_PATH=${CMAKE_PREFIX_PATH}:/home/vp/robot_ws/install/ros2_control_test_nodes:/home/vp/robot_ws/install/odrive_driver:/opt/ros/foxy /usr/bin/cmake /home/vp/robot_ws/src/ros2_control_demos/ros2_control_demo_description/rrbot_description -DAMENT_CMAKE_SYMLINK_INSTALL=1 -DCMAKE_INSTALL_PREFIX=/home/vp/robot_ws/install/rrbot_description
[1.232s] -- Found ament_cmake: 0.9.11 (/opt/ros/foxy/share/ament_cmake/cmake)
[1.232s] -- Using PYTHON_EXECUTABLE: /usr/bin/python3
[1.232s] -- Override CMake install command with custom implementation using symlinks instead of copying resources
[1.307s] -- Configuring done
[1.328s] -- Generating done
[1.333s] -- Build files have been written to: /home/vp/robot_ws/build/rrbot_description
[1.353s] Invoked command in '/home/vp/robot_ws/build/rrbot_description' returned '0': CMAKE_PREFIX_PATH=${CMAKE_PREFIX_PATH}:/home/vp/robot_ws/install/ros2_control_test_nodes:/home/vp/robot_ws/install/odrive_driver:/opt/ros/foxy /usr/bin/cmake /home/vp/robot_ws/src/ros2_control_demos/ros2_control_demo_description/rrbot_description -DAMENT_CMAKE_SYMLINK_INSTALL=1 -DCMAKE_INSTALL_PREFIX=/home/vp/robot_ws/install/rrbot_description
[1.355s] Invoking command in '/home/vp/robot_ws/build/rrbot_description': CMAKE_PREFIX_PATH=${CMAKE_PREFIX_PATH}:/home/vp/robot_ws/install/ros2_control_test_nodes:/home/vp/robot_ws/install/odrive_driver:/opt/ros/foxy /usr/bin/cmake --build /home/vp/robot_ws/build/rrbot_description -- -j8 -l8
[1.511s] Invoked command in '/home/vp/robot_ws/build/rrbot_description' returned '0': CMAKE_PREFIX_PATH=${CMAKE_PREFIX_PATH}:/home/vp/robot_ws/install/ros2_control_test_nodes:/home/vp/robot_ws/install/odrive_driver:/opt/ros/foxy /usr/bin/cmake --build /home/vp/robot_ws/build/rrbot_description -- -j8 -l8
[1.635s] Invoking command in '/home/vp/robot_ws/build/rrbot_description': CMAKE_PREFIX_PATH=${CMAKE_PREFIX_PATH}:/home/vp/robot_ws/install/ros2_control_test_nodes:/home/vp/robot_ws/install/odrive_driver:/opt/ros/foxy /usr/bin/cmake --install /home/vp/robot_ws/build/rrbot_description
[1.668s] -- Install configuration: ""
[1.668s] -- Execute custom install script
[1.668s] -- Up-to-date symlink: /home/vp/robot_ws/install/rrbot_description/share/rrbot_description/config/rrbot.rviz
[1.669s] -- Up-to-date symlink: /home/vp/robot_ws/install/rrbot_description/share/rrbot_description/gazebo/rrbot.gazebo.xacro
[1.669s] -- Up-to-date symlink: /home/vp/robot_ws/install/rrbot_description/share/rrbot_description/gazebo/rrbot.materials.xacro
[1.671s] -- Up-to-date symlink: /home/vp/robot_ws/install/rrbot_description/share/rrbot_description/meshes/hokuyo.dae
[1.671s] -- Up-to-date symlink: /home/vp/robot_ws/install/rrbot_description/share/rrbot_description/launch/view_robot.launch.py
[1.671s] -- Up-to-date symlink: /home/vp/robot_ws/install/rrbot_description/share/rrbot_description/ros2_control/rrbot.ros2_control.xacro
[1.672s] -- Up-to-date symlink: /home/vp/robot_ws/install/rrbot_description/share/rrbot_description/ros2_control/rrbot_system_multi_interface.ros2_control.xacro
[1.672s] -- Up-to-date symlink: /home/vp/robot_ws/install/rrbot_description/share/rrbot_description/ros2_control/rrbot_system_position_only.ros2_control.xacro
[1.672s] -- Up-to-date symlink: /home/vp/robot_ws/install/rrbot_description/share/rrbot_description/ros2_control/rrbot_system_with_sensor.ros2_control.xacro
[1.673s] -- Up-to-date symlink: /home/vp/robot_ws/install/rrbot_description/share/rrbot_description/urdf/rrbot.urdf.xacro
[1.673s] -- Up-to-date symlink: /home/vp/robot_ws/install/rrbot_description/share/rrbot_description/urdf/rrbot_description.urdf.xacro
[1.674s] -- Up-to-date symlink: /home/vp/robot_ws/install/rrbot_description/share/rrbot_description/urdf/rrbot_system_multi_interface.urdf.xacro
[1.674s] -- Up-to-date symlink: /home/vp/robot_ws/install/rrbot_description/share/rrbot_description/urdf/rrbot_system_position_only.urdf.xacro
[1.677s] -- Up-to-date symlink: /home/vp/robot_ws/install/rrbot_description/share/rrbot_description/urdf/rrbot_system_with_sensor.urdf.xacro
[1.680s] -- Up-to-date symlink: /home/vp/robot_ws/install/rrbot_description/share/rrbot_description/environment/rrbot_description.dsv
[1.680s] -- Up-to-date symlink: /home/vp/robot_ws/install/rrbot_description/share/ament_index/resource_index/package_run_dependencies/rrbot_description
[1.680s] -- Up-to-date symlink: /home/vp/robot_ws/install/rrbot_description/share/ament_index/resource_index/parent_prefix_path/rrbot_description
[1.681s] -- Up-to-date symlink: /home/vp/robot_ws/install/rrbot_description/share/rrbot_description/environment/ament_prefix_path.sh
[1.682s] -- Up-to-date symlink: /home/vp/robot_ws/install/rrbot_description/share/rrbot_description/environment/ament_prefix_path.dsv
[1.682s] -- Up-to-date symlink: /home/vp/robot_ws/install/rrbot_description/share/rrbot_description/environment/path.sh
[1.683s] -- Up-to-date symlink: /home/vp/robot_ws/install/rrbot_description/share/rrbot_description/environment/path.dsv
[1.683s] -- Up-to-date symlink: /home/vp/robot_ws/install/rrbot_description/share/rrbot_description/local_setup.bash
[1.683s] -- Up-to-date symlink: /home/vp/robot_ws/install/rrbot_description/share/rrbot_description/local_setup.sh
[1.684s] -- Up-to-date symlink: /home/vp/robot_ws/install/rrbot_description/share/rrbot_description/local_setup.zsh
[1.684s] -- Up-to-date symlink: /home/vp/robot_ws/install/rrbot_description/share/rrbot_description/local_setup.dsv
[1.685s] -- Symlinking: /home/vp/robot_ws/install/rrbot_description/share/rrbot_description/package.dsv
[1.705s] -- Up-to-date symlink: /home/vp/robot_ws/install/rrbot_description/share/ament_index/resource_index/packages/rrbot_description
[1.706s] -- Up-to-date symlink: /home/vp/robot_ws/install/rrbot_description/share/rrbot_description/cmake/rrbot_descriptionConfig.cmake
[1.706s] -- Up-to-date symlink: /home/vp/robot_ws/install/rrbot_description/share/rrbot_description/cmake/rrbot_descriptionConfig-version.cmake
[1.706s] -- Up-to-date symlink: /home/vp/robot_ws/install/rrbot_description/share/rrbot_description/package.xml
[1.773s] Invoked command in '/home/vp/robot_ws/build/rrbot_description' returned '0': CMAKE_PREFIX_PATH=${CMAKE_PREFIX_PATH}:/home/vp/robot_ws/install/ros2_control_test_nodes:/home/vp/robot_ws/install/odrive_driver:/opt/ros/foxy /usr/bin/cmake --install /home/vp/robot_ws/build/rrbot_description
