Performing C SOURCE FILE Test CMAKE_HAVE_LIBC_PTHREAD failed with the following output:
Change Dir: /home/vp/robot_ws/build/odometry_estimator/CMakeFiles/CMakeTmp

Run Build Command(s):/usr/bin/make cmTC_fdcfb/fast && /usr/bin/make -f CMakeFiles/cmTC_fdcfb.dir/build.make CMakeFiles/cmTC_fdcfb.dir/build
make[1]: ingresso nella directory «/home/vp/robot_ws/build/odometry_estimator/CMakeFiles/CMakeTmp»
Building C object CMakeFiles/cmTC_fdcfb.dir/src.c.o
/usr/bin/cc   -DCMAKE_HAVE_LIBC_PTHREAD   -o CMakeFiles/cmTC_fdcfb.dir/src.c.o   -c /home/vp/robot_ws/build/odometry_estimator/CMakeFiles/CMakeTmp/src.c
Linking C executable cmTC_fdcfb
/usr/bin/cmake -E cmake_link_script CMakeFiles/cmTC_fdcfb.dir/link.txt --verbose=1
/usr/bin/cc  -DCMAKE_HAVE_LIBC_PTHREAD    CMakeFiles/cmTC_fdcfb.dir/src.c.o  -o cmTC_fdcfb 
/usr/bin/ld: CMakeFiles/cmTC_fdcfb.dir/src.c.o: in function `main':
src.c:(.text+0x46): undefined reference to `pthread_create'
/usr/bin/ld: src.c:(.text+0x52): undefined reference to `pthread_detach'
/usr/bin/ld: src.c:(.text+0x63): undefined reference to `pthread_join'
collect2: error: ld returned 1 exit status
make[1]: *** [CMakeFiles/cmTC_fdcfb.dir/build.make:87: cmTC_fdcfb] Errore 1
make[1]: uscita dalla directory «/home/vp/robot_ws/build/odometry_estimator/CMakeFiles/CMakeTmp»
make: *** [Makefile:121: cmTC_fdcfb/fast] Errore 2


Source file was:
#include <pthread.h>

void* test_func(void* data)
{
  return data;
}

int main(void)
{
  pthread_t thread;
  pthread_create(&thread, NULL, test_func, NULL);
  pthread_detach(thread);
  pthread_join(thread, NULL);
  pthread_atfork(NULL, NULL, NULL);
  pthread_exit(NULL);

  return 0;
}

Determining if the function pthread_create exists in the pthreads failed with the following output:
Change Dir: /home/vp/robot_ws/build/odometry_estimator/CMakeFiles/CMakeTmp

Run Build Command(s):/usr/bin/make cmTC_72557/fast && /usr/bin/make -f CMakeFiles/cmTC_72557.dir/build.make CMakeFiles/cmTC_72557.dir/build
make[1]: ingresso nella directory «/home/vp/robot_ws/build/odometry_estimator/CMakeFiles/CMakeTmp»
Building C object CMakeFiles/cmTC_72557.dir/CheckFunctionExists.c.o
/usr/bin/cc   -DCHECK_FUNCTION_EXISTS=pthread_create   -o CMakeFiles/cmTC_72557.dir/CheckFunctionExists.c.o   -c /usr/share/cmake-3.16/Modules/CheckFunctionExists.c
Linking C executable cmTC_72557
/usr/bin/cmake -E cmake_link_script CMakeFiles/cmTC_72557.dir/link.txt --verbose=1
/usr/bin/cc  -DCHECK_FUNCTION_EXISTS=pthread_create    CMakeFiles/cmTC_72557.dir/CheckFunctionExists.c.o  -o cmTC_72557  -lpthreads 
/usr/bin/ld: impossibile trovare -lpthreads
collect2: error: ld returned 1 exit status
make[1]: *** [CMakeFiles/cmTC_72557.dir/build.make:87: cmTC_72557] Errore 1
make[1]: uscita dalla directory «/home/vp/robot_ws/build/odometry_estimator/CMakeFiles/CMakeTmp»
make: *** [Makefile:121: cmTC_72557/fast] Errore 2



