[0.465s] Invoking command in '/home/vp/robot_ws/build/odrive_hardware_interface': CMAKE_PREFIX_PATH=${CMAKE_PREFIX_PATH}:/home/vp/robot_ws/install/ros2_control_test_nodes:/home/vp/robot_ws/install/odrive_driver:/opt/ros/foxy /usr/bin/cmake /home/vp/robot_ws/src/odrive_ros2_control/odrive_hardware_interface -DAMENT_CMAKE_SYMLINK_INSTALL=1 -DCMAKE_INSTALL_PREFIX=/home/vp/robot_ws/install/odrive_hardware_interface
[0.813s] -- Found ament_cmake_auto: 0.9.11 (/opt/ros/foxy/share/ament_cmake_auto/cmake)
[0.814s] -- Using PYTHON_EXECUTABLE: /usr/bin/python3
[0.814s] -- Override CMake install command with custom implementation using symlinks instead of copying resources
[0.948s] -- Using all available rosidl_typesupport_c: rosidl_typesupport_fastrtps_c;rosidl_typesupport_introspection_c
[0.952s] -- Found rosidl_adapter: 1.3.0 (/opt/ros/foxy/share/rosidl_adapter/cmake)
[1.194s] -- Using all available rosidl_typesupport_cpp: rosidl_typesupport_fastrtps_cpp;rosidl_typesupport_introspection_cpp
[2.464s] -- Found rmw_implementation_cmake: 1.0.3 (/opt/ros/foxy/share/rmw_implementation_cmake/cmake)
[2.470s] -- Using RMW implementation 'rmw_fastrtps_cpp' as default
[2.813s] -- Found ament_lint_auto: 0.9.7 (/opt/ros/foxy/share/ament_lint_auto/cmake)
[2.833s] -- Added test 'copyright' to check source files copyright and LICENSE
[2.834s] -- Added test 'cppcheck' to perform static code analysis on C / C++ code
[2.835s] -- Configured cppcheck include dirs: /home/vp/robot_ws/src/odrive_ros2_control/odrive_hardware_interface/include
[2.835s] -- Configured cppcheck exclude dirs and/or files: 
[2.836s] -- Added test 'cpplint' to check C / C++ code against the Google style
[2.836s] -- Configured cpplint exclude dirs and/or files: 
[2.837s] -- Added test 'lint_cmake' to check CMake code style
[2.838s] -- Added test 'uncrustify' to check C / C++ code style
[2.838s] -- Configured uncrustify additional arguments: 
[2.839s] -- Added test 'xmllint' to check XML markup files
[2.847s] -- Configuring done
[2.899s] -- Generating done
[2.901s] -- Build files have been written to: /home/vp/robot_ws/build/odrive_hardware_interface
[2.909s] Invoked command in '/home/vp/robot_ws/build/odrive_hardware_interface' returned '0': CMAKE_PREFIX_PATH=${CMAKE_PREFIX_PATH}:/home/vp/robot_ws/install/ros2_control_test_nodes:/home/vp/robot_ws/install/odrive_driver:/opt/ros/foxy /usr/bin/cmake /home/vp/robot_ws/src/odrive_ros2_control/odrive_hardware_interface -DAMENT_CMAKE_SYMLINK_INSTALL=1 -DCMAKE_INSTALL_PREFIX=/home/vp/robot_ws/install/odrive_hardware_interface
[2.912s] Invoking command in '/home/vp/robot_ws/build/odrive_hardware_interface': CMAKE_PREFIX_PATH=${CMAKE_PREFIX_PATH}:/home/vp/robot_ws/install/ros2_control_test_nodes:/home/vp/robot_ws/install/odrive_driver:/opt/ros/foxy /usr/bin/cmake --build /home/vp/robot_ws/build/odrive_hardware_interface -- -j8 -l8
[2.982s] [ 25%] [32m[1mLinking CXX shared library libodrive_usb.so[0m
[3.108s] [ 50%] Built target odrive_usb
[3.146s] [ 75%] [32m[1mLinking CXX shared library libodrive_hardware_interface.so[0m
[3.379s] [100%] Built target odrive_hardware_interface
[3.391s] Invoked command in '/home/vp/robot_ws/build/odrive_hardware_interface' returned '0': CMAKE_PREFIX_PATH=${CMAKE_PREFIX_PATH}:/home/vp/robot_ws/install/ros2_control_test_nodes:/home/vp/robot_ws/install/odrive_driver:/opt/ros/foxy /usr/bin/cmake --build /home/vp/robot_ws/build/odrive_hardware_interface -- -j8 -l8
[3.430s] Invoking command in '/home/vp/robot_ws/build/odrive_hardware_interface': CMAKE_PREFIX_PATH=${CMAKE_PREFIX_PATH}:/home/vp/robot_ws/install/ros2_control_test_nodes:/home/vp/robot_ws/install/odrive_driver:/opt/ros/foxy /usr/bin/cmake --install /home/vp/robot_ws/build/odrive_hardware_interface
[3.442s] -- Install configuration: ""
[3.443s] -- Execute custom install script
[3.443s] -- Symlinking: /home/vp/robot_ws/install/odrive_hardware_interface/share/odrive_hardware_interface//odrive_hardware_interface.xml
[3.453s] -- Symlinking: /home/vp/robot_ws/install/odrive_hardware_interface/include/odrive_hardware_interface/odrive_endpoints.hpp
[3.469s] -- Symlinking: /home/vp/robot_ws/install/odrive_hardware_interface/include/odrive_hardware_interface/odrive_hardware_interface.hpp
[3.489s] -- Symlinking: /home/vp/robot_ws/install/odrive_hardware_interface/include/odrive_hardware_interface/odrive_usb.hpp
[3.512s] -- Symlinking: /home/vp/robot_ws/install/odrive_hardware_interface/include/odrive_hardware_interface/visibility_control.hpp
[3.520s] -- Symlinking: /home/vp/robot_ws/install/odrive_hardware_interface/share/odrive_hardware_interface/environment/library_path.sh
[3.532s] -- Symlinking: /home/vp/robot_ws/install/odrive_hardware_interface/share/odrive_hardware_interface/environment/library_path.dsv
[3.543s] -- Symlinking: /home/vp/robot_ws/install/odrive_hardware_interface/lib/libodrive_usb.so
[3.560s] -- Symlinking: /home/vp/robot_ws/install/odrive_hardware_interface/lib/libodrive_hardware_interface.so
[3.571s] -- Symlinking: /home/vp/robot_ws/install/odrive_hardware_interface/share/ament_index/resource_index/package_run_dependencies/odrive_hardware_interface
[3.582s] -- Symlinking: /home/vp/robot_ws/install/odrive_hardware_interface/share/ament_index/resource_index/parent_prefix_path/odrive_hardware_interface
[3.598s] -- Symlinking: /home/vp/robot_ws/install/odrive_hardware_interface/share/odrive_hardware_interface/environment/ament_prefix_path.sh
[3.606s] -- Symlinking: /home/vp/robot_ws/install/odrive_hardware_interface/share/odrive_hardware_interface/environment/ament_prefix_path.dsv
[3.616s] -- Symlinking: /home/vp/robot_ws/install/odrive_hardware_interface/share/odrive_hardware_interface/environment/path.sh
[3.627s] -- Symlinking: /home/vp/robot_ws/install/odrive_hardware_interface/share/odrive_hardware_interface/environment/path.dsv
[3.637s] -- Symlinking: /home/vp/robot_ws/install/odrive_hardware_interface/share/odrive_hardware_interface/local_setup.bash
[3.649s] -- Symlinking: /home/vp/robot_ws/install/odrive_hardware_interface/share/odrive_hardware_interface/local_setup.sh
[3.660s] -- Symlinking: /home/vp/robot_ws/install/odrive_hardware_interface/share/odrive_hardware_interface/local_setup.zsh
[3.672s] -- Symlinking: /home/vp/robot_ws/install/odrive_hardware_interface/share/odrive_hardware_interface/local_setup.dsv
[3.687s] -- Symlinking: /home/vp/robot_ws/install/odrive_hardware_interface/share/odrive_hardware_interface/package.dsv
[3.699s] -- Symlinking: /home/vp/robot_ws/install/odrive_hardware_interface/share/ament_index/resource_index/packages/odrive_hardware_interface
[3.710s] -- Symlinking: /home/vp/robot_ws/install/odrive_hardware_interface/share/ament_index/resource_index/hardware_interface__pluginlib__plugin/odrive_hardware_interface
[3.721s] -- Symlinking: /home/vp/robot_ws/install/odrive_hardware_interface/share/odrive_hardware_interface/cmake/ament_cmake_export_dependencies-extras.cmake
[3.731s] -- Symlinking: /home/vp/robot_ws/install/odrive_hardware_interface/share/odrive_hardware_interface/cmake/ament_cmake_export_include_directories-extras.cmake
[3.741s] -- Symlinking: /home/vp/robot_ws/install/odrive_hardware_interface/share/odrive_hardware_interface/cmake/ament_cmake_export_libraries-extras.cmake
[3.751s] -- Symlinking: /home/vp/robot_ws/install/odrive_hardware_interface/share/odrive_hardware_interface/cmake/odrive_hardware_interfaceConfig.cmake
[3.763s] -- Symlinking: /home/vp/robot_ws/install/odrive_hardware_interface/share/odrive_hardware_interface/cmake/odrive_hardware_interfaceConfig-version.cmake
[3.774s] -- Symlinking: /home/vp/robot_ws/install/odrive_hardware_interface/share/odrive_hardware_interface/package.xml
[3.790s] Invoked command in '/home/vp/robot_ws/build/odrive_hardware_interface' returned '0': CMAKE_PREFIX_PATH=${CMAKE_PREFIX_PATH}:/home/vp/robot_ws/install/ros2_control_test_nodes:/home/vp/robot_ws/install/odrive_driver:/opt/ros/foxy /usr/bin/cmake --install /home/vp/robot_ws/build/odrive_hardware_interface
