[0.172s] Invoking command in '/home/vp/robot_ws/build/diffbot_description': CMAKE_PREFIX_PATH=${CMAKE_PREFIX_PATH}:/home/vp/robot_ws/install/ros2_control_test_nodes:/home/vp/robot_ws/install/odrive_driver:/opt/ros/foxy /usr/bin/cmake --build /home/vp/robot_ws/build/diffbot_description -- -j8 -l8
[0.768s] Invoked command in '/home/vp/robot_ws/build/diffbot_description' returned '0': CMAKE_PREFIX_PATH=${CMAKE_PREFIX_PATH}:/home/vp/robot_ws/install/ros2_control_test_nodes:/home/vp/robot_ws/install/odrive_driver:/opt/ros/foxy /usr/bin/cmake --build /home/vp/robot_ws/build/diffbot_description -- -j8 -l8
[0.827s] Invoking command in '/home/vp/robot_ws/build/diffbot_description': CMAKE_PREFIX_PATH=${CMAKE_PREFIX_PATH}:/home/vp/robot_ws/install/ros2_control_test_nodes:/home/vp/robot_ws/install/odrive_driver:/opt/ros/foxy /usr/bin/cmake --install /home/vp/robot_ws/build/diffbot_description
[0.843s] -- Install configuration: ""
[0.847s] -- Execute custom install script
[0.848s] -- Up-to-date symlink: /home/vp/robot_ws/install/diffbot_description/share/diffbot_description/config/diffbot.rviz
[0.849s] -- Up-to-date symlink: /home/vp/robot_ws/install/diffbot_description/share/diffbot_description/gazebo/diffbot.gazebo.xacro
[0.851s] -- Up-to-date symlink: /home/vp/robot_ws/install/diffbot_description/share/diffbot_description/gazebo/diffbot.materials.xacro
[0.853s] -- Up-to-date symlink: /home/vp/robot_ws/install/diffbot_description/share/diffbot_description/ros2_control/diffbot_system.ros2_control.xacro
[0.854s] -- Up-to-date symlink: /home/vp/robot_ws/install/diffbot_description/share/diffbot_description/urdf/diffbot.urdf.xacro
[0.854s] -- Up-to-date symlink: /home/vp/robot_ws/install/diffbot_description/share/diffbot_description/urdf/diffbot_system.urdf.xacro
[0.854s] -- Up-to-date symlink: /home/vp/robot_ws/install/diffbot_description/share/ament_index/resource_index/package_run_dependencies/diffbot_description
[0.854s] -- Up-to-date symlink: /home/vp/robot_ws/install/diffbot_description/share/ament_index/resource_index/parent_prefix_path/diffbot_description
[0.855s] -- Up-to-date symlink: /home/vp/robot_ws/install/diffbot_description/share/diffbot_description/environment/ament_prefix_path.sh
[0.855s] -- Up-to-date symlink: /home/vp/robot_ws/install/diffbot_description/share/diffbot_description/environment/ament_prefix_path.dsv
[0.855s] -- Up-to-date symlink: /home/vp/robot_ws/install/diffbot_description/share/diffbot_description/environment/path.sh
[0.857s] -- Up-to-date symlink: /home/vp/robot_ws/install/diffbot_description/share/diffbot_description/environment/path.dsv
[0.857s] -- Up-to-date symlink: /home/vp/robot_ws/install/diffbot_description/share/diffbot_description/local_setup.bash
[0.858s] -- Up-to-date symlink: /home/vp/robot_ws/install/diffbot_description/share/diffbot_description/local_setup.sh
[0.858s] -- Up-to-date symlink: /home/vp/robot_ws/install/diffbot_description/share/diffbot_description/local_setup.zsh
[0.858s] -- Up-to-date symlink: /home/vp/robot_ws/install/diffbot_description/share/diffbot_description/local_setup.dsv
[0.858s] -- Symlinking: /home/vp/robot_ws/install/diffbot_description/share/diffbot_description/package.dsv
[0.866s] -- Up-to-date symlink: /home/vp/robot_ws/install/diffbot_description/share/ament_index/resource_index/packages/diffbot_description
[0.867s] -- Up-to-date symlink: /home/vp/robot_ws/install/diffbot_description/share/diffbot_description/cmake/diffbot_descriptionConfig.cmake
[0.867s] -- Up-to-date symlink: /home/vp/robot_ws/install/diffbot_description/share/diffbot_description/cmake/diffbot_descriptionConfig-version.cmake
[0.868s] -- Up-to-date symlink: /home/vp/robot_ws/install/diffbot_description/share/diffbot_description/package.xml
[0.894s] Invoked command in '/home/vp/robot_ws/build/diffbot_description' returned '0': CMAKE_PREFIX_PATH=${CMAKE_PREFIX_PATH}:/home/vp/robot_ws/install/ros2_control_test_nodes:/home/vp/robot_ws/install/odrive_driver:/opt/ros/foxy /usr/bin/cmake --install /home/vp/robot_ws/build/diffbot_description
