[2.280s] Invoking command in '/home/vp/robot_ws/build/lidar_vp': PYTHONPATH=/home/vp/robot_ws/build/lidar_vp/prefix_override:/home/vp/robot_ws/install/lidar_vp/lib/python3.8/site-packages:${PYTHONPATH} /usr/bin/python3 setup.py develop --uninstall --editable --build-directory /home/vp/robot_ws/build/lidar_vp/build
[2.692s] running develop
[3.044s] Invoked command in '/home/vp/robot_ws/build/lidar_vp' returned '0': PYTHONPATH=/home/vp/robot_ws/build/lidar_vp/prefix_override:/home/vp/robot_ws/install/lidar_vp/lib/python3.8/site-packages:${PYTHONPATH} /usr/bin/python3 setup.py develop --uninstall --editable --build-directory /home/vp/robot_ws/build/lidar_vp/build
[3.046s] Invoking command in '/home/vp/robot_ws/src/lidar_vp': PYTHONPATH=/home/vp/robot_ws/build/lidar_vp/prefix_override:/home/vp/robot_ws/install/lidar_vp/lib/python3.8/site-packages:${PYTHONPATH} /usr/bin/python3 setup.py egg_info --egg-base ../../build/lidar_vp build --build-base /home/vp/robot_ws/build/lidar_vp/build install --record /home/vp/robot_ws/build/lidar_vp/install.log --single-version-externally-managed
[3.410s] running egg_info
[3.412s] writing ../../build/lidar_vp/lidar_vp.egg-info/PKG-INFO
[3.412s] writing dependency_links to ../../build/lidar_vp/lidar_vp.egg-info/dependency_links.txt
[3.412s] writing entry points to ../../build/lidar_vp/lidar_vp.egg-info/entry_points.txt
[3.413s] writing requirements to ../../build/lidar_vp/lidar_vp.egg-info/requires.txt
[3.413s] writing top-level names to ../../build/lidar_vp/lidar_vp.egg-info/top_level.txt
[3.473s] reading manifest file '../../build/lidar_vp/lidar_vp.egg-info/SOURCES.txt'
[3.474s] writing manifest file '../../build/lidar_vp/lidar_vp.egg-info/SOURCES.txt'
[3.474s] running build
[3.474s] running build_py
[3.475s] copying lidar_vp/lidar_node.py -> /home/vp/robot_ws/build/lidar_vp/build/lib/lidar_vp
[3.475s] running install
[3.476s] running install_lib
[3.477s] copying /home/vp/robot_ws/build/lidar_vp/build/lib/lidar_vp/lidar_node.py -> /home/vp/robot_ws/install/lidar_vp/lib/python3.8/site-packages/lidar_vp
[3.478s] byte-compiling /home/vp/robot_ws/install/lidar_vp/lib/python3.8/site-packages/lidar_vp/lidar_node.py to lidar_node.cpython-38.pyc
[3.482s] running install_data
[3.483s] running install_egg_info
[3.486s] removing '/home/vp/robot_ws/install/lidar_vp/lib/python3.8/site-packages/lidar_vp-0.0.0-py3.8.egg-info' (and everything under it)
[3.486s] Copying ../../build/lidar_vp/lidar_vp.egg-info to /home/vp/robot_ws/install/lidar_vp/lib/python3.8/site-packages/lidar_vp-0.0.0-py3.8.egg-info
[3.488s] running install_scripts
[3.514s] Installing lidar_node script to /home/vp/robot_ws/install/lidar_vp/lib/lidar_vp
[3.514s] writing list of installed files to '/home/vp/robot_ws/build/lidar_vp/install.log'
[3.555s] Invoked command in '/home/vp/robot_ws/src/lidar_vp' returned '0': PYTHONPATH=/home/vp/robot_ws/build/lidar_vp/prefix_override:/home/vp/robot_ws/install/lidar_vp/lib/python3.8/site-packages:${PYTHONPATH} /usr/bin/python3 setup.py egg_info --egg-base ../../build/lidar_vp build --build-base /home/vp/robot_ws/build/lidar_vp/build install --record /home/vp/robot_ws/build/lidar_vp/install.log --single-version-externally-managed
