[0.078s] Invoking command in '/home/vp/robot_ws/build/drive_base_msgs': CMAKE_PREFIX_PATH=${CMAKE_PREFIX_PATH}:/home/vp/robot_ws/install/two_wheel_demo:/home/vp/robot_ws/install/odrive_driver:/home/vp/robot_ws/install/odom:/opt/ros/foxy /usr/bin/cmake --build /home/vp/robot_ws/build/drive_base_msgs -- -j8 -l8
[0.708s] [  1%] Built target drive_base_msgs__cpp
[0.709s] [ 12%] Built target drive_base_msgs__rosidl_generator_c
[0.709s] [ 34%] Built target drive_base_msgs__rosidl_typesupport_fastrtps_cpp
[0.710s] [ 34%] Built target drive_base_msgs__rosidl_typesupport_introspection_cpp
[0.710s] [ 45%] Built target drive_base_msgs__rosidl_typesupport_cpp
[0.710s] [ 56%] Built target drive_base_msgs__rosidl_typesupport_c
[0.711s] [ 67%] Built target drive_base_msgs__rosidl_typesupport_introspection_c
[0.711s] [ 78%] Built target drive_base_msgs__rosidl_typesupport_fastrtps_c
[0.712s] [ 78%] Built target drive_base_msgs
[0.712s] [ 80%] Built target drive_base_msgs__py
[0.713s] [ 89%] Built target drive_base_msgs__python
[0.713s] [ 96%] Built target drive_base_msgs__rosidl_typesupport_fastrtps_c__pyext
[0.713s] [ 96%] Built target drive_base_msgs__rosidl_typesupport_c__pyext
[0.714s] [100%] Built target drive_base_msgs__rosidl_typesupport_introspection_c__pyext
[0.720s] Invoked command in '/home/vp/robot_ws/build/drive_base_msgs' returned '0': CMAKE_PREFIX_PATH=${CMAKE_PREFIX_PATH}:/home/vp/robot_ws/install/two_wheel_demo:/home/vp/robot_ws/install/odrive_driver:/home/vp/robot_ws/install/odom:/opt/ros/foxy /usr/bin/cmake --build /home/vp/robot_ws/build/drive_base_msgs -- -j8 -l8
[1.051s] Invoking command in '/home/vp/robot_ws/build/drive_base_msgs': CMAKE_PREFIX_PATH=${CMAKE_PREFIX_PATH}:/home/vp/robot_ws/install/two_wheel_demo:/home/vp/robot_ws/install/odrive_driver:/home/vp/robot_ws/install/odom:/opt/ros/foxy /usr/bin/cmake --install /home/vp/robot_ws/build/drive_base_msgs
[1.054s] -- Install configuration: ""
[1.055s] -- Execute custom install script
[1.056s] -- Up-to-date symlink: /home/vp/robot_ws/install/drive_base_msgs/share/ament_index/resource_index/rosidl_interfaces/drive_base_msgs
[1.056s] -- Up-to-date symlink: /home/vp/robot_ws/install/drive_base_msgs/include/drive_base_msgs/msg/base_info.h
[1.057s] -- Up-to-date symlink: /home/vp/robot_ws/install/drive_base_msgs/include/drive_base_msgs/msg/command_header.h
[1.060s] -- Up-to-date symlink: /home/vp/robot_ws/install/drive_base_msgs/include/drive_base_msgs/msg/command_status.h
[1.060s] -- Up-to-date symlink: /home/vp/robot_ws/install/drive_base_msgs/include/drive_base_msgs/msg/detail/base_info__functions.h
[1.060s] -- Up-to-date symlink: /home/vp/robot_ws/install/drive_base_msgs/include/drive_base_msgs/msg/detail/base_info__struct.h
[1.061s] -- Up-to-date symlink: /home/vp/robot_ws/install/drive_base_msgs/include/drive_base_msgs/msg/detail/base_info__type_support.h
[1.062s] -- Up-to-date symlink: /home/vp/robot_ws/install/drive_base_msgs/include/drive_base_msgs/msg/detail/command_header__functions.h
[1.062s] -- Up-to-date symlink: /home/vp/robot_ws/install/drive_base_msgs/include/drive_base_msgs/msg/detail/command_header__struct.h
[1.063s] -- Up-to-date symlink: /home/vp/robot_ws/install/drive_base_msgs/include/drive_base_msgs/msg/detail/command_header__type_support.h
[1.065s] -- Up-to-date symlink: /home/vp/robot_ws/install/drive_base_msgs/include/drive_base_msgs/msg/detail/command_status__functions.h
[1.065s] -- Up-to-date symlink: /home/vp/robot_ws/install/drive_base_msgs/include/drive_base_msgs/msg/detail/command_status__struct.h
[1.066s] -- Up-to-date symlink: /home/vp/robot_ws/install/drive_base_msgs/include/drive_base_msgs/msg/detail/command_status__type_support.h
[1.066s] -- Up-to-date symlink: /home/vp/robot_ws/install/drive_base_msgs/include/drive_base_msgs/msg/detail/trv_command__functions.h
[1.067s] -- Up-to-date symlink: /home/vp/robot_ws/install/drive_base_msgs/include/drive_base_msgs/msg/detail/trv_command__struct.h
[1.068s] -- Up-to-date symlink: /home/vp/robot_ws/install/drive_base_msgs/include/drive_base_msgs/msg/detail/trv_command__type_support.h
[1.070s] -- Up-to-date symlink: /home/vp/robot_ws/install/drive_base_msgs/include/drive_base_msgs/msg/rosidl_generator_c__visibility_control.h
[1.071s] -- Up-to-date symlink: /home/vp/robot_ws/install/drive_base_msgs/include/drive_base_msgs/msg/trv_command.h
[1.072s] -- Up-to-date symlink: /home/vp/robot_ws/install/drive_base_msgs/share/drive_base_msgs/environment/library_path.sh
[1.072s] -- Up-to-date symlink: /home/vp/robot_ws/install/drive_base_msgs/share/drive_base_msgs/environment/library_path.dsv
[1.076s] -- Up-to-date symlink: /home/vp/robot_ws/install/drive_base_msgs/include/drive_base_msgs/msg/detail/base_info__rosidl_typesupport_fastrtps_c.h
[1.078s] -- Up-to-date symlink: /home/vp/robot_ws/install/drive_base_msgs/include/drive_base_msgs/msg/detail/command_header__rosidl_typesupport_fastrtps_c.h
[1.081s] -- Up-to-date symlink: /home/vp/robot_ws/install/drive_base_msgs/include/drive_base_msgs/msg/detail/command_status__rosidl_typesupport_fastrtps_c.h
[1.083s] -- Up-to-date symlink: /home/vp/robot_ws/install/drive_base_msgs/include/drive_base_msgs/msg/detail/trv_command__rosidl_typesupport_fastrtps_c.h
[1.084s] -- Up-to-date symlink: /home/vp/robot_ws/install/drive_base_msgs/include/drive_base_msgs/msg/rosidl_typesupport_fastrtps_c__visibility_control.h
[1.089s] -- Up-to-date symlink: /home/vp/robot_ws/install/drive_base_msgs/lib/libdrive_base_msgs__rosidl_typesupport_fastrtps_c.so
[1.098s] -- Up-to-date symlink: /home/vp/robot_ws/install/drive_base_msgs/include/drive_base_msgs/msg/detail/base_info__rosidl_typesupport_fastrtps_cpp.hpp
[1.102s] -- Up-to-date symlink: /home/vp/robot_ws/install/drive_base_msgs/include/drive_base_msgs/msg/detail/command_header__rosidl_typesupport_fastrtps_cpp.hpp
[1.103s] -- Up-to-date symlink: /home/vp/robot_ws/install/drive_base_msgs/include/drive_base_msgs/msg/detail/command_status__rosidl_typesupport_fastrtps_cpp.hpp
[1.104s] -- Up-to-date symlink: /home/vp/robot_ws/install/drive_base_msgs/include/drive_base_msgs/msg/detail/trv_command__rosidl_typesupport_fastrtps_cpp.hpp
[1.104s] -- Up-to-date symlink: /home/vp/robot_ws/install/drive_base_msgs/include/drive_base_msgs/msg/rosidl_typesupport_fastrtps_cpp__visibility_control.h
[1.110s] -- Up-to-date symlink: /home/vp/robot_ws/install/drive_base_msgs/lib/libdrive_base_msgs__rosidl_typesupport_fastrtps_cpp.so
[1.115s] -- Up-to-date symlink: /home/vp/robot_ws/install/drive_base_msgs/include/drive_base_msgs/msg/detail/base_info__rosidl_typesupport_introspection_c.h
[1.116s] -- Up-to-date symlink: /home/vp/robot_ws/install/drive_base_msgs/include/drive_base_msgs/msg/detail/command_header__rosidl_typesupport_introspection_c.h
[1.122s] -- Up-to-date symlink: /home/vp/robot_ws/install/drive_base_msgs/include/drive_base_msgs/msg/detail/command_status__rosidl_typesupport_introspection_c.h
[1.124s] -- Up-to-date symlink: /home/vp/robot_ws/install/drive_base_msgs/include/drive_base_msgs/msg/detail/trv_command__rosidl_typesupport_introspection_c.h
[1.125s] -- Up-to-date symlink: /home/vp/robot_ws/install/drive_base_msgs/include/drive_base_msgs/msg/rosidl_typesupport_introspection_c__visibility_control.h
[1.129s] -- Up-to-date symlink: /home/vp/robot_ws/install/drive_base_msgs/include/drive_base_msgs/msg/base_info.hpp
[1.133s] -- Up-to-date symlink: /home/vp/robot_ws/install/drive_base_msgs/include/drive_base_msgs/msg/command_header.hpp
[1.134s] -- Up-to-date symlink: /home/vp/robot_ws/install/drive_base_msgs/include/drive_base_msgs/msg/command_status.hpp
[1.135s] -- Up-to-date symlink: /home/vp/robot_ws/install/drive_base_msgs/include/drive_base_msgs/msg/detail/base_info__builder.hpp
[1.136s] -- Up-to-date symlink: /home/vp/robot_ws/install/drive_base_msgs/include/drive_base_msgs/msg/detail/base_info__struct.hpp
[1.137s] -- Up-to-date symlink: /home/vp/robot_ws/install/drive_base_msgs/include/drive_base_msgs/msg/detail/base_info__traits.hpp
[1.137s] -- Up-to-date symlink: /home/vp/robot_ws/install/drive_base_msgs/include/drive_base_msgs/msg/detail/command_header__builder.hpp
[1.138s] -- Up-to-date symlink: /home/vp/robot_ws/install/drive_base_msgs/include/drive_base_msgs/msg/detail/command_header__struct.hpp
[1.138s] -- Up-to-date symlink: /home/vp/robot_ws/install/drive_base_msgs/include/drive_base_msgs/msg/detail/command_header__traits.hpp
[1.139s] -- Up-to-date symlink: /home/vp/robot_ws/install/drive_base_msgs/include/drive_base_msgs/msg/detail/command_status__builder.hpp
[1.139s] -- Up-to-date symlink: /home/vp/robot_ws/install/drive_base_msgs/include/drive_base_msgs/msg/detail/command_status__struct.hpp
[1.140s] -- Up-to-date symlink: /home/vp/robot_ws/install/drive_base_msgs/include/drive_base_msgs/msg/detail/command_status__traits.hpp
[1.140s] -- Up-to-date symlink: /home/vp/robot_ws/install/drive_base_msgs/include/drive_base_msgs/msg/detail/trv_command__builder.hpp
[1.141s] -- Up-to-date symlink: /home/vp/robot_ws/install/drive_base_msgs/include/drive_base_msgs/msg/detail/trv_command__struct.hpp
[1.141s] -- Up-to-date symlink: /home/vp/robot_ws/install/drive_base_msgs/include/drive_base_msgs/msg/detail/trv_command__traits.hpp
[1.141s] -- Up-to-date symlink: /home/vp/robot_ws/install/drive_base_msgs/include/drive_base_msgs/msg/trv_command.hpp
[1.142s] -- Up-to-date symlink: /home/vp/robot_ws/install/drive_base_msgs/include/drive_base_msgs/msg/detail/base_info__rosidl_typesupport_introspection_cpp.hpp
[1.142s] -- Up-to-date symlink: /home/vp/robot_ws/install/drive_base_msgs/include/drive_base_msgs/msg/detail/command_header__rosidl_typesupport_introspection_cpp.hpp
[1.143s] -- Up-to-date symlink: /home/vp/robot_ws/install/drive_base_msgs/include/drive_base_msgs/msg/detail/command_status__rosidl_typesupport_introspection_cpp.hpp
[1.143s] -- Up-to-date symlink: /home/vp/robot_ws/install/drive_base_msgs/include/drive_base_msgs/msg/detail/trv_command__rosidl_typesupport_introspection_cpp.hpp
[1.143s] -- Up-to-date symlink: /home/vp/robot_ws/install/drive_base_msgs/share/drive_base_msgs/environment/pythonpath.sh
[1.144s] -- Up-to-date symlink: /home/vp/robot_ws/install/drive_base_msgs/share/drive_base_msgs/environment/pythonpath.dsv
[1.144s] -- Up-to-date symlink: /home/vp/robot_ws/install/drive_base_msgs/lib/python3.8/site-packages/drive_base_msgs/__init__.py
[1.147s] -- Up-to-date symlink: /home/vp/robot_ws/install/drive_base_msgs/lib/python3.8/site-packages/drive_base_msgs/msg/__init__.py
[1.147s] -- Up-to-date symlink: /home/vp/robot_ws/install/drive_base_msgs/lib/python3.8/site-packages/drive_base_msgs/msg/_base_info.py
[1.148s] -- Up-to-date symlink: /home/vp/robot_ws/install/drive_base_msgs/lib/python3.8/site-packages/drive_base_msgs/msg/_command_header.py
[1.148s] -- Up-to-date symlink: /home/vp/robot_ws/install/drive_base_msgs/lib/python3.8/site-packages/drive_base_msgs/msg/_command_status.py
[1.149s] -- Up-to-date symlink: /home/vp/robot_ws/install/drive_base_msgs/lib/python3.8/site-packages/drive_base_msgs/msg/_trv_command.py
[1.150s] -- Up-to-date symlink: /home/vp/robot_ws/install/drive_base_msgs/lib/python3.8/site-packages/drive_base_msgs/drive_base_msgs_s__rosidl_typesupport_fastrtps_c.cpython-38-x86_64-linux-gnu.so
[1.151s] -- Up-to-date symlink: /home/vp/robot_ws/install/drive_base_msgs/lib/python3.8/site-packages/drive_base_msgs/drive_base_msgs_s__rosidl_typesupport_introspection_c.cpython-38-x86_64-linux-gnu.so
[1.152s] -- Up-to-date symlink: /home/vp/robot_ws/install/drive_base_msgs/lib/python3.8/site-packages/drive_base_msgs/drive_base_msgs_s__rosidl_typesupport_c.cpython-38-x86_64-linux-gnu.so
[1.153s] -- Up-to-date symlink: /home/vp/robot_ws/install/drive_base_msgs/lib/libdrive_base_msgs__python.so
[1.154s] -- Up-to-date symlink: /home/vp/robot_ws/install/drive_base_msgs/share/drive_base_msgs/msg/CommandHeader.idl
[1.154s] -- Up-to-date symlink: /home/vp/robot_ws/install/drive_base_msgs/share/drive_base_msgs/msg/BaseInfo.idl
[1.155s] -- Up-to-date symlink: /home/vp/robot_ws/install/drive_base_msgs/share/drive_base_msgs/msg/CommandStatus.idl
[1.155s] -- Up-to-date symlink: /home/vp/robot_ws/install/drive_base_msgs/share/drive_base_msgs/msg/TRVCommand.idl
[1.157s] -- Up-to-date symlink: /home/vp/robot_ws/install/drive_base_msgs/share/drive_base_msgs/msg/CommandHeader.msg
[1.158s] -- Up-to-date symlink: /home/vp/robot_ws/install/drive_base_msgs/share/drive_base_msgs/msg/BaseInfo.msg
[1.159s] -- Up-to-date symlink: /home/vp/robot_ws/install/drive_base_msgs/share/drive_base_msgs/msg/CommandStatus.msg
[1.160s] -- Up-to-date symlink: /home/vp/robot_ws/install/drive_base_msgs/share/drive_base_msgs/msg/TRVCommand.msg
[1.162s] -- Up-to-date symlink: /home/vp/robot_ws/install/drive_base_msgs/share/ament_index/resource_index/package_run_dependencies/drive_base_msgs
[1.163s] -- Up-to-date symlink: /home/vp/robot_ws/install/drive_base_msgs/share/ament_index/resource_index/parent_prefix_path/drive_base_msgs
[1.164s] -- Up-to-date symlink: /home/vp/robot_ws/install/drive_base_msgs/share/drive_base_msgs/environment/ament_prefix_path.sh
[1.164s] -- Up-to-date symlink: /home/vp/robot_ws/install/drive_base_msgs/share/drive_base_msgs/environment/ament_prefix_path.dsv
[1.166s] -- Up-to-date symlink: /home/vp/robot_ws/install/drive_base_msgs/share/drive_base_msgs/environment/path.sh
[1.167s] -- Up-to-date symlink: /home/vp/robot_ws/install/drive_base_msgs/share/drive_base_msgs/environment/path.dsv
[1.168s] -- Up-to-date symlink: /home/vp/robot_ws/install/drive_base_msgs/share/drive_base_msgs/local_setup.bash
[1.169s] -- Up-to-date symlink: /home/vp/robot_ws/install/drive_base_msgs/share/drive_base_msgs/local_setup.sh
[1.171s] -- Up-to-date symlink: /home/vp/robot_ws/install/drive_base_msgs/share/drive_base_msgs/local_setup.zsh
[1.173s] -- Up-to-date symlink: /home/vp/robot_ws/install/drive_base_msgs/share/drive_base_msgs/local_setup.dsv
[1.174s] -- Symlinking: /home/vp/robot_ws/install/drive_base_msgs/share/drive_base_msgs/package.dsv
[1.181s] -- Up-to-date symlink: /home/vp/robot_ws/install/drive_base_msgs/share/ament_index/resource_index/packages/drive_base_msgs
[1.181s] -- Up-to-date symlink: /home/vp/robot_ws/install/drive_base_msgs/share/drive_base_msgs/cmake/rosidl_cmake-extras.cmake
[1.182s] -- Up-to-date symlink: /home/vp/robot_ws/install/drive_base_msgs/share/drive_base_msgs/cmake/ament_cmake_export_dependencies-extras.cmake
[1.182s] -- Up-to-date symlink: /home/vp/robot_ws/install/drive_base_msgs/share/drive_base_msgs/cmake/ament_cmake_export_libraries-extras.cmake
[1.182s] -- Up-to-date symlink: /home/vp/robot_ws/install/drive_base_msgs/share/drive_base_msgs/cmake/ament_cmake_export_targets-extras.cmake
[1.183s] -- Up-to-date symlink: /home/vp/robot_ws/install/drive_base_msgs/share/drive_base_msgs/cmake/ament_cmake_export_include_directories-extras.cmake
[1.183s] -- Up-to-date symlink: /home/vp/robot_ws/install/drive_base_msgs/share/drive_base_msgs/cmake/rosidl_cmake_export_typesupport_libraries-extras.cmake
[1.184s] -- Up-to-date symlink: /home/vp/robot_ws/install/drive_base_msgs/share/drive_base_msgs/cmake/rosidl_cmake_export_typesupport_targets-extras.cmake
[1.184s] -- Up-to-date symlink: /home/vp/robot_ws/install/drive_base_msgs/share/drive_base_msgs/cmake/drive_base_msgsConfig.cmake
[1.184s] -- Up-to-date symlink: /home/vp/robot_ws/install/drive_base_msgs/share/drive_base_msgs/cmake/drive_base_msgsConfig-version.cmake
[1.185s] -- Up-to-date symlink: /home/vp/robot_ws/install/drive_base_msgs/share/drive_base_msgs/package.xml
[1.185s] -- Up-to-date: /home/vp/robot_ws/install/drive_base_msgs/lib/libdrive_base_msgs__rosidl_generator_c.so
[1.186s] -- Up-to-date: /home/vp/robot_ws/install/drive_base_msgs/lib/libdrive_base_msgs__rosidl_typesupport_introspection_c.so
[1.186s] -- Up-to-date: /home/vp/robot_ws/install/drive_base_msgs/lib/libdrive_base_msgs__rosidl_typesupport_c.so
[1.186s] -- Up-to-date: /home/vp/robot_ws/install/drive_base_msgs/lib/libdrive_base_msgs__rosidl_typesupport_introspection_cpp.so
[1.187s] -- Up-to-date: /home/vp/robot_ws/install/drive_base_msgs/lib/libdrive_base_msgs__rosidl_typesupport_cpp.so
[1.207s] -- Up-to-date: /home/vp/robot_ws/install/drive_base_msgs/share/drive_base_msgs/cmake/drive_base_msgs__rosidl_generator_cExport.cmake
[1.208s] -- Up-to-date: /home/vp/robot_ws/install/drive_base_msgs/share/drive_base_msgs/cmake/drive_base_msgs__rosidl_generator_cExport-noconfig.cmake
[1.208s] -- Up-to-date: /home/vp/robot_ws/install/drive_base_msgs/share/drive_base_msgs/cmake/drive_base_msgs__rosidl_typesupport_introspection_cExport.cmake
[1.209s] -- Up-to-date: /home/vp/robot_ws/install/drive_base_msgs/share/drive_base_msgs/cmake/drive_base_msgs__rosidl_typesupport_introspection_cExport-noconfig.cmake
[1.209s] -- Up-to-date: /home/vp/robot_ws/install/drive_base_msgs/share/drive_base_msgs/cmake/drive_base_msgs__rosidl_typesupport_cExport.cmake
[1.213s] -- Up-to-date: /home/vp/robot_ws/install/drive_base_msgs/share/drive_base_msgs/cmake/drive_base_msgs__rosidl_typesupport_cExport-noconfig.cmake
[1.213s] -- Up-to-date: /home/vp/robot_ws/install/drive_base_msgs/share/drive_base_msgs/cmake/drive_base_msgs__rosidl_generator_cppExport.cmake
[1.214s] -- Up-to-date: /home/vp/robot_ws/install/drive_base_msgs/share/drive_base_msgs/cmake/drive_base_msgs__rosidl_typesupport_introspection_cppExport.cmake
[1.215s] -- Up-to-date: /home/vp/robot_ws/install/drive_base_msgs/share/drive_base_msgs/cmake/drive_base_msgs__rosidl_typesupport_introspection_cppExport-noconfig.cmake
[1.215s] -- Up-to-date: /home/vp/robot_ws/install/drive_base_msgs/share/drive_base_msgs/cmake/drive_base_msgs__rosidl_typesupport_cppExport.cmake
[1.216s] -- Up-to-date: /home/vp/robot_ws/install/drive_base_msgs/share/drive_base_msgs/cmake/drive_base_msgs__rosidl_typesupport_cppExport-noconfig.cmake
[1.218s] Invoked command in '/home/vp/robot_ws/build/drive_base_msgs' returned '0': CMAKE_PREFIX_PATH=${CMAKE_PREFIX_PATH}:/home/vp/robot_ws/install/two_wheel_demo:/home/vp/robot_ws/install/odrive_driver:/home/vp/robot_ws/install/odom:/opt/ros/foxy /usr/bin/cmake --install /home/vp/robot_ws/build/drive_base_msgs
