[0.084s] Invoking command in '/home/vp/robot_ws/build/micro_ros_msgs': CMAKE_PREFIX_PATH=${CMAKE_PREFIX_PATH}:/home/vp/robot_ws/install/two_wheel_demo:/home/vp/robot_ws/install/odrive_driver:/home/vp/robot_ws/install/odom:/opt/ros/foxy /usr/bin/cmake --build /home/vp/robot_ws/build/micro_ros_msgs -- -j8 -l8
[0.735s] [  2%] Built target micro_ros_msgs__cpp
[0.736s] [ 12%] Built target micro_ros_msgs__rosidl_generator_c
[0.737s] [ 23%] Built target micro_ros_msgs__rosidl_typesupport_introspection_cpp
[0.738s] [ 34%] Built target micro_ros_msgs__rosidl_typesupport_fastrtps_cpp
[0.738s] [ 44%] Built target micro_ros_msgs__rosidl_typesupport_cpp
[0.740s] [ 55%] Built target micro_ros_msgs__rosidl_typesupport_c
[0.741s] [ 65%] Built target micro_ros_msgs__rosidl_typesupport_introspection_c
[0.742s] [ 76%] Built target micro_ros_msgs__rosidl_typesupport_fastrtps_c
[0.744s] [ 76%] Built target micro_ros_msgs
[0.745s] [ 78%] Built target micro_ros_msgs__py
[0.745s] [ 87%] Built target micro_ros_msgs__python
[0.747s] [ 91%] Built target micro_ros_msgs__rosidl_typesupport_c__pyext
[0.748s] [ 95%] Built target micro_ros_msgs__rosidl_typesupport_fastrtps_c__pyext
[0.751s] [100%] Built target micro_ros_msgs__rosidl_typesupport_introspection_c__pyext
[0.759s] Invoked command in '/home/vp/robot_ws/build/micro_ros_msgs' returned '0': CMAKE_PREFIX_PATH=${CMAKE_PREFIX_PATH}:/home/vp/robot_ws/install/two_wheel_demo:/home/vp/robot_ws/install/odrive_driver:/home/vp/robot_ws/install/odom:/opt/ros/foxy /usr/bin/cmake --build /home/vp/robot_ws/build/micro_ros_msgs -- -j8 -l8
[1.000s] Invoking command in '/home/vp/robot_ws/build/micro_ros_msgs': CMAKE_PREFIX_PATH=${CMAKE_PREFIX_PATH}:/home/vp/robot_ws/install/two_wheel_demo:/home/vp/robot_ws/install/odrive_driver:/home/vp/robot_ws/install/odom:/opt/ros/foxy /usr/bin/cmake --install /home/vp/robot_ws/build/micro_ros_msgs
[1.005s] -- Install configuration: ""
[1.006s] -- Execute custom install script
[1.007s] -- Up-to-date symlink: /home/vp/robot_ws/install/micro_ros_msgs/share/ament_index/resource_index/rosidl_interfaces/micro_ros_msgs
[1.007s] -- Up-to-date symlink: /home/vp/robot_ws/install/micro_ros_msgs/include/micro_ros_msgs/msg/detail/entity__functions.h
[1.008s] -- Up-to-date symlink: /home/vp/robot_ws/install/micro_ros_msgs/include/micro_ros_msgs/msg/detail/entity__struct.h
[1.008s] -- Up-to-date symlink: /home/vp/robot_ws/install/micro_ros_msgs/include/micro_ros_msgs/msg/detail/entity__type_support.h
[1.009s] -- Up-to-date symlink: /home/vp/robot_ws/install/micro_ros_msgs/include/micro_ros_msgs/msg/detail/graph__functions.h
[1.010s] -- Up-to-date symlink: /home/vp/robot_ws/install/micro_ros_msgs/include/micro_ros_msgs/msg/detail/graph__struct.h
[1.011s] -- Up-to-date symlink: /home/vp/robot_ws/install/micro_ros_msgs/include/micro_ros_msgs/msg/detail/graph__type_support.h
[1.016s] -- Up-to-date symlink: /home/vp/robot_ws/install/micro_ros_msgs/include/micro_ros_msgs/msg/detail/node__functions.h
[1.018s] -- Up-to-date symlink: /home/vp/robot_ws/install/micro_ros_msgs/include/micro_ros_msgs/msg/detail/node__struct.h
[1.024s] -- Up-to-date symlink: /home/vp/robot_ws/install/micro_ros_msgs/include/micro_ros_msgs/msg/detail/node__type_support.h
[1.034s] -- Up-to-date symlink: /home/vp/robot_ws/install/micro_ros_msgs/include/micro_ros_msgs/msg/entity.h
[1.035s] -- Up-to-date symlink: /home/vp/robot_ws/install/micro_ros_msgs/include/micro_ros_msgs/msg/graph.h
[1.036s] -- Up-to-date symlink: /home/vp/robot_ws/install/micro_ros_msgs/include/micro_ros_msgs/msg/node.h
[1.041s] -- Up-to-date symlink: /home/vp/robot_ws/install/micro_ros_msgs/include/micro_ros_msgs/msg/rosidl_generator_c__visibility_control.h
[1.042s] -- Up-to-date symlink: /home/vp/robot_ws/install/micro_ros_msgs/share/micro_ros_msgs/environment/library_path.sh
[1.044s] -- Up-to-date symlink: /home/vp/robot_ws/install/micro_ros_msgs/share/micro_ros_msgs/environment/library_path.dsv
[1.053s] -- Up-to-date symlink: /home/vp/robot_ws/install/micro_ros_msgs/include/micro_ros_msgs/msg/detail/entity__rosidl_typesupport_fastrtps_c.h
[1.054s] -- Up-to-date symlink: /home/vp/robot_ws/install/micro_ros_msgs/include/micro_ros_msgs/msg/detail/graph__rosidl_typesupport_fastrtps_c.h
[1.055s] -- Up-to-date symlink: /home/vp/robot_ws/install/micro_ros_msgs/include/micro_ros_msgs/msg/detail/node__rosidl_typesupport_fastrtps_c.h
[1.056s] -- Up-to-date symlink: /home/vp/robot_ws/install/micro_ros_msgs/include/micro_ros_msgs/msg/rosidl_typesupport_fastrtps_c__visibility_control.h
[1.059s] -- Up-to-date symlink: /home/vp/robot_ws/install/micro_ros_msgs/lib/libmicro_ros_msgs__rosidl_typesupport_fastrtps_c.so
[1.059s] -- Up-to-date symlink: /home/vp/robot_ws/install/micro_ros_msgs/include/micro_ros_msgs/msg/detail/entity__rosidl_typesupport_fastrtps_cpp.hpp
[1.060s] -- Up-to-date symlink: /home/vp/robot_ws/install/micro_ros_msgs/include/micro_ros_msgs/msg/detail/graph__rosidl_typesupport_fastrtps_cpp.hpp
[1.060s] -- Up-to-date symlink: /home/vp/robot_ws/install/micro_ros_msgs/include/micro_ros_msgs/msg/detail/node__rosidl_typesupport_fastrtps_cpp.hpp
[1.060s] -- Up-to-date symlink: /home/vp/robot_ws/install/micro_ros_msgs/include/micro_ros_msgs/msg/rosidl_typesupport_fastrtps_cpp__visibility_control.h
[1.063s] -- Up-to-date symlink: /home/vp/robot_ws/install/micro_ros_msgs/lib/libmicro_ros_msgs__rosidl_typesupport_fastrtps_cpp.so
[1.064s] -- Up-to-date symlink: /home/vp/robot_ws/install/micro_ros_msgs/include/micro_ros_msgs/msg/detail/entity__rosidl_typesupport_introspection_c.h
[1.065s] -- Up-to-date symlink: /home/vp/robot_ws/install/micro_ros_msgs/include/micro_ros_msgs/msg/detail/graph__rosidl_typesupport_introspection_c.h
[1.065s] -- Up-to-date symlink: /home/vp/robot_ws/install/micro_ros_msgs/include/micro_ros_msgs/msg/detail/node__rosidl_typesupport_introspection_c.h
[1.066s] -- Up-to-date symlink: /home/vp/robot_ws/install/micro_ros_msgs/include/micro_ros_msgs/msg/rosidl_typesupport_introspection_c__visibility_control.h
[1.075s] -- Up-to-date symlink: /home/vp/robot_ws/install/micro_ros_msgs/include/micro_ros_msgs/msg/detail/entity__builder.hpp
[1.076s] -- Up-to-date symlink: /home/vp/robot_ws/install/micro_ros_msgs/include/micro_ros_msgs/msg/detail/entity__struct.hpp
[1.076s] -- Up-to-date symlink: /home/vp/robot_ws/install/micro_ros_msgs/include/micro_ros_msgs/msg/detail/entity__traits.hpp
[1.077s] -- Up-to-date symlink: /home/vp/robot_ws/install/micro_ros_msgs/include/micro_ros_msgs/msg/detail/graph__builder.hpp
[1.078s] -- Up-to-date symlink: /home/vp/robot_ws/install/micro_ros_msgs/include/micro_ros_msgs/msg/detail/graph__struct.hpp
[1.078s] -- Up-to-date symlink: /home/vp/robot_ws/install/micro_ros_msgs/include/micro_ros_msgs/msg/detail/graph__traits.hpp
[1.078s] -- Up-to-date symlink: /home/vp/robot_ws/install/micro_ros_msgs/include/micro_ros_msgs/msg/detail/node__builder.hpp
[1.079s] -- Up-to-date symlink: /home/vp/robot_ws/install/micro_ros_msgs/include/micro_ros_msgs/msg/detail/node__struct.hpp
[1.081s] -- Up-to-date symlink: /home/vp/robot_ws/install/micro_ros_msgs/include/micro_ros_msgs/msg/detail/node__traits.hpp
[1.082s] -- Up-to-date symlink: /home/vp/robot_ws/install/micro_ros_msgs/include/micro_ros_msgs/msg/entity.hpp
[1.083s] -- Up-to-date symlink: /home/vp/robot_ws/install/micro_ros_msgs/include/micro_ros_msgs/msg/graph.hpp
[1.083s] -- Up-to-date symlink: /home/vp/robot_ws/install/micro_ros_msgs/include/micro_ros_msgs/msg/node.hpp
[1.084s] -- Up-to-date symlink: /home/vp/robot_ws/install/micro_ros_msgs/include/micro_ros_msgs/msg/detail/entity__rosidl_typesupport_introspection_cpp.hpp
[1.084s] -- Up-to-date symlink: /home/vp/robot_ws/install/micro_ros_msgs/include/micro_ros_msgs/msg/detail/graph__rosidl_typesupport_introspection_cpp.hpp
[1.084s] -- Up-to-date symlink: /home/vp/robot_ws/install/micro_ros_msgs/include/micro_ros_msgs/msg/detail/node__rosidl_typesupport_introspection_cpp.hpp
[1.085s] -- Up-to-date symlink: /home/vp/robot_ws/install/micro_ros_msgs/share/micro_ros_msgs/environment/pythonpath.sh
[1.087s] -- Up-to-date symlink: /home/vp/robot_ws/install/micro_ros_msgs/share/micro_ros_msgs/environment/pythonpath.dsv
[1.087s] -- Up-to-date symlink: /home/vp/robot_ws/install/micro_ros_msgs/lib/python3.8/site-packages/micro_ros_msgs/__init__.py
[1.087s] -- Up-to-date symlink: /home/vp/robot_ws/install/micro_ros_msgs/lib/python3.8/site-packages/micro_ros_msgs/msg/__init__.py
[1.088s] -- Up-to-date symlink: /home/vp/robot_ws/install/micro_ros_msgs/lib/python3.8/site-packages/micro_ros_msgs/msg/_entity.py
[1.090s] -- Up-to-date symlink: /home/vp/robot_ws/install/micro_ros_msgs/lib/python3.8/site-packages/micro_ros_msgs/msg/_graph.py
[1.090s] -- Up-to-date symlink: /home/vp/robot_ws/install/micro_ros_msgs/lib/python3.8/site-packages/micro_ros_msgs/msg/_node.py
[1.091s] -- Up-to-date symlink: /home/vp/robot_ws/install/micro_ros_msgs/lib/python3.8/site-packages/micro_ros_msgs/micro_ros_msgs_s__rosidl_typesupport_fastrtps_c.cpython-38-x86_64-linux-gnu.so
[1.095s] -- Up-to-date symlink: /home/vp/robot_ws/install/micro_ros_msgs/lib/python3.8/site-packages/micro_ros_msgs/micro_ros_msgs_s__rosidl_typesupport_introspection_c.cpython-38-x86_64-linux-gnu.so
[1.096s] -- Up-to-date symlink: /home/vp/robot_ws/install/micro_ros_msgs/lib/python3.8/site-packages/micro_ros_msgs/micro_ros_msgs_s__rosidl_typesupport_c.cpython-38-x86_64-linux-gnu.so
[1.096s] -- Up-to-date symlink: /home/vp/robot_ws/install/micro_ros_msgs/lib/libmicro_ros_msgs__python.so
[1.097s] -- Up-to-date symlink: /home/vp/robot_ws/install/micro_ros_msgs/share/micro_ros_msgs/msg/Graph.idl
[1.097s] -- Up-to-date symlink: /home/vp/robot_ws/install/micro_ros_msgs/share/micro_ros_msgs/msg/Node.idl
[1.097s] -- Up-to-date symlink: /home/vp/robot_ws/install/micro_ros_msgs/share/micro_ros_msgs/msg/Entity.idl
[1.098s] -- Up-to-date symlink: /home/vp/robot_ws/install/micro_ros_msgs/share/micro_ros_msgs/msg/Graph.msg
[1.100s] -- Up-to-date symlink: /home/vp/robot_ws/install/micro_ros_msgs/share/micro_ros_msgs/msg/Node.msg
[1.100s] -- Up-to-date symlink: /home/vp/robot_ws/install/micro_ros_msgs/share/micro_ros_msgs/msg/Entity.msg
[1.101s] -- Up-to-date symlink: /home/vp/robot_ws/install/micro_ros_msgs/share/ament_index/resource_index/package_run_dependencies/micro_ros_msgs
[1.102s] -- Up-to-date symlink: /home/vp/robot_ws/install/micro_ros_msgs/share/ament_index/resource_index/parent_prefix_path/micro_ros_msgs
[1.103s] -- Up-to-date symlink: /home/vp/robot_ws/install/micro_ros_msgs/share/micro_ros_msgs/environment/ament_prefix_path.sh
[1.105s] -- Up-to-date symlink: /home/vp/robot_ws/install/micro_ros_msgs/share/micro_ros_msgs/environment/ament_prefix_path.dsv
[1.105s] -- Up-to-date symlink: /home/vp/robot_ws/install/micro_ros_msgs/share/micro_ros_msgs/environment/path.sh
[1.107s] -- Up-to-date symlink: /home/vp/robot_ws/install/micro_ros_msgs/share/micro_ros_msgs/environment/path.dsv
[1.107s] -- Up-to-date symlink: /home/vp/robot_ws/install/micro_ros_msgs/share/micro_ros_msgs/local_setup.bash
[1.108s] -- Up-to-date symlink: /home/vp/robot_ws/install/micro_ros_msgs/share/micro_ros_msgs/local_setup.sh
[1.110s] -- Up-to-date symlink: /home/vp/robot_ws/install/micro_ros_msgs/share/micro_ros_msgs/local_setup.zsh
[1.110s] -- Up-to-date symlink: /home/vp/robot_ws/install/micro_ros_msgs/share/micro_ros_msgs/local_setup.dsv
[1.110s] -- Symlinking: /home/vp/robot_ws/install/micro_ros_msgs/share/micro_ros_msgs/package.dsv
[1.116s] -- Up-to-date symlink: /home/vp/robot_ws/install/micro_ros_msgs/share/ament_index/resource_index/packages/micro_ros_msgs
[1.117s] -- Up-to-date symlink: /home/vp/robot_ws/install/micro_ros_msgs/share/micro_ros_msgs/cmake/rosidl_cmake-extras.cmake
[1.118s] -- Up-to-date symlink: /home/vp/robot_ws/install/micro_ros_msgs/share/micro_ros_msgs/cmake/ament_cmake_export_dependencies-extras.cmake
[1.118s] -- Up-to-date symlink: /home/vp/robot_ws/install/micro_ros_msgs/share/micro_ros_msgs/cmake/ament_cmake_export_libraries-extras.cmake
[1.119s] -- Up-to-date symlink: /home/vp/robot_ws/install/micro_ros_msgs/share/micro_ros_msgs/cmake/ament_cmake_export_targets-extras.cmake
[1.121s] -- Up-to-date symlink: /home/vp/robot_ws/install/micro_ros_msgs/share/micro_ros_msgs/cmake/ament_cmake_export_include_directories-extras.cmake
[1.121s] -- Up-to-date symlink: /home/vp/robot_ws/install/micro_ros_msgs/share/micro_ros_msgs/cmake/rosidl_cmake_export_typesupport_libraries-extras.cmake
[1.123s] -- Up-to-date symlink: /home/vp/robot_ws/install/micro_ros_msgs/share/micro_ros_msgs/cmake/rosidl_cmake_export_typesupport_targets-extras.cmake
[1.128s] -- Up-to-date symlink: /home/vp/robot_ws/install/micro_ros_msgs/share/micro_ros_msgs/cmake/micro_ros_msgsConfig.cmake
[1.128s] -- Up-to-date symlink: /home/vp/robot_ws/install/micro_ros_msgs/share/micro_ros_msgs/cmake/micro_ros_msgsConfig-version.cmake
[1.129s] -- Up-to-date symlink: /home/vp/robot_ws/install/micro_ros_msgs/share/micro_ros_msgs/package.xml
[1.129s] -- Up-to-date: /home/vp/robot_ws/install/micro_ros_msgs/lib/libmicro_ros_msgs__rosidl_generator_c.so
[1.129s] -- Up-to-date: /home/vp/robot_ws/install/micro_ros_msgs/lib/libmicro_ros_msgs__rosidl_typesupport_introspection_c.so
[1.130s] -- Up-to-date: /home/vp/robot_ws/install/micro_ros_msgs/lib/libmicro_ros_msgs__rosidl_typesupport_c.so
[1.130s] -- Up-to-date: /home/vp/robot_ws/install/micro_ros_msgs/lib/libmicro_ros_msgs__rosidl_typesupport_introspection_cpp.so
[1.130s] -- Up-to-date: /home/vp/robot_ws/install/micro_ros_msgs/lib/libmicro_ros_msgs__rosidl_typesupport_cpp.so
[1.138s] -- Up-to-date: /home/vp/robot_ws/install/micro_ros_msgs/share/micro_ros_msgs/cmake/micro_ros_msgs__rosidl_generator_cExport.cmake
[1.139s] -- Up-to-date: /home/vp/robot_ws/install/micro_ros_msgs/share/micro_ros_msgs/cmake/micro_ros_msgs__rosidl_generator_cExport-noconfig.cmake
[1.139s] -- Up-to-date: /home/vp/robot_ws/install/micro_ros_msgs/share/micro_ros_msgs/cmake/micro_ros_msgs__rosidl_typesupport_introspection_cExport.cmake
[1.139s] -- Up-to-date: /home/vp/robot_ws/install/micro_ros_msgs/share/micro_ros_msgs/cmake/micro_ros_msgs__rosidl_typesupport_introspection_cExport-noconfig.cmake
[1.140s] -- Up-to-date: /home/vp/robot_ws/install/micro_ros_msgs/share/micro_ros_msgs/cmake/micro_ros_msgs__rosidl_typesupport_cExport.cmake
[1.140s] -- Up-to-date: /home/vp/robot_ws/install/micro_ros_msgs/share/micro_ros_msgs/cmake/micro_ros_msgs__rosidl_typesupport_cExport-noconfig.cmake
[1.140s] -- Up-to-date: /home/vp/robot_ws/install/micro_ros_msgs/share/micro_ros_msgs/cmake/micro_ros_msgs__rosidl_generator_cppExport.cmake
[1.141s] -- Up-to-date: /home/vp/robot_ws/install/micro_ros_msgs/share/micro_ros_msgs/cmake/micro_ros_msgs__rosidl_typesupport_introspection_cppExport.cmake
[1.143s] -- Up-to-date: /home/vp/robot_ws/install/micro_ros_msgs/share/micro_ros_msgs/cmake/micro_ros_msgs__rosidl_typesupport_introspection_cppExport-noconfig.cmake
[1.144s] -- Up-to-date: /home/vp/robot_ws/install/micro_ros_msgs/share/micro_ros_msgs/cmake/micro_ros_msgs__rosidl_typesupport_cppExport.cmake
[1.144s] -- Up-to-date: /home/vp/robot_ws/install/micro_ros_msgs/share/micro_ros_msgs/cmake/micro_ros_msgs__rosidl_typesupport_cppExport-noconfig.cmake
[1.146s] Invoked command in '/home/vp/robot_ws/build/micro_ros_msgs' returned '0': CMAKE_PREFIX_PATH=${CMAKE_PREFIX_PATH}:/home/vp/robot_ws/install/two_wheel_demo:/home/vp/robot_ws/install/odrive_driver:/home/vp/robot_ws/install/odom:/opt/ros/foxy /usr/bin/cmake --install /home/vp/robot_ws/build/micro_ros_msgs
