[0.102s] Invoking command in '/home/vp/robot_ws/build/micro_ros_setup': CMAKE_PREFIX_PATH=${CMAKE_PREFIX_PATH}:/home/vp/robot_ws/install/two_wheel_demo:/home/vp/robot_ws/install/odrive_driver:/home/vp/robot_ws/install/odom:/opt/ros/foxy /usr/bin/cmake --build /home/vp/robot_ws/build/micro_ros_setup -- -j8 -l8
[0.762s] Invoked command in '/home/vp/robot_ws/build/micro_ros_setup' returned '0': CMAKE_PREFIX_PATH=${CMAKE_PREFIX_PATH}:/home/vp/robot_ws/install/two_wheel_demo:/home/vp/robot_ws/install/odrive_driver:/home/vp/robot_ws/install/odom:/opt/ros/foxy /usr/bin/cmake --build /home/vp/robot_ws/build/micro_ros_setup -- -j8 -l8
[0.801s] Invoking command in '/home/vp/robot_ws/build/micro_ros_setup': CMAKE_PREFIX_PATH=${CMAKE_PREFIX_PATH}:/home/vp/robot_ws/install/two_wheel_demo:/home/vp/robot_ws/install/odrive_driver:/home/vp/robot_ws/install/odom:/opt/ros/foxy /usr/bin/cmake --install /home/vp/robot_ws/build/micro_ros_setup
[0.821s] -- Install configuration: ""
[0.823s] -- Execute custom install script
[0.823s] -- Up-to-date symlink: /home/vp/robot_ws/install/micro_ros_setup/share/ament_index/resource_index/package_run_dependencies/micro_ros_setup
[0.825s] -- Up-to-date symlink: /home/vp/robot_ws/install/micro_ros_setup/share/ament_index/resource_index/parent_prefix_path/micro_ros_setup
[0.825s] -- Up-to-date symlink: /home/vp/robot_ws/install/micro_ros_setup/share/micro_ros_setup/environment/ament_prefix_path.sh
[0.825s] -- Up-to-date symlink: /home/vp/robot_ws/install/micro_ros_setup/share/micro_ros_setup/environment/ament_prefix_path.dsv
[0.826s] -- Up-to-date symlink: /home/vp/robot_ws/install/micro_ros_setup/share/micro_ros_setup/environment/path.sh
[0.826s] -- Up-to-date symlink: /home/vp/robot_ws/install/micro_ros_setup/share/micro_ros_setup/environment/path.dsv
[0.827s] -- Up-to-date symlink: /home/vp/robot_ws/install/micro_ros_setup/share/micro_ros_setup/local_setup.bash
[0.828s] -- Up-to-date symlink: /home/vp/robot_ws/install/micro_ros_setup/share/micro_ros_setup/local_setup.sh
[0.828s] -- Up-to-date symlink: /home/vp/robot_ws/install/micro_ros_setup/share/micro_ros_setup/local_setup.zsh
[0.829s] -- Up-to-date symlink: /home/vp/robot_ws/install/micro_ros_setup/share/micro_ros_setup/local_setup.dsv
[0.830s] -- Symlinking: /home/vp/robot_ws/install/micro_ros_setup/share/micro_ros_setup/package.dsv
[0.852s] -- Up-to-date symlink: /home/vp/robot_ws/install/micro_ros_setup/share/ament_index/resource_index/packages/micro_ros_setup
[0.852s] -- Up-to-date symlink: /home/vp/robot_ws/install/micro_ros_setup/share/micro_ros_setup/cmake/micro_ros_setupConfig.cmake
[0.853s] -- Up-to-date symlink: /home/vp/robot_ws/install/micro_ros_setup/share/micro_ros_setup/cmake/micro_ros_setupConfig-version.cmake
[0.853s] -- Up-to-date symlink: /home/vp/robot_ws/install/micro_ros_setup/share/micro_ros_setup/package.xml
[0.853s] -- Up-to-date symlink: /home/vp/robot_ws/install/micro_ros_setup/lib/micro_ros_setup/create_ws.sh
[0.853s] -- Up-to-date symlink: /home/vp/robot_ws/install/micro_ros_setup/lib/micro_ros_setup/create_agent_ws.sh
[0.853s] -- Up-to-date symlink: /home/vp/robot_ws/install/micro_ros_setup/lib/micro_ros_setup/create_firmware_ws.sh
[0.853s] -- Up-to-date symlink: /home/vp/robot_ws/install/micro_ros_setup/lib/micro_ros_setup/configure_firmware.sh
[0.854s] -- Up-to-date symlink: /home/vp/robot_ws/install/micro_ros_setup/lib/micro_ros_setup/flash_firmware.sh
[0.854s] -- Up-to-date symlink: /home/vp/robot_ws/install/micro_ros_setup/lib/micro_ros_setup/reset_firmware.sh
[0.854s] -- Up-to-date symlink: /home/vp/robot_ws/install/micro_ros_setup/lib/micro_ros_setup/build_firmware.sh
[0.854s] -- Up-to-date symlink: /home/vp/robot_ws/install/micro_ros_setup/lib/micro_ros_setup/build_agent.sh
[0.854s] -- Up-to-date symlink: /home/vp/robot_ws/install/micro_ros_setup/lib/micro_ros_setup/yaml_filter.py
[0.854s] -- Up-to-date symlink: /home/vp/robot_ws/install/micro_ros_setup/lib/micro_ros_setup/clean_env.sh
[0.855s] -- Up-to-date: /home/vp/robot_ws/install/micro_ros_setup/./config
[0.855s] -- Up-to-date: /home/vp/robot_ws/install/micro_ros_setup/./config/nuttx
[0.855s] -- Up-to-date: /home/vp/robot_ws/install/micro_ros_setup/./config/nuttx/generic
[0.855s] -- Up-to-date: /home/vp/robot_ws/install/micro_ros_setup/./config/nuttx/generic/uros_packages.repos
[0.856s] -- Up-to-date: /home/vp/robot_ws/install/micro_ros_setup/./config/nuttx/generic/client-colcon.meta
[0.856s] -- Up-to-date: /home/vp/robot_ws/install/micro_ros_setup/./config/nuttx/generic/reset.sh
[0.856s] -- Up-to-date: /home/vp/robot_ws/install/micro_ros_setup/./config/nuttx/generic/client_uros_packages.repos
[0.856s] -- Up-to-date: /home/vp/robot_ws/install/micro_ros_setup/./config/nuttx/generic/supported_platforms
[0.856s] -- Up-to-date: /home/vp/robot_ws/install/micro_ros_setup/./config/nuttx/generic/flash.sh
[0.856s] -- Up-to-date: /home/vp/robot_ws/install/micro_ros_setup/./config/nuttx/generic/configure.sh
[0.856s] -- Up-to-date: /home/vp/robot_ws/install/micro_ros_setup/./config/nuttx/generic/package.xml
[0.858s] -- Up-to-date: /home/vp/robot_ws/install/micro_ros_setup/./config/nuttx/generic/create.sh
[0.859s] -- Up-to-date: /home/vp/robot_ws/install/micro_ros_setup/./config/nuttx/generic/build.sh
[0.860s] -- Up-to-date: /home/vp/robot_ws/install/micro_ros_setup/./config/nuttx/dev_ros2_packages.txt
[0.860s] -- Up-to-date: /home/vp/robot_ws/install/micro_ros_setup/./config/nuttx/dev_uros_packages.repos
[0.861s] -- Up-to-date: /home/vp/robot_ws/install/micro_ros_setup/./config/raspbian
[0.861s] -- Up-to-date: /home/vp/robot_ws/install/micro_ros_setup/./config/raspbian/generic
[0.861s] -- Up-to-date: /home/vp/robot_ws/install/micro_ros_setup/./config/raspbian/generic/client-colcon.meta
[0.862s] -- Up-to-date: /home/vp/robot_ws/install/micro_ros_setup/./config/raspbian/generic/client_uros_packages.repos
[0.863s] -- Up-to-date: /home/vp/robot_ws/install/micro_ros_setup/./config/raspbian/generic/supported_platforms
[0.864s] -- Up-to-date: /home/vp/robot_ws/install/micro_ros_setup/./config/raspbian/generic/flash.sh
[0.869s] -- Up-to-date: /home/vp/robot_ws/install/micro_ros_setup/./config/raspbian/generic/configure.sh
[0.869s] -- Up-to-date: /home/vp/robot_ws/install/micro_ros_setup/./config/raspbian/generic/create.sh
[0.870s] -- Up-to-date: /home/vp/robot_ws/install/micro_ros_setup/./config/raspbian/generic/build.sh
[0.870s] -- Up-to-date: /home/vp/robot_ws/install/micro_ros_setup/./config/raspbian/dev_ros2_packages.txt
[0.870s] -- Up-to-date: /home/vp/robot_ws/install/micro_ros_setup/./config/raspbian/dev_uros_packages.repos
[0.871s] -- Up-to-date: /home/vp/robot_ws/install/micro_ros_setup/./config/freertos
[0.872s] -- Up-to-date: /home/vp/robot_ws/install/micro_ros_setup/./config/freertos/crazyflie21
[0.873s] -- Up-to-date: /home/vp/robot_ws/install/micro_ros_setup/./config/freertos/crazyflie21/client-colcon.meta
[0.875s] -- Up-to-date: /home/vp/robot_ws/install/micro_ros_setup/./config/freertos/crazyflie21/board.repos
[0.875s] -- Up-to-date: /home/vp/robot_ws/install/micro_ros_setup/./config/freertos/crazyflie21/client_uros_packages.repos
[0.876s] -- Up-to-date: /home/vp/robot_ws/install/micro_ros_setup/./config/freertos/crazyflie21/flash.sh
[0.876s] -- Up-to-date: /home/vp/robot_ws/install/micro_ros_setup/./config/freertos/crazyflie21/configure.sh
[0.877s] -- Up-to-date: /home/vp/robot_ws/install/micro_ros_setup/./config/freertos/crazyflie21/package.xml
[0.877s] -- Up-to-date: /home/vp/robot_ws/install/micro_ros_setup/./config/freertos/crazyflie21/create.sh
[0.878s] -- Up-to-date: /home/vp/robot_ws/install/micro_ros_setup/./config/freertos/crazyflie21/build.sh
[0.879s] -- Up-to-date: /home/vp/robot_ws/install/micro_ros_setup/./config/freertos/list_apps.sh
[0.879s] -- Up-to-date: /home/vp/robot_ws/install/micro_ros_setup/./config/freertos/nucleo_f746zg
[0.879s] -- Up-to-date: /home/vp/robot_ws/install/micro_ros_setup/./config/freertos/nucleo_f746zg/client-colcon.meta
[0.880s] -- Up-to-date: /home/vp/robot_ws/install/micro_ros_setup/./config/freertos/nucleo_f746zg/board.repos
[0.880s] -- Up-to-date: /home/vp/robot_ws/install/micro_ros_setup/./config/freertos/nucleo_f746zg/reset.sh
[0.880s] -- Up-to-date: /home/vp/robot_ws/install/micro_ros_setup/./config/freertos/nucleo_f746zg/client_uros_packages.repos
[0.880s] -- Up-to-date: /home/vp/robot_ws/install/micro_ros_setup/./config/freertos/nucleo_f746zg/flash.sh
[0.880s] -- Up-to-date: /home/vp/robot_ws/install/micro_ros_setup/./config/freertos/nucleo_f746zg/configure.sh
[0.881s] -- Up-to-date: /home/vp/robot_ws/install/micro_ros_setup/./config/freertos/nucleo_f746zg/package.xml
[0.881s] -- Up-to-date: /home/vp/robot_ws/install/micro_ros_setup/./config/freertos/nucleo_f746zg/create.sh
[0.885s] -- Up-to-date: /home/vp/robot_ws/install/micro_ros_setup/./config/freertos/nucleo_f746zg/build.sh
[0.886s] -- Up-to-date: /home/vp/robot_ws/install/micro_ros_setup/./config/freertos/dev_ros2_packages.txt
[0.886s] -- Up-to-date: /home/vp/robot_ws/install/micro_ros_setup/./config/freertos/olimex-stm32-e407
[0.886s] -- Up-to-date: /home/vp/robot_ws/install/micro_ros_setup/./config/freertos/olimex-stm32-e407/client-colcon.meta
[0.887s] -- Up-to-date: /home/vp/robot_ws/install/micro_ros_setup/./config/freertos/olimex-stm32-e407/board.repos
[0.887s] -- Up-to-date: /home/vp/robot_ws/install/micro_ros_setup/./config/freertos/olimex-stm32-e407/reset.sh
[0.888s] -- Up-to-date: /home/vp/robot_ws/install/micro_ros_setup/./config/freertos/olimex-stm32-e407/client_uros_packages.repos
[0.888s] -- Up-to-date: /home/vp/robot_ws/install/micro_ros_setup/./config/freertos/olimex-stm32-e407/flash.sh
[0.888s] -- Up-to-date: /home/vp/robot_ws/install/micro_ros_setup/./config/freertos/olimex-stm32-e407/configure.sh
[0.889s] -- Up-to-date: /home/vp/robot_ws/install/micro_ros_setup/./config/freertos/olimex-stm32-e407/package.xml
[0.890s] -- Up-to-date: /home/vp/robot_ws/install/micro_ros_setup/./config/freertos/olimex-stm32-e407/create.sh
[0.890s] -- Up-to-date: /home/vp/robot_ws/install/micro_ros_setup/./config/freertos/olimex-stm32-e407/build.sh
[0.892s] -- Up-to-date: /home/vp/robot_ws/install/micro_ros_setup/./config/freertos/dev_uros_packages.repos
[0.893s] -- Up-to-date: /home/vp/robot_ws/install/micro_ros_setup/./config/freertos/esp32
[0.894s] -- Up-to-date: /home/vp/robot_ws/install/micro_ros_setup/./config/freertos/esp32/client-colcon.meta
[0.894s] -- Up-to-date: /home/vp/robot_ws/install/micro_ros_setup/./config/freertos/esp32/board.repos
[0.895s] -- Up-to-date: /home/vp/robot_ws/install/micro_ros_setup/./config/freertos/esp32/client_uros_packages.repos
[0.895s] -- Up-to-date: /home/vp/robot_ws/install/micro_ros_setup/./config/freertos/esp32/flash.sh
[0.895s] -- Up-to-date: /home/vp/robot_ws/install/micro_ros_setup/./config/freertos/esp32/configure.sh
[0.896s] -- Up-to-date: /home/vp/robot_ws/install/micro_ros_setup/./config/freertos/esp32/package.xml
[0.897s] -- Up-to-date: /home/vp/robot_ws/install/micro_ros_setup/./config/freertos/esp32/create.sh
[0.897s] -- Up-to-date: /home/vp/robot_ws/install/micro_ros_setup/./config/freertos/esp32/build.sh
[0.897s] -- Up-to-date: /home/vp/robot_ws/install/micro_ros_setup/./config/freertos/esp32/README.md
[0.898s] -- Up-to-date: /home/vp/robot_ws/install/micro_ros_setup/./config/freertos/nucleo_f767zi
[0.898s] -- Up-to-date: /home/vp/robot_ws/install/micro_ros_setup/./config/freertos/nucleo_f767zi/client-colcon.meta
[0.899s] -- Up-to-date: /home/vp/robot_ws/install/micro_ros_setup/./config/freertos/nucleo_f767zi/board.repos
[0.899s] -- Up-to-date: /home/vp/robot_ws/install/micro_ros_setup/./config/freertos/nucleo_f767zi/reset.sh
[0.900s] -- Up-to-date: /home/vp/robot_ws/install/micro_ros_setup/./config/freertos/nucleo_f767zi/client_uros_packages.repos
[0.900s] -- Up-to-date: /home/vp/robot_ws/install/micro_ros_setup/./config/freertos/nucleo_f767zi/flash.sh
[0.901s] -- Up-to-date: /home/vp/robot_ws/install/micro_ros_setup/./config/freertos/nucleo_f767zi/configure.sh
[0.903s] -- Up-to-date: /home/vp/robot_ws/install/micro_ros_setup/./config/freertos/nucleo_f767zi/package.xml
[0.904s] -- Up-to-date: /home/vp/robot_ws/install/micro_ros_setup/./config/freertos/nucleo_f767zi/create.sh
[0.905s] -- Up-to-date: /home/vp/robot_ws/install/micro_ros_setup/./config/freertos/nucleo_f767zi/build.sh
[0.905s] -- Up-to-date: /home/vp/robot_ws/install/micro_ros_setup/./config/freertos/nucleo_f446re
[0.910s] -- Up-to-date: /home/vp/robot_ws/install/micro_ros_setup/./config/freertos/nucleo_f446re/client-colcon.meta
[0.910s] -- Up-to-date: /home/vp/robot_ws/install/micro_ros_setup/./config/freertos/nucleo_f446re/board.repos
[0.910s] -- Up-to-date: /home/vp/robot_ws/install/micro_ros_setup/./config/freertos/nucleo_f446re/reset.sh
[0.910s] -- Up-to-date: /home/vp/robot_ws/install/micro_ros_setup/./config/freertos/nucleo_f446re/client_uros_packages.repos
[0.911s] -- Up-to-date: /home/vp/robot_ws/install/micro_ros_setup/./config/freertos/nucleo_f446re/flash.sh
[0.911s] -- Up-to-date: /home/vp/robot_ws/install/micro_ros_setup/./config/freertos/nucleo_f446re/configure.sh
[0.911s] -- Up-to-date: /home/vp/robot_ws/install/micro_ros_setup/./config/freertos/nucleo_f446re/package.xml
[0.911s] -- Up-to-date: /home/vp/robot_ws/install/micro_ros_setup/./config/freertos/nucleo_f446re/create.sh
[0.911s] -- Up-to-date: /home/vp/robot_ws/install/micro_ros_setup/./config/freertos/nucleo_f446re/build.sh
[0.914s] -- Up-to-date: /home/vp/robot_ws/install/micro_ros_setup/./config/freertos/nucleo_f446ze
[0.914s] -- Up-to-date: /home/vp/robot_ws/install/micro_ros_setup/./config/freertos/nucleo_f446ze/client-colcon.meta
[0.915s] -- Up-to-date: /home/vp/robot_ws/install/micro_ros_setup/./config/freertos/nucleo_f446ze/board.repos
[0.915s] -- Up-to-date: /home/vp/robot_ws/install/micro_ros_setup/./config/freertos/nucleo_f446ze/reset.sh
[0.915s] -- Up-to-date: /home/vp/robot_ws/install/micro_ros_setup/./config/freertos/nucleo_f446ze/client_uros_packages.repos
[0.916s] -- Up-to-date: /home/vp/robot_ws/install/micro_ros_setup/./config/freertos/nucleo_f446ze/flash.sh
[0.916s] -- Up-to-date: /home/vp/robot_ws/install/micro_ros_setup/./config/freertos/nucleo_f446ze/configure.sh
[0.917s] -- Up-to-date: /home/vp/robot_ws/install/micro_ros_setup/./config/freertos/nucleo_f446ze/package.xml
[0.917s] -- Up-to-date: /home/vp/robot_ws/install/micro_ros_setup/./config/freertos/nucleo_f446ze/create.sh
[0.918s] -- Up-to-date: /home/vp/robot_ws/install/micro_ros_setup/./config/freertos/nucleo_f446ze/build.sh
[0.921s] -- Up-to-date: /home/vp/robot_ws/install/micro_ros_setup/./config/renesas_ra
[0.922s] -- Up-to-date: /home/vp/robot_ws/install/micro_ros_setup/./config/renesas_ra/list_apps.sh
[0.922s] -- Up-to-date: /home/vp/robot_ws/install/micro_ros_setup/./config/renesas_ra/dev_ros2_packages.txt
[0.922s] -- Up-to-date: /home/vp/robot_ws/install/micro_ros_setup/./config/renesas_ra/dev_uros_packages.repos
[0.923s] -- Up-to-date: /home/vp/robot_ws/install/micro_ros_setup/./config/renesas_ra/ra6m5
[0.924s] -- Up-to-date: /home/vp/robot_ws/install/micro_ros_setup/./config/renesas_ra/ra6m5/client-colcon.meta
[0.924s] -- Up-to-date: /home/vp/robot_ws/install/micro_ros_setup/./config/renesas_ra/ra6m5/board.repos
[0.924s] -- Up-to-date: /home/vp/robot_ws/install/micro_ros_setup/./config/renesas_ra/ra6m5/client_uros_packages.repos
[0.925s] -- Up-to-date: /home/vp/robot_ws/install/micro_ros_setup/./config/renesas_ra/ra6m5/flash.sh
[0.925s] -- Up-to-date: /home/vp/robot_ws/install/micro_ros_setup/./config/renesas_ra/ra6m5/configure.sh
[0.925s] -- Up-to-date: /home/vp/robot_ws/install/micro_ros_setup/./config/renesas_ra/ra6m5/create.sh
[0.926s] -- Up-to-date: /home/vp/robot_ws/install/micro_ros_setup/./config/renesas_ra/ra6m5/build.sh
[0.926s] -- Up-to-date: /home/vp/robot_ws/install/micro_ros_setup/./config/client_uros_packages.repos
[0.926s] -- Up-to-date: /home/vp/robot_ws/install/micro_ros_setup/./config/host
[0.927s] -- Up-to-date: /home/vp/robot_ws/install/micro_ros_setup/./config/host/generic
[0.927s] -- Up-to-date: /home/vp/robot_ws/install/micro_ros_setup/./config/host/generic/client_host_packages.repos
[0.929s] -- Up-to-date: /home/vp/robot_ws/install/micro_ros_setup/./config/host/generic/client-host-colcon.meta
[0.930s] -- Up-to-date: /home/vp/robot_ws/install/micro_ros_setup/./config/host/generic/reset.sh
[0.931s] -- Up-to-date: /home/vp/robot_ws/install/micro_ros_setup/./config/host/generic/flash.sh
[0.931s] -- Up-to-date: /home/vp/robot_ws/install/micro_ros_setup/./config/host/generic/package.xml
[0.931s] -- Up-to-date: /home/vp/robot_ws/install/micro_ros_setup/./config/host/generic/create.sh
[0.932s] -- Up-to-date: /home/vp/robot_ws/install/micro_ros_setup/./config/host/generic/build.sh
[0.933s] -- Up-to-date: /home/vp/robot_ws/install/micro_ros_setup/./config/host/dev_ros2_packages.txt
[0.933s] -- Up-to-date: /home/vp/robot_ws/install/micro_ros_setup/./config/host/dev_uros_packages.repos
[0.934s] -- Up-to-date: /home/vp/robot_ws/install/micro_ros_setup/./config/host/client_ros2_packages.txt
[0.936s] -- Up-to-date: /home/vp/robot_ws/install/micro_ros_setup/./config/zephyr
[0.938s] -- Up-to-date: /home/vp/robot_ws/install/micro_ros_setup/./config/zephyr/generic
[0.940s] -- Up-to-date: /home/vp/robot_ws/install/micro_ros_setup/./config/zephyr/generic/client-colcon.meta
[0.942s] -- Up-to-date: /home/vp/robot_ws/install/micro_ros_setup/./config/zephyr/generic/board.repos
[0.944s] -- Up-to-date: /home/vp/robot_ws/install/micro_ros_setup/./config/zephyr/generic/reset.sh
[0.947s] -- Up-to-date: /home/vp/robot_ws/install/micro_ros_setup/./config/zephyr/generic/client_uros_packages.repos
[0.948s] -- Up-to-date: /home/vp/robot_ws/install/micro_ros_setup/./config/zephyr/generic/supported_platforms
[0.949s] -- Up-to-date: /home/vp/robot_ws/install/micro_ros_setup/./config/zephyr/generic/flash.sh
[0.959s] -- Up-to-date: /home/vp/robot_ws/install/micro_ros_setup/./config/zephyr/generic/configure.sh
[0.960s] -- Up-to-date: /home/vp/robot_ws/install/micro_ros_setup/./config/zephyr/generic/package.xml
[0.960s] -- Up-to-date: /home/vp/robot_ws/install/micro_ros_setup/./config/zephyr/generic/create.sh
[0.961s] -- Up-to-date: /home/vp/robot_ws/install/micro_ros_setup/./config/zephyr/generic/build.sh
[0.961s] -- Up-to-date: /home/vp/robot_ws/install/micro_ros_setup/./config/zephyr/list_apps.sh
[0.962s] -- Up-to-date: /home/vp/robot_ws/install/micro_ros_setup/./config/zephyr/dev_ros2_packages.txt
[0.962s] -- Up-to-date: /home/vp/robot_ws/install/micro_ros_setup/./config/zephyr/dev_uros_packages.repos
[0.962s] -- Up-to-date: /home/vp/robot_ws/install/micro_ros_setup/./config/generate_lib
[0.963s] -- Up-to-date: /home/vp/robot_ws/install/micro_ros_setup/./config/generate_lib/generic
[0.963s] -- Up-to-date: /home/vp/robot_ws/install/micro_ros_setup/./config/generate_lib/generic/client-colcon.meta
[0.964s] -- Up-to-date: /home/vp/robot_ws/install/micro_ros_setup/./config/generate_lib/generic/client_uros_packages.repos
[0.964s] -- Up-to-date: /home/vp/robot_ws/install/micro_ros_setup/./config/generate_lib/generic/flash.sh
[0.965s] -- Up-to-date: /home/vp/robot_ws/install/micro_ros_setup/./config/generate_lib/generic/package.xml
[0.965s] -- Up-to-date: /home/vp/robot_ws/install/micro_ros_setup/./config/generate_lib/generic/create.sh
[0.969s] -- Up-to-date: /home/vp/robot_ws/install/micro_ros_setup/./config/generate_lib/generic/demo_toolchain.cmake
[0.970s] -- Up-to-date: /home/vp/robot_ws/install/micro_ros_setup/./config/generate_lib/generic/build.sh
[0.970s] -- Up-to-date: /home/vp/robot_ws/install/micro_ros_setup/./config/generate_lib/dev_ros2_packages.txt
[0.970s] -- Up-to-date: /home/vp/robot_ws/install/micro_ros_setup/./config/generate_lib/dev_uros_packages.repos
[0.971s] -- Up-to-date: /home/vp/robot_ws/install/micro_ros_setup/./config/agent_uros_packages.repos
[0.971s] -- Up-to-date: /home/vp/robot_ws/install/micro_ros_setup/./config/client_ros2_packages.txt
[0.972s] -- Up-to-date: /home/vp/robot_ws/install/micro_ros_setup/./config/utils.sh
[0.972s] -- Up-to-date: /home/vp/robot_ws/install/micro_ros_setup/./config/agent_ros2_packages.txt
[0.976s] Invoked command in '/home/vp/robot_ws/build/micro_ros_setup' returned '0': CMAKE_PREFIX_PATH=${CMAKE_PREFIX_PATH}:/home/vp/robot_ws/install/two_wheel_demo:/home/vp/robot_ws/install/odrive_driver:/home/vp/robot_ws/install/odom:/opt/ros/foxy /usr/bin/cmake --install /home/vp/robot_ws/build/micro_ros_setup
