[0.148s] Invoking command in '/home/vp/robot_ws/build/micro_ros_msgs': CMAKE_PREFIX_PATH=${CMAKE_PREFIX_PATH}:/home/vp/robot_ws/install/two_wheel_demo:/home/vp/robot_ws/install/odrive_driver:/home/vp/robot_ws/install/odom:/opt/ros/foxy /usr/bin/cmake --build /home/vp/robot_ws/build/micro_ros_msgs -- -j8 -l8
[1.187s] [  2%] Built target micro_ros_msgs__cpp
[1.189s] [ 12%] Built target micro_ros_msgs__rosidl_generator_c
[1.190s] [ 23%] Built target micro_ros_msgs__rosidl_typesupport_c
[1.191s] [ 34%] Built target micro_ros_msgs__rosidl_typesupport_introspection_c
[1.191s] [ 44%] Built target micro_ros_msgs__rosidl_typesupport_cpp
[1.192s] [ 55%] Built target micro_ros_msgs__rosidl_typesupport_fastrtps_cpp
[1.193s] [ 65%] Built target micro_ros_msgs__rosidl_typesupport_introspection_cpp
[1.195s] [ 76%] Built target micro_ros_msgs__rosidl_typesupport_fastrtps_c
[1.197s] [ 76%] Built target micro_ros_msgs
[1.198s] [ 78%] Built target micro_ros_msgs__py
[1.202s] [ 87%] Built target micro_ros_msgs__python
[1.204s] [ 91%] Built target micro_ros_msgs__rosidl_typesupport_introspection_c__pyext
[1.204s] [ 95%] Built target micro_ros_msgs__rosidl_typesupport_fastrtps_c__pyext
[1.205s] [100%] Built target micro_ros_msgs__rosidl_typesupport_c__pyext
[1.217s] Invoked command in '/home/vp/robot_ws/build/micro_ros_msgs' returned '0': CMAKE_PREFIX_PATH=${CMAKE_PREFIX_PATH}:/home/vp/robot_ws/install/two_wheel_demo:/home/vp/robot_ws/install/odrive_driver:/home/vp/robot_ws/install/odom:/opt/ros/foxy /usr/bin/cmake --build /home/vp/robot_ws/build/micro_ros_msgs -- -j8 -l8
[1.526s] Invoking command in '/home/vp/robot_ws/build/micro_ros_msgs': CMAKE_PREFIX_PATH=${CMAKE_PREFIX_PATH}:/home/vp/robot_ws/install/two_wheel_demo:/home/vp/robot_ws/install/odrive_driver:/home/vp/robot_ws/install/odom:/opt/ros/foxy /usr/bin/cmake --install /home/vp/robot_ws/build/micro_ros_msgs
[1.564s] -- Install configuration: ""
[1.564s] -- Execute custom install script
[1.565s] -- Up-to-date symlink: /home/vp/robot_ws/install/micro_ros_msgs/share/ament_index/resource_index/rosidl_interfaces/micro_ros_msgs
[1.570s] -- Up-to-date symlink: /home/vp/robot_ws/install/micro_ros_msgs/include/micro_ros_msgs/msg/detail/entity__functions.h
[1.571s] -- Up-to-date symlink: /home/vp/robot_ws/install/micro_ros_msgs/include/micro_ros_msgs/msg/detail/entity__struct.h
[1.572s] -- Up-to-date symlink: /home/vp/robot_ws/install/micro_ros_msgs/include/micro_ros_msgs/msg/detail/entity__type_support.h
[1.573s] -- Up-to-date symlink: /home/vp/robot_ws/install/micro_ros_msgs/include/micro_ros_msgs/msg/detail/graph__functions.h
[1.573s] -- Up-to-date symlink: /home/vp/robot_ws/install/micro_ros_msgs/include/micro_ros_msgs/msg/detail/graph__struct.h
[1.574s] -- Up-to-date symlink: /home/vp/robot_ws/install/micro_ros_msgs/include/micro_ros_msgs/msg/detail/graph__type_support.h
[1.575s] -- Up-to-date symlink: /home/vp/robot_ws/install/micro_ros_msgs/include/micro_ros_msgs/msg/detail/node__functions.h
[1.575s] -- Up-to-date symlink: /home/vp/robot_ws/install/micro_ros_msgs/include/micro_ros_msgs/msg/detail/node__struct.h
[1.576s] -- Up-to-date symlink: /home/vp/robot_ws/install/micro_ros_msgs/include/micro_ros_msgs/msg/detail/node__type_support.h
[1.576s] -- Up-to-date symlink: /home/vp/robot_ws/install/micro_ros_msgs/include/micro_ros_msgs/msg/entity.h
[1.577s] -- Up-to-date symlink: /home/vp/robot_ws/install/micro_ros_msgs/include/micro_ros_msgs/msg/graph.h
[1.577s] -- Up-to-date symlink: /home/vp/robot_ws/install/micro_ros_msgs/include/micro_ros_msgs/msg/node.h
[1.578s] -- Up-to-date symlink: /home/vp/robot_ws/install/micro_ros_msgs/include/micro_ros_msgs/msg/rosidl_generator_c__visibility_control.h
[1.578s] -- Up-to-date symlink: /home/vp/robot_ws/install/micro_ros_msgs/share/micro_ros_msgs/environment/library_path.sh
[1.579s] -- Up-to-date symlink: /home/vp/robot_ws/install/micro_ros_msgs/share/micro_ros_msgs/environment/library_path.dsv
[1.587s] -- Up-to-date symlink: /home/vp/robot_ws/install/micro_ros_msgs/include/micro_ros_msgs/msg/detail/entity__rosidl_typesupport_fastrtps_c.h
[1.593s] -- Up-to-date symlink: /home/vp/robot_ws/install/micro_ros_msgs/include/micro_ros_msgs/msg/detail/graph__rosidl_typesupport_fastrtps_c.h
[1.595s] -- Up-to-date symlink: /home/vp/robot_ws/install/micro_ros_msgs/include/micro_ros_msgs/msg/detail/node__rosidl_typesupport_fastrtps_c.h
[1.596s] -- Up-to-date symlink: /home/vp/robot_ws/install/micro_ros_msgs/include/micro_ros_msgs/msg/rosidl_typesupport_fastrtps_c__visibility_control.h
[1.597s] -- Up-to-date symlink: /home/vp/robot_ws/install/micro_ros_msgs/lib/libmicro_ros_msgs__rosidl_typesupport_fastrtps_c.so
[1.599s] -- Up-to-date symlink: /home/vp/robot_ws/install/micro_ros_msgs/include/micro_ros_msgs/msg/detail/entity__rosidl_typesupport_fastrtps_cpp.hpp
[1.618s] -- Up-to-date symlink: /home/vp/robot_ws/install/micro_ros_msgs/include/micro_ros_msgs/msg/detail/graph__rosidl_typesupport_fastrtps_cpp.hpp
[1.620s] -- Up-to-date symlink: /home/vp/robot_ws/install/micro_ros_msgs/include/micro_ros_msgs/msg/detail/node__rosidl_typesupport_fastrtps_cpp.hpp
[1.620s] -- Up-to-date symlink: /home/vp/robot_ws/install/micro_ros_msgs/include/micro_ros_msgs/msg/rosidl_typesupport_fastrtps_cpp__visibility_control.h
[1.620s] -- Up-to-date symlink: /home/vp/robot_ws/install/micro_ros_msgs/lib/libmicro_ros_msgs__rosidl_typesupport_fastrtps_cpp.so
[1.621s] -- Up-to-date symlink: /home/vp/robot_ws/install/micro_ros_msgs/include/micro_ros_msgs/msg/detail/entity__rosidl_typesupport_introspection_c.h
[1.621s] -- Up-to-date symlink: /home/vp/robot_ws/install/micro_ros_msgs/include/micro_ros_msgs/msg/detail/graph__rosidl_typesupport_introspection_c.h
[1.621s] -- Up-to-date symlink: /home/vp/robot_ws/install/micro_ros_msgs/include/micro_ros_msgs/msg/detail/node__rosidl_typesupport_introspection_c.h
[1.621s] -- Up-to-date symlink: /home/vp/robot_ws/install/micro_ros_msgs/include/micro_ros_msgs/msg/rosidl_typesupport_introspection_c__visibility_control.h
[1.623s] -- Up-to-date symlink: /home/vp/robot_ws/install/micro_ros_msgs/include/micro_ros_msgs/msg/detail/entity__builder.hpp
[1.624s] -- Up-to-date symlink: /home/vp/robot_ws/install/micro_ros_msgs/include/micro_ros_msgs/msg/detail/entity__struct.hpp
[1.624s] -- Up-to-date symlink: /home/vp/robot_ws/install/micro_ros_msgs/include/micro_ros_msgs/msg/detail/entity__traits.hpp
[1.625s] -- Up-to-date symlink: /home/vp/robot_ws/install/micro_ros_msgs/include/micro_ros_msgs/msg/detail/graph__builder.hpp
[1.626s] -- Up-to-date symlink: /home/vp/robot_ws/install/micro_ros_msgs/include/micro_ros_msgs/msg/detail/graph__struct.hpp
[1.626s] -- Up-to-date symlink: /home/vp/robot_ws/install/micro_ros_msgs/include/micro_ros_msgs/msg/detail/graph__traits.hpp
[1.626s] -- Up-to-date symlink: /home/vp/robot_ws/install/micro_ros_msgs/include/micro_ros_msgs/msg/detail/node__builder.hpp
[1.627s] -- Up-to-date symlink: /home/vp/robot_ws/install/micro_ros_msgs/include/micro_ros_msgs/msg/detail/node__struct.hpp
[1.627s] -- Up-to-date symlink: /home/vp/robot_ws/install/micro_ros_msgs/include/micro_ros_msgs/msg/detail/node__traits.hpp
[1.627s] -- Up-to-date symlink: /home/vp/robot_ws/install/micro_ros_msgs/include/micro_ros_msgs/msg/entity.hpp
[1.627s] -- Up-to-date symlink: /home/vp/robot_ws/install/micro_ros_msgs/include/micro_ros_msgs/msg/graph.hpp
[1.628s] -- Up-to-date symlink: /home/vp/robot_ws/install/micro_ros_msgs/include/micro_ros_msgs/msg/node.hpp
[1.628s] -- Up-to-date symlink: /home/vp/robot_ws/install/micro_ros_msgs/include/micro_ros_msgs/msg/detail/entity__rosidl_typesupport_introspection_cpp.hpp
[1.628s] -- Up-to-date symlink: /home/vp/robot_ws/install/micro_ros_msgs/include/micro_ros_msgs/msg/detail/graph__rosidl_typesupport_introspection_cpp.hpp
[1.628s] -- Up-to-date symlink: /home/vp/robot_ws/install/micro_ros_msgs/include/micro_ros_msgs/msg/detail/node__rosidl_typesupport_introspection_cpp.hpp
[1.629s] -- Up-to-date symlink: /home/vp/robot_ws/install/micro_ros_msgs/share/micro_ros_msgs/environment/pythonpath.sh
[1.629s] -- Up-to-date symlink: /home/vp/robot_ws/install/micro_ros_msgs/share/micro_ros_msgs/environment/pythonpath.dsv
[1.629s] -- Up-to-date symlink: /home/vp/robot_ws/install/micro_ros_msgs/lib/python3.8/site-packages/micro_ros_msgs/__init__.py
[1.630s] -- Up-to-date symlink: /home/vp/robot_ws/install/micro_ros_msgs/lib/python3.8/site-packages/micro_ros_msgs/msg/__init__.py
[1.631s] -- Up-to-date symlink: /home/vp/robot_ws/install/micro_ros_msgs/lib/python3.8/site-packages/micro_ros_msgs/msg/_entity.py
[1.631s] -- Up-to-date symlink: /home/vp/robot_ws/install/micro_ros_msgs/lib/python3.8/site-packages/micro_ros_msgs/msg/_graph.py
[1.631s] -- Up-to-date symlink: /home/vp/robot_ws/install/micro_ros_msgs/lib/python3.8/site-packages/micro_ros_msgs/msg/_node.py
[1.632s] -- Up-to-date symlink: /home/vp/robot_ws/install/micro_ros_msgs/lib/python3.8/site-packages/micro_ros_msgs/micro_ros_msgs_s__rosidl_typesupport_fastrtps_c.cpython-38-x86_64-linux-gnu.so
[1.632s] -- Up-to-date symlink: /home/vp/robot_ws/install/micro_ros_msgs/lib/python3.8/site-packages/micro_ros_msgs/micro_ros_msgs_s__rosidl_typesupport_introspection_c.cpython-38-x86_64-linux-gnu.so
[1.632s] -- Up-to-date symlink: /home/vp/robot_ws/install/micro_ros_msgs/lib/python3.8/site-packages/micro_ros_msgs/micro_ros_msgs_s__rosidl_typesupport_c.cpython-38-x86_64-linux-gnu.so
[1.633s] -- Up-to-date symlink: /home/vp/robot_ws/install/micro_ros_msgs/lib/libmicro_ros_msgs__python.so
[1.633s] -- Up-to-date symlink: /home/vp/robot_ws/install/micro_ros_msgs/share/micro_ros_msgs/msg/Graph.idl
[1.633s] -- Up-to-date symlink: /home/vp/robot_ws/install/micro_ros_msgs/share/micro_ros_msgs/msg/Node.idl
[1.634s] -- Up-to-date symlink: /home/vp/robot_ws/install/micro_ros_msgs/share/micro_ros_msgs/msg/Entity.idl
[1.634s] -- Up-to-date symlink: /home/vp/robot_ws/install/micro_ros_msgs/share/micro_ros_msgs/msg/Graph.msg
[1.634s] -- Up-to-date symlink: /home/vp/robot_ws/install/micro_ros_msgs/share/micro_ros_msgs/msg/Node.msg
[1.635s] -- Up-to-date symlink: /home/vp/robot_ws/install/micro_ros_msgs/share/micro_ros_msgs/msg/Entity.msg
[1.636s] -- Up-to-date symlink: /home/vp/robot_ws/install/micro_ros_msgs/share/ament_index/resource_index/package_run_dependencies/micro_ros_msgs
[1.636s] -- Up-to-date symlink: /home/vp/robot_ws/install/micro_ros_msgs/share/ament_index/resource_index/parent_prefix_path/micro_ros_msgs
[1.636s] -- Up-to-date symlink: /home/vp/robot_ws/install/micro_ros_msgs/share/micro_ros_msgs/environment/ament_prefix_path.sh
[1.636s] -- Up-to-date symlink: /home/vp/robot_ws/install/micro_ros_msgs/share/micro_ros_msgs/environment/ament_prefix_path.dsv
[1.636s] -- Up-to-date symlink: /home/vp/robot_ws/install/micro_ros_msgs/share/micro_ros_msgs/environment/path.sh
[1.637s] -- Up-to-date symlink: /home/vp/robot_ws/install/micro_ros_msgs/share/micro_ros_msgs/environment/path.dsv
[1.637s] -- Up-to-date symlink: /home/vp/robot_ws/install/micro_ros_msgs/share/micro_ros_msgs/local_setup.bash
[1.637s] -- Up-to-date symlink: /home/vp/robot_ws/install/micro_ros_msgs/share/micro_ros_msgs/local_setup.sh
[1.638s] -- Up-to-date symlink: /home/vp/robot_ws/install/micro_ros_msgs/share/micro_ros_msgs/local_setup.zsh
[1.638s] -- Up-to-date symlink: /home/vp/robot_ws/install/micro_ros_msgs/share/micro_ros_msgs/local_setup.dsv
[1.638s] -- Symlinking: /home/vp/robot_ws/install/micro_ros_msgs/share/micro_ros_msgs/package.dsv
[1.638s] -- Up-to-date symlink: /home/vp/robot_ws/install/micro_ros_msgs/share/ament_index/resource_index/packages/micro_ros_msgs
[1.638s] -- Up-to-date symlink: /home/vp/robot_ws/install/micro_ros_msgs/share/micro_ros_msgs/cmake/rosidl_cmake-extras.cmake
[1.638s] -- Up-to-date symlink: /home/vp/robot_ws/install/micro_ros_msgs/share/micro_ros_msgs/cmake/ament_cmake_export_dependencies-extras.cmake
[1.639s] -- Up-to-date symlink: /home/vp/robot_ws/install/micro_ros_msgs/share/micro_ros_msgs/cmake/ament_cmake_export_libraries-extras.cmake
[1.639s] -- Up-to-date symlink: /home/vp/robot_ws/install/micro_ros_msgs/share/micro_ros_msgs/cmake/ament_cmake_export_targets-extras.cmake
[1.639s] -- Up-to-date symlink: /home/vp/robot_ws/install/micro_ros_msgs/share/micro_ros_msgs/cmake/ament_cmake_export_include_directories-extras.cmake
[1.639s] -- Up-to-date symlink: /home/vp/robot_ws/install/micro_ros_msgs/share/micro_ros_msgs/cmake/rosidl_cmake_export_typesupport_libraries-extras.cmake
[1.639s] -- Up-to-date symlink: /home/vp/robot_ws/install/micro_ros_msgs/share/micro_ros_msgs/cmake/rosidl_cmake_export_typesupport_targets-extras.cmake
[1.639s] -- Up-to-date symlink: /home/vp/robot_ws/install/micro_ros_msgs/share/micro_ros_msgs/cmake/micro_ros_msgsConfig.cmake
[1.643s] -- Up-to-date symlink: /home/vp/robot_ws/install/micro_ros_msgs/share/micro_ros_msgs/cmake/micro_ros_msgsConfig-version.cmake
[1.644s] -- Up-to-date symlink: /home/vp/robot_ws/install/micro_ros_msgs/share/micro_ros_msgs/package.xml
[1.645s] -- Up-to-date: /home/vp/robot_ws/install/micro_ros_msgs/lib/libmicro_ros_msgs__rosidl_generator_c.so
[1.645s] -- Up-to-date: /home/vp/robot_ws/install/micro_ros_msgs/lib/libmicro_ros_msgs__rosidl_typesupport_introspection_c.so
[1.645s] -- Up-to-date: /home/vp/robot_ws/install/micro_ros_msgs/lib/libmicro_ros_msgs__rosidl_typesupport_c.so
[1.645s] -- Up-to-date: /home/vp/robot_ws/install/micro_ros_msgs/lib/libmicro_ros_msgs__rosidl_typesupport_introspection_cpp.so
[1.646s] -- Up-to-date: /home/vp/robot_ws/install/micro_ros_msgs/lib/libmicro_ros_msgs__rosidl_typesupport_cpp.so
[1.749s] -- Up-to-date: /home/vp/robot_ws/install/micro_ros_msgs/share/micro_ros_msgs/cmake/micro_ros_msgs__rosidl_generator_cExport.cmake
[1.751s] -- Up-to-date: /home/vp/robot_ws/install/micro_ros_msgs/share/micro_ros_msgs/cmake/micro_ros_msgs__rosidl_generator_cExport-noconfig.cmake
[1.757s] -- Up-to-date: /home/vp/robot_ws/install/micro_ros_msgs/share/micro_ros_msgs/cmake/micro_ros_msgs__rosidl_typesupport_introspection_cExport.cmake
[1.758s] -- Up-to-date: /home/vp/robot_ws/install/micro_ros_msgs/share/micro_ros_msgs/cmake/micro_ros_msgs__rosidl_typesupport_introspection_cExport-noconfig.cmake
[1.758s] -- Up-to-date: /home/vp/robot_ws/install/micro_ros_msgs/share/micro_ros_msgs/cmake/micro_ros_msgs__rosidl_typesupport_cExport.cmake
[1.759s] -- Up-to-date: /home/vp/robot_ws/install/micro_ros_msgs/share/micro_ros_msgs/cmake/micro_ros_msgs__rosidl_typesupport_cExport-noconfig.cmake
[1.759s] -- Up-to-date: /home/vp/robot_ws/install/micro_ros_msgs/share/micro_ros_msgs/cmake/micro_ros_msgs__rosidl_generator_cppExport.cmake
[1.759s] -- Up-to-date: /home/vp/robot_ws/install/micro_ros_msgs/share/micro_ros_msgs/cmake/micro_ros_msgs__rosidl_typesupport_introspection_cppExport.cmake
[1.760s] -- Up-to-date: /home/vp/robot_ws/install/micro_ros_msgs/share/micro_ros_msgs/cmake/micro_ros_msgs__rosidl_typesupport_introspection_cppExport-noconfig.cmake
[1.761s] -- Up-to-date: /home/vp/robot_ws/install/micro_ros_msgs/share/micro_ros_msgs/cmake/micro_ros_msgs__rosidl_typesupport_cppExport.cmake
[1.761s] -- Up-to-date: /home/vp/robot_ws/install/micro_ros_msgs/share/micro_ros_msgs/cmake/micro_ros_msgs__rosidl_typesupport_cppExport-noconfig.cmake
[1.796s] Invoked command in '/home/vp/robot_ws/build/micro_ros_msgs' returned '0': CMAKE_PREFIX_PATH=${CMAKE_PREFIX_PATH}:/home/vp/robot_ws/install/two_wheel_demo:/home/vp/robot_ws/install/odrive_driver:/home/vp/robot_ws/install/odom:/opt/ros/foxy /usr/bin/cmake --install /home/vp/robot_ws/build/micro_ros_msgs
