[1.800s] Invoking command in '/home/vp/robot_ws/build/odrive_driver': PYTHONPATH=/home/vp/robot_ws/build/odrive_driver/prefix_override:/home/vp/robot_ws/install/odrive_driver/lib/python3.8/site-packages:${PYTHONPATH} /usr/bin/python3 setup.py develop --uninstall --editable --build-directory /home/vp/robot_ws/build/odrive_driver/build
[2.294s] running develop
[2.618s] Removing /home/vp/robot_ws/install/odrive_driver/lib/python3.8/site-packages/odrive-driver.egg-link (link to .)
[2.652s] Invoked command in '/home/vp/robot_ws/build/odrive_driver' returned '0': PYTHONPATH=/home/vp/robot_ws/build/odrive_driver/prefix_override:/home/vp/robot_ws/install/odrive_driver/lib/python3.8/site-packages:${PYTHONPATH} /usr/bin/python3 setup.py develop --uninstall --editable --build-directory /home/vp/robot_ws/build/odrive_driver/build
[2.656s] Invoking command in '/home/vp/robot_ws/src/odrive_driver': PYTHONPATH=/home/vp/robot_ws/build/odrive_driver/prefix_override:/home/vp/robot_ws/install/odrive_driver/lib/python3.8/site-packages:${PYTHONPATH} /usr/bin/python3 setup.py egg_info --egg-base ../../build/odrive_driver build --build-base /home/vp/robot_ws/build/odrive_driver/build install --record /home/vp/robot_ws/build/odrive_driver/install.log --single-version-externally-managed
[2.975s] running egg_info
[2.975s] writing ../../build/odrive_driver/odrive_driver.egg-info/PKG-INFO
[2.976s] writing dependency_links to ../../build/odrive_driver/odrive_driver.egg-info/dependency_links.txt
[2.976s] writing entry points to ../../build/odrive_driver/odrive_driver.egg-info/entry_points.txt
[2.976s] writing requirements to ../../build/odrive_driver/odrive_driver.egg-info/requires.txt
[2.976s] writing top-level names to ../../build/odrive_driver/odrive_driver.egg-info/top_level.txt
[3.027s] reading manifest file '../../build/odrive_driver/odrive_driver.egg-info/SOURCES.txt'
[3.028s] writing manifest file '../../build/odrive_driver/odrive_driver.egg-info/SOURCES.txt'
[3.028s] running build
[3.028s] running build_py
[3.028s] running install
[3.028s] running install_lib
[3.029s] creating /home/vp/robot_ws/install/odrive_driver/lib/python3.8/site-packages/odrive_driver
[3.029s] copying /home/vp/robot_ws/build/odrive_driver/build/lib/odrive_driver/odrive_command.py -> /home/vp/robot_ws/install/odrive_driver/lib/python3.8/site-packages/odrive_driver
[3.029s] copying /home/vp/robot_ws/build/odrive_driver/build/lib/odrive_driver/__init__.py -> /home/vp/robot_ws/install/odrive_driver/lib/python3.8/site-packages/odrive_driver
[3.029s] copying /home/vp/robot_ws/build/odrive_driver/build/lib/odrive_driver/odrive_node.py -> /home/vp/robot_ws/install/odrive_driver/lib/python3.8/site-packages/odrive_driver
[3.029s] byte-compiling /home/vp/robot_ws/install/odrive_driver/lib/python3.8/site-packages/odrive_driver/odrive_command.py to odrive_command.cpython-38.pyc
[3.033s] byte-compiling /home/vp/robot_ws/install/odrive_driver/lib/python3.8/site-packages/odrive_driver/__init__.py to __init__.cpython-38.pyc
[3.033s] byte-compiling /home/vp/robot_ws/install/odrive_driver/lib/python3.8/site-packages/odrive_driver/odrive_node.py to odrive_node.cpython-38.pyc
[3.033s] running install_data
[3.033s] running install_egg_info
[3.034s] Copying ../../build/odrive_driver/odrive_driver.egg-info to /home/vp/robot_ws/install/odrive_driver/lib/python3.8/site-packages/odrive_driver-0.0.0-py3.8.egg-info
[3.035s] running install_scripts
[3.056s] Installing odrive_node script to /home/vp/robot_ws/install/odrive_driver/lib/odrive_driver
[3.056s] writing list of installed files to '/home/vp/robot_ws/build/odrive_driver/install.log'
[3.147s] Invoked command in '/home/vp/robot_ws/src/odrive_driver' returned '0': PYTHONPATH=/home/vp/robot_ws/build/odrive_driver/prefix_override:/home/vp/robot_ws/install/odrive_driver/lib/python3.8/site-packages:${PYTHONPATH} /usr/bin/python3 setup.py egg_info --egg-base ../../build/odrive_driver build --build-base /home/vp/robot_ws/build/odrive_driver/build install --record /home/vp/robot_ws/build/odrive_driver/install.log --single-version-externally-managed
